[2026-04-15T08:32:34.897+0000] {local_task_job_runner.py:120} INFO - ::group::Pre task execution logs
[2026-04-15T08:32:34.962+0000] {taskinstance.py:2076} INFO - Dependencies all met for dep_context=non-requeueable deps ti=<TaskInstance: flight_price_pipeline.merge_data manual__2026-04-15T08:32:22.958582+00:00 [queued]>
[2026-04-15T08:32:34.979+0000] {taskinstance.py:2076} INFO - Dependencies all met for dep_context=requeueable deps ti=<TaskInstance: flight_price_pipeline.merge_data manual__2026-04-15T08:32:22.958582+00:00 [queued]>
[2026-04-15T08:32:34.981+0000] {taskinstance.py:2306} INFO - Starting attempt 1 of 1
[2026-04-15T08:32:35.014+0000] {taskinstance.py:2330} INFO - Executing <Task(PythonOperator): merge_data> on 2026-04-15 08:32:22.958582+00:00
[2026-04-15T08:32:35.028+0000] {warnings.py:110} WARNING - /home/***/.local/lib/python3.12/site-packages/***/task/task_runner/standard_task_runner.py:61: DeprecationWarning: This process (pid=258) is multi-threaded, use of fork() may lead to deadlocks in the child.
  pid = os.fork()

[2026-04-15T08:32:35.033+0000] {standard_task_runner.py:63} INFO - Started process 260 to run task
[2026-04-15T08:32:35.033+0000] {standard_task_runner.py:90} INFO - Running: ['***', 'tasks', 'run', 'flight_price_pipeline', 'merge_data', 'manual__2026-04-15T08:32:22.958582+00:00', '--job-id', '35', '--raw', '--subdir', 'DAGS_FOLDER/flight_price_pipeline.py', '--cfg-path', '/tmp/tmpslgr3rr1']
[2026-04-15T08:32:35.039+0000] {standard_task_runner.py:91} INFO - Job 35: Subtask merge_data
[2026-04-15T08:32:35.145+0000] {task_command.py:426} INFO - Running <TaskInstance: flight_price_pipeline.merge_data manual__2026-04-15T08:32:22.958582+00:00 [running]> on host 8eb145fb93fb
[2026-04-15T08:32:35.365+0000] {taskinstance.py:2648} INFO - Exporting env vars: AIRFLOW_CTX_DAG_OWNER='***' AIRFLOW_CTX_DAG_ID='flight_price_pipeline' AIRFLOW_CTX_TASK_ID='merge_data' AIRFLOW_CTX_EXECUTION_DATE='2026-04-15T08:32:22.958582+00:00' AIRFLOW_CTX_TRY_NUMBER='1' AIRFLOW_CTX_DAG_RUN_ID='manual__2026-04-15T08:32:22.958582+00:00'
[2026-04-15T08:32:35.369+0000] {taskinstance.py:430} INFO - ::endgroup::
[2026-04-15T08:32:38.559+0000] {logging_mixin.py:188} INFO - Merged Shape: (271888, 21)
[2026-04-15T08:32:47.492+0000] {python.py:237} INFO - Done. Returned value was: None
[2026-04-15T08:32:47.496+0000] {taskinstance.py:441} INFO - ::group::Post task execution logs
[2026-04-15T08:32:47.527+0000] {taskinstance.py:1206} INFO - Marking task as SUCCESS. dag_id=flight_price_pipeline, task_id=merge_data, run_id=manual__2026-04-15T08:32:22.958582+00:00, execution_date=20260415T083222, start_date=20260415T083234, end_date=20260415T083247
[2026-04-15T08:32:47.602+0000] {local_task_job_runner.py:240} INFO - Task exited with return code 0
[2026-04-15T08:32:47.666+0000] {taskinstance.py:3498} INFO - 1 downstream tasks scheduled from follow-on schedule check
[2026-04-15T08:32:47.672+0000] {local_task_job_runner.py:222} INFO - ::endgroup::
