[2026-04-14T02:04:19.723+0000] {local_task_job_runner.py:120} INFO - ::group::Pre task execution logs
[2026-04-14T02:04:19.775+0000] {taskinstance.py:2076} INFO - Dependencies all met for dep_context=non-requeueable deps ti=<TaskInstance: flight_pipeline_simple.train_model manual__2026-04-14T02:04:03.790577+00:00 [queued]>
[2026-04-14T02:04:19.792+0000] {taskinstance.py:2076} INFO - Dependencies all met for dep_context=requeueable deps ti=<TaskInstance: flight_pipeline_simple.train_model manual__2026-04-14T02:04:03.790577+00:00 [queued]>
[2026-04-14T02:04:19.794+0000] {taskinstance.py:2306} INFO - Starting attempt 1 of 1
[2026-04-14T02:04:19.826+0000] {taskinstance.py:2330} INFO - Executing <Task(PythonOperator): train_model> on 2026-04-14 02:04:03.790577+00:00
[2026-04-14T02:04:19.841+0000] {warnings.py:110} WARNING - /home/***/.local/lib/python3.12/site-packages/***/task/task_runner/standard_task_runner.py:61: DeprecationWarning: This process (pid=96) is multi-threaded, use of fork() may lead to deadlocks in the child.
  pid = os.fork()

[2026-04-14T02:04:19.844+0000] {standard_task_runner.py:63} INFO - Started process 98 to run task
[2026-04-14T02:04:19.844+0000] {standard_task_runner.py:90} INFO - Running: ['***', 'tasks', 'run', 'flight_pipeline_simple', 'train_model', 'manual__2026-04-14T02:04:03.790577+00:00', '--job-id', '9', '--raw', '--subdir', 'DAGS_FOLDER/flight_price_pipeline.py', '--cfg-path', '/tmp/tmp9x78nanu']
[2026-04-14T02:04:19.850+0000] {standard_task_runner.py:91} INFO - Job 9: Subtask train_model
[2026-04-14T02:04:19.950+0000] {task_command.py:426} INFO - Running <TaskInstance: flight_pipeline_simple.train_model manual__2026-04-14T02:04:03.790577+00:00 [running]> on host 5001084a0475
[2026-04-14T02:04:20.142+0000] {taskinstance.py:2648} INFO - Exporting env vars: AIRFLOW_CTX_DAG_OWNER='***' AIRFLOW_CTX_DAG_ID='flight_pipeline_simple' AIRFLOW_CTX_TASK_ID='train_model' AIRFLOW_CTX_EXECUTION_DATE='2026-04-14T02:04:03.790577+00:00' AIRFLOW_CTX_TRY_NUMBER='1' AIRFLOW_CTX_DAG_RUN_ID='manual__2026-04-14T02:04:03.790577+00:00'
[2026-04-14T02:04:20.146+0000] {taskinstance.py:430} INFO - ::endgroup::
[2026-04-14T02:04:20.148+0000] {logging_mixin.py:188} INFO - Step 3: Train Model
[2026-04-14T02:04:20.149+0000] {python.py:237} INFO - Done. Returned value was: None
[2026-04-14T02:04:20.150+0000] {taskinstance.py:441} INFO - ::group::Post task execution logs
[2026-04-14T02:04:20.169+0000] {taskinstance.py:1206} INFO - Marking task as SUCCESS. dag_id=flight_pipeline_simple, task_id=train_model, run_id=manual__2026-04-14T02:04:03.790577+00:00, execution_date=20260414T020403, start_date=20260414T020419, end_date=20260414T020420
[2026-04-14T02:04:20.222+0000] {local_task_job_runner.py:240} INFO - Task exited with return code 0
[2026-04-14T02:04:20.257+0000] {taskinstance.py:3498} INFO - 0 downstream tasks scheduled from follow-on schedule check
[2026-04-14T02:04:20.265+0000] {local_task_job_runner.py:222} INFO - ::endgroup::
