[2026-04-14T02:04:15.311+0000] {local_task_job_runner.py:120} INFO - ::group::Pre task execution logs
[2026-04-14T02:04:15.363+0000] {taskinstance.py:2076} INFO - Dependencies all met for dep_context=non-requeueable deps ti=<TaskInstance: flight_pipeline_simple.process_data manual__2026-04-14T02:04:03.790577+00:00 [queued]>
[2026-04-14T02:04:15.381+0000] {taskinstance.py:2076} INFO - Dependencies all met for dep_context=requeueable deps ti=<TaskInstance: flight_pipeline_simple.process_data manual__2026-04-14T02:04:03.790577+00:00 [queued]>
[2026-04-14T02:04:15.397+0000] {taskinstance.py:2306} INFO - Starting attempt 1 of 1
[2026-04-14T02:04:15.431+0000] {taskinstance.py:2330} INFO - Executing <Task(PythonOperator): process_data> on 2026-04-14 02:04:03.790577+00:00
[2026-04-14T02:04:15.444+0000] {warnings.py:110} WARNING - /home/***/.local/lib/python3.12/site-packages/***/task/task_runner/standard_task_runner.py:61: DeprecationWarning: This process (pid=93) is multi-threaded, use of fork() may lead to deadlocks in the child.
  pid = os.fork()

[2026-04-14T02:04:15.447+0000] {standard_task_runner.py:63} INFO - Started process 95 to run task
[2026-04-14T02:04:15.448+0000] {standard_task_runner.py:90} INFO - Running: ['***', 'tasks', 'run', 'flight_pipeline_simple', 'process_data', 'manual__2026-04-14T02:04:03.790577+00:00', '--job-id', '8', '--raw', '--subdir', 'DAGS_FOLDER/flight_price_pipeline.py', '--cfg-path', '/tmp/tmpi86k1itf']
[2026-04-14T02:04:15.454+0000] {standard_task_runner.py:91} INFO - Job 8: Subtask process_data
[2026-04-14T02:04:15.552+0000] {task_command.py:426} INFO - Running <TaskInstance: flight_pipeline_simple.process_data manual__2026-04-14T02:04:03.790577+00:00 [running]> on host 5001084a0475
[2026-04-14T02:04:15.731+0000] {taskinstance.py:2648} INFO - Exporting env vars: AIRFLOW_CTX_DAG_OWNER='***' AIRFLOW_CTX_DAG_ID='flight_pipeline_simple' AIRFLOW_CTX_TASK_ID='process_data' AIRFLOW_CTX_EXECUTION_DATE='2026-04-14T02:04:03.790577+00:00' AIRFLOW_CTX_TRY_NUMBER='1' AIRFLOW_CTX_DAG_RUN_ID='manual__2026-04-14T02:04:03.790577+00:00'
[2026-04-14T02:04:15.736+0000] {taskinstance.py:430} INFO - ::endgroup::
[2026-04-14T02:04:15.737+0000] {logging_mixin.py:188} INFO - Step 2: Process Data
[2026-04-14T02:04:15.738+0000] {python.py:237} INFO - Done. Returned value was: None
[2026-04-14T02:04:15.740+0000] {taskinstance.py:441} INFO - ::group::Post task execution logs
[2026-04-14T02:04:15.771+0000] {taskinstance.py:1206} INFO - Marking task as SUCCESS. dag_id=flight_pipeline_simple, task_id=process_data, run_id=manual__2026-04-14T02:04:03.790577+00:00, execution_date=20260414T020403, start_date=20260414T020415, end_date=20260414T020415
[2026-04-14T02:04:15.825+0000] {local_task_job_runner.py:240} INFO - Task exited with return code 0
[2026-04-14T02:04:15.869+0000] {taskinstance.py:3498} INFO - 1 downstream tasks scheduled from follow-on schedule check
[2026-04-14T02:04:15.875+0000] {local_task_job_runner.py:222} INFO - ::endgroup::
