[2026-04-13T16:42:52.624+0000] {processor.py:161} INFO - Started process (PID=82) to work on /home/airflow/.local/lib/python3.12/site-packages/airflow/example_dags/example_bash_operator.py
[2026-04-13T16:42:52.629+0000] {processor.py:830} INFO - Processing file /home/airflow/.local/lib/python3.12/site-packages/airflow/example_dags/example_bash_operator.py for tasks to queue
[2026-04-13T16:42:52.635+0000] {logging_mixin.py:188} INFO - [2026-04-13T16:42:52.634+0000] {dagbag.py:545} INFO - Filling up the DagBag from /home/airflow/.local/lib/python3.12/site-packages/airflow/example_dags/example_bash_operator.py
[2026-04-13T16:42:52.704+0000] {processor.py:840} INFO - DAG(s) 'example_bash_operator' retrieved from /home/airflow/.local/lib/python3.12/site-packages/airflow/example_dags/example_bash_operator.py
[2026-04-13T16:42:53.445+0000] {logging_mixin.py:188} INFO - [2026-04-13T16:42:53.444+0000] {dag.py:3096} INFO - Sync 1 DAGs
[2026-04-13T16:42:53.562+0000] {logging_mixin.py:188} INFO - [2026-04-13T16:42:53.561+0000] {dag.py:3954} INFO - Setting next_dagrun for example_bash_operator to 2026-04-12 00:00:00+00:00, run_after=2026-04-13 00:00:00+00:00
[2026-04-13T16:42:53.642+0000] {processor.py:183} INFO - Processing /home/airflow/.local/lib/python3.12/site-packages/airflow/example_dags/example_bash_operator.py took 1.044 seconds
[2026-04-13T16:43:23.961+0000] {processor.py:161} INFO - Started process (PID=141) to work on /home/airflow/.local/lib/python3.12/site-packages/airflow/example_dags/example_bash_operator.py
[2026-04-13T16:43:23.963+0000] {processor.py:830} INFO - Processing file /home/airflow/.local/lib/python3.12/site-packages/airflow/example_dags/example_bash_operator.py for tasks to queue
[2026-04-13T16:43:23.965+0000] {logging_mixin.py:188} INFO - [2026-04-13T16:43:23.965+0000] {dagbag.py:545} INFO - Filling up the DagBag from /home/airflow/.local/lib/python3.12/site-packages/airflow/example_dags/example_bash_operator.py
[2026-04-13T16:43:23.984+0000] {processor.py:840} INFO - DAG(s) 'example_bash_operator' retrieved from /home/airflow/.local/lib/python3.12/site-packages/airflow/example_dags/example_bash_operator.py
[2026-04-13T16:43:24.021+0000] {logging_mixin.py:188} INFO - [2026-04-13T16:43:24.021+0000] {dag.py:3096} INFO - Sync 1 DAGs
[2026-04-13T16:43:24.106+0000] {logging_mixin.py:188} INFO - [2026-04-13T16:43:24.105+0000] {dag.py:3954} INFO - Setting next_dagrun for example_bash_operator to 2026-04-12 00:00:00+00:00, run_after=2026-04-13 00:00:00+00:00
[2026-04-13T16:43:24.147+0000] {processor.py:183} INFO - Processing /home/airflow/.local/lib/python3.12/site-packages/airflow/example_dags/example_bash_operator.py took 0.193 seconds
[2026-04-13T16:43:54.298+0000] {processor.py:161} INFO - Started process (PID=199) to work on /home/airflow/.local/lib/python3.12/site-packages/airflow/example_dags/example_bash_operator.py
[2026-04-13T16:43:54.300+0000] {processor.py:830} INFO - Processing file /home/airflow/.local/lib/python3.12/site-packages/airflow/example_dags/example_bash_operator.py for tasks to queue
[2026-04-13T16:43:54.305+0000] {logging_mixin.py:188} INFO - [2026-04-13T16:43:54.304+0000] {dagbag.py:545} INFO - Filling up the DagBag from /home/airflow/.local/lib/python3.12/site-packages/airflow/example_dags/example_bash_operator.py
[2026-04-13T16:43:54.332+0000] {processor.py:840} INFO - DAG(s) 'example_bash_operator' retrieved from /home/airflow/.local/lib/python3.12/site-packages/airflow/example_dags/example_bash_operator.py
[2026-04-13T16:43:54.413+0000] {logging_mixin.py:188} INFO - [2026-04-13T16:43:54.412+0000] {dag.py:3096} INFO - Sync 1 DAGs
[2026-04-13T16:43:54.484+0000] {logging_mixin.py:188} INFO - [2026-04-13T16:43:54.483+0000] {dag.py:3954} INFO - Setting next_dagrun for example_bash_operator to 2026-04-12 00:00:00+00:00, run_after=2026-04-13 00:00:00+00:00
[2026-04-13T16:43:54.549+0000] {processor.py:183} INFO - Processing /home/airflow/.local/lib/python3.12/site-packages/airflow/example_dags/example_bash_operator.py took 0.264 seconds
[2026-04-13T16:44:24.719+0000] {processor.py:161} INFO - Started process (PID=257) to work on /home/airflow/.local/lib/python3.12/site-packages/airflow/example_dags/example_bash_operator.py
[2026-04-13T16:44:24.722+0000] {processor.py:830} INFO - Processing file /home/airflow/.local/lib/python3.12/site-packages/airflow/example_dags/example_bash_operator.py for tasks to queue
[2026-04-13T16:44:24.726+0000] {logging_mixin.py:188} INFO - [2026-04-13T16:44:24.725+0000] {dagbag.py:545} INFO - Filling up the DagBag from /home/airflow/.local/lib/python3.12/site-packages/airflow/example_dags/example_bash_operator.py
[2026-04-13T16:44:24.752+0000] {processor.py:840} INFO - DAG(s) 'example_bash_operator' retrieved from /home/airflow/.local/lib/python3.12/site-packages/airflow/example_dags/example_bash_operator.py
[2026-04-13T16:44:24.817+0000] {logging_mixin.py:188} INFO - [2026-04-13T16:44:24.817+0000] {dag.py:3096} INFO - Sync 1 DAGs
[2026-04-13T16:44:24.859+0000] {logging_mixin.py:188} INFO - [2026-04-13T16:44:24.858+0000] {dag.py:3954} INFO - Setting next_dagrun for example_bash_operator to 2026-04-12 00:00:00+00:00, run_after=2026-04-13 00:00:00+00:00
[2026-04-13T16:44:24.894+0000] {processor.py:183} INFO - Processing /home/airflow/.local/lib/python3.12/site-packages/airflow/example_dags/example_bash_operator.py took 0.187 seconds
[2026-04-13T16:44:55.460+0000] {processor.py:161} INFO - Started process (PID=315) to work on /home/airflow/.local/lib/python3.12/site-packages/airflow/example_dags/example_bash_operator.py
[2026-04-13T16:44:55.463+0000] {processor.py:830} INFO - Processing file /home/airflow/.local/lib/python3.12/site-packages/airflow/example_dags/example_bash_operator.py for tasks to queue
[2026-04-13T16:44:55.468+0000] {logging_mixin.py:188} INFO - [2026-04-13T16:44:55.468+0000] {dagbag.py:545} INFO - Filling up the DagBag from /home/airflow/.local/lib/python3.12/site-packages/airflow/example_dags/example_bash_operator.py
[2026-04-13T16:44:55.501+0000] {processor.py:840} INFO - DAG(s) 'example_bash_operator' retrieved from /home/airflow/.local/lib/python3.12/site-packages/airflow/example_dags/example_bash_operator.py
[2026-04-13T16:44:55.569+0000] {logging_mixin.py:188} INFO - [2026-04-13T16:44:55.568+0000] {dag.py:3096} INFO - Sync 1 DAGs
[2026-04-13T16:44:55.634+0000] {logging_mixin.py:188} INFO - [2026-04-13T16:44:55.634+0000] {dag.py:3954} INFO - Setting next_dagrun for example_bash_operator to 2026-04-12 00:00:00+00:00, run_after=2026-04-13 00:00:00+00:00
[2026-04-13T16:44:55.710+0000] {processor.py:183} INFO - Processing /home/airflow/.local/lib/python3.12/site-packages/airflow/example_dags/example_bash_operator.py took 0.270 seconds
[2026-04-13T16:45:26.197+0000] {processor.py:161} INFO - Started process (PID=373) to work on /home/airflow/.local/lib/python3.12/site-packages/airflow/example_dags/example_bash_operator.py
[2026-04-13T16:45:26.199+0000] {processor.py:830} INFO - Processing file /home/airflow/.local/lib/python3.12/site-packages/airflow/example_dags/example_bash_operator.py for tasks to queue
[2026-04-13T16:45:26.204+0000] {logging_mixin.py:188} INFO - [2026-04-13T16:45:26.203+0000] {dagbag.py:545} INFO - Filling up the DagBag from /home/airflow/.local/lib/python3.12/site-packages/airflow/example_dags/example_bash_operator.py
[2026-04-13T16:45:26.241+0000] {processor.py:840} INFO - DAG(s) 'example_bash_operator' retrieved from /home/airflow/.local/lib/python3.12/site-packages/airflow/example_dags/example_bash_operator.py
[2026-04-13T16:45:26.309+0000] {logging_mixin.py:188} INFO - [2026-04-13T16:45:26.309+0000] {dag.py:3096} INFO - Sync 1 DAGs
[2026-04-13T16:45:26.372+0000] {logging_mixin.py:188} INFO - [2026-04-13T16:45:26.371+0000] {dag.py:3954} INFO - Setting next_dagrun for example_bash_operator to 2026-04-12 00:00:00+00:00, run_after=2026-04-13 00:00:00+00:00
[2026-04-13T16:45:26.443+0000] {processor.py:183} INFO - Processing /home/airflow/.local/lib/python3.12/site-packages/airflow/example_dags/example_bash_operator.py took 0.261 seconds
[2026-04-13T16:45:56.760+0000] {processor.py:161} INFO - Started process (PID=431) to work on /home/airflow/.local/lib/python3.12/site-packages/airflow/example_dags/example_bash_operator.py
[2026-04-13T16:45:56.766+0000] {processor.py:830} INFO - Processing file /home/airflow/.local/lib/python3.12/site-packages/airflow/example_dags/example_bash_operator.py for tasks to queue
[2026-04-13T16:45:56.775+0000] {logging_mixin.py:188} INFO - [2026-04-13T16:45:56.775+0000] {dagbag.py:545} INFO - Filling up the DagBag from /home/airflow/.local/lib/python3.12/site-packages/airflow/example_dags/example_bash_operator.py
[2026-04-13T16:45:56.860+0000] {processor.py:840} INFO - DAG(s) 'example_bash_operator' retrieved from /home/airflow/.local/lib/python3.12/site-packages/airflow/example_dags/example_bash_operator.py
[2026-04-13T16:45:57.038+0000] {logging_mixin.py:188} INFO - [2026-04-13T16:45:57.037+0000] {dag.py:3096} INFO - Sync 1 DAGs
[2026-04-13T16:45:57.275+0000] {logging_mixin.py:188} INFO - [2026-04-13T16:45:57.274+0000] {dag.py:3954} INFO - Setting next_dagrun for example_bash_operator to 2026-04-12 00:00:00+00:00, run_after=2026-04-13 00:00:00+00:00
[2026-04-13T16:45:57.448+0000] {processor.py:183} INFO - Processing /home/airflow/.local/lib/python3.12/site-packages/airflow/example_dags/example_bash_operator.py took 0.732 seconds
[2026-04-13T16:46:27.650+0000] {processor.py:161} INFO - Started process (PID=490) to work on /home/airflow/.local/lib/python3.12/site-packages/airflow/example_dags/example_bash_operator.py
[2026-04-13T16:46:27.652+0000] {processor.py:830} INFO - Processing file /home/airflow/.local/lib/python3.12/site-packages/airflow/example_dags/example_bash_operator.py for tasks to queue
[2026-04-13T16:46:27.654+0000] {logging_mixin.py:188} INFO - [2026-04-13T16:46:27.654+0000] {dagbag.py:545} INFO - Filling up the DagBag from /home/airflow/.local/lib/python3.12/site-packages/airflow/example_dags/example_bash_operator.py
[2026-04-13T16:46:27.669+0000] {processor.py:840} INFO - DAG(s) 'example_bash_operator' retrieved from /home/airflow/.local/lib/python3.12/site-packages/airflow/example_dags/example_bash_operator.py
[2026-04-13T16:46:27.706+0000] {logging_mixin.py:188} INFO - [2026-04-13T16:46:27.706+0000] {dag.py:3096} INFO - Sync 1 DAGs
[2026-04-13T16:46:27.736+0000] {logging_mixin.py:188} INFO - [2026-04-13T16:46:27.735+0000] {dag.py:3954} INFO - Setting next_dagrun for example_bash_operator to 2026-04-12 00:00:00+00:00, run_after=2026-04-13 00:00:00+00:00
[2026-04-13T16:46:27.771+0000] {processor.py:183} INFO - Processing /home/airflow/.local/lib/python3.12/site-packages/airflow/example_dags/example_bash_operator.py took 0.128 seconds
[2026-04-13T16:46:57.844+0000] {processor.py:161} INFO - Started process (PID=548) to work on /home/airflow/.local/lib/python3.12/site-packages/airflow/example_dags/example_bash_operator.py
[2026-04-13T16:46:57.846+0000] {processor.py:830} INFO - Processing file /home/airflow/.local/lib/python3.12/site-packages/airflow/example_dags/example_bash_operator.py for tasks to queue
[2026-04-13T16:46:57.848+0000] {logging_mixin.py:188} INFO - [2026-04-13T16:46:57.848+0000] {dagbag.py:545} INFO - Filling up the DagBag from /home/airflow/.local/lib/python3.12/site-packages/airflow/example_dags/example_bash_operator.py
[2026-04-13T16:46:57.865+0000] {processor.py:840} INFO - DAG(s) 'example_bash_operator' retrieved from /home/airflow/.local/lib/python3.12/site-packages/airflow/example_dags/example_bash_operator.py
[2026-04-13T16:46:57.904+0000] {logging_mixin.py:188} INFO - [2026-04-13T16:46:57.904+0000] {dag.py:3096} INFO - Sync 1 DAGs
[2026-04-13T16:46:57.936+0000] {logging_mixin.py:188} INFO - [2026-04-13T16:46:57.936+0000] {dag.py:3954} INFO - Setting next_dagrun for example_bash_operator to 2026-04-12 00:00:00+00:00, run_after=2026-04-13 00:00:00+00:00
[2026-04-13T16:46:57.966+0000] {processor.py:183} INFO - Processing /home/airflow/.local/lib/python3.12/site-packages/airflow/example_dags/example_bash_operator.py took 0.130 seconds
[2026-04-13T16:47:28.291+0000] {processor.py:161} INFO - Started process (PID=604) to work on /home/airflow/.local/lib/python3.12/site-packages/airflow/example_dags/example_bash_operator.py
[2026-04-13T16:47:28.293+0000] {processor.py:830} INFO - Processing file /home/airflow/.local/lib/python3.12/site-packages/airflow/example_dags/example_bash_operator.py for tasks to queue
[2026-04-13T16:47:28.295+0000] {logging_mixin.py:188} INFO - [2026-04-13T16:47:28.295+0000] {dagbag.py:545} INFO - Filling up the DagBag from /home/airflow/.local/lib/python3.12/site-packages/airflow/example_dags/example_bash_operator.py
[2026-04-13T16:47:28.310+0000] {processor.py:840} INFO - DAG(s) 'example_bash_operator' retrieved from /home/airflow/.local/lib/python3.12/site-packages/airflow/example_dags/example_bash_operator.py
[2026-04-13T16:47:28.347+0000] {logging_mixin.py:188} INFO - [2026-04-13T16:47:28.347+0000] {dag.py:3096} INFO - Sync 1 DAGs
[2026-04-13T16:47:28.376+0000] {logging_mixin.py:188} INFO - [2026-04-13T16:47:28.376+0000] {dag.py:3954} INFO - Setting next_dagrun for example_bash_operator to 2026-04-12 00:00:00+00:00, run_after=2026-04-13 00:00:00+00:00
[2026-04-13T16:47:28.405+0000] {processor.py:183} INFO - Processing /home/airflow/.local/lib/python3.12/site-packages/airflow/example_dags/example_bash_operator.py took 0.123 seconds
[2026-04-13T16:47:58.540+0000] {processor.py:161} INFO - Started process (PID=662) to work on /home/airflow/.local/lib/python3.12/site-packages/airflow/example_dags/example_bash_operator.py
[2026-04-13T16:47:58.541+0000] {processor.py:830} INFO - Processing file /home/airflow/.local/lib/python3.12/site-packages/airflow/example_dags/example_bash_operator.py for tasks to queue
[2026-04-13T16:47:58.544+0000] {logging_mixin.py:188} INFO - [2026-04-13T16:47:58.544+0000] {dagbag.py:545} INFO - Filling up the DagBag from /home/airflow/.local/lib/python3.12/site-packages/airflow/example_dags/example_bash_operator.py
[2026-04-13T16:47:58.561+0000] {processor.py:840} INFO - DAG(s) 'example_bash_operator' retrieved from /home/airflow/.local/lib/python3.12/site-packages/airflow/example_dags/example_bash_operator.py
[2026-04-13T16:47:58.600+0000] {logging_mixin.py:188} INFO - [2026-04-13T16:47:58.600+0000] {dag.py:3096} INFO - Sync 1 DAGs
[2026-04-13T16:47:58.630+0000] {logging_mixin.py:188} INFO - [2026-04-13T16:47:58.630+0000] {dag.py:3954} INFO - Setting next_dagrun for example_bash_operator to 2026-04-12 00:00:00+00:00, run_after=2026-04-13 00:00:00+00:00
[2026-04-13T16:47:58.725+0000] {processor.py:183} INFO - Processing /home/airflow/.local/lib/python3.12/site-packages/airflow/example_dags/example_bash_operator.py took 0.195 seconds
[2026-04-13T16:48:29.191+0000] {processor.py:161} INFO - Started process (PID=720) to work on /home/airflow/.local/lib/python3.12/site-packages/airflow/example_dags/example_bash_operator.py
[2026-04-13T16:48:29.193+0000] {processor.py:830} INFO - Processing file /home/airflow/.local/lib/python3.12/site-packages/airflow/example_dags/example_bash_operator.py for tasks to queue
[2026-04-13T16:48:29.196+0000] {logging_mixin.py:188} INFO - [2026-04-13T16:48:29.196+0000] {dagbag.py:545} INFO - Filling up the DagBag from /home/airflow/.local/lib/python3.12/site-packages/airflow/example_dags/example_bash_operator.py
[2026-04-13T16:48:29.212+0000] {processor.py:840} INFO - DAG(s) 'example_bash_operator' retrieved from /home/airflow/.local/lib/python3.12/site-packages/airflow/example_dags/example_bash_operator.py
[2026-04-13T16:48:29.249+0000] {logging_mixin.py:188} INFO - [2026-04-13T16:48:29.248+0000] {dag.py:3096} INFO - Sync 1 DAGs
[2026-04-13T16:48:29.279+0000] {logging_mixin.py:188} INFO - [2026-04-13T16:48:29.279+0000] {dag.py:3954} INFO - Setting next_dagrun for example_bash_operator to 2026-04-12 00:00:00+00:00, run_after=2026-04-13 00:00:00+00:00
[2026-04-13T16:48:29.366+0000] {processor.py:183} INFO - Processing /home/airflow/.local/lib/python3.12/site-packages/airflow/example_dags/example_bash_operator.py took 0.188 seconds
[2026-04-13T16:48:59.561+0000] {processor.py:161} INFO - Started process (PID=778) to work on /home/airflow/.local/lib/python3.12/site-packages/airflow/example_dags/example_bash_operator.py
[2026-04-13T16:48:59.564+0000] {processor.py:830} INFO - Processing file /home/airflow/.local/lib/python3.12/site-packages/airflow/example_dags/example_bash_operator.py for tasks to queue
[2026-04-13T16:48:59.568+0000] {logging_mixin.py:188} INFO - [2026-04-13T16:48:59.567+0000] {dagbag.py:545} INFO - Filling up the DagBag from /home/airflow/.local/lib/python3.12/site-packages/airflow/example_dags/example_bash_operator.py
[2026-04-13T16:48:59.591+0000] {processor.py:840} INFO - DAG(s) 'example_bash_operator' retrieved from /home/airflow/.local/lib/python3.12/site-packages/airflow/example_dags/example_bash_operator.py
[2026-04-13T16:48:59.627+0000] {logging_mixin.py:188} INFO - [2026-04-13T16:48:59.627+0000] {dag.py:3096} INFO - Sync 1 DAGs
[2026-04-13T16:48:59.657+0000] {logging_mixin.py:188} INFO - [2026-04-13T16:48:59.656+0000] {dag.py:3954} INFO - Setting next_dagrun for example_bash_operator to 2026-04-12 00:00:00+00:00, run_after=2026-04-13 00:00:00+00:00
[2026-04-13T16:48:59.761+0000] {processor.py:183} INFO - Processing /home/airflow/.local/lib/python3.12/site-packages/airflow/example_dags/example_bash_operator.py took 0.213 seconds
[2026-04-13T16:49:30.448+0000] {processor.py:161} INFO - Started process (PID=836) to work on /home/airflow/.local/lib/python3.12/site-packages/airflow/example_dags/example_bash_operator.py
[2026-04-13T16:49:30.450+0000] {processor.py:830} INFO - Processing file /home/airflow/.local/lib/python3.12/site-packages/airflow/example_dags/example_bash_operator.py for tasks to queue
[2026-04-13T16:49:30.452+0000] {logging_mixin.py:188} INFO - [2026-04-13T16:49:30.452+0000] {dagbag.py:545} INFO - Filling up the DagBag from /home/airflow/.local/lib/python3.12/site-packages/airflow/example_dags/example_bash_operator.py
[2026-04-13T16:49:30.468+0000] {processor.py:840} INFO - DAG(s) 'example_bash_operator' retrieved from /home/airflow/.local/lib/python3.12/site-packages/airflow/example_dags/example_bash_operator.py
[2026-04-13T16:49:30.505+0000] {logging_mixin.py:188} INFO - [2026-04-13T16:49:30.505+0000] {dag.py:3096} INFO - Sync 1 DAGs
[2026-04-13T16:49:30.535+0000] {logging_mixin.py:188} INFO - [2026-04-13T16:49:30.535+0000] {dag.py:3954} INFO - Setting next_dagrun for example_bash_operator to 2026-04-12 00:00:00+00:00, run_after=2026-04-13 00:00:00+00:00
[2026-04-13T16:49:30.566+0000] {processor.py:183} INFO - Processing /home/airflow/.local/lib/python3.12/site-packages/airflow/example_dags/example_bash_operator.py took 0.125 seconds
[2026-04-13T16:50:01.126+0000] {processor.py:161} INFO - Started process (PID=894) to work on /home/airflow/.local/lib/python3.12/site-packages/airflow/example_dags/example_bash_operator.py
[2026-04-13T16:50:01.129+0000] {processor.py:830} INFO - Processing file /home/airflow/.local/lib/python3.12/site-packages/airflow/example_dags/example_bash_operator.py for tasks to queue
[2026-04-13T16:50:01.134+0000] {logging_mixin.py:188} INFO - [2026-04-13T16:50:01.133+0000] {dagbag.py:545} INFO - Filling up the DagBag from /home/airflow/.local/lib/python3.12/site-packages/airflow/example_dags/example_bash_operator.py
[2026-04-13T16:50:01.169+0000] {processor.py:840} INFO - DAG(s) 'example_bash_operator' retrieved from /home/airflow/.local/lib/python3.12/site-packages/airflow/example_dags/example_bash_operator.py
[2026-04-13T16:50:01.295+0000] {logging_mixin.py:188} INFO - [2026-04-13T16:50:01.295+0000] {dag.py:3096} INFO - Sync 1 DAGs
[2026-04-13T16:50:01.404+0000] {logging_mixin.py:188} INFO - [2026-04-13T16:50:01.404+0000] {dag.py:3954} INFO - Setting next_dagrun for example_bash_operator to 2026-04-12 00:00:00+00:00, run_after=2026-04-13 00:00:00+00:00
[2026-04-13T16:50:01.472+0000] {processor.py:183} INFO - Processing /home/airflow/.local/lib/python3.12/site-packages/airflow/example_dags/example_bash_operator.py took 0.360 seconds
[2026-04-13T16:50:31.599+0000] {processor.py:161} INFO - Started process (PID=952) to work on /home/airflow/.local/lib/python3.12/site-packages/airflow/example_dags/example_bash_operator.py
[2026-04-13T16:50:31.602+0000] {processor.py:830} INFO - Processing file /home/airflow/.local/lib/python3.12/site-packages/airflow/example_dags/example_bash_operator.py for tasks to queue
[2026-04-13T16:50:31.608+0000] {logging_mixin.py:188} INFO - [2026-04-13T16:50:31.606+0000] {dagbag.py:545} INFO - Filling up the DagBag from /home/airflow/.local/lib/python3.12/site-packages/airflow/example_dags/example_bash_operator.py
[2026-04-13T16:50:31.654+0000] {processor.py:840} INFO - DAG(s) 'example_bash_operator' retrieved from /home/airflow/.local/lib/python3.12/site-packages/airflow/example_dags/example_bash_operator.py
[2026-04-13T16:50:31.758+0000] {logging_mixin.py:188} INFO - [2026-04-13T16:50:31.757+0000] {dag.py:3096} INFO - Sync 1 DAGs
[2026-04-13T16:50:31.861+0000] {logging_mixin.py:188} INFO - [2026-04-13T16:50:31.860+0000] {dag.py:3954} INFO - Setting next_dagrun for example_bash_operator to 2026-04-12 00:00:00+00:00, run_after=2026-04-13 00:00:00+00:00
[2026-04-13T16:50:31.922+0000] {processor.py:183} INFO - Processing /home/airflow/.local/lib/python3.12/site-packages/airflow/example_dags/example_bash_operator.py took 0.341 seconds
[2026-04-13T16:51:02.767+0000] {processor.py:161} INFO - Started process (PID=1010) to work on /home/airflow/.local/lib/python3.12/site-packages/airflow/example_dags/example_bash_operator.py
[2026-04-13T16:51:02.768+0000] {processor.py:830} INFO - Processing file /home/airflow/.local/lib/python3.12/site-packages/airflow/example_dags/example_bash_operator.py for tasks to queue
[2026-04-13T16:51:02.771+0000] {logging_mixin.py:188} INFO - [2026-04-13T16:51:02.771+0000] {dagbag.py:545} INFO - Filling up the DagBag from /home/airflow/.local/lib/python3.12/site-packages/airflow/example_dags/example_bash_operator.py
[2026-04-13T16:51:02.788+0000] {processor.py:840} INFO - DAG(s) 'example_bash_operator' retrieved from /home/airflow/.local/lib/python3.12/site-packages/airflow/example_dags/example_bash_operator.py
[2026-04-13T16:51:02.832+0000] {logging_mixin.py:188} INFO - [2026-04-13T16:51:02.831+0000] {dag.py:3096} INFO - Sync 1 DAGs
[2026-04-13T16:51:02.865+0000] {logging_mixin.py:188} INFO - [2026-04-13T16:51:02.865+0000] {dag.py:3954} INFO - Setting next_dagrun for example_bash_operator to 2026-04-12 00:00:00+00:00, run_after=2026-04-13 00:00:00+00:00
[2026-04-13T16:51:02.894+0000] {processor.py:183} INFO - Processing /home/airflow/.local/lib/python3.12/site-packages/airflow/example_dags/example_bash_operator.py took 0.137 seconds
[2026-04-13T16:51:33.269+0000] {processor.py:161} INFO - Started process (PID=1068) to work on /home/airflow/.local/lib/python3.12/site-packages/airflow/example_dags/example_bash_operator.py
[2026-04-13T16:51:33.271+0000] {processor.py:830} INFO - Processing file /home/airflow/.local/lib/python3.12/site-packages/airflow/example_dags/example_bash_operator.py for tasks to queue
[2026-04-13T16:51:33.273+0000] {logging_mixin.py:188} INFO - [2026-04-13T16:51:33.273+0000] {dagbag.py:545} INFO - Filling up the DagBag from /home/airflow/.local/lib/python3.12/site-packages/airflow/example_dags/example_bash_operator.py
[2026-04-13T16:51:33.288+0000] {processor.py:840} INFO - DAG(s) 'example_bash_operator' retrieved from /home/airflow/.local/lib/python3.12/site-packages/airflow/example_dags/example_bash_operator.py
[2026-04-13T16:51:33.324+0000] {logging_mixin.py:188} INFO - [2026-04-13T16:51:33.324+0000] {dag.py:3096} INFO - Sync 1 DAGs
[2026-04-13T16:51:33.354+0000] {logging_mixin.py:188} INFO - [2026-04-13T16:51:33.354+0000] {dag.py:3954} INFO - Setting next_dagrun for example_bash_operator to 2026-04-12 00:00:00+00:00, run_after=2026-04-13 00:00:00+00:00
[2026-04-13T16:51:33.381+0000] {processor.py:183} INFO - Processing /home/airflow/.local/lib/python3.12/site-packages/airflow/example_dags/example_bash_operator.py took 0.120 seconds
[2026-04-13T16:52:03.805+0000] {processor.py:161} INFO - Started process (PID=1126) to work on /home/airflow/.local/lib/python3.12/site-packages/airflow/example_dags/example_bash_operator.py
[2026-04-13T16:52:03.807+0000] {processor.py:830} INFO - Processing file /home/airflow/.local/lib/python3.12/site-packages/airflow/example_dags/example_bash_operator.py for tasks to queue
[2026-04-13T16:52:03.809+0000] {logging_mixin.py:188} INFO - [2026-04-13T16:52:03.809+0000] {dagbag.py:545} INFO - Filling up the DagBag from /home/airflow/.local/lib/python3.12/site-packages/airflow/example_dags/example_bash_operator.py
[2026-04-13T16:52:03.824+0000] {processor.py:840} INFO - DAG(s) 'example_bash_operator' retrieved from /home/airflow/.local/lib/python3.12/site-packages/airflow/example_dags/example_bash_operator.py
[2026-04-13T16:52:03.860+0000] {logging_mixin.py:188} INFO - [2026-04-13T16:52:03.859+0000] {dag.py:3096} INFO - Sync 1 DAGs
[2026-04-13T16:52:03.888+0000] {logging_mixin.py:188} INFO - [2026-04-13T16:52:03.888+0000] {dag.py:3954} INFO - Setting next_dagrun for example_bash_operator to 2026-04-12 00:00:00+00:00, run_after=2026-04-13 00:00:00+00:00
[2026-04-13T16:52:03.998+0000] {processor.py:183} INFO - Processing /home/airflow/.local/lib/python3.12/site-packages/airflow/example_dags/example_bash_operator.py took 0.200 seconds
[2026-04-13T16:52:34.086+0000] {processor.py:161} INFO - Started process (PID=1185) to work on /home/airflow/.local/lib/python3.12/site-packages/airflow/example_dags/example_bash_operator.py
[2026-04-13T16:52:34.087+0000] {processor.py:830} INFO - Processing file /home/airflow/.local/lib/python3.12/site-packages/airflow/example_dags/example_bash_operator.py for tasks to queue
[2026-04-13T16:52:34.090+0000] {logging_mixin.py:188} INFO - [2026-04-13T16:52:34.089+0000] {dagbag.py:545} INFO - Filling up the DagBag from /home/airflow/.local/lib/python3.12/site-packages/airflow/example_dags/example_bash_operator.py
[2026-04-13T16:52:34.105+0000] {processor.py:840} INFO - DAG(s) 'example_bash_operator' retrieved from /home/airflow/.local/lib/python3.12/site-packages/airflow/example_dags/example_bash_operator.py
[2026-04-13T16:52:34.141+0000] {logging_mixin.py:188} INFO - [2026-04-13T16:52:34.141+0000] {dag.py:3096} INFO - Sync 1 DAGs
[2026-04-13T16:52:34.170+0000] {logging_mixin.py:188} INFO - [2026-04-13T16:52:34.170+0000] {dag.py:3954} INFO - Setting next_dagrun for example_bash_operator to 2026-04-12 00:00:00+00:00, run_after=2026-04-13 00:00:00+00:00
[2026-04-13T16:52:34.198+0000] {processor.py:183} INFO - Processing /home/airflow/.local/lib/python3.12/site-packages/airflow/example_dags/example_bash_operator.py took 0.119 seconds
[2026-04-13T16:53:04.607+0000] {processor.py:161} INFO - Started process (PID=1243) to work on /home/airflow/.local/lib/python3.12/site-packages/airflow/example_dags/example_bash_operator.py
[2026-04-13T16:53:04.609+0000] {processor.py:830} INFO - Processing file /home/airflow/.local/lib/python3.12/site-packages/airflow/example_dags/example_bash_operator.py for tasks to queue
[2026-04-13T16:53:04.614+0000] {logging_mixin.py:188} INFO - [2026-04-13T16:53:04.613+0000] {dagbag.py:545} INFO - Filling up the DagBag from /home/airflow/.local/lib/python3.12/site-packages/airflow/example_dags/example_bash_operator.py
[2026-04-13T16:53:04.652+0000] {processor.py:840} INFO - DAG(s) 'example_bash_operator' retrieved from /home/airflow/.local/lib/python3.12/site-packages/airflow/example_dags/example_bash_operator.py
[2026-04-13T16:53:04.751+0000] {logging_mixin.py:188} INFO - [2026-04-13T16:53:04.751+0000] {dag.py:3096} INFO - Sync 1 DAGs
[2026-04-13T16:53:04.857+0000] {logging_mixin.py:188} INFO - [2026-04-13T16:53:04.856+0000] {dag.py:3954} INFO - Setting next_dagrun for example_bash_operator to 2026-04-12 00:00:00+00:00, run_after=2026-04-13 00:00:00+00:00
[2026-04-13T16:53:04.920+0000] {processor.py:183} INFO - Processing /home/airflow/.local/lib/python3.12/site-packages/airflow/example_dags/example_bash_operator.py took 0.329 seconds
[2026-04-13T16:53:35.757+0000] {processor.py:161} INFO - Started process (PID=1301) to work on /home/airflow/.local/lib/python3.12/site-packages/airflow/example_dags/example_bash_operator.py
[2026-04-13T16:53:35.758+0000] {processor.py:830} INFO - Processing file /home/airflow/.local/lib/python3.12/site-packages/airflow/example_dags/example_bash_operator.py for tasks to queue
[2026-04-13T16:53:35.761+0000] {logging_mixin.py:188} INFO - [2026-04-13T16:53:35.760+0000] {dagbag.py:545} INFO - Filling up the DagBag from /home/airflow/.local/lib/python3.12/site-packages/airflow/example_dags/example_bash_operator.py
[2026-04-13T16:53:35.776+0000] {processor.py:840} INFO - DAG(s) 'example_bash_operator' retrieved from /home/airflow/.local/lib/python3.12/site-packages/airflow/example_dags/example_bash_operator.py
[2026-04-13T16:53:35.814+0000] {logging_mixin.py:188} INFO - [2026-04-13T16:53:35.813+0000] {dag.py:3096} INFO - Sync 1 DAGs
[2026-04-13T16:53:35.844+0000] {logging_mixin.py:188} INFO - [2026-04-13T16:53:35.844+0000] {dag.py:3954} INFO - Setting next_dagrun for example_bash_operator to 2026-04-12 00:00:00+00:00, run_after=2026-04-13 00:00:00+00:00
[2026-04-13T16:53:35.873+0000] {processor.py:183} INFO - Processing /home/airflow/.local/lib/python3.12/site-packages/airflow/example_dags/example_bash_operator.py took 0.124 seconds
[2026-04-13T16:54:06.252+0000] {processor.py:161} INFO - Started process (PID=1359) to work on /home/airflow/.local/lib/python3.12/site-packages/airflow/example_dags/example_bash_operator.py
[2026-04-13T16:54:06.254+0000] {processor.py:830} INFO - Processing file /home/airflow/.local/lib/python3.12/site-packages/airflow/example_dags/example_bash_operator.py for tasks to queue
[2026-04-13T16:54:06.258+0000] {logging_mixin.py:188} INFO - [2026-04-13T16:54:06.258+0000] {dagbag.py:545} INFO - Filling up the DagBag from /home/airflow/.local/lib/python3.12/site-packages/airflow/example_dags/example_bash_operator.py
[2026-04-13T16:54:06.276+0000] {processor.py:840} INFO - DAG(s) 'example_bash_operator' retrieved from /home/airflow/.local/lib/python3.12/site-packages/airflow/example_dags/example_bash_operator.py
[2026-04-13T16:54:06.314+0000] {logging_mixin.py:188} INFO - [2026-04-13T16:54:06.313+0000] {dag.py:3096} INFO - Sync 1 DAGs
[2026-04-13T16:54:06.344+0000] {logging_mixin.py:188} INFO - [2026-04-13T16:54:06.344+0000] {dag.py:3954} INFO - Setting next_dagrun for example_bash_operator to 2026-04-12 00:00:00+00:00, run_after=2026-04-13 00:00:00+00:00
[2026-04-13T16:54:06.433+0000] {processor.py:183} INFO - Processing /home/airflow/.local/lib/python3.12/site-packages/airflow/example_dags/example_bash_operator.py took 0.194 seconds
[2026-04-13T16:54:36.887+0000] {processor.py:161} INFO - Started process (PID=1417) to work on /home/airflow/.local/lib/python3.12/site-packages/airflow/example_dags/example_bash_operator.py
[2026-04-13T16:54:36.889+0000] {processor.py:830} INFO - Processing file /home/airflow/.local/lib/python3.12/site-packages/airflow/example_dags/example_bash_operator.py for tasks to queue
[2026-04-13T16:54:36.893+0000] {logging_mixin.py:188} INFO - [2026-04-13T16:54:36.893+0000] {dagbag.py:545} INFO - Filling up the DagBag from /home/airflow/.local/lib/python3.12/site-packages/airflow/example_dags/example_bash_operator.py
[2026-04-13T16:54:36.920+0000] {processor.py:840} INFO - DAG(s) 'example_bash_operator' retrieved from /home/airflow/.local/lib/python3.12/site-packages/airflow/example_dags/example_bash_operator.py
[2026-04-13T16:54:36.988+0000] {logging_mixin.py:188} INFO - [2026-04-13T16:54:36.988+0000] {dag.py:3096} INFO - Sync 1 DAGs
[2026-04-13T16:54:37.044+0000] {logging_mixin.py:188} INFO - [2026-04-13T16:54:37.044+0000] {dag.py:3954} INFO - Setting next_dagrun for example_bash_operator to 2026-04-12 00:00:00+00:00, run_after=2026-04-13 00:00:00+00:00
[2026-04-13T16:54:37.101+0000] {processor.py:183} INFO - Processing /home/airflow/.local/lib/python3.12/site-packages/airflow/example_dags/example_bash_operator.py took 0.227 seconds
[2026-04-13T16:55:07.791+0000] {processor.py:161} INFO - Started process (PID=1475) to work on /home/airflow/.local/lib/python3.12/site-packages/airflow/example_dags/example_bash_operator.py
[2026-04-13T16:55:07.792+0000] {processor.py:830} INFO - Processing file /home/airflow/.local/lib/python3.12/site-packages/airflow/example_dags/example_bash_operator.py for tasks to queue
[2026-04-13T16:55:07.795+0000] {logging_mixin.py:188} INFO - [2026-04-13T16:55:07.795+0000] {dagbag.py:545} INFO - Filling up the DagBag from /home/airflow/.local/lib/python3.12/site-packages/airflow/example_dags/example_bash_operator.py
[2026-04-13T16:55:07.812+0000] {processor.py:840} INFO - DAG(s) 'example_bash_operator' retrieved from /home/airflow/.local/lib/python3.12/site-packages/airflow/example_dags/example_bash_operator.py
[2026-04-13T16:55:07.850+0000] {logging_mixin.py:188} INFO - [2026-04-13T16:55:07.850+0000] {dag.py:3096} INFO - Sync 1 DAGs
[2026-04-13T16:55:07.881+0000] {logging_mixin.py:188} INFO - [2026-04-13T16:55:07.881+0000] {dag.py:3954} INFO - Setting next_dagrun for example_bash_operator to 2026-04-12 00:00:00+00:00, run_after=2026-04-13 00:00:00+00:00
[2026-04-13T16:55:07.912+0000] {processor.py:183} INFO - Processing /home/airflow/.local/lib/python3.12/site-packages/airflow/example_dags/example_bash_operator.py took 0.131 seconds
[2026-04-13T16:55:38.256+0000] {processor.py:161} INFO - Started process (PID=1533) to work on /home/airflow/.local/lib/python3.12/site-packages/airflow/example_dags/example_bash_operator.py
[2026-04-13T16:55:38.258+0000] {processor.py:830} INFO - Processing file /home/airflow/.local/lib/python3.12/site-packages/airflow/example_dags/example_bash_operator.py for tasks to queue
[2026-04-13T16:55:38.261+0000] {logging_mixin.py:188} INFO - [2026-04-13T16:55:38.261+0000] {dagbag.py:545} INFO - Filling up the DagBag from /home/airflow/.local/lib/python3.12/site-packages/airflow/example_dags/example_bash_operator.py
[2026-04-13T16:55:38.277+0000] {processor.py:840} INFO - DAG(s) 'example_bash_operator' retrieved from /home/airflow/.local/lib/python3.12/site-packages/airflow/example_dags/example_bash_operator.py
[2026-04-13T16:55:38.314+0000] {logging_mixin.py:188} INFO - [2026-04-13T16:55:38.314+0000] {dag.py:3096} INFO - Sync 1 DAGs
[2026-04-13T16:55:38.345+0000] {logging_mixin.py:188} INFO - [2026-04-13T16:55:38.344+0000] {dag.py:3954} INFO - Setting next_dagrun for example_bash_operator to 2026-04-12 00:00:00+00:00, run_after=2026-04-13 00:00:00+00:00
[2026-04-13T16:55:38.374+0000] {processor.py:183} INFO - Processing /home/airflow/.local/lib/python3.12/site-packages/airflow/example_dags/example_bash_operator.py took 0.131 seconds
[2026-04-13T16:56:09.314+0000] {processor.py:161} INFO - Started process (PID=1591) to work on /home/airflow/.local/lib/python3.12/site-packages/airflow/example_dags/example_bash_operator.py
[2026-04-13T16:56:09.317+0000] {processor.py:830} INFO - Processing file /home/airflow/.local/lib/python3.12/site-packages/airflow/example_dags/example_bash_operator.py for tasks to queue
[2026-04-13T16:56:09.321+0000] {logging_mixin.py:188} INFO - [2026-04-13T16:56:09.321+0000] {dagbag.py:545} INFO - Filling up the DagBag from /home/airflow/.local/lib/python3.12/site-packages/airflow/example_dags/example_bash_operator.py
[2026-04-13T16:56:09.354+0000] {processor.py:840} INFO - DAG(s) 'example_bash_operator' retrieved from /home/airflow/.local/lib/python3.12/site-packages/airflow/example_dags/example_bash_operator.py
[2026-04-13T16:56:09.424+0000] {logging_mixin.py:188} INFO - [2026-04-13T16:56:09.424+0000] {dag.py:3096} INFO - Sync 1 DAGs
[2026-04-13T16:56:09.487+0000] {logging_mixin.py:188} INFO - [2026-04-13T16:56:09.487+0000] {dag.py:3954} INFO - Setting next_dagrun for example_bash_operator to 2026-04-12 00:00:00+00:00, run_after=2026-04-13 00:00:00+00:00
[2026-04-13T16:56:09.537+0000] {processor.py:183} INFO - Processing /home/airflow/.local/lib/python3.12/site-packages/airflow/example_dags/example_bash_operator.py took 0.237 seconds
[2026-04-13T16:56:39.949+0000] {processor.py:161} INFO - Started process (PID=1648) to work on /home/airflow/.local/lib/python3.12/site-packages/airflow/example_dags/example_bash_operator.py
[2026-04-13T16:56:39.951+0000] {processor.py:830} INFO - Processing file /home/airflow/.local/lib/python3.12/site-packages/airflow/example_dags/example_bash_operator.py for tasks to queue
[2026-04-13T16:56:39.956+0000] {logging_mixin.py:188} INFO - [2026-04-13T16:56:39.955+0000] {dagbag.py:545} INFO - Filling up the DagBag from /home/airflow/.local/lib/python3.12/site-packages/airflow/example_dags/example_bash_operator.py
[2026-04-13T16:56:39.983+0000] {processor.py:840} INFO - DAG(s) 'example_bash_operator' retrieved from /home/airflow/.local/lib/python3.12/site-packages/airflow/example_dags/example_bash_operator.py
[2026-04-13T16:56:40.054+0000] {logging_mixin.py:188} INFO - [2026-04-13T16:56:40.054+0000] {dag.py:3096} INFO - Sync 1 DAGs
[2026-04-13T16:56:40.113+0000] {logging_mixin.py:188} INFO - [2026-04-13T16:56:40.113+0000] {dag.py:3954} INFO - Setting next_dagrun for example_bash_operator to 2026-04-12 00:00:00+00:00, run_after=2026-04-13 00:00:00+00:00
[2026-04-13T16:56:40.428+0000] {processor.py:183} INFO - Processing /home/airflow/.local/lib/python3.12/site-packages/airflow/example_dags/example_bash_operator.py took 0.494 seconds
