[2026-04-13T16:42:47.143+0000] {processor.py:161} INFO - Started process (PID=75) to work on /home/airflow/.local/lib/python3.12/site-packages/airflow/example_dags/example_latest_only_with_trigger.py
[2026-04-13T16:42:47.147+0000] {processor.py:830} INFO - Processing file /home/airflow/.local/lib/python3.12/site-packages/airflow/example_dags/example_latest_only_with_trigger.py for tasks to queue
[2026-04-13T16:42:47.153+0000] {logging_mixin.py:188} INFO - [2026-04-13T16:42:47.152+0000] {dagbag.py:545} INFO - Filling up the DagBag from /home/airflow/.local/lib/python3.12/site-packages/airflow/example_dags/example_latest_only_with_trigger.py
[2026-04-13T16:42:47.180+0000] {processor.py:840} INFO - DAG(s) 'latest_only_with_trigger' retrieved from /home/airflow/.local/lib/python3.12/site-packages/airflow/example_dags/example_latest_only_with_trigger.py
[2026-04-13T16:42:47.865+0000] {logging_mixin.py:188} INFO - [2026-04-13T16:42:47.864+0000] {dag.py:3096} INFO - Sync 1 DAGs
[2026-04-13T16:42:48.077+0000] {logging_mixin.py:188} INFO - [2026-04-13T16:42:48.076+0000] {dag.py:3954} INFO - Setting next_dagrun for latest_only_with_trigger to 2026-04-13 12:00:00+00:00, run_after=2026-04-13 16:00:00+00:00
[2026-04-13T16:42:48.267+0000] {processor.py:183} INFO - Processing /home/airflow/.local/lib/python3.12/site-packages/airflow/example_dags/example_latest_only_with_trigger.py took 1.146 seconds
[2026-04-13T16:43:18.402+0000] {processor.py:161} INFO - Started process (PID=134) to work on /home/airflow/.local/lib/python3.12/site-packages/airflow/example_dags/example_latest_only_with_trigger.py
[2026-04-13T16:43:18.404+0000] {processor.py:830} INFO - Processing file /home/airflow/.local/lib/python3.12/site-packages/airflow/example_dags/example_latest_only_with_trigger.py for tasks to queue
[2026-04-13T16:43:18.410+0000] {logging_mixin.py:188} INFO - [2026-04-13T16:43:18.410+0000] {dagbag.py:545} INFO - Filling up the DagBag from /home/airflow/.local/lib/python3.12/site-packages/airflow/example_dags/example_latest_only_with_trigger.py
[2026-04-13T16:43:18.432+0000] {processor.py:840} INFO - DAG(s) 'latest_only_with_trigger' retrieved from /home/airflow/.local/lib/python3.12/site-packages/airflow/example_dags/example_latest_only_with_trigger.py
[2026-04-13T16:43:18.483+0000] {logging_mixin.py:188} INFO - [2026-04-13T16:43:18.482+0000] {dag.py:3096} INFO - Sync 1 DAGs
[2026-04-13T16:43:18.536+0000] {logging_mixin.py:188} INFO - [2026-04-13T16:43:18.536+0000] {dag.py:3954} INFO - Setting next_dagrun for latest_only_with_trigger to 2026-04-13 12:00:00+00:00, run_after=2026-04-13 16:00:00+00:00
[2026-04-13T16:43:18.583+0000] {processor.py:183} INFO - Processing /home/airflow/.local/lib/python3.12/site-packages/airflow/example_dags/example_latest_only_with_trigger.py took 0.195 seconds
[2026-04-13T16:43:49.302+0000] {processor.py:161} INFO - Started process (PID=192) to work on /home/airflow/.local/lib/python3.12/site-packages/airflow/example_dags/example_latest_only_with_trigger.py
[2026-04-13T16:43:49.304+0000] {processor.py:830} INFO - Processing file /home/airflow/.local/lib/python3.12/site-packages/airflow/example_dags/example_latest_only_with_trigger.py for tasks to queue
[2026-04-13T16:43:49.309+0000] {logging_mixin.py:188} INFO - [2026-04-13T16:43:49.308+0000] {dagbag.py:545} INFO - Filling up the DagBag from /home/airflow/.local/lib/python3.12/site-packages/airflow/example_dags/example_latest_only_with_trigger.py
[2026-04-13T16:43:49.322+0000] {processor.py:840} INFO - DAG(s) 'latest_only_with_trigger' retrieved from /home/airflow/.local/lib/python3.12/site-packages/airflow/example_dags/example_latest_only_with_trigger.py
[2026-04-13T16:43:49.371+0000] {logging_mixin.py:188} INFO - [2026-04-13T16:43:49.371+0000] {dag.py:3096} INFO - Sync 1 DAGs
[2026-04-13T16:43:49.428+0000] {logging_mixin.py:188} INFO - [2026-04-13T16:43:49.427+0000] {dag.py:3954} INFO - Setting next_dagrun for latest_only_with_trigger to 2026-04-13 12:00:00+00:00, run_after=2026-04-13 16:00:00+00:00
[2026-04-13T16:43:49.484+0000] {processor.py:183} INFO - Processing /home/airflow/.local/lib/python3.12/site-packages/airflow/example_dags/example_latest_only_with_trigger.py took 0.197 seconds
[2026-04-13T16:44:20.253+0000] {processor.py:161} INFO - Started process (PID=250) to work on /home/airflow/.local/lib/python3.12/site-packages/airflow/example_dags/example_latest_only_with_trigger.py
[2026-04-13T16:44:20.254+0000] {processor.py:830} INFO - Processing file /home/airflow/.local/lib/python3.12/site-packages/airflow/example_dags/example_latest_only_with_trigger.py for tasks to queue
[2026-04-13T16:44:20.257+0000] {logging_mixin.py:188} INFO - [2026-04-13T16:44:20.256+0000] {dagbag.py:545} INFO - Filling up the DagBag from /home/airflow/.local/lib/python3.12/site-packages/airflow/example_dags/example_latest_only_with_trigger.py
[2026-04-13T16:44:20.265+0000] {processor.py:840} INFO - DAG(s) 'latest_only_with_trigger' retrieved from /home/airflow/.local/lib/python3.12/site-packages/airflow/example_dags/example_latest_only_with_trigger.py
[2026-04-13T16:44:20.294+0000] {logging_mixin.py:188} INFO - [2026-04-13T16:44:20.294+0000] {dag.py:3096} INFO - Sync 1 DAGs
[2026-04-13T16:44:20.325+0000] {logging_mixin.py:188} INFO - [2026-04-13T16:44:20.325+0000] {dag.py:3954} INFO - Setting next_dagrun for latest_only_with_trigger to 2026-04-13 12:00:00+00:00, run_after=2026-04-13 16:00:00+00:00
[2026-04-13T16:44:20.368+0000] {processor.py:183} INFO - Processing /home/airflow/.local/lib/python3.12/site-packages/airflow/example_dags/example_latest_only_with_trigger.py took 0.123 seconds
[2026-04-13T16:44:50.772+0000] {processor.py:161} INFO - Started process (PID=306) to work on /home/airflow/.local/lib/python3.12/site-packages/airflow/example_dags/example_latest_only_with_trigger.py
[2026-04-13T16:44:50.775+0000] {processor.py:830} INFO - Processing file /home/airflow/.local/lib/python3.12/site-packages/airflow/example_dags/example_latest_only_with_trigger.py for tasks to queue
[2026-04-13T16:44:50.779+0000] {logging_mixin.py:188} INFO - [2026-04-13T16:44:50.778+0000] {dagbag.py:545} INFO - Filling up the DagBag from /home/airflow/.local/lib/python3.12/site-packages/airflow/example_dags/example_latest_only_with_trigger.py
[2026-04-13T16:44:50.792+0000] {processor.py:840} INFO - DAG(s) 'latest_only_with_trigger' retrieved from /home/airflow/.local/lib/python3.12/site-packages/airflow/example_dags/example_latest_only_with_trigger.py
[2026-04-13T16:44:50.840+0000] {logging_mixin.py:188} INFO - [2026-04-13T16:44:50.840+0000] {dag.py:3096} INFO - Sync 1 DAGs
[2026-04-13T16:44:50.892+0000] {logging_mixin.py:188} INFO - [2026-04-13T16:44:50.891+0000] {dag.py:3954} INFO - Setting next_dagrun for latest_only_with_trigger to 2026-04-13 12:00:00+00:00, run_after=2026-04-13 16:00:00+00:00
[2026-04-13T16:44:50.937+0000] {processor.py:183} INFO - Processing /home/airflow/.local/lib/python3.12/site-packages/airflow/example_dags/example_latest_only_with_trigger.py took 0.179 seconds
[2026-04-13T16:45:21.280+0000] {processor.py:161} INFO - Started process (PID=364) to work on /home/airflow/.local/lib/python3.12/site-packages/airflow/example_dags/example_latest_only_with_trigger.py
[2026-04-13T16:45:21.283+0000] {processor.py:830} INFO - Processing file /home/airflow/.local/lib/python3.12/site-packages/airflow/example_dags/example_latest_only_with_trigger.py for tasks to queue
[2026-04-13T16:45:21.288+0000] {logging_mixin.py:188} INFO - [2026-04-13T16:45:21.287+0000] {dagbag.py:545} INFO - Filling up the DagBag from /home/airflow/.local/lib/python3.12/site-packages/airflow/example_dags/example_latest_only_with_trigger.py
[2026-04-13T16:45:21.301+0000] {processor.py:840} INFO - DAG(s) 'latest_only_with_trigger' retrieved from /home/airflow/.local/lib/python3.12/site-packages/airflow/example_dags/example_latest_only_with_trigger.py
[2026-04-13T16:45:21.348+0000] {logging_mixin.py:188} INFO - [2026-04-13T16:45:21.348+0000] {dag.py:3096} INFO - Sync 1 DAGs
[2026-04-13T16:45:21.400+0000] {logging_mixin.py:188} INFO - [2026-04-13T16:45:21.400+0000] {dag.py:3954} INFO - Setting next_dagrun for latest_only_with_trigger to 2026-04-13 12:00:00+00:00, run_after=2026-04-13 16:00:00+00:00
[2026-04-13T16:45:21.459+0000] {processor.py:183} INFO - Processing /home/airflow/.local/lib/python3.12/site-packages/airflow/example_dags/example_latest_only_with_trigger.py took 0.196 seconds
[2026-04-13T16:45:52.248+0000] {processor.py:161} INFO - Started process (PID=422) to work on /home/airflow/.local/lib/python3.12/site-packages/airflow/example_dags/example_latest_only_with_trigger.py
[2026-04-13T16:45:52.250+0000] {processor.py:830} INFO - Processing file /home/airflow/.local/lib/python3.12/site-packages/airflow/example_dags/example_latest_only_with_trigger.py for tasks to queue
[2026-04-13T16:45:52.255+0000] {logging_mixin.py:188} INFO - [2026-04-13T16:45:52.254+0000] {dagbag.py:545} INFO - Filling up the DagBag from /home/airflow/.local/lib/python3.12/site-packages/airflow/example_dags/example_latest_only_with_trigger.py
[2026-04-13T16:45:52.266+0000] {processor.py:840} INFO - DAG(s) 'latest_only_with_trigger' retrieved from /home/airflow/.local/lib/python3.12/site-packages/airflow/example_dags/example_latest_only_with_trigger.py
[2026-04-13T16:45:52.293+0000] {logging_mixin.py:188} INFO - [2026-04-13T16:45:52.293+0000] {dag.py:3096} INFO - Sync 1 DAGs
[2026-04-13T16:45:52.324+0000] {logging_mixin.py:188} INFO - [2026-04-13T16:45:52.324+0000] {dag.py:3954} INFO - Setting next_dagrun for latest_only_with_trigger to 2026-04-13 12:00:00+00:00, run_after=2026-04-13 16:00:00+00:00
[2026-04-13T16:45:52.447+0000] {processor.py:183} INFO - Processing /home/airflow/.local/lib/python3.12/site-packages/airflow/example_dags/example_latest_only_with_trigger.py took 0.212 seconds
[2026-04-13T16:46:23.514+0000] {processor.py:161} INFO - Started process (PID=481) to work on /home/airflow/.local/lib/python3.12/site-packages/airflow/example_dags/example_latest_only_with_trigger.py
[2026-04-13T16:46:23.516+0000] {processor.py:830} INFO - Processing file /home/airflow/.local/lib/python3.12/site-packages/airflow/example_dags/example_latest_only_with_trigger.py for tasks to queue
[2026-04-13T16:46:23.518+0000] {logging_mixin.py:188} INFO - [2026-04-13T16:46:23.518+0000] {dagbag.py:545} INFO - Filling up the DagBag from /home/airflow/.local/lib/python3.12/site-packages/airflow/example_dags/example_latest_only_with_trigger.py
[2026-04-13T16:46:23.526+0000] {processor.py:840} INFO - DAG(s) 'latest_only_with_trigger' retrieved from /home/airflow/.local/lib/python3.12/site-packages/airflow/example_dags/example_latest_only_with_trigger.py
[2026-04-13T16:46:23.552+0000] {logging_mixin.py:188} INFO - [2026-04-13T16:46:23.552+0000] {dag.py:3096} INFO - Sync 1 DAGs
[2026-04-13T16:46:23.581+0000] {logging_mixin.py:188} INFO - [2026-04-13T16:46:23.581+0000] {dag.py:3954} INFO - Setting next_dagrun for latest_only_with_trigger to 2026-04-13 12:00:00+00:00, run_after=2026-04-13 16:00:00+00:00
[2026-04-13T16:46:23.689+0000] {processor.py:183} INFO - Processing /home/airflow/.local/lib/python3.12/site-packages/airflow/example_dags/example_latest_only_with_trigger.py took 0.183 seconds
[2026-04-13T16:46:53.879+0000] {processor.py:161} INFO - Started process (PID=539) to work on /home/airflow/.local/lib/python3.12/site-packages/airflow/example_dags/example_latest_only_with_trigger.py
[2026-04-13T16:46:53.882+0000] {processor.py:830} INFO - Processing file /home/airflow/.local/lib/python3.12/site-packages/airflow/example_dags/example_latest_only_with_trigger.py for tasks to queue
[2026-04-13T16:46:53.886+0000] {logging_mixin.py:188} INFO - [2026-04-13T16:46:53.885+0000] {dagbag.py:545} INFO - Filling up the DagBag from /home/airflow/.local/lib/python3.12/site-packages/airflow/example_dags/example_latest_only_with_trigger.py
[2026-04-13T16:46:53.897+0000] {processor.py:840} INFO - DAG(s) 'latest_only_with_trigger' retrieved from /home/airflow/.local/lib/python3.12/site-packages/airflow/example_dags/example_latest_only_with_trigger.py
[2026-04-13T16:46:53.927+0000] {logging_mixin.py:188} INFO - [2026-04-13T16:46:53.927+0000] {dag.py:3096} INFO - Sync 1 DAGs
[2026-04-13T16:46:53.956+0000] {logging_mixin.py:188} INFO - [2026-04-13T16:46:53.955+0000] {dag.py:3954} INFO - Setting next_dagrun for latest_only_with_trigger to 2026-04-13 12:00:00+00:00, run_after=2026-04-13 16:00:00+00:00
[2026-04-13T16:46:54.059+0000] {processor.py:183} INFO - Processing /home/airflow/.local/lib/python3.12/site-packages/airflow/example_dags/example_latest_only_with_trigger.py took 0.192 seconds
[2026-04-13T16:47:24.907+0000] {processor.py:161} INFO - Started process (PID=597) to work on /home/airflow/.local/lib/python3.12/site-packages/airflow/example_dags/example_latest_only_with_trigger.py
[2026-04-13T16:47:24.908+0000] {processor.py:830} INFO - Processing file /home/airflow/.local/lib/python3.12/site-packages/airflow/example_dags/example_latest_only_with_trigger.py for tasks to queue
[2026-04-13T16:47:24.911+0000] {logging_mixin.py:188} INFO - [2026-04-13T16:47:24.910+0000] {dagbag.py:545} INFO - Filling up the DagBag from /home/airflow/.local/lib/python3.12/site-packages/airflow/example_dags/example_latest_only_with_trigger.py
[2026-04-13T16:47:24.919+0000] {processor.py:840} INFO - DAG(s) 'latest_only_with_trigger' retrieved from /home/airflow/.local/lib/python3.12/site-packages/airflow/example_dags/example_latest_only_with_trigger.py
[2026-04-13T16:47:24.946+0000] {logging_mixin.py:188} INFO - [2026-04-13T16:47:24.945+0000] {dag.py:3096} INFO - Sync 1 DAGs
[2026-04-13T16:47:24.976+0000] {logging_mixin.py:188} INFO - [2026-04-13T16:47:24.976+0000] {dag.py:3954} INFO - Setting next_dagrun for latest_only_with_trigger to 2026-04-13 12:00:00+00:00, run_after=2026-04-13 16:00:00+00:00
[2026-04-13T16:47:25.021+0000] {processor.py:183} INFO - Processing /home/airflow/.local/lib/python3.12/site-packages/airflow/example_dags/example_latest_only_with_trigger.py took 0.121 seconds
[2026-04-13T16:47:55.924+0000] {processor.py:161} INFO - Started process (PID=655) to work on /home/airflow/.local/lib/python3.12/site-packages/airflow/example_dags/example_latest_only_with_trigger.py
[2026-04-13T16:47:55.926+0000] {processor.py:830} INFO - Processing file /home/airflow/.local/lib/python3.12/site-packages/airflow/example_dags/example_latest_only_with_trigger.py for tasks to queue
[2026-04-13T16:47:55.930+0000] {logging_mixin.py:188} INFO - [2026-04-13T16:47:55.929+0000] {dagbag.py:545} INFO - Filling up the DagBag from /home/airflow/.local/lib/python3.12/site-packages/airflow/example_dags/example_latest_only_with_trigger.py
[2026-04-13T16:47:55.939+0000] {processor.py:840} INFO - DAG(s) 'latest_only_with_trigger' retrieved from /home/airflow/.local/lib/python3.12/site-packages/airflow/example_dags/example_latest_only_with_trigger.py
[2026-04-13T16:47:55.966+0000] {logging_mixin.py:188} INFO - [2026-04-13T16:47:55.966+0000] {dag.py:3096} INFO - Sync 1 DAGs
[2026-04-13T16:47:55.995+0000] {logging_mixin.py:188} INFO - [2026-04-13T16:47:55.994+0000] {dag.py:3954} INFO - Setting next_dagrun for latest_only_with_trigger to 2026-04-13 12:00:00+00:00, run_after=2026-04-13 16:00:00+00:00
[2026-04-13T16:47:56.112+0000] {processor.py:183} INFO - Processing /home/airflow/.local/lib/python3.12/site-packages/airflow/example_dags/example_latest_only_with_trigger.py took 0.202 seconds
[2026-04-13T16:48:26.652+0000] {processor.py:161} INFO - Started process (PID=713) to work on /home/airflow/.local/lib/python3.12/site-packages/airflow/example_dags/example_latest_only_with_trigger.py
[2026-04-13T16:48:26.655+0000] {processor.py:830} INFO - Processing file /home/airflow/.local/lib/python3.12/site-packages/airflow/example_dags/example_latest_only_with_trigger.py for tasks to queue
[2026-04-13T16:48:26.660+0000] {logging_mixin.py:188} INFO - [2026-04-13T16:48:26.659+0000] {dagbag.py:545} INFO - Filling up the DagBag from /home/airflow/.local/lib/python3.12/site-packages/airflow/example_dags/example_latest_only_with_trigger.py
[2026-04-13T16:48:26.673+0000] {processor.py:840} INFO - DAG(s) 'latest_only_with_trigger' retrieved from /home/airflow/.local/lib/python3.12/site-packages/airflow/example_dags/example_latest_only_with_trigger.py
[2026-04-13T16:48:26.720+0000] {logging_mixin.py:188} INFO - [2026-04-13T16:48:26.720+0000] {dag.py:3096} INFO - Sync 1 DAGs
[2026-04-13T16:48:26.773+0000] {logging_mixin.py:188} INFO - [2026-04-13T16:48:26.773+0000] {dag.py:3954} INFO - Setting next_dagrun for latest_only_with_trigger to 2026-04-13 12:00:00+00:00, run_after=2026-04-13 16:00:00+00:00
[2026-04-13T16:48:26.831+0000] {processor.py:183} INFO - Processing /home/airflow/.local/lib/python3.12/site-packages/airflow/example_dags/example_latest_only_with_trigger.py took 0.192 seconds
[2026-04-13T16:48:57.021+0000] {processor.py:161} INFO - Started process (PID=771) to work on /home/airflow/.local/lib/python3.12/site-packages/airflow/example_dags/example_latest_only_with_trigger.py
[2026-04-13T16:48:57.023+0000] {processor.py:830} INFO - Processing file /home/airflow/.local/lib/python3.12/site-packages/airflow/example_dags/example_latest_only_with_trigger.py for tasks to queue
[2026-04-13T16:48:57.025+0000] {logging_mixin.py:188} INFO - [2026-04-13T16:48:57.025+0000] {dagbag.py:545} INFO - Filling up the DagBag from /home/airflow/.local/lib/python3.12/site-packages/airflow/example_dags/example_latest_only_with_trigger.py
[2026-04-13T16:48:57.033+0000] {processor.py:840} INFO - DAG(s) 'latest_only_with_trigger' retrieved from /home/airflow/.local/lib/python3.12/site-packages/airflow/example_dags/example_latest_only_with_trigger.py
[2026-04-13T16:48:57.060+0000] {logging_mixin.py:188} INFO - [2026-04-13T16:48:57.059+0000] {dag.py:3096} INFO - Sync 1 DAGs
[2026-04-13T16:48:57.088+0000] {logging_mixin.py:188} INFO - [2026-04-13T16:48:57.088+0000] {dag.py:3954} INFO - Setting next_dagrun for latest_only_with_trigger to 2026-04-13 12:00:00+00:00, run_after=2026-04-13 16:00:00+00:00
[2026-04-13T16:48:57.190+0000] {processor.py:183} INFO - Processing /home/airflow/.local/lib/python3.12/site-packages/airflow/example_dags/example_latest_only_with_trigger.py took 0.176 seconds
[2026-04-13T16:49:27.958+0000] {processor.py:161} INFO - Started process (PID=829) to work on /home/airflow/.local/lib/python3.12/site-packages/airflow/example_dags/example_latest_only_with_trigger.py
[2026-04-13T16:49:27.960+0000] {processor.py:830} INFO - Processing file /home/airflow/.local/lib/python3.12/site-packages/airflow/example_dags/example_latest_only_with_trigger.py for tasks to queue
[2026-04-13T16:49:27.963+0000] {logging_mixin.py:188} INFO - [2026-04-13T16:49:27.963+0000] {dagbag.py:545} INFO - Filling up the DagBag from /home/airflow/.local/lib/python3.12/site-packages/airflow/example_dags/example_latest_only_with_trigger.py
[2026-04-13T16:49:27.971+0000] {processor.py:840} INFO - DAG(s) 'latest_only_with_trigger' retrieved from /home/airflow/.local/lib/python3.12/site-packages/airflow/example_dags/example_latest_only_with_trigger.py
[2026-04-13T16:49:28.004+0000] {logging_mixin.py:188} INFO - [2026-04-13T16:49:28.004+0000] {dag.py:3096} INFO - Sync 1 DAGs
[2026-04-13T16:49:28.034+0000] {logging_mixin.py:188} INFO - [2026-04-13T16:49:28.033+0000] {dag.py:3954} INFO - Setting next_dagrun for latest_only_with_trigger to 2026-04-13 12:00:00+00:00, run_after=2026-04-13 16:00:00+00:00
[2026-04-13T16:49:28.072+0000] {processor.py:183} INFO - Processing /home/airflow/.local/lib/python3.12/site-packages/airflow/example_dags/example_latest_only_with_trigger.py took 0.128 seconds
[2026-04-13T16:49:58.277+0000] {processor.py:161} INFO - Started process (PID=887) to work on /home/airflow/.local/lib/python3.12/site-packages/airflow/example_dags/example_latest_only_with_trigger.py
[2026-04-13T16:49:58.281+0000] {processor.py:830} INFO - Processing file /home/airflow/.local/lib/python3.12/site-packages/airflow/example_dags/example_latest_only_with_trigger.py for tasks to queue
[2026-04-13T16:49:58.290+0000] {logging_mixin.py:188} INFO - [2026-04-13T16:49:58.289+0000] {dagbag.py:545} INFO - Filling up the DagBag from /home/airflow/.local/lib/python3.12/site-packages/airflow/example_dags/example_latest_only_with_trigger.py
[2026-04-13T16:49:58.306+0000] {processor.py:840} INFO - DAG(s) 'latest_only_with_trigger' retrieved from /home/airflow/.local/lib/python3.12/site-packages/airflow/example_dags/example_latest_only_with_trigger.py
[2026-04-13T16:49:58.361+0000] {logging_mixin.py:188} INFO - [2026-04-13T16:49:58.360+0000] {dag.py:3096} INFO - Sync 1 DAGs
[2026-04-13T16:49:58.418+0000] {logging_mixin.py:188} INFO - [2026-04-13T16:49:58.418+0000] {dag.py:3954} INFO - Setting next_dagrun for latest_only_with_trigger to 2026-04-13 12:00:00+00:00, run_after=2026-04-13 16:00:00+00:00
[2026-04-13T16:49:58.485+0000] {processor.py:183} INFO - Processing /home/airflow/.local/lib/python3.12/site-packages/airflow/example_dags/example_latest_only_with_trigger.py took 0.226 seconds
[2026-04-13T16:50:29.320+0000] {processor.py:161} INFO - Started process (PID=945) to work on /home/airflow/.local/lib/python3.12/site-packages/airflow/example_dags/example_latest_only_with_trigger.py
[2026-04-13T16:50:29.322+0000] {processor.py:830} INFO - Processing file /home/airflow/.local/lib/python3.12/site-packages/airflow/example_dags/example_latest_only_with_trigger.py for tasks to queue
[2026-04-13T16:50:29.325+0000] {logging_mixin.py:188} INFO - [2026-04-13T16:50:29.325+0000] {dagbag.py:545} INFO - Filling up the DagBag from /home/airflow/.local/lib/python3.12/site-packages/airflow/example_dags/example_latest_only_with_trigger.py
[2026-04-13T16:50:29.333+0000] {processor.py:840} INFO - DAG(s) 'latest_only_with_trigger' retrieved from /home/airflow/.local/lib/python3.12/site-packages/airflow/example_dags/example_latest_only_with_trigger.py
[2026-04-13T16:50:29.364+0000] {logging_mixin.py:188} INFO - [2026-04-13T16:50:29.363+0000] {dag.py:3096} INFO - Sync 1 DAGs
[2026-04-13T16:50:29.463+0000] {logging_mixin.py:188} INFO - [2026-04-13T16:50:29.463+0000] {dag.py:3954} INFO - Setting next_dagrun for latest_only_with_trigger to 2026-04-13 12:00:00+00:00, run_after=2026-04-13 16:00:00+00:00
[2026-04-13T16:50:29.531+0000] {processor.py:183} INFO - Processing /home/airflow/.local/lib/python3.12/site-packages/airflow/example_dags/example_latest_only_with_trigger.py took 0.218 seconds
[2026-04-13T16:50:59.768+0000] {processor.py:161} INFO - Started process (PID=1003) to work on /home/airflow/.local/lib/python3.12/site-packages/airflow/example_dags/example_latest_only_with_trigger.py
[2026-04-13T16:50:59.770+0000] {processor.py:830} INFO - Processing file /home/airflow/.local/lib/python3.12/site-packages/airflow/example_dags/example_latest_only_with_trigger.py for tasks to queue
[2026-04-13T16:50:59.774+0000] {logging_mixin.py:188} INFO - [2026-04-13T16:50:59.773+0000] {dagbag.py:545} INFO - Filling up the DagBag from /home/airflow/.local/lib/python3.12/site-packages/airflow/example_dags/example_latest_only_with_trigger.py
[2026-04-13T16:50:59.784+0000] {processor.py:840} INFO - DAG(s) 'latest_only_with_trigger' retrieved from /home/airflow/.local/lib/python3.12/site-packages/airflow/example_dags/example_latest_only_with_trigger.py
[2026-04-13T16:50:59.820+0000] {logging_mixin.py:188} INFO - [2026-04-13T16:50:59.819+0000] {dag.py:3096} INFO - Sync 1 DAGs
[2026-04-13T16:50:59.860+0000] {logging_mixin.py:188} INFO - [2026-04-13T16:50:59.859+0000] {dag.py:3954} INFO - Setting next_dagrun for latest_only_with_trigger to 2026-04-13 12:00:00+00:00, run_after=2026-04-13 16:00:00+00:00
[2026-04-13T16:50:59.969+0000] {processor.py:183} INFO - Processing /home/airflow/.local/lib/python3.12/site-packages/airflow/example_dags/example_latest_only_with_trigger.py took 0.210 seconds
[2026-04-13T16:51:30.513+0000] {processor.py:161} INFO - Started process (PID=1061) to work on /home/airflow/.local/lib/python3.12/site-packages/airflow/example_dags/example_latest_only_with_trigger.py
[2026-04-13T16:51:30.516+0000] {processor.py:830} INFO - Processing file /home/airflow/.local/lib/python3.12/site-packages/airflow/example_dags/example_latest_only_with_trigger.py for tasks to queue
[2026-04-13T16:51:30.520+0000] {logging_mixin.py:188} INFO - [2026-04-13T16:51:30.519+0000] {dagbag.py:545} INFO - Filling up the DagBag from /home/airflow/.local/lib/python3.12/site-packages/airflow/example_dags/example_latest_only_with_trigger.py
[2026-04-13T16:51:30.531+0000] {processor.py:840} INFO - DAG(s) 'latest_only_with_trigger' retrieved from /home/airflow/.local/lib/python3.12/site-packages/airflow/example_dags/example_latest_only_with_trigger.py
[2026-04-13T16:51:30.560+0000] {logging_mixin.py:188} INFO - [2026-04-13T16:51:30.560+0000] {dag.py:3096} INFO - Sync 1 DAGs
[2026-04-13T16:51:30.589+0000] {logging_mixin.py:188} INFO - [2026-04-13T16:51:30.588+0000] {dag.py:3954} INFO - Setting next_dagrun for latest_only_with_trigger to 2026-04-13 12:00:00+00:00, run_after=2026-04-13 16:00:00+00:00
[2026-04-13T16:51:30.616+0000] {processor.py:183} INFO - Processing /home/airflow/.local/lib/python3.12/site-packages/airflow/example_dags/example_latest_only_with_trigger.py took 0.116 seconds
[2026-04-13T16:52:01.058+0000] {processor.py:161} INFO - Started process (PID=1119) to work on /home/airflow/.local/lib/python3.12/site-packages/airflow/example_dags/example_latest_only_with_trigger.py
[2026-04-13T16:52:01.060+0000] {processor.py:830} INFO - Processing file /home/airflow/.local/lib/python3.12/site-packages/airflow/example_dags/example_latest_only_with_trigger.py for tasks to queue
[2026-04-13T16:52:01.064+0000] {logging_mixin.py:188} INFO - [2026-04-13T16:52:01.063+0000] {dagbag.py:545} INFO - Filling up the DagBag from /home/airflow/.local/lib/python3.12/site-packages/airflow/example_dags/example_latest_only_with_trigger.py
[2026-04-13T16:52:01.071+0000] {processor.py:840} INFO - DAG(s) 'latest_only_with_trigger' retrieved from /home/airflow/.local/lib/python3.12/site-packages/airflow/example_dags/example_latest_only_with_trigger.py
[2026-04-13T16:52:01.098+0000] {logging_mixin.py:188} INFO - [2026-04-13T16:52:01.097+0000] {dag.py:3096} INFO - Sync 1 DAGs
[2026-04-13T16:52:01.127+0000] {logging_mixin.py:188} INFO - [2026-04-13T16:52:01.127+0000] {dag.py:3954} INFO - Setting next_dagrun for latest_only_with_trigger to 2026-04-13 12:00:00+00:00, run_after=2026-04-13 16:00:00+00:00
[2026-04-13T16:52:01.231+0000] {processor.py:183} INFO - Processing /home/airflow/.local/lib/python3.12/site-packages/airflow/example_dags/example_latest_only_with_trigger.py took 0.184 seconds
[2026-04-13T16:52:31.370+0000] {processor.py:161} INFO - Started process (PID=1178) to work on /home/airflow/.local/lib/python3.12/site-packages/airflow/example_dags/example_latest_only_with_trigger.py
[2026-04-13T16:52:31.372+0000] {processor.py:830} INFO - Processing file /home/airflow/.local/lib/python3.12/site-packages/airflow/example_dags/example_latest_only_with_trigger.py for tasks to queue
[2026-04-13T16:52:31.376+0000] {logging_mixin.py:188} INFO - [2026-04-13T16:52:31.376+0000] {dagbag.py:545} INFO - Filling up the DagBag from /home/airflow/.local/lib/python3.12/site-packages/airflow/example_dags/example_latest_only_with_trigger.py
[2026-04-13T16:52:31.384+0000] {processor.py:840} INFO - DAG(s) 'latest_only_with_trigger' retrieved from /home/airflow/.local/lib/python3.12/site-packages/airflow/example_dags/example_latest_only_with_trigger.py
[2026-04-13T16:52:31.414+0000] {logging_mixin.py:188} INFO - [2026-04-13T16:52:31.414+0000] {dag.py:3096} INFO - Sync 1 DAGs
[2026-04-13T16:52:31.452+0000] {logging_mixin.py:188} INFO - [2026-04-13T16:52:31.452+0000] {dag.py:3954} INFO - Setting next_dagrun for latest_only_with_trigger to 2026-04-13 12:00:00+00:00, run_after=2026-04-13 16:00:00+00:00
[2026-04-13T16:52:31.481+0000] {processor.py:183} INFO - Processing /home/airflow/.local/lib/python3.12/site-packages/airflow/example_dags/example_latest_only_with_trigger.py took 0.121 seconds
[2026-04-13T16:53:01.675+0000] {processor.py:161} INFO - Started process (PID=1236) to work on /home/airflow/.local/lib/python3.12/site-packages/airflow/example_dags/example_latest_only_with_trigger.py
[2026-04-13T16:53:01.676+0000] {processor.py:830} INFO - Processing file /home/airflow/.local/lib/python3.12/site-packages/airflow/example_dags/example_latest_only_with_trigger.py for tasks to queue
[2026-04-13T16:53:01.679+0000] {logging_mixin.py:188} INFO - [2026-04-13T16:53:01.679+0000] {dagbag.py:545} INFO - Filling up the DagBag from /home/airflow/.local/lib/python3.12/site-packages/airflow/example_dags/example_latest_only_with_trigger.py
[2026-04-13T16:53:01.686+0000] {processor.py:840} INFO - DAG(s) 'latest_only_with_trigger' retrieved from /home/airflow/.local/lib/python3.12/site-packages/airflow/example_dags/example_latest_only_with_trigger.py
[2026-04-13T16:53:01.734+0000] {logging_mixin.py:188} INFO - [2026-04-13T16:53:01.734+0000] {dag.py:3096} INFO - Sync 1 DAGs
[2026-04-13T16:53:01.764+0000] {logging_mixin.py:188} INFO - [2026-04-13T16:53:01.764+0000] {dag.py:3954} INFO - Setting next_dagrun for latest_only_with_trigger to 2026-04-13 12:00:00+00:00, run_after=2026-04-13 16:00:00+00:00
[2026-04-13T16:53:01.831+0000] {processor.py:183} INFO - Processing /home/airflow/.local/lib/python3.12/site-packages/airflow/example_dags/example_latest_only_with_trigger.py took 0.164 seconds
[2026-04-13T16:53:32.387+0000] {processor.py:161} INFO - Started process (PID=1294) to work on /home/airflow/.local/lib/python3.12/site-packages/airflow/example_dags/example_latest_only_with_trigger.py
[2026-04-13T16:53:32.390+0000] {processor.py:830} INFO - Processing file /home/airflow/.local/lib/python3.12/site-packages/airflow/example_dags/example_latest_only_with_trigger.py for tasks to queue
[2026-04-13T16:53:32.395+0000] {logging_mixin.py:188} INFO - [2026-04-13T16:53:32.394+0000] {dagbag.py:545} INFO - Filling up the DagBag from /home/airflow/.local/lib/python3.12/site-packages/airflow/example_dags/example_latest_only_with_trigger.py
[2026-04-13T16:53:32.409+0000] {processor.py:840} INFO - DAG(s) 'latest_only_with_trigger' retrieved from /home/airflow/.local/lib/python3.12/site-packages/airflow/example_dags/example_latest_only_with_trigger.py
[2026-04-13T16:53:32.460+0000] {logging_mixin.py:188} INFO - [2026-04-13T16:53:32.459+0000] {dag.py:3096} INFO - Sync 1 DAGs
[2026-04-13T16:53:32.513+0000] {logging_mixin.py:188} INFO - [2026-04-13T16:53:32.513+0000] {dag.py:3954} INFO - Setting next_dagrun for latest_only_with_trigger to 2026-04-13 12:00:00+00:00, run_after=2026-04-13 16:00:00+00:00
[2026-04-13T16:53:32.574+0000] {processor.py:183} INFO - Processing /home/airflow/.local/lib/python3.12/site-packages/airflow/example_dags/example_latest_only_with_trigger.py took 0.201 seconds
[2026-04-13T16:54:02.783+0000] {processor.py:161} INFO - Started process (PID=1352) to work on /home/airflow/.local/lib/python3.12/site-packages/airflow/example_dags/example_latest_only_with_trigger.py
[2026-04-13T16:54:02.785+0000] {processor.py:830} INFO - Processing file /home/airflow/.local/lib/python3.12/site-packages/airflow/example_dags/example_latest_only_with_trigger.py for tasks to queue
[2026-04-13T16:54:02.789+0000] {logging_mixin.py:188} INFO - [2026-04-13T16:54:02.788+0000] {dagbag.py:545} INFO - Filling up the DagBag from /home/airflow/.local/lib/python3.12/site-packages/airflow/example_dags/example_latest_only_with_trigger.py
[2026-04-13T16:54:02.797+0000] {processor.py:840} INFO - DAG(s) 'latest_only_with_trigger' retrieved from /home/airflow/.local/lib/python3.12/site-packages/airflow/example_dags/example_latest_only_with_trigger.py
[2026-04-13T16:54:02.825+0000] {logging_mixin.py:188} INFO - [2026-04-13T16:54:02.824+0000] {dag.py:3096} INFO - Sync 1 DAGs
[2026-04-13T16:54:02.853+0000] {logging_mixin.py:188} INFO - [2026-04-13T16:54:02.853+0000] {dag.py:3954} INFO - Setting next_dagrun for latest_only_with_trigger to 2026-04-13 12:00:00+00:00, run_after=2026-04-13 16:00:00+00:00
[2026-04-13T16:54:02.903+0000] {processor.py:183} INFO - Processing /home/airflow/.local/lib/python3.12/site-packages/airflow/example_dags/example_latest_only_with_trigger.py took 0.134 seconds
[2026-04-13T16:54:33.310+0000] {processor.py:161} INFO - Started process (PID=1410) to work on /home/airflow/.local/lib/python3.12/site-packages/airflow/example_dags/example_latest_only_with_trigger.py
[2026-04-13T16:54:33.313+0000] {processor.py:830} INFO - Processing file /home/airflow/.local/lib/python3.12/site-packages/airflow/example_dags/example_latest_only_with_trigger.py for tasks to queue
[2026-04-13T16:54:33.318+0000] {logging_mixin.py:188} INFO - [2026-04-13T16:54:33.317+0000] {dagbag.py:545} INFO - Filling up the DagBag from /home/airflow/.local/lib/python3.12/site-packages/airflow/example_dags/example_latest_only_with_trigger.py
[2026-04-13T16:54:33.360+0000] {processor.py:840} INFO - DAG(s) 'latest_only_with_trigger' retrieved from /home/airflow/.local/lib/python3.12/site-packages/airflow/example_dags/example_latest_only_with_trigger.py
[2026-04-13T16:54:33.517+0000] {logging_mixin.py:188} INFO - [2026-04-13T16:54:33.516+0000] {dag.py:3096} INFO - Sync 1 DAGs
[2026-04-13T16:54:33.698+0000] {logging_mixin.py:188} INFO - [2026-04-13T16:54:33.697+0000] {dag.py:3954} INFO - Setting next_dagrun for latest_only_with_trigger to 2026-04-13 12:00:00+00:00, run_after=2026-04-13 16:00:00+00:00
[2026-04-13T16:54:33.904+0000] {processor.py:183} INFO - Processing /home/airflow/.local/lib/python3.12/site-packages/airflow/example_dags/example_latest_only_with_trigger.py took 0.615 seconds
[2026-04-13T16:55:04.640+0000] {processor.py:161} INFO - Started process (PID=1467) to work on /home/airflow/.local/lib/python3.12/site-packages/airflow/example_dags/example_latest_only_with_trigger.py
[2026-04-13T16:55:04.641+0000] {processor.py:830} INFO - Processing file /home/airflow/.local/lib/python3.12/site-packages/airflow/example_dags/example_latest_only_with_trigger.py for tasks to queue
[2026-04-13T16:55:04.644+0000] {logging_mixin.py:188} INFO - [2026-04-13T16:55:04.644+0000] {dagbag.py:545} INFO - Filling up the DagBag from /home/airflow/.local/lib/python3.12/site-packages/airflow/example_dags/example_latest_only_with_trigger.py
[2026-04-13T16:55:04.655+0000] {processor.py:840} INFO - DAG(s) 'latest_only_with_trigger' retrieved from /home/airflow/.local/lib/python3.12/site-packages/airflow/example_dags/example_latest_only_with_trigger.py
[2026-04-13T16:55:04.682+0000] {logging_mixin.py:188} INFO - [2026-04-13T16:55:04.682+0000] {dag.py:3096} INFO - Sync 1 DAGs
[2026-04-13T16:55:04.712+0000] {logging_mixin.py:188} INFO - [2026-04-13T16:55:04.711+0000] {dag.py:3954} INFO - Setting next_dagrun for latest_only_with_trigger to 2026-04-13 12:00:00+00:00, run_after=2026-04-13 16:00:00+00:00
[2026-04-13T16:55:04.738+0000] {processor.py:183} INFO - Processing /home/airflow/.local/lib/python3.12/site-packages/airflow/example_dags/example_latest_only_with_trigger.py took 0.109 seconds
[2026-04-13T16:55:35.047+0000] {processor.py:161} INFO - Started process (PID=1525) to work on /home/airflow/.local/lib/python3.12/site-packages/airflow/example_dags/example_latest_only_with_trigger.py
[2026-04-13T16:55:35.048+0000] {processor.py:830} INFO - Processing file /home/airflow/.local/lib/python3.12/site-packages/airflow/example_dags/example_latest_only_with_trigger.py for tasks to queue
[2026-04-13T16:55:35.050+0000] {logging_mixin.py:188} INFO - [2026-04-13T16:55:35.050+0000] {dagbag.py:545} INFO - Filling up the DagBag from /home/airflow/.local/lib/python3.12/site-packages/airflow/example_dags/example_latest_only_with_trigger.py
[2026-04-13T16:55:35.059+0000] {processor.py:840} INFO - DAG(s) 'latest_only_with_trigger' retrieved from /home/airflow/.local/lib/python3.12/site-packages/airflow/example_dags/example_latest_only_with_trigger.py
[2026-04-13T16:55:35.090+0000] {logging_mixin.py:188} INFO - [2026-04-13T16:55:35.090+0000] {dag.py:3096} INFO - Sync 1 DAGs
[2026-04-13T16:55:35.129+0000] {logging_mixin.py:188} INFO - [2026-04-13T16:55:35.129+0000] {dag.py:3954} INFO - Setting next_dagrun for latest_only_with_trigger to 2026-04-13 12:00:00+00:00, run_after=2026-04-13 16:00:00+00:00
[2026-04-13T16:55:35.158+0000] {processor.py:183} INFO - Processing /home/airflow/.local/lib/python3.12/site-packages/airflow/example_dags/example_latest_only_with_trigger.py took 0.119 seconds
[2026-04-13T16:56:05.679+0000] {processor.py:161} INFO - Started process (PID=1583) to work on /home/airflow/.local/lib/python3.12/site-packages/airflow/example_dags/example_latest_only_with_trigger.py
[2026-04-13T16:56:05.681+0000] {processor.py:830} INFO - Processing file /home/airflow/.local/lib/python3.12/site-packages/airflow/example_dags/example_latest_only_with_trigger.py for tasks to queue
[2026-04-13T16:56:05.686+0000] {logging_mixin.py:188} INFO - [2026-04-13T16:56:05.685+0000] {dagbag.py:545} INFO - Filling up the DagBag from /home/airflow/.local/lib/python3.12/site-packages/airflow/example_dags/example_latest_only_with_trigger.py
[2026-04-13T16:56:05.699+0000] {processor.py:840} INFO - DAG(s) 'latest_only_with_trigger' retrieved from /home/airflow/.local/lib/python3.12/site-packages/airflow/example_dags/example_latest_only_with_trigger.py
[2026-04-13T16:56:05.751+0000] {logging_mixin.py:188} INFO - [2026-04-13T16:56:05.750+0000] {dag.py:3096} INFO - Sync 1 DAGs
[2026-04-13T16:56:05.818+0000] {logging_mixin.py:188} INFO - [2026-04-13T16:56:05.817+0000] {dag.py:3954} INFO - Setting next_dagrun for latest_only_with_trigger to 2026-04-13 12:00:00+00:00, run_after=2026-04-13 16:00:00+00:00
[2026-04-13T16:56:06.207+0000] {processor.py:183} INFO - Processing /home/airflow/.local/lib/python3.12/site-packages/airflow/example_dags/example_latest_only_with_trigger.py took 0.543 seconds
[2026-04-13T16:56:36.321+0000] {processor.py:161} INFO - Started process (PID=1642) to work on /home/airflow/.local/lib/python3.12/site-packages/airflow/example_dags/example_latest_only_with_trigger.py
[2026-04-13T16:56:36.323+0000] {processor.py:830} INFO - Processing file /home/airflow/.local/lib/python3.12/site-packages/airflow/example_dags/example_latest_only_with_trigger.py for tasks to queue
[2026-04-13T16:56:36.328+0000] {logging_mixin.py:188} INFO - [2026-04-13T16:56:36.327+0000] {dagbag.py:545} INFO - Filling up the DagBag from /home/airflow/.local/lib/python3.12/site-packages/airflow/example_dags/example_latest_only_with_trigger.py
[2026-04-13T16:56:36.342+0000] {processor.py:840} INFO - DAG(s) 'latest_only_with_trigger' retrieved from /home/airflow/.local/lib/python3.12/site-packages/airflow/example_dags/example_latest_only_with_trigger.py
[2026-04-13T16:56:36.391+0000] {logging_mixin.py:188} INFO - [2026-04-13T16:56:36.390+0000] {dag.py:3096} INFO - Sync 1 DAGs
[2026-04-13T16:56:36.454+0000] {logging_mixin.py:188} INFO - [2026-04-13T16:56:36.454+0000] {dag.py:3954} INFO - Setting next_dagrun for latest_only_with_trigger to 2026-04-13 12:00:00+00:00, run_after=2026-04-13 16:00:00+00:00
[2026-04-13T16:56:36.504+0000] {processor.py:183} INFO - Processing /home/airflow/.local/lib/python3.12/site-packages/airflow/example_dags/example_latest_only_with_trigger.py took 0.198 seconds
