[2026-04-13T16:43:08.526+0000] {processor.py:161} INFO - Started process (PID=109) to work on /home/airflow/.local/lib/python3.12/site-packages/airflow/example_dags/example_branch_day_of_week_operator.py
[2026-04-13T16:43:08.529+0000] {processor.py:830} INFO - Processing file /home/airflow/.local/lib/python3.12/site-packages/airflow/example_dags/example_branch_day_of_week_operator.py for tasks to queue
[2026-04-13T16:43:08.535+0000] {logging_mixin.py:188} INFO - [2026-04-13T16:43:08.534+0000] {dagbag.py:545} INFO - Filling up the DagBag from /home/airflow/.local/lib/python3.12/site-packages/airflow/example_dags/example_branch_day_of_week_operator.py
[2026-04-13T16:43:08.556+0000] {processor.py:840} INFO - DAG(s) 'example_weekday_branch_operator' retrieved from /home/airflow/.local/lib/python3.12/site-packages/airflow/example_dags/example_branch_day_of_week_operator.py
[2026-04-13T16:43:08.824+0000] {logging_mixin.py:188} INFO - [2026-04-13T16:43:08.823+0000] {dag.py:3096} INFO - Sync 1 DAGs
[2026-04-13T16:43:08.876+0000] {logging_mixin.py:188} INFO - [2026-04-13T16:43:08.876+0000] {dag.py:3954} INFO - Setting next_dagrun for example_weekday_branch_operator to 2026-04-12 00:00:00+00:00, run_after=2026-04-13 00:00:00+00:00
[2026-04-13T16:43:09.159+0000] {processor.py:183} INFO - Processing /home/airflow/.local/lib/python3.12/site-packages/airflow/example_dags/example_branch_day_of_week_operator.py took 0.651 seconds
[2026-04-13T16:43:40.170+0000] {processor.py:161} INFO - Started process (PID=168) to work on /home/airflow/.local/lib/python3.12/site-packages/airflow/example_dags/example_branch_day_of_week_operator.py
[2026-04-13T16:43:40.187+0000] {processor.py:830} INFO - Processing file /home/airflow/.local/lib/python3.12/site-packages/airflow/example_dags/example_branch_day_of_week_operator.py for tasks to queue
[2026-04-13T16:43:40.195+0000] {logging_mixin.py:188} INFO - [2026-04-13T16:43:40.194+0000] {dagbag.py:545} INFO - Filling up the DagBag from /home/airflow/.local/lib/python3.12/site-packages/airflow/example_dags/example_branch_day_of_week_operator.py
[2026-04-13T16:43:40.299+0000] {processor.py:840} INFO - DAG(s) 'example_weekday_branch_operator' retrieved from /home/airflow/.local/lib/python3.12/site-packages/airflow/example_dags/example_branch_day_of_week_operator.py
[2026-04-13T16:43:40.434+0000] {logging_mixin.py:188} INFO - [2026-04-13T16:43:40.433+0000] {dag.py:3096} INFO - Sync 1 DAGs
[2026-04-13T16:43:40.624+0000] {logging_mixin.py:188} INFO - [2026-04-13T16:43:40.623+0000] {dag.py:3954} INFO - Setting next_dagrun for example_weekday_branch_operator to 2026-04-12 00:00:00+00:00, run_after=2026-04-13 00:00:00+00:00
[2026-04-13T16:43:40.731+0000] {processor.py:183} INFO - Processing /home/airflow/.local/lib/python3.12/site-packages/airflow/example_dags/example_branch_day_of_week_operator.py took 0.617 seconds
[2026-04-13T16:44:11.874+0000] {processor.py:161} INFO - Started process (PID=226) to work on /home/airflow/.local/lib/python3.12/site-packages/airflow/example_dags/example_branch_day_of_week_operator.py
[2026-04-13T16:44:11.876+0000] {processor.py:830} INFO - Processing file /home/airflow/.local/lib/python3.12/site-packages/airflow/example_dags/example_branch_day_of_week_operator.py for tasks to queue
[2026-04-13T16:44:11.881+0000] {logging_mixin.py:188} INFO - [2026-04-13T16:44:11.880+0000] {dagbag.py:545} INFO - Filling up the DagBag from /home/airflow/.local/lib/python3.12/site-packages/airflow/example_dags/example_branch_day_of_week_operator.py
[2026-04-13T16:44:11.924+0000] {processor.py:840} INFO - DAG(s) 'example_weekday_branch_operator' retrieved from /home/airflow/.local/lib/python3.12/site-packages/airflow/example_dags/example_branch_day_of_week_operator.py
[2026-04-13T16:44:11.979+0000] {logging_mixin.py:188} INFO - [2026-04-13T16:44:11.978+0000] {dag.py:3096} INFO - Sync 1 DAGs
[2026-04-13T16:44:12.061+0000] {logging_mixin.py:188} INFO - [2026-04-13T16:44:12.060+0000] {dag.py:3954} INFO - Setting next_dagrun for example_weekday_branch_operator to 2026-04-12 00:00:00+00:00, run_after=2026-04-13 00:00:00+00:00
[2026-04-13T16:44:12.116+0000] {processor.py:183} INFO - Processing /home/airflow/.local/lib/python3.12/site-packages/airflow/example_dags/example_branch_day_of_week_operator.py took 0.260 seconds
[2026-04-13T16:44:42.195+0000] {processor.py:161} INFO - Started process (PID=284) to work on /home/airflow/.local/lib/python3.12/site-packages/airflow/example_dags/example_branch_day_of_week_operator.py
[2026-04-13T16:44:42.196+0000] {processor.py:830} INFO - Processing file /home/airflow/.local/lib/python3.12/site-packages/airflow/example_dags/example_branch_day_of_week_operator.py for tasks to queue
[2026-04-13T16:44:42.199+0000] {logging_mixin.py:188} INFO - [2026-04-13T16:44:42.198+0000] {dagbag.py:545} INFO - Filling up the DagBag from /home/airflow/.local/lib/python3.12/site-packages/airflow/example_dags/example_branch_day_of_week_operator.py
[2026-04-13T16:44:42.209+0000] {processor.py:840} INFO - DAG(s) 'example_weekday_branch_operator' retrieved from /home/airflow/.local/lib/python3.12/site-packages/airflow/example_dags/example_branch_day_of_week_operator.py
[2026-04-13T16:44:42.236+0000] {logging_mixin.py:188} INFO - [2026-04-13T16:44:42.236+0000] {dag.py:3096} INFO - Sync 1 DAGs
[2026-04-13T16:44:42.266+0000] {logging_mixin.py:188} INFO - [2026-04-13T16:44:42.266+0000] {dag.py:3954} INFO - Setting next_dagrun for example_weekday_branch_operator to 2026-04-12 00:00:00+00:00, run_after=2026-04-13 00:00:00+00:00
[2026-04-13T16:44:42.366+0000] {processor.py:183} INFO - Processing /home/airflow/.local/lib/python3.12/site-packages/airflow/example_dags/example_branch_day_of_week_operator.py took 0.179 seconds
[2026-04-13T16:45:12.505+0000] {processor.py:161} INFO - Started process (PID=342) to work on /home/airflow/.local/lib/python3.12/site-packages/airflow/example_dags/example_branch_day_of_week_operator.py
[2026-04-13T16:45:12.507+0000] {processor.py:830} INFO - Processing file /home/airflow/.local/lib/python3.12/site-packages/airflow/example_dags/example_branch_day_of_week_operator.py for tasks to queue
[2026-04-13T16:45:12.509+0000] {logging_mixin.py:188} INFO - [2026-04-13T16:45:12.509+0000] {dagbag.py:545} INFO - Filling up the DagBag from /home/airflow/.local/lib/python3.12/site-packages/airflow/example_dags/example_branch_day_of_week_operator.py
[2026-04-13T16:45:12.519+0000] {processor.py:840} INFO - DAG(s) 'example_weekday_branch_operator' retrieved from /home/airflow/.local/lib/python3.12/site-packages/airflow/example_dags/example_branch_day_of_week_operator.py
[2026-04-13T16:45:12.547+0000] {logging_mixin.py:188} INFO - [2026-04-13T16:45:12.547+0000] {dag.py:3096} INFO - Sync 1 DAGs
[2026-04-13T16:45:12.576+0000] {logging_mixin.py:188} INFO - [2026-04-13T16:45:12.576+0000] {dag.py:3954} INFO - Setting next_dagrun for example_weekday_branch_operator to 2026-04-12 00:00:00+00:00, run_after=2026-04-13 00:00:00+00:00
[2026-04-13T16:45:12.620+0000] {processor.py:183} INFO - Processing /home/airflow/.local/lib/python3.12/site-packages/airflow/example_dags/example_branch_day_of_week_operator.py took 0.122 seconds
[2026-04-13T16:45:42.715+0000] {processor.py:161} INFO - Started process (PID=400) to work on /home/airflow/.local/lib/python3.12/site-packages/airflow/example_dags/example_branch_day_of_week_operator.py
[2026-04-13T16:45:42.717+0000] {processor.py:830} INFO - Processing file /home/airflow/.local/lib/python3.12/site-packages/airflow/example_dags/example_branch_day_of_week_operator.py for tasks to queue
[2026-04-13T16:45:42.719+0000] {logging_mixin.py:188} INFO - [2026-04-13T16:45:42.719+0000] {dagbag.py:545} INFO - Filling up the DagBag from /home/airflow/.local/lib/python3.12/site-packages/airflow/example_dags/example_branch_day_of_week_operator.py
[2026-04-13T16:45:42.730+0000] {processor.py:840} INFO - DAG(s) 'example_weekday_branch_operator' retrieved from /home/airflow/.local/lib/python3.12/site-packages/airflow/example_dags/example_branch_day_of_week_operator.py
[2026-04-13T16:45:42.761+0000] {logging_mixin.py:188} INFO - [2026-04-13T16:45:42.761+0000] {dag.py:3096} INFO - Sync 1 DAGs
[2026-04-13T16:45:42.795+0000] {logging_mixin.py:188} INFO - [2026-04-13T16:45:42.795+0000] {dag.py:3954} INFO - Setting next_dagrun for example_weekday_branch_operator to 2026-04-12 00:00:00+00:00, run_after=2026-04-13 00:00:00+00:00
[2026-04-13T16:45:42.825+0000] {processor.py:183} INFO - Processing /home/airflow/.local/lib/python3.12/site-packages/airflow/example_dags/example_branch_day_of_week_operator.py took 0.118 seconds
[2026-04-13T16:46:13.026+0000] {processor.py:161} INFO - Started process (PID=458) to work on /home/airflow/.local/lib/python3.12/site-packages/airflow/example_dags/example_branch_day_of_week_operator.py
[2026-04-13T16:46:13.027+0000] {processor.py:830} INFO - Processing file /home/airflow/.local/lib/python3.12/site-packages/airflow/example_dags/example_branch_day_of_week_operator.py for tasks to queue
[2026-04-13T16:46:13.030+0000] {logging_mixin.py:188} INFO - [2026-04-13T16:46:13.029+0000] {dagbag.py:545} INFO - Filling up the DagBag from /home/airflow/.local/lib/python3.12/site-packages/airflow/example_dags/example_branch_day_of_week_operator.py
[2026-04-13T16:46:13.040+0000] {processor.py:840} INFO - DAG(s) 'example_weekday_branch_operator' retrieved from /home/airflow/.local/lib/python3.12/site-packages/airflow/example_dags/example_branch_day_of_week_operator.py
[2026-04-13T16:46:13.070+0000] {logging_mixin.py:188} INFO - [2026-04-13T16:46:13.070+0000] {dag.py:3096} INFO - Sync 1 DAGs
[2026-04-13T16:46:13.100+0000] {logging_mixin.py:188} INFO - [2026-04-13T16:46:13.099+0000] {dag.py:3954} INFO - Setting next_dagrun for example_weekday_branch_operator to 2026-04-12 00:00:00+00:00, run_after=2026-04-13 00:00:00+00:00
[2026-04-13T16:46:13.128+0000] {processor.py:183} INFO - Processing /home/airflow/.local/lib/python3.12/site-packages/airflow/example_dags/example_branch_day_of_week_operator.py took 0.110 seconds
[2026-04-13T16:46:43.427+0000] {processor.py:161} INFO - Started process (PID=517) to work on /home/airflow/.local/lib/python3.12/site-packages/airflow/example_dags/example_branch_day_of_week_operator.py
[2026-04-13T16:46:43.432+0000] {processor.py:830} INFO - Processing file /home/airflow/.local/lib/python3.12/site-packages/airflow/example_dags/example_branch_day_of_week_operator.py for tasks to queue
[2026-04-13T16:46:43.440+0000] {logging_mixin.py:188} INFO - [2026-04-13T16:46:43.439+0000] {dagbag.py:545} INFO - Filling up the DagBag from /home/airflow/.local/lib/python3.12/site-packages/airflow/example_dags/example_branch_day_of_week_operator.py
[2026-04-13T16:46:43.468+0000] {processor.py:840} INFO - DAG(s) 'example_weekday_branch_operator' retrieved from /home/airflow/.local/lib/python3.12/site-packages/airflow/example_dags/example_branch_day_of_week_operator.py
[2026-04-13T16:46:43.512+0000] {logging_mixin.py:188} INFO - [2026-04-13T16:46:43.511+0000] {dag.py:3096} INFO - Sync 1 DAGs
[2026-04-13T16:46:43.548+0000] {logging_mixin.py:188} INFO - [2026-04-13T16:46:43.547+0000] {dag.py:3954} INFO - Setting next_dagrun for example_weekday_branch_operator to 2026-04-12 00:00:00+00:00, run_after=2026-04-13 00:00:00+00:00
[2026-04-13T16:46:43.576+0000] {processor.py:183} INFO - Processing /home/airflow/.local/lib/python3.12/site-packages/airflow/example_dags/example_branch_day_of_week_operator.py took 0.175 seconds
[2026-04-13T16:47:14.295+0000] {processor.py:161} INFO - Started process (PID=575) to work on /home/airflow/.local/lib/python3.12/site-packages/airflow/example_dags/example_branch_day_of_week_operator.py
[2026-04-13T16:47:14.297+0000] {processor.py:830} INFO - Processing file /home/airflow/.local/lib/python3.12/site-packages/airflow/example_dags/example_branch_day_of_week_operator.py for tasks to queue
[2026-04-13T16:47:14.301+0000] {logging_mixin.py:188} INFO - [2026-04-13T16:47:14.301+0000] {dagbag.py:545} INFO - Filling up the DagBag from /home/airflow/.local/lib/python3.12/site-packages/airflow/example_dags/example_branch_day_of_week_operator.py
[2026-04-13T16:47:14.325+0000] {processor.py:840} INFO - DAG(s) 'example_weekday_branch_operator' retrieved from /home/airflow/.local/lib/python3.12/site-packages/airflow/example_dags/example_branch_day_of_week_operator.py
[2026-04-13T16:47:14.404+0000] {logging_mixin.py:188} INFO - [2026-04-13T16:47:14.403+0000] {dag.py:3096} INFO - Sync 1 DAGs
[2026-04-13T16:47:14.467+0000] {logging_mixin.py:188} INFO - [2026-04-13T16:47:14.467+0000] {dag.py:3954} INFO - Setting next_dagrun for example_weekday_branch_operator to 2026-04-12 00:00:00+00:00, run_after=2026-04-13 00:00:00+00:00
[2026-04-13T16:47:14.518+0000] {processor.py:183} INFO - Processing /home/airflow/.local/lib/python3.12/site-packages/airflow/example_dags/example_branch_day_of_week_operator.py took 0.237 seconds
[2026-04-13T16:47:44.606+0000] {processor.py:161} INFO - Started process (PID=632) to work on /home/airflow/.local/lib/python3.12/site-packages/airflow/example_dags/example_branch_day_of_week_operator.py
[2026-04-13T16:47:44.607+0000] {processor.py:830} INFO - Processing file /home/airflow/.local/lib/python3.12/site-packages/airflow/example_dags/example_branch_day_of_week_operator.py for tasks to queue
[2026-04-13T16:47:44.610+0000] {logging_mixin.py:188} INFO - [2026-04-13T16:47:44.610+0000] {dagbag.py:545} INFO - Filling up the DagBag from /home/airflow/.local/lib/python3.12/site-packages/airflow/example_dags/example_branch_day_of_week_operator.py
[2026-04-13T16:47:44.621+0000] {processor.py:840} INFO - DAG(s) 'example_weekday_branch_operator' retrieved from /home/airflow/.local/lib/python3.12/site-packages/airflow/example_dags/example_branch_day_of_week_operator.py
[2026-04-13T16:47:44.659+0000] {logging_mixin.py:188} INFO - [2026-04-13T16:47:44.659+0000] {dag.py:3096} INFO - Sync 1 DAGs
[2026-04-13T16:47:44.700+0000] {logging_mixin.py:188} INFO - [2026-04-13T16:47:44.700+0000] {dag.py:3954} INFO - Setting next_dagrun for example_weekday_branch_operator to 2026-04-12 00:00:00+00:00, run_after=2026-04-13 00:00:00+00:00
[2026-04-13T16:47:44.727+0000] {processor.py:183} INFO - Processing /home/airflow/.local/lib/python3.12/site-packages/airflow/example_dags/example_branch_day_of_week_operator.py took 0.131 seconds
[2026-04-13T16:48:15.789+0000] {processor.py:161} INFO - Started process (PID=691) to work on /home/airflow/.local/lib/python3.12/site-packages/airflow/example_dags/example_branch_day_of_week_operator.py
[2026-04-13T16:48:15.792+0000] {processor.py:830} INFO - Processing file /home/airflow/.local/lib/python3.12/site-packages/airflow/example_dags/example_branch_day_of_week_operator.py for tasks to queue
[2026-04-13T16:48:15.797+0000] {logging_mixin.py:188} INFO - [2026-04-13T16:48:15.796+0000] {dagbag.py:545} INFO - Filling up the DagBag from /home/airflow/.local/lib/python3.12/site-packages/airflow/example_dags/example_branch_day_of_week_operator.py
[2026-04-13T16:48:15.820+0000] {processor.py:840} INFO - DAG(s) 'example_weekday_branch_operator' retrieved from /home/airflow/.local/lib/python3.12/site-packages/airflow/example_dags/example_branch_day_of_week_operator.py
[2026-04-13T16:48:15.869+0000] {logging_mixin.py:188} INFO - [2026-04-13T16:48:15.868+0000] {dag.py:3096} INFO - Sync 1 DAGs
[2026-04-13T16:48:15.926+0000] {logging_mixin.py:188} INFO - [2026-04-13T16:48:15.925+0000] {dag.py:3954} INFO - Setting next_dagrun for example_weekday_branch_operator to 2026-04-12 00:00:00+00:00, run_after=2026-04-13 00:00:00+00:00
[2026-04-13T16:48:15.972+0000] {processor.py:183} INFO - Processing /home/airflow/.local/lib/python3.12/site-packages/airflow/example_dags/example_branch_day_of_week_operator.py took 0.204 seconds
[2026-04-13T16:48:46.661+0000] {processor.py:161} INFO - Started process (PID=749) to work on /home/airflow/.local/lib/python3.12/site-packages/airflow/example_dags/example_branch_day_of_week_operator.py
[2026-04-13T16:48:46.662+0000] {processor.py:830} INFO - Processing file /home/airflow/.local/lib/python3.12/site-packages/airflow/example_dags/example_branch_day_of_week_operator.py for tasks to queue
[2026-04-13T16:48:46.665+0000] {logging_mixin.py:188} INFO - [2026-04-13T16:48:46.665+0000] {dagbag.py:545} INFO - Filling up the DagBag from /home/airflow/.local/lib/python3.12/site-packages/airflow/example_dags/example_branch_day_of_week_operator.py
[2026-04-13T16:48:46.675+0000] {processor.py:840} INFO - DAG(s) 'example_weekday_branch_operator' retrieved from /home/airflow/.local/lib/python3.12/site-packages/airflow/example_dags/example_branch_day_of_week_operator.py
[2026-04-13T16:48:46.702+0000] {logging_mixin.py:188} INFO - [2026-04-13T16:48:46.702+0000] {dag.py:3096} INFO - Sync 1 DAGs
[2026-04-13T16:48:46.739+0000] {logging_mixin.py:188} INFO - [2026-04-13T16:48:46.739+0000] {dag.py:3954} INFO - Setting next_dagrun for example_weekday_branch_operator to 2026-04-12 00:00:00+00:00, run_after=2026-04-13 00:00:00+00:00
[2026-04-13T16:48:46.844+0000] {processor.py:183} INFO - Processing /home/airflow/.local/lib/python3.12/site-packages/airflow/example_dags/example_branch_day_of_week_operator.py took 0.191 seconds
[2026-04-13T16:49:16.902+0000] {processor.py:161} INFO - Started process (PID=806) to work on /home/airflow/.local/lib/python3.12/site-packages/airflow/example_dags/example_branch_day_of_week_operator.py
[2026-04-13T16:49:16.904+0000] {processor.py:830} INFO - Processing file /home/airflow/.local/lib/python3.12/site-packages/airflow/example_dags/example_branch_day_of_week_operator.py for tasks to queue
[2026-04-13T16:49:16.906+0000] {logging_mixin.py:188} INFO - [2026-04-13T16:49:16.906+0000] {dagbag.py:545} INFO - Filling up the DagBag from /home/airflow/.local/lib/python3.12/site-packages/airflow/example_dags/example_branch_day_of_week_operator.py
[2026-04-13T16:49:16.917+0000] {processor.py:840} INFO - DAG(s) 'example_weekday_branch_operator' retrieved from /home/airflow/.local/lib/python3.12/site-packages/airflow/example_dags/example_branch_day_of_week_operator.py
[2026-04-13T16:49:16.945+0000] {logging_mixin.py:188} INFO - [2026-04-13T16:49:16.944+0000] {dag.py:3096} INFO - Sync 1 DAGs
[2026-04-13T16:49:16.976+0000] {logging_mixin.py:188} INFO - [2026-04-13T16:49:16.975+0000] {dag.py:3954} INFO - Setting next_dagrun for example_weekday_branch_operator to 2026-04-12 00:00:00+00:00, run_after=2026-04-13 00:00:00+00:00
[2026-04-13T16:49:17.006+0000] {processor.py:183} INFO - Processing /home/airflow/.local/lib/python3.12/site-packages/airflow/example_dags/example_branch_day_of_week_operator.py took 0.112 seconds
[2026-04-13T16:49:47.343+0000] {processor.py:161} INFO - Started process (PID=864) to work on /home/airflow/.local/lib/python3.12/site-packages/airflow/example_dags/example_branch_day_of_week_operator.py
[2026-04-13T16:49:47.344+0000] {processor.py:830} INFO - Processing file /home/airflow/.local/lib/python3.12/site-packages/airflow/example_dags/example_branch_day_of_week_operator.py for tasks to queue
[2026-04-13T16:49:47.347+0000] {logging_mixin.py:188} INFO - [2026-04-13T16:49:47.347+0000] {dagbag.py:545} INFO - Filling up the DagBag from /home/airflow/.local/lib/python3.12/site-packages/airflow/example_dags/example_branch_day_of_week_operator.py
[2026-04-13T16:49:47.358+0000] {processor.py:840} INFO - DAG(s) 'example_weekday_branch_operator' retrieved from /home/airflow/.local/lib/python3.12/site-packages/airflow/example_dags/example_branch_day_of_week_operator.py
[2026-04-13T16:49:47.387+0000] {logging_mixin.py:188} INFO - [2026-04-13T16:49:47.387+0000] {dag.py:3096} INFO - Sync 1 DAGs
[2026-04-13T16:49:47.423+0000] {logging_mixin.py:188} INFO - [2026-04-13T16:49:47.422+0000] {dag.py:3954} INFO - Setting next_dagrun for example_weekday_branch_operator to 2026-04-12 00:00:00+00:00, run_after=2026-04-13 00:00:00+00:00
[2026-04-13T16:49:47.454+0000] {processor.py:183} INFO - Processing /home/airflow/.local/lib/python3.12/site-packages/airflow/example_dags/example_branch_day_of_week_operator.py took 0.134 seconds
[2026-04-13T16:50:18.265+0000] {processor.py:161} INFO - Started process (PID=922) to work on /home/airflow/.local/lib/python3.12/site-packages/airflow/example_dags/example_branch_day_of_week_operator.py
[2026-04-13T16:50:18.268+0000] {processor.py:830} INFO - Processing file /home/airflow/.local/lib/python3.12/site-packages/airflow/example_dags/example_branch_day_of_week_operator.py for tasks to queue
[2026-04-13T16:50:18.271+0000] {logging_mixin.py:188} INFO - [2026-04-13T16:50:18.271+0000] {dagbag.py:545} INFO - Filling up the DagBag from /home/airflow/.local/lib/python3.12/site-packages/airflow/example_dags/example_branch_day_of_week_operator.py
[2026-04-13T16:50:18.285+0000] {processor.py:840} INFO - DAG(s) 'example_weekday_branch_operator' retrieved from /home/airflow/.local/lib/python3.12/site-packages/airflow/example_dags/example_branch_day_of_week_operator.py
[2026-04-13T16:50:18.315+0000] {logging_mixin.py:188} INFO - [2026-04-13T16:50:18.315+0000] {dag.py:3096} INFO - Sync 1 DAGs
[2026-04-13T16:50:18.358+0000] {logging_mixin.py:188} INFO - [2026-04-13T16:50:18.357+0000] {dag.py:3954} INFO - Setting next_dagrun for example_weekday_branch_operator to 2026-04-12 00:00:00+00:00, run_after=2026-04-13 00:00:00+00:00
[2026-04-13T16:50:18.469+0000] {processor.py:183} INFO - Processing /home/airflow/.local/lib/python3.12/site-packages/airflow/example_dags/example_branch_day_of_week_operator.py took 0.218 seconds
[2026-04-13T16:50:49.209+0000] {processor.py:161} INFO - Started process (PID=986) to work on /home/airflow/.local/lib/python3.12/site-packages/airflow/example_dags/example_branch_day_of_week_operator.py
[2026-04-13T16:50:49.212+0000] {processor.py:830} INFO - Processing file /home/airflow/.local/lib/python3.12/site-packages/airflow/example_dags/example_branch_day_of_week_operator.py for tasks to queue
[2026-04-13T16:50:49.216+0000] {logging_mixin.py:188} INFO - [2026-04-13T16:50:49.215+0000] {dagbag.py:545} INFO - Filling up the DagBag from /home/airflow/.local/lib/python3.12/site-packages/airflow/example_dags/example_branch_day_of_week_operator.py
[2026-04-13T16:50:49.238+0000] {processor.py:840} INFO - DAG(s) 'example_weekday_branch_operator' retrieved from /home/airflow/.local/lib/python3.12/site-packages/airflow/example_dags/example_branch_day_of_week_operator.py
[2026-04-13T16:50:49.291+0000] {logging_mixin.py:188} INFO - [2026-04-13T16:50:49.290+0000] {dag.py:3096} INFO - Sync 1 DAGs
[2026-04-13T16:50:49.355+0000] {logging_mixin.py:188} INFO - [2026-04-13T16:50:49.355+0000] {dag.py:3954} INFO - Setting next_dagrun for example_weekday_branch_operator to 2026-04-12 00:00:00+00:00, run_after=2026-04-13 00:00:00+00:00
[2026-04-13T16:50:49.409+0000] {processor.py:183} INFO - Processing /home/airflow/.local/lib/python3.12/site-packages/airflow/example_dags/example_branch_day_of_week_operator.py took 0.218 seconds
[2026-04-13T16:51:19.559+0000] {processor.py:161} INFO - Started process (PID=1044) to work on /home/airflow/.local/lib/python3.12/site-packages/airflow/example_dags/example_branch_day_of_week_operator.py
[2026-04-13T16:51:19.561+0000] {processor.py:830} INFO - Processing file /home/airflow/.local/lib/python3.12/site-packages/airflow/example_dags/example_branch_day_of_week_operator.py for tasks to queue
[2026-04-13T16:51:19.566+0000] {logging_mixin.py:188} INFO - [2026-04-13T16:51:19.565+0000] {dagbag.py:545} INFO - Filling up the DagBag from /home/airflow/.local/lib/python3.12/site-packages/airflow/example_dags/example_branch_day_of_week_operator.py
[2026-04-13T16:51:19.584+0000] {processor.py:840} INFO - DAG(s) 'example_weekday_branch_operator' retrieved from /home/airflow/.local/lib/python3.12/site-packages/airflow/example_dags/example_branch_day_of_week_operator.py
[2026-04-13T16:51:19.633+0000] {logging_mixin.py:188} INFO - [2026-04-13T16:51:19.632+0000] {dag.py:3096} INFO - Sync 1 DAGs
[2026-04-13T16:51:19.692+0000] {logging_mixin.py:188} INFO - [2026-04-13T16:51:19.691+0000] {dag.py:3954} INFO - Setting next_dagrun for example_weekday_branch_operator to 2026-04-12 00:00:00+00:00, run_after=2026-04-13 00:00:00+00:00
[2026-04-13T16:51:19.804+0000] {processor.py:183} INFO - Processing /home/airflow/.local/lib/python3.12/site-packages/airflow/example_dags/example_branch_day_of_week_operator.py took 0.266 seconds
[2026-04-13T16:51:50.034+0000] {processor.py:161} INFO - Started process (PID=1102) to work on /home/airflow/.local/lib/python3.12/site-packages/airflow/example_dags/example_branch_day_of_week_operator.py
[2026-04-13T16:51:50.036+0000] {processor.py:830} INFO - Processing file /home/airflow/.local/lib/python3.12/site-packages/airflow/example_dags/example_branch_day_of_week_operator.py for tasks to queue
[2026-04-13T16:51:50.041+0000] {logging_mixin.py:188} INFO - [2026-04-13T16:51:50.040+0000] {dagbag.py:545} INFO - Filling up the DagBag from /home/airflow/.local/lib/python3.12/site-packages/airflow/example_dags/example_branch_day_of_week_operator.py
[2026-04-13T16:51:50.055+0000] {processor.py:840} INFO - DAG(s) 'example_weekday_branch_operator' retrieved from /home/airflow/.local/lib/python3.12/site-packages/airflow/example_dags/example_branch_day_of_week_operator.py
[2026-04-13T16:51:50.083+0000] {logging_mixin.py:188} INFO - [2026-04-13T16:51:50.083+0000] {dag.py:3096} INFO - Sync 1 DAGs
[2026-04-13T16:51:50.113+0000] {logging_mixin.py:188} INFO - [2026-04-13T16:51:50.113+0000] {dag.py:3954} INFO - Setting next_dagrun for example_weekday_branch_operator to 2026-04-12 00:00:00+00:00, run_after=2026-04-13 00:00:00+00:00
[2026-04-13T16:51:50.219+0000] {processor.py:183} INFO - Processing /home/airflow/.local/lib/python3.12/site-packages/airflow/example_dags/example_branch_day_of_week_operator.py took 0.199 seconds
[2026-04-13T16:52:20.362+0000] {processor.py:161} INFO - Started process (PID=1161) to work on /home/airflow/.local/lib/python3.12/site-packages/airflow/example_dags/example_branch_day_of_week_operator.py
[2026-04-13T16:52:20.364+0000] {processor.py:830} INFO - Processing file /home/airflow/.local/lib/python3.12/site-packages/airflow/example_dags/example_branch_day_of_week_operator.py for tasks to queue
[2026-04-13T16:52:20.366+0000] {logging_mixin.py:188} INFO - [2026-04-13T16:52:20.366+0000] {dagbag.py:545} INFO - Filling up the DagBag from /home/airflow/.local/lib/python3.12/site-packages/airflow/example_dags/example_branch_day_of_week_operator.py
[2026-04-13T16:52:20.376+0000] {processor.py:840} INFO - DAG(s) 'example_weekday_branch_operator' retrieved from /home/airflow/.local/lib/python3.12/site-packages/airflow/example_dags/example_branch_day_of_week_operator.py
[2026-04-13T16:52:20.402+0000] {logging_mixin.py:188} INFO - [2026-04-13T16:52:20.402+0000] {dag.py:3096} INFO - Sync 1 DAGs
[2026-04-13T16:52:20.431+0000] {logging_mixin.py:188} INFO - [2026-04-13T16:52:20.431+0000] {dag.py:3954} INFO - Setting next_dagrun for example_weekday_branch_operator to 2026-04-12 00:00:00+00:00, run_after=2026-04-13 00:00:00+00:00
[2026-04-13T16:52:20.458+0000] {processor.py:183} INFO - Processing /home/airflow/.local/lib/python3.12/site-packages/airflow/example_dags/example_branch_day_of_week_operator.py took 0.103 seconds
[2026-04-13T16:52:50.758+0000] {processor.py:161} INFO - Started process (PID=1219) to work on /home/airflow/.local/lib/python3.12/site-packages/airflow/example_dags/example_branch_day_of_week_operator.py
[2026-04-13T16:52:50.761+0000] {processor.py:830} INFO - Processing file /home/airflow/.local/lib/python3.12/site-packages/airflow/example_dags/example_branch_day_of_week_operator.py for tasks to queue
[2026-04-13T16:52:50.766+0000] {logging_mixin.py:188} INFO - [2026-04-13T16:52:50.765+0000] {dagbag.py:545} INFO - Filling up the DagBag from /home/airflow/.local/lib/python3.12/site-packages/airflow/example_dags/example_branch_day_of_week_operator.py
[2026-04-13T16:52:50.785+0000] {processor.py:840} INFO - DAG(s) 'example_weekday_branch_operator' retrieved from /home/airflow/.local/lib/python3.12/site-packages/airflow/example_dags/example_branch_day_of_week_operator.py
[2026-04-13T16:52:50.830+0000] {logging_mixin.py:188} INFO - [2026-04-13T16:52:50.830+0000] {dag.py:3096} INFO - Sync 1 DAGs
[2026-04-13T16:52:50.884+0000] {logging_mixin.py:188} INFO - [2026-04-13T16:52:50.883+0000] {dag.py:3954} INFO - Setting next_dagrun for example_weekday_branch_operator to 2026-04-12 00:00:00+00:00, run_after=2026-04-13 00:00:00+00:00
[2026-04-13T16:52:50.943+0000] {processor.py:183} INFO - Processing /home/airflow/.local/lib/python3.12/site-packages/airflow/example_dags/example_branch_day_of_week_operator.py took 0.199 seconds
[2026-04-13T16:53:21.018+0000] {processor.py:161} INFO - Started process (PID=1277) to work on /home/airflow/.local/lib/python3.12/site-packages/airflow/example_dags/example_branch_day_of_week_operator.py
[2026-04-13T16:53:21.020+0000] {processor.py:830} INFO - Processing file /home/airflow/.local/lib/python3.12/site-packages/airflow/example_dags/example_branch_day_of_week_operator.py for tasks to queue
[2026-04-13T16:53:21.023+0000] {logging_mixin.py:188} INFO - [2026-04-13T16:53:21.023+0000] {dagbag.py:545} INFO - Filling up the DagBag from /home/airflow/.local/lib/python3.12/site-packages/airflow/example_dags/example_branch_day_of_week_operator.py
[2026-04-13T16:53:21.035+0000] {processor.py:840} INFO - DAG(s) 'example_weekday_branch_operator' retrieved from /home/airflow/.local/lib/python3.12/site-packages/airflow/example_dags/example_branch_day_of_week_operator.py
[2026-04-13T16:53:21.067+0000] {logging_mixin.py:188} INFO - [2026-04-13T16:53:21.067+0000] {dag.py:3096} INFO - Sync 1 DAGs
[2026-04-13T16:53:21.103+0000] {logging_mixin.py:188} INFO - [2026-04-13T16:53:21.102+0000] {dag.py:3954} INFO - Setting next_dagrun for example_weekday_branch_operator to 2026-04-12 00:00:00+00:00, run_after=2026-04-13 00:00:00+00:00
[2026-04-13T16:53:21.202+0000] {processor.py:183} INFO - Processing /home/airflow/.local/lib/python3.12/site-packages/airflow/example_dags/example_branch_day_of_week_operator.py took 0.193 seconds
[2026-04-13T16:53:51.826+0000] {processor.py:161} INFO - Started process (PID=1335) to work on /home/airflow/.local/lib/python3.12/site-packages/airflow/example_dags/example_branch_day_of_week_operator.py
[2026-04-13T16:53:51.828+0000] {processor.py:830} INFO - Processing file /home/airflow/.local/lib/python3.12/site-packages/airflow/example_dags/example_branch_day_of_week_operator.py for tasks to queue
[2026-04-13T16:53:51.830+0000] {logging_mixin.py:188} INFO - [2026-04-13T16:53:51.830+0000] {dagbag.py:545} INFO - Filling up the DagBag from /home/airflow/.local/lib/python3.12/site-packages/airflow/example_dags/example_branch_day_of_week_operator.py
[2026-04-13T16:53:51.840+0000] {processor.py:840} INFO - DAG(s) 'example_weekday_branch_operator' retrieved from /home/airflow/.local/lib/python3.12/site-packages/airflow/example_dags/example_branch_day_of_week_operator.py
[2026-04-13T16:53:51.868+0000] {logging_mixin.py:188} INFO - [2026-04-13T16:53:51.867+0000] {dag.py:3096} INFO - Sync 1 DAGs
[2026-04-13T16:53:51.897+0000] {logging_mixin.py:188} INFO - [2026-04-13T16:53:51.897+0000] {dag.py:3954} INFO - Setting next_dagrun for example_weekday_branch_operator to 2026-04-12 00:00:00+00:00, run_after=2026-04-13 00:00:00+00:00
[2026-04-13T16:53:51.926+0000] {processor.py:183} INFO - Processing /home/airflow/.local/lib/python3.12/site-packages/airflow/example_dags/example_branch_day_of_week_operator.py took 0.108 seconds
[2026-04-13T16:54:22.514+0000] {processor.py:161} INFO - Started process (PID=1393) to work on /home/airflow/.local/lib/python3.12/site-packages/airflow/example_dags/example_branch_day_of_week_operator.py
[2026-04-13T16:54:22.516+0000] {processor.py:830} INFO - Processing file /home/airflow/.local/lib/python3.12/site-packages/airflow/example_dags/example_branch_day_of_week_operator.py for tasks to queue
[2026-04-13T16:54:22.522+0000] {logging_mixin.py:188} INFO - [2026-04-13T16:54:22.521+0000] {dagbag.py:545} INFO - Filling up the DagBag from /home/airflow/.local/lib/python3.12/site-packages/airflow/example_dags/example_branch_day_of_week_operator.py
[2026-04-13T16:54:22.541+0000] {processor.py:840} INFO - DAG(s) 'example_weekday_branch_operator' retrieved from /home/airflow/.local/lib/python3.12/site-packages/airflow/example_dags/example_branch_day_of_week_operator.py
[2026-04-13T16:54:22.595+0000] {logging_mixin.py:188} INFO - [2026-04-13T16:54:22.594+0000] {dag.py:3096} INFO - Sync 1 DAGs
[2026-04-13T16:54:22.651+0000] {logging_mixin.py:188} INFO - [2026-04-13T16:54:22.650+0000] {dag.py:3954} INFO - Setting next_dagrun for example_weekday_branch_operator to 2026-04-12 00:00:00+00:00, run_after=2026-04-13 00:00:00+00:00
[2026-04-13T16:54:22.696+0000] {processor.py:183} INFO - Processing /home/airflow/.local/lib/python3.12/site-packages/airflow/example_dags/example_branch_day_of_week_operator.py took 0.197 seconds
[2026-04-13T16:54:53.081+0000] {processor.py:161} INFO - Started process (PID=1451) to work on /home/airflow/.local/lib/python3.12/site-packages/airflow/example_dags/example_branch_day_of_week_operator.py
[2026-04-13T16:54:53.083+0000] {processor.py:830} INFO - Processing file /home/airflow/.local/lib/python3.12/site-packages/airflow/example_dags/example_branch_day_of_week_operator.py for tasks to queue
[2026-04-13T16:54:53.085+0000] {logging_mixin.py:188} INFO - [2026-04-13T16:54:53.085+0000] {dagbag.py:545} INFO - Filling up the DagBag from /home/airflow/.local/lib/python3.12/site-packages/airflow/example_dags/example_branch_day_of_week_operator.py
[2026-04-13T16:54:53.098+0000] {processor.py:840} INFO - DAG(s) 'example_weekday_branch_operator' retrieved from /home/airflow/.local/lib/python3.12/site-packages/airflow/example_dags/example_branch_day_of_week_operator.py
[2026-04-13T16:54:53.135+0000] {logging_mixin.py:188} INFO - [2026-04-13T16:54:53.134+0000] {dag.py:3096} INFO - Sync 1 DAGs
[2026-04-13T16:54:53.170+0000] {logging_mixin.py:188} INFO - [2026-04-13T16:54:53.170+0000] {dag.py:3954} INFO - Setting next_dagrun for example_weekday_branch_operator to 2026-04-12 00:00:00+00:00, run_after=2026-04-13 00:00:00+00:00
[2026-04-13T16:54:53.201+0000] {processor.py:183} INFO - Processing /home/airflow/.local/lib/python3.12/site-packages/airflow/example_dags/example_branch_day_of_week_operator.py took 0.127 seconds
[2026-04-13T16:55:23.972+0000] {processor.py:161} INFO - Started process (PID=1509) to work on /home/airflow/.local/lib/python3.12/site-packages/airflow/example_dags/example_branch_day_of_week_operator.py
[2026-04-13T16:55:23.974+0000] {processor.py:830} INFO - Processing file /home/airflow/.local/lib/python3.12/site-packages/airflow/example_dags/example_branch_day_of_week_operator.py for tasks to queue
[2026-04-13T16:55:23.979+0000] {logging_mixin.py:188} INFO - [2026-04-13T16:55:23.978+0000] {dagbag.py:545} INFO - Filling up the DagBag from /home/airflow/.local/lib/python3.12/site-packages/airflow/example_dags/example_branch_day_of_week_operator.py
[2026-04-13T16:55:23.997+0000] {processor.py:840} INFO - DAG(s) 'example_weekday_branch_operator' retrieved from /home/airflow/.local/lib/python3.12/site-packages/airflow/example_dags/example_branch_day_of_week_operator.py
[2026-04-13T16:55:24.040+0000] {logging_mixin.py:188} INFO - [2026-04-13T16:55:24.040+0000] {dag.py:3096} INFO - Sync 1 DAGs
[2026-04-13T16:55:24.081+0000] {logging_mixin.py:188} INFO - [2026-04-13T16:55:24.080+0000] {dag.py:3954} INFO - Setting next_dagrun for example_weekday_branch_operator to 2026-04-12 00:00:00+00:00, run_after=2026-04-13 00:00:00+00:00
[2026-04-13T16:55:24.115+0000] {processor.py:183} INFO - Processing /home/airflow/.local/lib/python3.12/site-packages/airflow/example_dags/example_branch_day_of_week_operator.py took 0.154 seconds
[2026-04-13T16:55:54.232+0000] {processor.py:161} INFO - Started process (PID=1565) to work on /home/airflow/.local/lib/python3.12/site-packages/airflow/example_dags/example_branch_day_of_week_operator.py
[2026-04-13T16:55:54.234+0000] {processor.py:830} INFO - Processing file /home/airflow/.local/lib/python3.12/site-packages/airflow/example_dags/example_branch_day_of_week_operator.py for tasks to queue
[2026-04-13T16:55:54.237+0000] {logging_mixin.py:188} INFO - [2026-04-13T16:55:54.237+0000] {dagbag.py:545} INFO - Filling up the DagBag from /home/airflow/.local/lib/python3.12/site-packages/airflow/example_dags/example_branch_day_of_week_operator.py
[2026-04-13T16:55:54.247+0000] {processor.py:840} INFO - DAG(s) 'example_weekday_branch_operator' retrieved from /home/airflow/.local/lib/python3.12/site-packages/airflow/example_dags/example_branch_day_of_week_operator.py
[2026-04-13T16:55:54.277+0000] {logging_mixin.py:188} INFO - [2026-04-13T16:55:54.276+0000] {dag.py:3096} INFO - Sync 1 DAGs
[2026-04-13T16:55:54.307+0000] {logging_mixin.py:188} INFO - [2026-04-13T16:55:54.306+0000] {dag.py:3954} INFO - Setting next_dagrun for example_weekday_branch_operator to 2026-04-12 00:00:00+00:00, run_after=2026-04-13 00:00:00+00:00
[2026-04-13T16:55:54.336+0000] {processor.py:183} INFO - Processing /home/airflow/.local/lib/python3.12/site-packages/airflow/example_dags/example_branch_day_of_week_operator.py took 0.111 seconds
[2026-04-13T16:56:24.761+0000] {processor.py:161} INFO - Started process (PID=1623) to work on /home/airflow/.local/lib/python3.12/site-packages/airflow/example_dags/example_branch_day_of_week_operator.py
[2026-04-13T16:56:24.763+0000] {processor.py:830} INFO - Processing file /home/airflow/.local/lib/python3.12/site-packages/airflow/example_dags/example_branch_day_of_week_operator.py for tasks to queue
[2026-04-13T16:56:24.767+0000] {logging_mixin.py:188} INFO - [2026-04-13T16:56:24.766+0000] {dagbag.py:545} INFO - Filling up the DagBag from /home/airflow/.local/lib/python3.12/site-packages/airflow/example_dags/example_branch_day_of_week_operator.py
[2026-04-13T16:56:24.777+0000] {processor.py:840} INFO - DAG(s) 'example_weekday_branch_operator' retrieved from /home/airflow/.local/lib/python3.12/site-packages/airflow/example_dags/example_branch_day_of_week_operator.py
[2026-04-13T16:56:24.804+0000] {logging_mixin.py:188} INFO - [2026-04-13T16:56:24.804+0000] {dag.py:3096} INFO - Sync 1 DAGs
[2026-04-13T16:56:24.833+0000] {logging_mixin.py:188} INFO - [2026-04-13T16:56:24.833+0000] {dag.py:3954} INFO - Setting next_dagrun for example_weekday_branch_operator to 2026-04-12 00:00:00+00:00, run_after=2026-04-13 00:00:00+00:00
[2026-04-13T16:56:24.861+0000] {processor.py:183} INFO - Processing /home/airflow/.local/lib/python3.12/site-packages/airflow/example_dags/example_branch_day_of_week_operator.py took 0.108 seconds
[2026-04-13T16:56:55.674+0000] {processor.py:161} INFO - Started process (PID=1681) to work on /home/airflow/.local/lib/python3.12/site-packages/airflow/example_dags/example_branch_day_of_week_operator.py
[2026-04-13T16:56:55.677+0000] {processor.py:830} INFO - Processing file /home/airflow/.local/lib/python3.12/site-packages/airflow/example_dags/example_branch_day_of_week_operator.py for tasks to queue
[2026-04-13T16:56:55.684+0000] {logging_mixin.py:188} INFO - [2026-04-13T16:56:55.683+0000] {dagbag.py:545} INFO - Filling up the DagBag from /home/airflow/.local/lib/python3.12/site-packages/airflow/example_dags/example_branch_day_of_week_operator.py
[2026-04-13T16:56:55.707+0000] {processor.py:840} INFO - DAG(s) 'example_weekday_branch_operator' retrieved from /home/airflow/.local/lib/python3.12/site-packages/airflow/example_dags/example_branch_day_of_week_operator.py
[2026-04-13T16:56:55.764+0000] {logging_mixin.py:188} INFO - [2026-04-13T16:56:55.763+0000] {dag.py:3096} INFO - Sync 1 DAGs
[2026-04-13T16:56:55.829+0000] {logging_mixin.py:188} INFO - [2026-04-13T16:56:55.829+0000] {dag.py:3954} INFO - Setting next_dagrun for example_weekday_branch_operator to 2026-04-12 00:00:00+00:00, run_after=2026-04-13 00:00:00+00:00
[2026-04-13T16:56:55.878+0000] {processor.py:183} INFO - Processing /home/airflow/.local/lib/python3.12/site-packages/airflow/example_dags/example_branch_day_of_week_operator.py took 0.221 seconds
