[2026-04-13T16:42:57.930+0000] {processor.py:161} INFO - Started process (PID=90) to work on /home/airflow/.local/lib/python3.12/site-packages/airflow/example_dags/example_params_ui_tutorial.py
[2026-04-13T16:42:57.934+0000] {processor.py:830} INFO - Processing file /home/airflow/.local/lib/python3.12/site-packages/airflow/example_dags/example_params_ui_tutorial.py for tasks to queue
[2026-04-13T16:42:57.940+0000] {logging_mixin.py:188} INFO - [2026-04-13T16:42:57.939+0000] {dagbag.py:545} INFO - Filling up the DagBag from /home/airflow/.local/lib/python3.12/site-packages/airflow/example_dags/example_params_ui_tutorial.py
[2026-04-13T16:42:58.100+0000] {processor.py:840} INFO - DAG(s) 'example_params_ui_tutorial' retrieved from /home/airflow/.local/lib/python3.12/site-packages/airflow/example_dags/example_params_ui_tutorial.py
[2026-04-13T16:42:59.005+0000] {logging_mixin.py:188} INFO - [2026-04-13T16:42:59.004+0000] {dag.py:3096} INFO - Sync 1 DAGs
[2026-04-13T16:42:59.110+0000] {logging_mixin.py:188} INFO - [2026-04-13T16:42:59.110+0000] {dag.py:3954} INFO - Setting next_dagrun for example_params_ui_tutorial to None, run_after=None
[2026-04-13T16:42:59.243+0000] {processor.py:183} INFO - Processing /home/airflow/.local/lib/python3.12/site-packages/airflow/example_dags/example_params_ui_tutorial.py took 1.345 seconds
[2026-04-13T16:43:30.120+0000] {processor.py:161} INFO - Started process (PID=149) to work on /home/airflow/.local/lib/python3.12/site-packages/airflow/example_dags/example_params_ui_tutorial.py
[2026-04-13T16:43:30.125+0000] {processor.py:830} INFO - Processing file /home/airflow/.local/lib/python3.12/site-packages/airflow/example_dags/example_params_ui_tutorial.py for tasks to queue
[2026-04-13T16:43:30.141+0000] {logging_mixin.py:188} INFO - [2026-04-13T16:43:30.138+0000] {dagbag.py:545} INFO - Filling up the DagBag from /home/airflow/.local/lib/python3.12/site-packages/airflow/example_dags/example_params_ui_tutorial.py
[2026-04-13T16:43:30.344+0000] {processor.py:840} INFO - DAG(s) 'example_params_ui_tutorial' retrieved from /home/airflow/.local/lib/python3.12/site-packages/airflow/example_dags/example_params_ui_tutorial.py
[2026-04-13T16:43:30.856+0000] {logging_mixin.py:188} INFO - [2026-04-13T16:43:30.855+0000] {dag.py:3096} INFO - Sync 1 DAGs
[2026-04-13T16:43:30.967+0000] {logging_mixin.py:188} INFO - [2026-04-13T16:43:30.966+0000] {dag.py:3954} INFO - Setting next_dagrun for example_params_ui_tutorial to None, run_after=None
[2026-04-13T16:43:31.082+0000] {processor.py:183} INFO - Processing /home/airflow/.local/lib/python3.12/site-packages/airflow/example_dags/example_params_ui_tutorial.py took 1.004 seconds
[2026-04-13T16:44:01.427+0000] {processor.py:161} INFO - Started process (PID=207) to work on /home/airflow/.local/lib/python3.12/site-packages/airflow/example_dags/example_params_ui_tutorial.py
[2026-04-13T16:44:01.429+0000] {processor.py:830} INFO - Processing file /home/airflow/.local/lib/python3.12/site-packages/airflow/example_dags/example_params_ui_tutorial.py for tasks to queue
[2026-04-13T16:44:01.433+0000] {logging_mixin.py:188} INFO - [2026-04-13T16:44:01.432+0000] {dagbag.py:545} INFO - Filling up the DagBag from /home/airflow/.local/lib/python3.12/site-packages/airflow/example_dags/example_params_ui_tutorial.py
[2026-04-13T16:44:01.452+0000] {processor.py:840} INFO - DAG(s) 'example_params_ui_tutorial' retrieved from /home/airflow/.local/lib/python3.12/site-packages/airflow/example_dags/example_params_ui_tutorial.py
[2026-04-13T16:44:01.524+0000] {logging_mixin.py:188} INFO - [2026-04-13T16:44:01.524+0000] {dag.py:3096} INFO - Sync 1 DAGs
[2026-04-13T16:44:01.541+0000] {logging_mixin.py:188} INFO - [2026-04-13T16:44:01.541+0000] {dag.py:3954} INFO - Setting next_dagrun for example_params_ui_tutorial to None, run_after=None
[2026-04-13T16:44:01.577+0000] {processor.py:183} INFO - Processing /home/airflow/.local/lib/python3.12/site-packages/airflow/example_dags/example_params_ui_tutorial.py took 0.167 seconds
[2026-04-13T16:44:31.661+0000] {processor.py:161} INFO - Started process (PID=265) to work on /home/airflow/.local/lib/python3.12/site-packages/airflow/example_dags/example_params_ui_tutorial.py
[2026-04-13T16:44:31.663+0000] {processor.py:830} INFO - Processing file /home/airflow/.local/lib/python3.12/site-packages/airflow/example_dags/example_params_ui_tutorial.py for tasks to queue
[2026-04-13T16:44:31.666+0000] {logging_mixin.py:188} INFO - [2026-04-13T16:44:31.665+0000] {dagbag.py:545} INFO - Filling up the DagBag from /home/airflow/.local/lib/python3.12/site-packages/airflow/example_dags/example_params_ui_tutorial.py
[2026-04-13T16:44:31.681+0000] {processor.py:840} INFO - DAG(s) 'example_params_ui_tutorial' retrieved from /home/airflow/.local/lib/python3.12/site-packages/airflow/example_dags/example_params_ui_tutorial.py
[2026-04-13T16:44:31.756+0000] {logging_mixin.py:188} INFO - [2026-04-13T16:44:31.756+0000] {dag.py:3096} INFO - Sync 1 DAGs
[2026-04-13T16:44:31.773+0000] {logging_mixin.py:188} INFO - [2026-04-13T16:44:31.773+0000] {dag.py:3954} INFO - Setting next_dagrun for example_params_ui_tutorial to None, run_after=None
[2026-04-13T16:44:31.803+0000] {processor.py:183} INFO - Processing /home/airflow/.local/lib/python3.12/site-packages/airflow/example_dags/example_params_ui_tutorial.py took 0.156 seconds
[2026-04-13T16:45:02.676+0000] {processor.py:161} INFO - Started process (PID=323) to work on /home/airflow/.local/lib/python3.12/site-packages/airflow/example_dags/example_params_ui_tutorial.py
[2026-04-13T16:45:02.677+0000] {processor.py:830} INFO - Processing file /home/airflow/.local/lib/python3.12/site-packages/airflow/example_dags/example_params_ui_tutorial.py for tasks to queue
[2026-04-13T16:45:02.680+0000] {logging_mixin.py:188} INFO - [2026-04-13T16:45:02.680+0000] {dagbag.py:545} INFO - Filling up the DagBag from /home/airflow/.local/lib/python3.12/site-packages/airflow/example_dags/example_params_ui_tutorial.py
[2026-04-13T16:45:02.699+0000] {processor.py:840} INFO - DAG(s) 'example_params_ui_tutorial' retrieved from /home/airflow/.local/lib/python3.12/site-packages/airflow/example_dags/example_params_ui_tutorial.py
[2026-04-13T16:45:02.785+0000] {logging_mixin.py:188} INFO - [2026-04-13T16:45:02.785+0000] {dag.py:3096} INFO - Sync 1 DAGs
[2026-04-13T16:45:02.806+0000] {logging_mixin.py:188} INFO - [2026-04-13T16:45:02.805+0000] {dag.py:3954} INFO - Setting next_dagrun for example_params_ui_tutorial to None, run_after=None
[2026-04-13T16:45:02.833+0000] {processor.py:183} INFO - Processing /home/airflow/.local/lib/python3.12/site-packages/airflow/example_dags/example_params_ui_tutorial.py took 0.165 seconds
[2026-04-13T16:45:33.071+0000] {processor.py:161} INFO - Started process (PID=381) to work on /home/airflow/.local/lib/python3.12/site-packages/airflow/example_dags/example_params_ui_tutorial.py
[2026-04-13T16:45:33.073+0000] {processor.py:830} INFO - Processing file /home/airflow/.local/lib/python3.12/site-packages/airflow/example_dags/example_params_ui_tutorial.py for tasks to queue
[2026-04-13T16:45:33.075+0000] {logging_mixin.py:188} INFO - [2026-04-13T16:45:33.075+0000] {dagbag.py:545} INFO - Filling up the DagBag from /home/airflow/.local/lib/python3.12/site-packages/airflow/example_dags/example_params_ui_tutorial.py
[2026-04-13T16:45:33.091+0000] {processor.py:840} INFO - DAG(s) 'example_params_ui_tutorial' retrieved from /home/airflow/.local/lib/python3.12/site-packages/airflow/example_dags/example_params_ui_tutorial.py
[2026-04-13T16:45:33.163+0000] {logging_mixin.py:188} INFO - [2026-04-13T16:45:33.163+0000] {dag.py:3096} INFO - Sync 1 DAGs
[2026-04-13T16:45:33.179+0000] {logging_mixin.py:188} INFO - [2026-04-13T16:45:33.179+0000] {dag.py:3954} INFO - Setting next_dagrun for example_params_ui_tutorial to None, run_after=None
[2026-04-13T16:45:33.230+0000] {processor.py:183} INFO - Processing /home/airflow/.local/lib/python3.12/site-packages/airflow/example_dags/example_params_ui_tutorial.py took 0.168 seconds
[2026-04-13T16:46:03.819+0000] {processor.py:161} INFO - Started process (PID=439) to work on /home/airflow/.local/lib/python3.12/site-packages/airflow/example_dags/example_params_ui_tutorial.py
[2026-04-13T16:46:03.822+0000] {processor.py:830} INFO - Processing file /home/airflow/.local/lib/python3.12/site-packages/airflow/example_dags/example_params_ui_tutorial.py for tasks to queue
[2026-04-13T16:46:03.828+0000] {logging_mixin.py:188} INFO - [2026-04-13T16:46:03.827+0000] {dagbag.py:545} INFO - Filling up the DagBag from /home/airflow/.local/lib/python3.12/site-packages/airflow/example_dags/example_params_ui_tutorial.py
[2026-04-13T16:46:03.858+0000] {processor.py:840} INFO - DAG(s) 'example_params_ui_tutorial' retrieved from /home/airflow/.local/lib/python3.12/site-packages/airflow/example_dags/example_params_ui_tutorial.py
[2026-04-13T16:46:04.040+0000] {logging_mixin.py:188} INFO - [2026-04-13T16:46:04.040+0000] {dag.py:3096} INFO - Sync 1 DAGs
[2026-04-13T16:46:04.073+0000] {logging_mixin.py:188} INFO - [2026-04-13T16:46:04.072+0000] {dag.py:3954} INFO - Setting next_dagrun for example_params_ui_tutorial to None, run_after=None
[2026-04-13T16:46:04.120+0000] {processor.py:183} INFO - Processing /home/airflow/.local/lib/python3.12/site-packages/airflow/example_dags/example_params_ui_tutorial.py took 0.315 seconds
[2026-04-13T16:46:34.488+0000] {processor.py:161} INFO - Started process (PID=498) to work on /home/airflow/.local/lib/python3.12/site-packages/airflow/example_dags/example_params_ui_tutorial.py
[2026-04-13T16:46:34.490+0000] {processor.py:830} INFO - Processing file /home/airflow/.local/lib/python3.12/site-packages/airflow/example_dags/example_params_ui_tutorial.py for tasks to queue
[2026-04-13T16:46:34.495+0000] {logging_mixin.py:188} INFO - [2026-04-13T16:46:34.494+0000] {dagbag.py:545} INFO - Filling up the DagBag from /home/airflow/.local/lib/python3.12/site-packages/airflow/example_dags/example_params_ui_tutorial.py
[2026-04-13T16:46:34.531+0000] {processor.py:840} INFO - DAG(s) 'example_params_ui_tutorial' retrieved from /home/airflow/.local/lib/python3.12/site-packages/airflow/example_dags/example_params_ui_tutorial.py
[2026-04-13T16:46:34.688+0000] {logging_mixin.py:188} INFO - [2026-04-13T16:46:34.687+0000] {dag.py:3096} INFO - Sync 1 DAGs
[2026-04-13T16:46:34.738+0000] {logging_mixin.py:188} INFO - [2026-04-13T16:46:34.737+0000] {dag.py:3954} INFO - Setting next_dagrun for example_params_ui_tutorial to None, run_after=None
[2026-04-13T16:46:34.794+0000] {processor.py:183} INFO - Processing /home/airflow/.local/lib/python3.12/site-packages/airflow/example_dags/example_params_ui_tutorial.py took 0.321 seconds
[2026-04-13T16:47:04.899+0000] {processor.py:161} INFO - Started process (PID=556) to work on /home/airflow/.local/lib/python3.12/site-packages/airflow/example_dags/example_params_ui_tutorial.py
[2026-04-13T16:47:04.900+0000] {processor.py:830} INFO - Processing file /home/airflow/.local/lib/python3.12/site-packages/airflow/example_dags/example_params_ui_tutorial.py for tasks to queue
[2026-04-13T16:47:04.903+0000] {logging_mixin.py:188} INFO - [2026-04-13T16:47:04.903+0000] {dagbag.py:545} INFO - Filling up the DagBag from /home/airflow/.local/lib/python3.12/site-packages/airflow/example_dags/example_params_ui_tutorial.py
[2026-04-13T16:47:04.919+0000] {processor.py:840} INFO - DAG(s) 'example_params_ui_tutorial' retrieved from /home/airflow/.local/lib/python3.12/site-packages/airflow/example_dags/example_params_ui_tutorial.py
[2026-04-13T16:47:05.027+0000] {logging_mixin.py:188} INFO - [2026-04-13T16:47:05.026+0000] {dag.py:3096} INFO - Sync 1 DAGs
[2026-04-13T16:47:05.061+0000] {logging_mixin.py:188} INFO - [2026-04-13T16:47:05.061+0000] {dag.py:3954} INFO - Setting next_dagrun for example_params_ui_tutorial to None, run_after=None
[2026-04-13T16:47:05.111+0000] {processor.py:183} INFO - Processing /home/airflow/.local/lib/python3.12/site-packages/airflow/example_dags/example_params_ui_tutorial.py took 0.220 seconds
[2026-04-13T16:47:35.362+0000] {processor.py:161} INFO - Started process (PID=615) to work on /home/airflow/.local/lib/python3.12/site-packages/airflow/example_dags/example_params_ui_tutorial.py
[2026-04-13T16:47:35.363+0000] {processor.py:830} INFO - Processing file /home/airflow/.local/lib/python3.12/site-packages/airflow/example_dags/example_params_ui_tutorial.py for tasks to queue
[2026-04-13T16:47:35.366+0000] {logging_mixin.py:188} INFO - [2026-04-13T16:47:35.366+0000] {dagbag.py:545} INFO - Filling up the DagBag from /home/airflow/.local/lib/python3.12/site-packages/airflow/example_dags/example_params_ui_tutorial.py
[2026-04-13T16:47:35.385+0000] {processor.py:840} INFO - DAG(s) 'example_params_ui_tutorial' retrieved from /home/airflow/.local/lib/python3.12/site-packages/airflow/example_dags/example_params_ui_tutorial.py
[2026-04-13T16:47:35.458+0000] {logging_mixin.py:188} INFO - [2026-04-13T16:47:35.458+0000] {dag.py:3096} INFO - Sync 1 DAGs
[2026-04-13T16:47:35.476+0000] {logging_mixin.py:188} INFO - [2026-04-13T16:47:35.476+0000] {dag.py:3954} INFO - Setting next_dagrun for example_params_ui_tutorial to None, run_after=None
[2026-04-13T16:47:35.580+0000] {processor.py:183} INFO - Processing /home/airflow/.local/lib/python3.12/site-packages/airflow/example_dags/example_params_ui_tutorial.py took 0.230 seconds
[2026-04-13T16:48:06.468+0000] {processor.py:161} INFO - Started process (PID=673) to work on /home/airflow/.local/lib/python3.12/site-packages/airflow/example_dags/example_params_ui_tutorial.py
[2026-04-13T16:48:06.470+0000] {processor.py:830} INFO - Processing file /home/airflow/.local/lib/python3.12/site-packages/airflow/example_dags/example_params_ui_tutorial.py for tasks to queue
[2026-04-13T16:48:06.475+0000] {logging_mixin.py:188} INFO - [2026-04-13T16:48:06.474+0000] {dagbag.py:545} INFO - Filling up the DagBag from /home/airflow/.local/lib/python3.12/site-packages/airflow/example_dags/example_params_ui_tutorial.py
[2026-04-13T16:48:06.511+0000] {processor.py:840} INFO - DAG(s) 'example_params_ui_tutorial' retrieved from /home/airflow/.local/lib/python3.12/site-packages/airflow/example_dags/example_params_ui_tutorial.py
[2026-04-13T16:48:06.680+0000] {logging_mixin.py:188} INFO - [2026-04-13T16:48:06.679+0000] {dag.py:3096} INFO - Sync 1 DAGs
[2026-04-13T16:48:06.745+0000] {logging_mixin.py:188} INFO - [2026-04-13T16:48:06.744+0000] {dag.py:3954} INFO - Setting next_dagrun for example_params_ui_tutorial to None, run_after=None
[2026-04-13T16:48:06.812+0000] {processor.py:183} INFO - Processing /home/airflow/.local/lib/python3.12/site-packages/airflow/example_dags/example_params_ui_tutorial.py took 0.358 seconds
[2026-04-13T16:48:37.005+0000] {processor.py:161} INFO - Started process (PID=731) to work on /home/airflow/.local/lib/python3.12/site-packages/airflow/example_dags/example_params_ui_tutorial.py
[2026-04-13T16:48:37.007+0000] {processor.py:830} INFO - Processing file /home/airflow/.local/lib/python3.12/site-packages/airflow/example_dags/example_params_ui_tutorial.py for tasks to queue
[2026-04-13T16:48:37.011+0000] {logging_mixin.py:188} INFO - [2026-04-13T16:48:37.011+0000] {dagbag.py:545} INFO - Filling up the DagBag from /home/airflow/.local/lib/python3.12/site-packages/airflow/example_dags/example_params_ui_tutorial.py
[2026-04-13T16:48:37.028+0000] {processor.py:840} INFO - DAG(s) 'example_params_ui_tutorial' retrieved from /home/airflow/.local/lib/python3.12/site-packages/airflow/example_dags/example_params_ui_tutorial.py
[2026-04-13T16:48:37.100+0000] {logging_mixin.py:188} INFO - [2026-04-13T16:48:37.099+0000] {dag.py:3096} INFO - Sync 1 DAGs
[2026-04-13T16:48:37.118+0000] {logging_mixin.py:188} INFO - [2026-04-13T16:48:37.117+0000] {dag.py:3954} INFO - Setting next_dagrun for example_params_ui_tutorial to None, run_after=None
[2026-04-13T16:48:37.153+0000] {processor.py:183} INFO - Processing /home/airflow/.local/lib/python3.12/site-packages/airflow/example_dags/example_params_ui_tutorial.py took 0.161 seconds
[2026-04-13T16:49:07.427+0000] {processor.py:161} INFO - Started process (PID=789) to work on /home/airflow/.local/lib/python3.12/site-packages/airflow/example_dags/example_params_ui_tutorial.py
[2026-04-13T16:49:07.428+0000] {processor.py:830} INFO - Processing file /home/airflow/.local/lib/python3.12/site-packages/airflow/example_dags/example_params_ui_tutorial.py for tasks to queue
[2026-04-13T16:49:07.431+0000] {logging_mixin.py:188} INFO - [2026-04-13T16:49:07.431+0000] {dagbag.py:545} INFO - Filling up the DagBag from /home/airflow/.local/lib/python3.12/site-packages/airflow/example_dags/example_params_ui_tutorial.py
[2026-04-13T16:49:07.447+0000] {processor.py:840} INFO - DAG(s) 'example_params_ui_tutorial' retrieved from /home/airflow/.local/lib/python3.12/site-packages/airflow/example_dags/example_params_ui_tutorial.py
[2026-04-13T16:49:07.518+0000] {logging_mixin.py:188} INFO - [2026-04-13T16:49:07.518+0000] {dag.py:3096} INFO - Sync 1 DAGs
[2026-04-13T16:49:07.535+0000] {logging_mixin.py:188} INFO - [2026-04-13T16:49:07.535+0000] {dag.py:3954} INFO - Setting next_dagrun for example_params_ui_tutorial to None, run_after=None
[2026-04-13T16:49:07.602+0000] {processor.py:183} INFO - Processing /home/airflow/.local/lib/python3.12/site-packages/airflow/example_dags/example_params_ui_tutorial.py took 0.185 seconds
[2026-04-13T16:49:37.664+0000] {processor.py:161} INFO - Started process (PID=847) to work on /home/airflow/.local/lib/python3.12/site-packages/airflow/example_dags/example_params_ui_tutorial.py
[2026-04-13T16:49:37.666+0000] {processor.py:830} INFO - Processing file /home/airflow/.local/lib/python3.12/site-packages/airflow/example_dags/example_params_ui_tutorial.py for tasks to queue
[2026-04-13T16:49:37.668+0000] {logging_mixin.py:188} INFO - [2026-04-13T16:49:37.668+0000] {dagbag.py:545} INFO - Filling up the DagBag from /home/airflow/.local/lib/python3.12/site-packages/airflow/example_dags/example_params_ui_tutorial.py
[2026-04-13T16:49:37.684+0000] {processor.py:840} INFO - DAG(s) 'example_params_ui_tutorial' retrieved from /home/airflow/.local/lib/python3.12/site-packages/airflow/example_dags/example_params_ui_tutorial.py
[2026-04-13T16:49:37.755+0000] {logging_mixin.py:188} INFO - [2026-04-13T16:49:37.755+0000] {dag.py:3096} INFO - Sync 1 DAGs
[2026-04-13T16:49:37.771+0000] {logging_mixin.py:188} INFO - [2026-04-13T16:49:37.771+0000] {dag.py:3954} INFO - Setting next_dagrun for example_params_ui_tutorial to None, run_after=None
[2026-04-13T16:49:37.845+0000] {processor.py:183} INFO - Processing /home/airflow/.local/lib/python3.12/site-packages/airflow/example_dags/example_params_ui_tutorial.py took 0.189 seconds
[2026-04-13T16:50:08.667+0000] {processor.py:161} INFO - Started process (PID=905) to work on /home/airflow/.local/lib/python3.12/site-packages/airflow/example_dags/example_params_ui_tutorial.py
[2026-04-13T16:50:08.670+0000] {processor.py:830} INFO - Processing file /home/airflow/.local/lib/python3.12/site-packages/airflow/example_dags/example_params_ui_tutorial.py for tasks to queue
[2026-04-13T16:50:08.675+0000] {logging_mixin.py:188} INFO - [2026-04-13T16:50:08.674+0000] {dagbag.py:545} INFO - Filling up the DagBag from /home/airflow/.local/lib/python3.12/site-packages/airflow/example_dags/example_params_ui_tutorial.py
[2026-04-13T16:50:08.706+0000] {processor.py:840} INFO - DAG(s) 'example_params_ui_tutorial' retrieved from /home/airflow/.local/lib/python3.12/site-packages/airflow/example_dags/example_params_ui_tutorial.py
[2026-04-13T16:50:08.855+0000] {logging_mixin.py:188} INFO - [2026-04-13T16:50:08.855+0000] {dag.py:3096} INFO - Sync 1 DAGs
[2026-04-13T16:50:08.886+0000] {logging_mixin.py:188} INFO - [2026-04-13T16:50:08.886+0000] {dag.py:3954} INFO - Setting next_dagrun for example_params_ui_tutorial to None, run_after=None
[2026-04-13T16:50:08.935+0000] {processor.py:183} INFO - Processing /home/airflow/.local/lib/python3.12/site-packages/airflow/example_dags/example_params_ui_tutorial.py took 0.292 seconds
[2026-04-13T16:50:39.907+0000] {processor.py:161} INFO - Started process (PID=963) to work on /home/airflow/.local/lib/python3.12/site-packages/airflow/example_dags/example_params_ui_tutorial.py
[2026-04-13T16:50:39.909+0000] {processor.py:830} INFO - Processing file /home/airflow/.local/lib/python3.12/site-packages/airflow/example_dags/example_params_ui_tutorial.py for tasks to queue
[2026-04-13T16:50:39.914+0000] {logging_mixin.py:188} INFO - [2026-04-13T16:50:39.913+0000] {dagbag.py:545} INFO - Filling up the DagBag from /home/airflow/.local/lib/python3.12/site-packages/airflow/example_dags/example_params_ui_tutorial.py
[2026-04-13T16:50:39.941+0000] {processor.py:840} INFO - DAG(s) 'example_params_ui_tutorial' retrieved from /home/airflow/.local/lib/python3.12/site-packages/airflow/example_dags/example_params_ui_tutorial.py
[2026-04-13T16:50:40.075+0000] {logging_mixin.py:188} INFO - [2026-04-13T16:50:40.074+0000] {dag.py:3096} INFO - Sync 1 DAGs
[2026-04-13T16:50:40.106+0000] {logging_mixin.py:188} INFO - [2026-04-13T16:50:40.106+0000] {dag.py:3954} INFO - Setting next_dagrun for example_params_ui_tutorial to None, run_after=None
[2026-04-13T16:50:40.148+0000] {processor.py:183} INFO - Processing /home/airflow/.local/lib/python3.12/site-packages/airflow/example_dags/example_params_ui_tutorial.py took 0.254 seconds
[2026-04-13T16:51:10.499+0000] {processor.py:161} INFO - Started process (PID=1019) to work on /home/airflow/.local/lib/python3.12/site-packages/airflow/example_dags/example_params_ui_tutorial.py
[2026-04-13T16:51:10.502+0000] {processor.py:830} INFO - Processing file /home/airflow/.local/lib/python3.12/site-packages/airflow/example_dags/example_params_ui_tutorial.py for tasks to queue
[2026-04-13T16:51:10.506+0000] {logging_mixin.py:188} INFO - [2026-04-13T16:51:10.506+0000] {dagbag.py:545} INFO - Filling up the DagBag from /home/airflow/.local/lib/python3.12/site-packages/airflow/example_dags/example_params_ui_tutorial.py
[2026-04-13T16:51:10.535+0000] {processor.py:840} INFO - DAG(s) 'example_params_ui_tutorial' retrieved from /home/airflow/.local/lib/python3.12/site-packages/airflow/example_dags/example_params_ui_tutorial.py
[2026-04-13T16:51:10.695+0000] {logging_mixin.py:188} INFO - [2026-04-13T16:51:10.694+0000] {dag.py:3096} INFO - Sync 1 DAGs
[2026-04-13T16:51:10.731+0000] {logging_mixin.py:188} INFO - [2026-04-13T16:51:10.731+0000] {dag.py:3954} INFO - Setting next_dagrun for example_params_ui_tutorial to None, run_after=None
[2026-04-13T16:51:10.780+0000] {processor.py:183} INFO - Processing /home/airflow/.local/lib/python3.12/site-packages/airflow/example_dags/example_params_ui_tutorial.py took 0.295 seconds
[2026-04-13T16:51:40.921+0000] {processor.py:161} INFO - Started process (PID=1077) to work on /home/airflow/.local/lib/python3.12/site-packages/airflow/example_dags/example_params_ui_tutorial.py
[2026-04-13T16:51:40.923+0000] {processor.py:830} INFO - Processing file /home/airflow/.local/lib/python3.12/site-packages/airflow/example_dags/example_params_ui_tutorial.py for tasks to queue
[2026-04-13T16:51:40.927+0000] {logging_mixin.py:188} INFO - [2026-04-13T16:51:40.926+0000] {dagbag.py:545} INFO - Filling up the DagBag from /home/airflow/.local/lib/python3.12/site-packages/airflow/example_dags/example_params_ui_tutorial.py
[2026-04-13T16:51:40.970+0000] {processor.py:840} INFO - DAG(s) 'example_params_ui_tutorial' retrieved from /home/airflow/.local/lib/python3.12/site-packages/airflow/example_dags/example_params_ui_tutorial.py
[2026-04-13T16:51:41.124+0000] {logging_mixin.py:188} INFO - [2026-04-13T16:51:41.123+0000] {dag.py:3096} INFO - Sync 1 DAGs
[2026-04-13T16:51:41.151+0000] {logging_mixin.py:188} INFO - [2026-04-13T16:51:41.151+0000] {dag.py:3954} INFO - Setting next_dagrun for example_params_ui_tutorial to None, run_after=None
[2026-04-13T16:51:41.192+0000] {processor.py:183} INFO - Processing /home/airflow/.local/lib/python3.12/site-packages/airflow/example_dags/example_params_ui_tutorial.py took 0.286 seconds
[2026-04-13T16:52:11.543+0000] {processor.py:161} INFO - Started process (PID=1135) to work on /home/airflow/.local/lib/python3.12/site-packages/airflow/example_dags/example_params_ui_tutorial.py
[2026-04-13T16:52:11.545+0000] {processor.py:830} INFO - Processing file /home/airflow/.local/lib/python3.12/site-packages/airflow/example_dags/example_params_ui_tutorial.py for tasks to queue
[2026-04-13T16:52:11.549+0000] {logging_mixin.py:188} INFO - [2026-04-13T16:52:11.549+0000] {dagbag.py:545} INFO - Filling up the DagBag from /home/airflow/.local/lib/python3.12/site-packages/airflow/example_dags/example_params_ui_tutorial.py
[2026-04-13T16:52:11.567+0000] {processor.py:840} INFO - DAG(s) 'example_params_ui_tutorial' retrieved from /home/airflow/.local/lib/python3.12/site-packages/airflow/example_dags/example_params_ui_tutorial.py
[2026-04-13T16:52:11.671+0000] {logging_mixin.py:188} INFO - [2026-04-13T16:52:11.671+0000] {dag.py:3096} INFO - Sync 1 DAGs
[2026-04-13T16:52:11.690+0000] {logging_mixin.py:188} INFO - [2026-04-13T16:52:11.690+0000] {dag.py:3954} INFO - Setting next_dagrun for example_params_ui_tutorial to None, run_after=None
[2026-04-13T16:52:11.769+0000] {processor.py:183} INFO - Processing /home/airflow/.local/lib/python3.12/site-packages/airflow/example_dags/example_params_ui_tutorial.py took 0.238 seconds
[2026-04-13T16:52:41.880+0000] {processor.py:161} INFO - Started process (PID=1194) to work on /home/airflow/.local/lib/python3.12/site-packages/airflow/example_dags/example_params_ui_tutorial.py
[2026-04-13T16:52:41.882+0000] {processor.py:830} INFO - Processing file /home/airflow/.local/lib/python3.12/site-packages/airflow/example_dags/example_params_ui_tutorial.py for tasks to queue
[2026-04-13T16:52:41.886+0000] {logging_mixin.py:188} INFO - [2026-04-13T16:52:41.885+0000] {dagbag.py:545} INFO - Filling up the DagBag from /home/airflow/.local/lib/python3.12/site-packages/airflow/example_dags/example_params_ui_tutorial.py
[2026-04-13T16:52:41.903+0000] {processor.py:840} INFO - DAG(s) 'example_params_ui_tutorial' retrieved from /home/airflow/.local/lib/python3.12/site-packages/airflow/example_dags/example_params_ui_tutorial.py
[2026-04-13T16:52:41.974+0000] {logging_mixin.py:188} INFO - [2026-04-13T16:52:41.974+0000] {dag.py:3096} INFO - Sync 1 DAGs
[2026-04-13T16:52:41.992+0000] {logging_mixin.py:188} INFO - [2026-04-13T16:52:41.991+0000] {dag.py:3954} INFO - Setting next_dagrun for example_params_ui_tutorial to None, run_after=None
[2026-04-13T16:52:42.053+0000] {processor.py:183} INFO - Processing /home/airflow/.local/lib/python3.12/site-packages/airflow/example_dags/example_params_ui_tutorial.py took 0.187 seconds
[2026-04-13T16:53:12.237+0000] {processor.py:161} INFO - Started process (PID=1252) to work on /home/airflow/.local/lib/python3.12/site-packages/airflow/example_dags/example_params_ui_tutorial.py
[2026-04-13T16:53:12.239+0000] {processor.py:830} INFO - Processing file /home/airflow/.local/lib/python3.12/site-packages/airflow/example_dags/example_params_ui_tutorial.py for tasks to queue
[2026-04-13T16:53:12.243+0000] {logging_mixin.py:188} INFO - [2026-04-13T16:53:12.243+0000] {dagbag.py:545} INFO - Filling up the DagBag from /home/airflow/.local/lib/python3.12/site-packages/airflow/example_dags/example_params_ui_tutorial.py
[2026-04-13T16:53:12.274+0000] {processor.py:840} INFO - DAG(s) 'example_params_ui_tutorial' retrieved from /home/airflow/.local/lib/python3.12/site-packages/airflow/example_dags/example_params_ui_tutorial.py
[2026-04-13T16:53:12.452+0000] {logging_mixin.py:188} INFO - [2026-04-13T16:53:12.451+0000] {dag.py:3096} INFO - Sync 1 DAGs
[2026-04-13T16:53:12.491+0000] {logging_mixin.py:188} INFO - [2026-04-13T16:53:12.491+0000] {dag.py:3954} INFO - Setting next_dagrun for example_params_ui_tutorial to None, run_after=None
[2026-04-13T16:53:12.540+0000] {processor.py:183} INFO - Processing /home/airflow/.local/lib/python3.12/site-packages/airflow/example_dags/example_params_ui_tutorial.py took 0.317 seconds
[2026-04-13T16:53:43.071+0000] {processor.py:161} INFO - Started process (PID=1310) to work on /home/airflow/.local/lib/python3.12/site-packages/airflow/example_dags/example_params_ui_tutorial.py
[2026-04-13T16:53:43.073+0000] {processor.py:830} INFO - Processing file /home/airflow/.local/lib/python3.12/site-packages/airflow/example_dags/example_params_ui_tutorial.py for tasks to queue
[2026-04-13T16:53:43.077+0000] {logging_mixin.py:188} INFO - [2026-04-13T16:53:43.076+0000] {dagbag.py:545} INFO - Filling up the DagBag from /home/airflow/.local/lib/python3.12/site-packages/airflow/example_dags/example_params_ui_tutorial.py
[2026-04-13T16:53:43.095+0000] {processor.py:840} INFO - DAG(s) 'example_params_ui_tutorial' retrieved from /home/airflow/.local/lib/python3.12/site-packages/airflow/example_dags/example_params_ui_tutorial.py
[2026-04-13T16:53:43.232+0000] {logging_mixin.py:188} INFO - [2026-04-13T16:53:43.232+0000] {dag.py:3096} INFO - Sync 1 DAGs
[2026-04-13T16:53:43.257+0000] {logging_mixin.py:188} INFO - [2026-04-13T16:53:43.256+0000] {dag.py:3954} INFO - Setting next_dagrun for example_params_ui_tutorial to None, run_after=None
[2026-04-13T16:53:43.293+0000] {processor.py:183} INFO - Processing /home/airflow/.local/lib/python3.12/site-packages/airflow/example_dags/example_params_ui_tutorial.py took 0.232 seconds
[2026-04-13T16:54:13.486+0000] {processor.py:161} INFO - Started process (PID=1368) to work on /home/airflow/.local/lib/python3.12/site-packages/airflow/example_dags/example_params_ui_tutorial.py
[2026-04-13T16:54:13.488+0000] {processor.py:830} INFO - Processing file /home/airflow/.local/lib/python3.12/site-packages/airflow/example_dags/example_params_ui_tutorial.py for tasks to queue
[2026-04-13T16:54:13.491+0000] {logging_mixin.py:188} INFO - [2026-04-13T16:54:13.490+0000] {dagbag.py:545} INFO - Filling up the DagBag from /home/airflow/.local/lib/python3.12/site-packages/airflow/example_dags/example_params_ui_tutorial.py
[2026-04-13T16:54:13.510+0000] {processor.py:840} INFO - DAG(s) 'example_params_ui_tutorial' retrieved from /home/airflow/.local/lib/python3.12/site-packages/airflow/example_dags/example_params_ui_tutorial.py
[2026-04-13T16:54:13.597+0000] {logging_mixin.py:188} INFO - [2026-04-13T16:54:13.596+0000] {dag.py:3096} INFO - Sync 1 DAGs
[2026-04-13T16:54:13.635+0000] {logging_mixin.py:188} INFO - [2026-04-13T16:54:13.634+0000] {dag.py:3954} INFO - Setting next_dagrun for example_params_ui_tutorial to None, run_after=None
[2026-04-13T16:54:13.664+0000] {processor.py:183} INFO - Processing /home/airflow/.local/lib/python3.12/site-packages/airflow/example_dags/example_params_ui_tutorial.py took 0.189 seconds
[2026-04-13T16:54:43.922+0000] {processor.py:161} INFO - Started process (PID=1426) to work on /home/airflow/.local/lib/python3.12/site-packages/airflow/example_dags/example_params_ui_tutorial.py
[2026-04-13T16:54:43.923+0000] {processor.py:830} INFO - Processing file /home/airflow/.local/lib/python3.12/site-packages/airflow/example_dags/example_params_ui_tutorial.py for tasks to queue
[2026-04-13T16:54:43.926+0000] {logging_mixin.py:188} INFO - [2026-04-13T16:54:43.926+0000] {dagbag.py:545} INFO - Filling up the DagBag from /home/airflow/.local/lib/python3.12/site-packages/airflow/example_dags/example_params_ui_tutorial.py
[2026-04-13T16:54:43.941+0000] {processor.py:840} INFO - DAG(s) 'example_params_ui_tutorial' retrieved from /home/airflow/.local/lib/python3.12/site-packages/airflow/example_dags/example_params_ui_tutorial.py
[2026-04-13T16:54:44.098+0000] {logging_mixin.py:188} INFO - [2026-04-13T16:54:44.098+0000] {dag.py:3096} INFO - Sync 1 DAGs
[2026-04-13T16:54:44.116+0000] {logging_mixin.py:188} INFO - [2026-04-13T16:54:44.115+0000] {dag.py:3954} INFO - Setting next_dagrun for example_params_ui_tutorial to None, run_after=None
[2026-04-13T16:54:44.143+0000] {processor.py:183} INFO - Processing /home/airflow/.local/lib/python3.12/site-packages/airflow/example_dags/example_params_ui_tutorial.py took 0.231 seconds
[2026-04-13T16:55:14.770+0000] {processor.py:161} INFO - Started process (PID=1484) to work on /home/airflow/.local/lib/python3.12/site-packages/airflow/example_dags/example_params_ui_tutorial.py
[2026-04-13T16:55:14.772+0000] {processor.py:830} INFO - Processing file /home/airflow/.local/lib/python3.12/site-packages/airflow/example_dags/example_params_ui_tutorial.py for tasks to queue
[2026-04-13T16:55:14.776+0000] {logging_mixin.py:188} INFO - [2026-04-13T16:55:14.775+0000] {dagbag.py:545} INFO - Filling up the DagBag from /home/airflow/.local/lib/python3.12/site-packages/airflow/example_dags/example_params_ui_tutorial.py
[2026-04-13T16:55:14.866+0000] {processor.py:840} INFO - DAG(s) 'example_params_ui_tutorial' retrieved from /home/airflow/.local/lib/python3.12/site-packages/airflow/example_dags/example_params_ui_tutorial.py
[2026-04-13T16:55:14.953+0000] {logging_mixin.py:188} INFO - [2026-04-13T16:55:14.953+0000] {dag.py:3096} INFO - Sync 1 DAGs
[2026-04-13T16:55:14.970+0000] {logging_mixin.py:188} INFO - [2026-04-13T16:55:14.969+0000] {dag.py:3954} INFO - Setting next_dagrun for example_params_ui_tutorial to None, run_after=None
[2026-04-13T16:55:15.002+0000] {processor.py:183} INFO - Processing /home/airflow/.local/lib/python3.12/site-packages/airflow/example_dags/example_params_ui_tutorial.py took 0.244 seconds
[2026-04-13T16:55:45.297+0000] {processor.py:161} INFO - Started process (PID=1542) to work on /home/airflow/.local/lib/python3.12/site-packages/airflow/example_dags/example_params_ui_tutorial.py
[2026-04-13T16:55:45.299+0000] {processor.py:830} INFO - Processing file /home/airflow/.local/lib/python3.12/site-packages/airflow/example_dags/example_params_ui_tutorial.py for tasks to queue
[2026-04-13T16:55:45.301+0000] {logging_mixin.py:188} INFO - [2026-04-13T16:55:45.301+0000] {dagbag.py:545} INFO - Filling up the DagBag from /home/airflow/.local/lib/python3.12/site-packages/airflow/example_dags/example_params_ui_tutorial.py
[2026-04-13T16:55:45.326+0000] {processor.py:840} INFO - DAG(s) 'example_params_ui_tutorial' retrieved from /home/airflow/.local/lib/python3.12/site-packages/airflow/example_dags/example_params_ui_tutorial.py
[2026-04-13T16:55:45.409+0000] {logging_mixin.py:188} INFO - [2026-04-13T16:55:45.409+0000] {dag.py:3096} INFO - Sync 1 DAGs
[2026-04-13T16:55:45.441+0000] {logging_mixin.py:188} INFO - [2026-04-13T16:55:45.440+0000] {dag.py:3954} INFO - Setting next_dagrun for example_params_ui_tutorial to None, run_after=None
[2026-04-13T16:55:45.470+0000] {processor.py:183} INFO - Processing /home/airflow/.local/lib/python3.12/site-packages/airflow/example_dags/example_params_ui_tutorial.py took 0.181 seconds
[2026-04-13T16:56:16.094+0000] {processor.py:161} INFO - Started process (PID=1600) to work on /home/airflow/.local/lib/python3.12/site-packages/airflow/example_dags/example_params_ui_tutorial.py
[2026-04-13T16:56:16.096+0000] {processor.py:830} INFO - Processing file /home/airflow/.local/lib/python3.12/site-packages/airflow/example_dags/example_params_ui_tutorial.py for tasks to queue
[2026-04-13T16:56:16.099+0000] {logging_mixin.py:188} INFO - [2026-04-13T16:56:16.098+0000] {dagbag.py:545} INFO - Filling up the DagBag from /home/airflow/.local/lib/python3.12/site-packages/airflow/example_dags/example_params_ui_tutorial.py
[2026-04-13T16:56:16.160+0000] {processor.py:840} INFO - DAG(s) 'example_params_ui_tutorial' retrieved from /home/airflow/.local/lib/python3.12/site-packages/airflow/example_dags/example_params_ui_tutorial.py
[2026-04-13T16:56:16.233+0000] {logging_mixin.py:188} INFO - [2026-04-13T16:56:16.233+0000] {dag.py:3096} INFO - Sync 1 DAGs
[2026-04-13T16:56:16.252+0000] {logging_mixin.py:188} INFO - [2026-04-13T16:56:16.252+0000] {dag.py:3954} INFO - Setting next_dagrun for example_params_ui_tutorial to None, run_after=None
[2026-04-13T16:56:16.283+0000] {processor.py:183} INFO - Processing /home/airflow/.local/lib/python3.12/site-packages/airflow/example_dags/example_params_ui_tutorial.py took 0.198 seconds
[2026-04-13T16:56:46.641+0000] {processor.py:161} INFO - Started process (PID=1658) to work on /home/airflow/.local/lib/python3.12/site-packages/airflow/example_dags/example_params_ui_tutorial.py
[2026-04-13T16:56:46.645+0000] {processor.py:830} INFO - Processing file /home/airflow/.local/lib/python3.12/site-packages/airflow/example_dags/example_params_ui_tutorial.py for tasks to queue
[2026-04-13T16:56:46.652+0000] {logging_mixin.py:188} INFO - [2026-04-13T16:56:46.651+0000] {dagbag.py:545} INFO - Filling up the DagBag from /home/airflow/.local/lib/python3.12/site-packages/airflow/example_dags/example_params_ui_tutorial.py
[2026-04-13T16:56:46.696+0000] {processor.py:840} INFO - DAG(s) 'example_params_ui_tutorial' retrieved from /home/airflow/.local/lib/python3.12/site-packages/airflow/example_dags/example_params_ui_tutorial.py
[2026-04-13T16:56:46.925+0000] {logging_mixin.py:188} INFO - [2026-04-13T16:56:46.925+0000] {dag.py:3096} INFO - Sync 1 DAGs
[2026-04-13T16:56:46.986+0000] {logging_mixin.py:188} INFO - [2026-04-13T16:56:46.985+0000] {dag.py:3954} INFO - Setting next_dagrun for example_params_ui_tutorial to None, run_after=None
[2026-04-13T16:56:47.056+0000] {processor.py:183} INFO - Processing /home/airflow/.local/lib/python3.12/site-packages/airflow/example_dags/example_params_ui_tutorial.py took 0.455 seconds
