[2026-04-13T16:42:55.786+0000] {processor.py:161} INFO - Started process (PID=87) to work on /home/airflow/.local/lib/python3.12/site-packages/airflow/example_dags/example_external_task_marker_dag.py
[2026-04-13T16:42:55.788+0000] {processor.py:830} INFO - Processing file /home/airflow/.local/lib/python3.12/site-packages/airflow/example_dags/example_external_task_marker_dag.py for tasks to queue
[2026-04-13T16:42:55.793+0000] {logging_mixin.py:188} INFO - [2026-04-13T16:42:55.792+0000] {dagbag.py:545} INFO - Filling up the DagBag from /home/airflow/.local/lib/python3.12/site-packages/airflow/example_dags/example_external_task_marker_dag.py
[2026-04-13T16:42:55.863+0000] {processor.py:840} INFO - DAG(s) 'example_external_task_marker_child', 'example_external_task_marker_parent' retrieved from /home/airflow/.local/lib/python3.12/site-packages/airflow/example_dags/example_external_task_marker_dag.py
[2026-04-13T16:42:56.857+0000] {logging_mixin.py:188} INFO - [2026-04-13T16:42:56.856+0000] {dag.py:3096} INFO - Sync 2 DAGs
[2026-04-13T16:42:56.914+0000] {logging_mixin.py:188} INFO - [2026-04-13T16:42:56.914+0000] {dag.py:3954} INFO - Setting next_dagrun for example_external_task_marker_child to None, run_after=None
[2026-04-13T16:42:56.927+0000] {logging_mixin.py:188} INFO - [2026-04-13T16:42:56.926+0000] {dag.py:3954} INFO - Setting next_dagrun for example_external_task_marker_parent to None, run_after=None
[2026-04-13T16:42:57.035+0000] {processor.py:183} INFO - Processing /home/airflow/.local/lib/python3.12/site-packages/airflow/example_dags/example_external_task_marker_dag.py took 1.264 seconds
[2026-04-13T16:43:27.974+0000] {processor.py:161} INFO - Started process (PID=146) to work on /home/airflow/.local/lib/python3.12/site-packages/airflow/example_dags/example_external_task_marker_dag.py
[2026-04-13T16:43:27.989+0000] {processor.py:830} INFO - Processing file /home/airflow/.local/lib/python3.12/site-packages/airflow/example_dags/example_external_task_marker_dag.py for tasks to queue
[2026-04-13T16:43:28.020+0000] {logging_mixin.py:188} INFO - [2026-04-13T16:43:28.019+0000] {dagbag.py:545} INFO - Filling up the DagBag from /home/airflow/.local/lib/python3.12/site-packages/airflow/example_dags/example_external_task_marker_dag.py
[2026-04-13T16:43:28.076+0000] {processor.py:840} INFO - DAG(s) 'example_external_task_marker_child', 'example_external_task_marker_parent' retrieved from /home/airflow/.local/lib/python3.12/site-packages/airflow/example_dags/example_external_task_marker_dag.py
[2026-04-13T16:43:28.353+0000] {logging_mixin.py:188} INFO - [2026-04-13T16:43:28.349+0000] {dag.py:3096} INFO - Sync 2 DAGs
[2026-04-13T16:43:28.451+0000] {logging_mixin.py:188} INFO - [2026-04-13T16:43:28.451+0000] {dag.py:3954} INFO - Setting next_dagrun for example_external_task_marker_child to None, run_after=None
[2026-04-13T16:43:28.491+0000] {logging_mixin.py:188} INFO - [2026-04-13T16:43:28.491+0000] {dag.py:3954} INFO - Setting next_dagrun for example_external_task_marker_parent to None, run_after=None
[2026-04-13T16:43:28.640+0000] {processor.py:183} INFO - Processing /home/airflow/.local/lib/python3.12/site-packages/airflow/example_dags/example_external_task_marker_dag.py took 0.816 seconds
[2026-04-13T16:43:58.999+0000] {processor.py:161} INFO - Started process (PID=204) to work on /home/airflow/.local/lib/python3.12/site-packages/airflow/example_dags/example_external_task_marker_dag.py
[2026-04-13T16:43:59.001+0000] {processor.py:830} INFO - Processing file /home/airflow/.local/lib/python3.12/site-packages/airflow/example_dags/example_external_task_marker_dag.py for tasks to queue
[2026-04-13T16:43:59.003+0000] {logging_mixin.py:188} INFO - [2026-04-13T16:43:59.003+0000] {dagbag.py:545} INFO - Filling up the DagBag from /home/airflow/.local/lib/python3.12/site-packages/airflow/example_dags/example_external_task_marker_dag.py
[2026-04-13T16:43:59.011+0000] {processor.py:840} INFO - DAG(s) 'example_external_task_marker_parent', 'example_external_task_marker_child' retrieved from /home/airflow/.local/lib/python3.12/site-packages/airflow/example_dags/example_external_task_marker_dag.py
[2026-04-13T16:43:59.045+0000] {logging_mixin.py:188} INFO - [2026-04-13T16:43:59.045+0000] {dag.py:3096} INFO - Sync 2 DAGs
[2026-04-13T16:43:59.061+0000] {logging_mixin.py:188} INFO - [2026-04-13T16:43:59.061+0000] {dag.py:3954} INFO - Setting next_dagrun for example_external_task_marker_child to None, run_after=None
[2026-04-13T16:43:59.068+0000] {logging_mixin.py:188} INFO - [2026-04-13T16:43:59.068+0000] {dag.py:3954} INFO - Setting next_dagrun for example_external_task_marker_parent to None, run_after=None
[2026-04-13T16:43:59.095+0000] {processor.py:183} INFO - Processing /home/airflow/.local/lib/python3.12/site-packages/airflow/example_dags/example_external_task_marker_dag.py took 0.103 seconds
[2026-04-13T16:44:29.310+0000] {processor.py:161} INFO - Started process (PID=262) to work on /home/airflow/.local/lib/python3.12/site-packages/airflow/example_dags/example_external_task_marker_dag.py
[2026-04-13T16:44:29.312+0000] {processor.py:830} INFO - Processing file /home/airflow/.local/lib/python3.12/site-packages/airflow/example_dags/example_external_task_marker_dag.py for tasks to queue
[2026-04-13T16:44:29.315+0000] {logging_mixin.py:188} INFO - [2026-04-13T16:44:29.315+0000] {dagbag.py:545} INFO - Filling up the DagBag from /home/airflow/.local/lib/python3.12/site-packages/airflow/example_dags/example_external_task_marker_dag.py
[2026-04-13T16:44:29.324+0000] {processor.py:840} INFO - DAG(s) 'example_external_task_marker_child', 'example_external_task_marker_parent' retrieved from /home/airflow/.local/lib/python3.12/site-packages/airflow/example_dags/example_external_task_marker_dag.py
[2026-04-13T16:44:29.356+0000] {logging_mixin.py:188} INFO - [2026-04-13T16:44:29.355+0000] {dag.py:3096} INFO - Sync 2 DAGs
[2026-04-13T16:44:29.373+0000] {logging_mixin.py:188} INFO - [2026-04-13T16:44:29.373+0000] {dag.py:3954} INFO - Setting next_dagrun for example_external_task_marker_child to None, run_after=None
[2026-04-13T16:44:29.378+0000] {logging_mixin.py:188} INFO - [2026-04-13T16:44:29.378+0000] {dag.py:3954} INFO - Setting next_dagrun for example_external_task_marker_parent to None, run_after=None
[2026-04-13T16:44:29.416+0000] {processor.py:183} INFO - Processing /home/airflow/.local/lib/python3.12/site-packages/airflow/example_dags/example_external_task_marker_dag.py took 0.119 seconds
[2026-04-13T16:45:00.084+0000] {processor.py:161} INFO - Started process (PID=320) to work on /home/airflow/.local/lib/python3.12/site-packages/airflow/example_dags/example_external_task_marker_dag.py
[2026-04-13T16:45:00.085+0000] {processor.py:830} INFO - Processing file /home/airflow/.local/lib/python3.12/site-packages/airflow/example_dags/example_external_task_marker_dag.py for tasks to queue
[2026-04-13T16:45:00.089+0000] {logging_mixin.py:188} INFO - [2026-04-13T16:45:00.088+0000] {dagbag.py:545} INFO - Filling up the DagBag from /home/airflow/.local/lib/python3.12/site-packages/airflow/example_dags/example_external_task_marker_dag.py
[2026-04-13T16:45:00.097+0000] {processor.py:840} INFO - DAG(s) 'example_external_task_marker_parent', 'example_external_task_marker_child' retrieved from /home/airflow/.local/lib/python3.12/site-packages/airflow/example_dags/example_external_task_marker_dag.py
[2026-04-13T16:45:00.136+0000] {logging_mixin.py:188} INFO - [2026-04-13T16:45:00.135+0000] {dag.py:3096} INFO - Sync 2 DAGs
[2026-04-13T16:45:00.158+0000] {logging_mixin.py:188} INFO - [2026-04-13T16:45:00.158+0000] {dag.py:3954} INFO - Setting next_dagrun for example_external_task_marker_child to None, run_after=None
[2026-04-13T16:45:00.163+0000] {logging_mixin.py:188} INFO - [2026-04-13T16:45:00.163+0000] {dag.py:3954} INFO - Setting next_dagrun for example_external_task_marker_parent to None, run_after=None
[2026-04-13T16:45:00.189+0000] {processor.py:183} INFO - Processing /home/airflow/.local/lib/python3.12/site-packages/airflow/example_dags/example_external_task_marker_dag.py took 0.115 seconds
[2026-04-13T16:45:30.757+0000] {processor.py:161} INFO - Started process (PID=378) to work on /home/airflow/.local/lib/python3.12/site-packages/airflow/example_dags/example_external_task_marker_dag.py
[2026-04-13T16:45:30.759+0000] {processor.py:830} INFO - Processing file /home/airflow/.local/lib/python3.12/site-packages/airflow/example_dags/example_external_task_marker_dag.py for tasks to queue
[2026-04-13T16:45:30.762+0000] {logging_mixin.py:188} INFO - [2026-04-13T16:45:30.761+0000] {dagbag.py:545} INFO - Filling up the DagBag from /home/airflow/.local/lib/python3.12/site-packages/airflow/example_dags/example_external_task_marker_dag.py
[2026-04-13T16:45:30.772+0000] {processor.py:840} INFO - DAG(s) 'example_external_task_marker_parent', 'example_external_task_marker_child' retrieved from /home/airflow/.local/lib/python3.12/site-packages/airflow/example_dags/example_external_task_marker_dag.py
[2026-04-13T16:45:30.804+0000] {logging_mixin.py:188} INFO - [2026-04-13T16:45:30.804+0000] {dag.py:3096} INFO - Sync 2 DAGs
[2026-04-13T16:45:30.824+0000] {logging_mixin.py:188} INFO - [2026-04-13T16:45:30.824+0000] {dag.py:3954} INFO - Setting next_dagrun for example_external_task_marker_child to None, run_after=None
[2026-04-13T16:45:30.829+0000] {logging_mixin.py:188} INFO - [2026-04-13T16:45:30.829+0000] {dag.py:3954} INFO - Setting next_dagrun for example_external_task_marker_parent to None, run_after=None
[2026-04-13T16:45:30.856+0000] {processor.py:183} INFO - Processing /home/airflow/.local/lib/python3.12/site-packages/airflow/example_dags/example_external_task_marker_dag.py took 0.108 seconds
[2026-04-13T16:46:01.046+0000] {processor.py:161} INFO - Started process (PID=436) to work on /home/airflow/.local/lib/python3.12/site-packages/airflow/example_dags/example_external_task_marker_dag.py
[2026-04-13T16:46:01.049+0000] {processor.py:830} INFO - Processing file /home/airflow/.local/lib/python3.12/site-packages/airflow/example_dags/example_external_task_marker_dag.py for tasks to queue
[2026-04-13T16:46:01.055+0000] {logging_mixin.py:188} INFO - [2026-04-13T16:46:01.054+0000] {dagbag.py:545} INFO - Filling up the DagBag from /home/airflow/.local/lib/python3.12/site-packages/airflow/example_dags/example_external_task_marker_dag.py
[2026-04-13T16:46:01.069+0000] {processor.py:840} INFO - DAG(s) 'example_external_task_marker_child', 'example_external_task_marker_parent' retrieved from /home/airflow/.local/lib/python3.12/site-packages/airflow/example_dags/example_external_task_marker_dag.py
[2026-04-13T16:46:01.163+0000] {logging_mixin.py:188} INFO - [2026-04-13T16:46:01.163+0000] {dag.py:3096} INFO - Sync 2 DAGs
[2026-04-13T16:46:01.216+0000] {logging_mixin.py:188} INFO - [2026-04-13T16:46:01.215+0000] {dag.py:3954} INFO - Setting next_dagrun for example_external_task_marker_child to None, run_after=None
[2026-04-13T16:46:01.232+0000] {logging_mixin.py:188} INFO - [2026-04-13T16:46:01.231+0000] {dag.py:3954} INFO - Setting next_dagrun for example_external_task_marker_parent to None, run_after=None
[2026-04-13T16:46:01.360+0000] {processor.py:183} INFO - Processing /home/airflow/.local/lib/python3.12/site-packages/airflow/example_dags/example_external_task_marker_dag.py took 0.332 seconds
[2026-04-13T16:46:32.169+0000] {processor.py:161} INFO - Started process (PID=495) to work on /home/airflow/.local/lib/python3.12/site-packages/airflow/example_dags/example_external_task_marker_dag.py
[2026-04-13T16:46:32.172+0000] {processor.py:830} INFO - Processing file /home/airflow/.local/lib/python3.12/site-packages/airflow/example_dags/example_external_task_marker_dag.py for tasks to queue
[2026-04-13T16:46:32.177+0000] {logging_mixin.py:188} INFO - [2026-04-13T16:46:32.177+0000] {dagbag.py:545} INFO - Filling up the DagBag from /home/airflow/.local/lib/python3.12/site-packages/airflow/example_dags/example_external_task_marker_dag.py
[2026-04-13T16:46:32.193+0000] {processor.py:840} INFO - DAG(s) 'example_external_task_marker_parent', 'example_external_task_marker_child' retrieved from /home/airflow/.local/lib/python3.12/site-packages/airflow/example_dags/example_external_task_marker_dag.py
[2026-04-13T16:46:32.250+0000] {logging_mixin.py:188} INFO - [2026-04-13T16:46:32.249+0000] {dag.py:3096} INFO - Sync 2 DAGs
[2026-04-13T16:46:32.281+0000] {logging_mixin.py:188} INFO - [2026-04-13T16:46:32.281+0000] {dag.py:3954} INFO - Setting next_dagrun for example_external_task_marker_child to None, run_after=None
[2026-04-13T16:46:32.291+0000] {logging_mixin.py:188} INFO - [2026-04-13T16:46:32.290+0000] {dag.py:3954} INFO - Setting next_dagrun for example_external_task_marker_parent to None, run_after=None
[2026-04-13T16:46:32.334+0000] {processor.py:183} INFO - Processing /home/airflow/.local/lib/python3.12/site-packages/airflow/example_dags/example_external_task_marker_dag.py took 0.182 seconds
[2026-04-13T16:47:02.382+0000] {processor.py:161} INFO - Started process (PID=553) to work on /home/airflow/.local/lib/python3.12/site-packages/airflow/example_dags/example_external_task_marker_dag.py
[2026-04-13T16:47:02.384+0000] {processor.py:830} INFO - Processing file /home/airflow/.local/lib/python3.12/site-packages/airflow/example_dags/example_external_task_marker_dag.py for tasks to queue
[2026-04-13T16:47:02.386+0000] {logging_mixin.py:188} INFO - [2026-04-13T16:47:02.386+0000] {dagbag.py:545} INFO - Filling up the DagBag from /home/airflow/.local/lib/python3.12/site-packages/airflow/example_dags/example_external_task_marker_dag.py
[2026-04-13T16:47:02.395+0000] {processor.py:840} INFO - DAG(s) 'example_external_task_marker_parent', 'example_external_task_marker_child' retrieved from /home/airflow/.local/lib/python3.12/site-packages/airflow/example_dags/example_external_task_marker_dag.py
[2026-04-13T16:47:02.428+0000] {logging_mixin.py:188} INFO - [2026-04-13T16:47:02.428+0000] {dag.py:3096} INFO - Sync 2 DAGs
[2026-04-13T16:47:02.447+0000] {logging_mixin.py:188} INFO - [2026-04-13T16:47:02.447+0000] {dag.py:3954} INFO - Setting next_dagrun for example_external_task_marker_child to None, run_after=None
[2026-04-13T16:47:02.453+0000] {logging_mixin.py:188} INFO - [2026-04-13T16:47:02.452+0000] {dag.py:3954} INFO - Setting next_dagrun for example_external_task_marker_parent to None, run_after=None
[2026-04-13T16:47:02.480+0000] {processor.py:183} INFO - Processing /home/airflow/.local/lib/python3.12/site-packages/airflow/example_dags/example_external_task_marker_dag.py took 0.107 seconds
[2026-04-13T16:47:32.898+0000] {processor.py:161} INFO - Started process (PID=611) to work on /home/airflow/.local/lib/python3.12/site-packages/airflow/example_dags/example_external_task_marker_dag.py
[2026-04-13T16:47:32.899+0000] {processor.py:830} INFO - Processing file /home/airflow/.local/lib/python3.12/site-packages/airflow/example_dags/example_external_task_marker_dag.py for tasks to queue
[2026-04-13T16:47:32.902+0000] {logging_mixin.py:188} INFO - [2026-04-13T16:47:32.902+0000] {dagbag.py:545} INFO - Filling up the DagBag from /home/airflow/.local/lib/python3.12/site-packages/airflow/example_dags/example_external_task_marker_dag.py
[2026-04-13T16:47:32.910+0000] {processor.py:840} INFO - DAG(s) 'example_external_task_marker_parent', 'example_external_task_marker_child' retrieved from /home/airflow/.local/lib/python3.12/site-packages/airflow/example_dags/example_external_task_marker_dag.py
[2026-04-13T16:47:32.940+0000] {logging_mixin.py:188} INFO - [2026-04-13T16:47:32.940+0000] {dag.py:3096} INFO - Sync 2 DAGs
[2026-04-13T16:47:32.957+0000] {logging_mixin.py:188} INFO - [2026-04-13T16:47:32.957+0000] {dag.py:3954} INFO - Setting next_dagrun for example_external_task_marker_child to None, run_after=None
[2026-04-13T16:47:32.962+0000] {logging_mixin.py:188} INFO - [2026-04-13T16:47:32.962+0000] {dag.py:3954} INFO - Setting next_dagrun for example_external_task_marker_parent to None, run_after=None
[2026-04-13T16:47:33.067+0000] {processor.py:183} INFO - Processing /home/airflow/.local/lib/python3.12/site-packages/airflow/example_dags/example_external_task_marker_dag.py took 0.177 seconds
[2026-04-13T16:48:03.244+0000] {processor.py:161} INFO - Started process (PID=669) to work on /home/airflow/.local/lib/python3.12/site-packages/airflow/example_dags/example_external_task_marker_dag.py
[2026-04-13T16:48:03.245+0000] {processor.py:830} INFO - Processing file /home/airflow/.local/lib/python3.12/site-packages/airflow/example_dags/example_external_task_marker_dag.py for tasks to queue
[2026-04-13T16:48:03.248+0000] {logging_mixin.py:188} INFO - [2026-04-13T16:48:03.248+0000] {dagbag.py:545} INFO - Filling up the DagBag from /home/airflow/.local/lib/python3.12/site-packages/airflow/example_dags/example_external_task_marker_dag.py
[2026-04-13T16:48:03.257+0000] {processor.py:840} INFO - DAG(s) 'example_external_task_marker_child', 'example_external_task_marker_parent' retrieved from /home/airflow/.local/lib/python3.12/site-packages/airflow/example_dags/example_external_task_marker_dag.py
[2026-04-13T16:48:03.290+0000] {logging_mixin.py:188} INFO - [2026-04-13T16:48:03.290+0000] {dag.py:3096} INFO - Sync 2 DAGs
[2026-04-13T16:48:03.309+0000] {logging_mixin.py:188} INFO - [2026-04-13T16:48:03.309+0000] {dag.py:3954} INFO - Setting next_dagrun for example_external_task_marker_child to None, run_after=None
[2026-04-13T16:48:03.316+0000] {logging_mixin.py:188} INFO - [2026-04-13T16:48:03.315+0000] {dag.py:3954} INFO - Setting next_dagrun for example_external_task_marker_parent to None, run_after=None
[2026-04-13T16:48:03.351+0000] {processor.py:183} INFO - Processing /home/airflow/.local/lib/python3.12/site-packages/airflow/example_dags/example_external_task_marker_dag.py took 0.116 seconds
[2026-04-13T16:48:33.692+0000] {processor.py:161} INFO - Started process (PID=727) to work on /home/airflow/.local/lib/python3.12/site-packages/airflow/example_dags/example_external_task_marker_dag.py
[2026-04-13T16:48:33.694+0000] {processor.py:830} INFO - Processing file /home/airflow/.local/lib/python3.12/site-packages/airflow/example_dags/example_external_task_marker_dag.py for tasks to queue
[2026-04-13T16:48:33.697+0000] {logging_mixin.py:188} INFO - [2026-04-13T16:48:33.696+0000] {dagbag.py:545} INFO - Filling up the DagBag from /home/airflow/.local/lib/python3.12/site-packages/airflow/example_dags/example_external_task_marker_dag.py
[2026-04-13T16:48:33.704+0000] {processor.py:840} INFO - DAG(s) 'example_external_task_marker_parent', 'example_external_task_marker_child' retrieved from /home/airflow/.local/lib/python3.12/site-packages/airflow/example_dags/example_external_task_marker_dag.py
[2026-04-13T16:48:33.734+0000] {logging_mixin.py:188} INFO - [2026-04-13T16:48:33.734+0000] {dag.py:3096} INFO - Sync 2 DAGs
[2026-04-13T16:48:33.753+0000] {logging_mixin.py:188} INFO - [2026-04-13T16:48:33.753+0000] {dag.py:3954} INFO - Setting next_dagrun for example_external_task_marker_child to None, run_after=None
[2026-04-13T16:48:33.759+0000] {logging_mixin.py:188} INFO - [2026-04-13T16:48:33.759+0000] {dag.py:3954} INFO - Setting next_dagrun for example_external_task_marker_parent to None, run_after=None
[2026-04-13T16:48:33.784+0000] {processor.py:183} INFO - Processing /home/airflow/.local/lib/python3.12/site-packages/airflow/example_dags/example_external_task_marker_dag.py took 0.101 seconds
[2026-04-13T16:49:04.096+0000] {processor.py:161} INFO - Started process (PID=785) to work on /home/airflow/.local/lib/python3.12/site-packages/airflow/example_dags/example_external_task_marker_dag.py
[2026-04-13T16:49:04.097+0000] {processor.py:830} INFO - Processing file /home/airflow/.local/lib/python3.12/site-packages/airflow/example_dags/example_external_task_marker_dag.py for tasks to queue
[2026-04-13T16:49:04.100+0000] {logging_mixin.py:188} INFO - [2026-04-13T16:49:04.099+0000] {dagbag.py:545} INFO - Filling up the DagBag from /home/airflow/.local/lib/python3.12/site-packages/airflow/example_dags/example_external_task_marker_dag.py
[2026-04-13T16:49:04.107+0000] {processor.py:840} INFO - DAG(s) 'example_external_task_marker_child', 'example_external_task_marker_parent' retrieved from /home/airflow/.local/lib/python3.12/site-packages/airflow/example_dags/example_external_task_marker_dag.py
[2026-04-13T16:49:04.138+0000] {logging_mixin.py:188} INFO - [2026-04-13T16:49:04.137+0000] {dag.py:3096} INFO - Sync 2 DAGs
[2026-04-13T16:49:04.155+0000] {logging_mixin.py:188} INFO - [2026-04-13T16:49:04.155+0000] {dag.py:3954} INFO - Setting next_dagrun for example_external_task_marker_child to None, run_after=None
[2026-04-13T16:49:04.160+0000] {logging_mixin.py:188} INFO - [2026-04-13T16:49:04.160+0000] {dag.py:3954} INFO - Setting next_dagrun for example_external_task_marker_parent to None, run_after=None
[2026-04-13T16:49:04.184+0000] {processor.py:183} INFO - Processing /home/airflow/.local/lib/python3.12/site-packages/airflow/example_dags/example_external_task_marker_dag.py took 0.097 seconds
[2026-04-13T16:49:35.028+0000] {processor.py:161} INFO - Started process (PID=843) to work on /home/airflow/.local/lib/python3.12/site-packages/airflow/example_dags/example_external_task_marker_dag.py
[2026-04-13T16:49:35.031+0000] {processor.py:830} INFO - Processing file /home/airflow/.local/lib/python3.12/site-packages/airflow/example_dags/example_external_task_marker_dag.py for tasks to queue
[2026-04-13T16:49:35.035+0000] {logging_mixin.py:188} INFO - [2026-04-13T16:49:35.034+0000] {dagbag.py:545} INFO - Filling up the DagBag from /home/airflow/.local/lib/python3.12/site-packages/airflow/example_dags/example_external_task_marker_dag.py
[2026-04-13T16:49:35.051+0000] {processor.py:840} INFO - DAG(s) 'example_external_task_marker_child', 'example_external_task_marker_parent' retrieved from /home/airflow/.local/lib/python3.12/site-packages/airflow/example_dags/example_external_task_marker_dag.py
[2026-04-13T16:49:35.110+0000] {logging_mixin.py:188} INFO - [2026-04-13T16:49:35.110+0000] {dag.py:3096} INFO - Sync 2 DAGs
[2026-04-13T16:49:35.145+0000] {logging_mixin.py:188} INFO - [2026-04-13T16:49:35.145+0000] {dag.py:3954} INFO - Setting next_dagrun for example_external_task_marker_child to None, run_after=None
[2026-04-13T16:49:35.258+0000] {logging_mixin.py:188} INFO - [2026-04-13T16:49:35.258+0000] {dag.py:3954} INFO - Setting next_dagrun for example_external_task_marker_parent to None, run_after=None
[2026-04-13T16:49:35.311+0000] {processor.py:183} INFO - Processing /home/airflow/.local/lib/python3.12/site-packages/airflow/example_dags/example_external_task_marker_dag.py took 0.300 seconds
[2026-04-13T16:50:06.074+0000] {processor.py:161} INFO - Started process (PID=899) to work on /home/airflow/.local/lib/python3.12/site-packages/airflow/example_dags/example_external_task_marker_dag.py
[2026-04-13T16:50:06.076+0000] {processor.py:830} INFO - Processing file /home/airflow/.local/lib/python3.12/site-packages/airflow/example_dags/example_external_task_marker_dag.py for tasks to queue
[2026-04-13T16:50:06.081+0000] {logging_mixin.py:188} INFO - [2026-04-13T16:50:06.080+0000] {dagbag.py:545} INFO - Filling up the DagBag from /home/airflow/.local/lib/python3.12/site-packages/airflow/example_dags/example_external_task_marker_dag.py
[2026-04-13T16:50:06.099+0000] {processor.py:840} INFO - DAG(s) 'example_external_task_marker_child', 'example_external_task_marker_parent' retrieved from /home/airflow/.local/lib/python3.12/site-packages/airflow/example_dags/example_external_task_marker_dag.py
[2026-04-13T16:50:06.160+0000] {logging_mixin.py:188} INFO - [2026-04-13T16:50:06.159+0000] {dag.py:3096} INFO - Sync 2 DAGs
[2026-04-13T16:50:06.196+0000] {logging_mixin.py:188} INFO - [2026-04-13T16:50:06.196+0000] {dag.py:3954} INFO - Setting next_dagrun for example_external_task_marker_child to None, run_after=None
[2026-04-13T16:50:06.208+0000] {logging_mixin.py:188} INFO - [2026-04-13T16:50:06.207+0000] {dag.py:3954} INFO - Setting next_dagrun for example_external_task_marker_parent to None, run_after=None
[2026-04-13T16:50:06.361+0000] {processor.py:183} INFO - Processing /home/airflow/.local/lib/python3.12/site-packages/airflow/example_dags/example_external_task_marker_dag.py took 0.302 seconds
[2026-04-13T16:50:36.605+0000] {processor.py:161} INFO - Started process (PID=957) to work on /home/airflow/.local/lib/python3.12/site-packages/airflow/example_dags/example_external_task_marker_dag.py
[2026-04-13T16:50:36.607+0000] {processor.py:830} INFO - Processing file /home/airflow/.local/lib/python3.12/site-packages/airflow/example_dags/example_external_task_marker_dag.py for tasks to queue
[2026-04-13T16:50:36.612+0000] {logging_mixin.py:188} INFO - [2026-04-13T16:50:36.611+0000] {dagbag.py:545} INFO - Filling up the DagBag from /home/airflow/.local/lib/python3.12/site-packages/airflow/example_dags/example_external_task_marker_dag.py
[2026-04-13T16:50:36.626+0000] {processor.py:840} INFO - DAG(s) 'example_external_task_marker_child', 'example_external_task_marker_parent' retrieved from /home/airflow/.local/lib/python3.12/site-packages/airflow/example_dags/example_external_task_marker_dag.py
[2026-04-13T16:50:36.681+0000] {logging_mixin.py:188} INFO - [2026-04-13T16:50:36.680+0000] {dag.py:3096} INFO - Sync 2 DAGs
[2026-04-13T16:50:36.718+0000] {logging_mixin.py:188} INFO - [2026-04-13T16:50:36.717+0000] {dag.py:3954} INFO - Setting next_dagrun for example_external_task_marker_child to None, run_after=None
[2026-04-13T16:50:36.728+0000] {logging_mixin.py:188} INFO - [2026-04-13T16:50:36.727+0000] {dag.py:3954} INFO - Setting next_dagrun for example_external_task_marker_parent to None, run_after=None
[2026-04-13T16:50:36.776+0000] {processor.py:183} INFO - Processing /home/airflow/.local/lib/python3.12/site-packages/airflow/example_dags/example_external_task_marker_dag.py took 0.186 seconds
[2026-04-13T16:51:07.335+0000] {processor.py:161} INFO - Started process (PID=1015) to work on /home/airflow/.local/lib/python3.12/site-packages/airflow/example_dags/example_external_task_marker_dag.py
[2026-04-13T16:51:07.338+0000] {processor.py:830} INFO - Processing file /home/airflow/.local/lib/python3.12/site-packages/airflow/example_dags/example_external_task_marker_dag.py for tasks to queue
[2026-04-13T16:51:07.344+0000] {logging_mixin.py:188} INFO - [2026-04-13T16:51:07.343+0000] {dagbag.py:545} INFO - Filling up the DagBag from /home/airflow/.local/lib/python3.12/site-packages/airflow/example_dags/example_external_task_marker_dag.py
[2026-04-13T16:51:07.370+0000] {processor.py:840} INFO - DAG(s) 'example_external_task_marker_parent', 'example_external_task_marker_child' retrieved from /home/airflow/.local/lib/python3.12/site-packages/airflow/example_dags/example_external_task_marker_dag.py
[2026-04-13T16:51:07.440+0000] {logging_mixin.py:188} INFO - [2026-04-13T16:51:07.439+0000] {dag.py:3096} INFO - Sync 2 DAGs
[2026-04-13T16:51:07.477+0000] {logging_mixin.py:188} INFO - [2026-04-13T16:51:07.477+0000] {dag.py:3954} INFO - Setting next_dagrun for example_external_task_marker_child to None, run_after=None
[2026-04-13T16:51:07.487+0000] {logging_mixin.py:188} INFO - [2026-04-13T16:51:07.486+0000] {dag.py:3954} INFO - Setting next_dagrun for example_external_task_marker_parent to None, run_after=None
[2026-04-13T16:51:07.604+0000] {processor.py:183} INFO - Processing /home/airflow/.local/lib/python3.12/site-packages/airflow/example_dags/example_external_task_marker_dag.py took 0.288 seconds
[2026-04-13T16:51:38.500+0000] {processor.py:161} INFO - Started process (PID=1073) to work on /home/airflow/.local/lib/python3.12/site-packages/airflow/example_dags/example_external_task_marker_dag.py
[2026-04-13T16:51:38.501+0000] {processor.py:830} INFO - Processing file /home/airflow/.local/lib/python3.12/site-packages/airflow/example_dags/example_external_task_marker_dag.py for tasks to queue
[2026-04-13T16:51:38.504+0000] {logging_mixin.py:188} INFO - [2026-04-13T16:51:38.503+0000] {dagbag.py:545} INFO - Filling up the DagBag from /home/airflow/.local/lib/python3.12/site-packages/airflow/example_dags/example_external_task_marker_dag.py
[2026-04-13T16:51:38.511+0000] {processor.py:840} INFO - DAG(s) 'example_external_task_marker_parent', 'example_external_task_marker_child' retrieved from /home/airflow/.local/lib/python3.12/site-packages/airflow/example_dags/example_external_task_marker_dag.py
[2026-04-13T16:51:38.544+0000] {logging_mixin.py:188} INFO - [2026-04-13T16:51:38.544+0000] {dag.py:3096} INFO - Sync 2 DAGs
[2026-04-13T16:51:38.563+0000] {logging_mixin.py:188} INFO - [2026-04-13T16:51:38.563+0000] {dag.py:3954} INFO - Setting next_dagrun for example_external_task_marker_child to None, run_after=None
[2026-04-13T16:51:38.569+0000] {logging_mixin.py:188} INFO - [2026-04-13T16:51:38.568+0000] {dag.py:3954} INFO - Setting next_dagrun for example_external_task_marker_parent to None, run_after=None
[2026-04-13T16:51:38.593+0000] {processor.py:183} INFO - Processing /home/airflow/.local/lib/python3.12/site-packages/airflow/example_dags/example_external_task_marker_dag.py took 0.101 seconds
[2026-04-13T16:52:09.059+0000] {processor.py:161} INFO - Started process (PID=1131) to work on /home/airflow/.local/lib/python3.12/site-packages/airflow/example_dags/example_external_task_marker_dag.py
[2026-04-13T16:52:09.060+0000] {processor.py:830} INFO - Processing file /home/airflow/.local/lib/python3.12/site-packages/airflow/example_dags/example_external_task_marker_dag.py for tasks to queue
[2026-04-13T16:52:09.063+0000] {logging_mixin.py:188} INFO - [2026-04-13T16:52:09.063+0000] {dagbag.py:545} INFO - Filling up the DagBag from /home/airflow/.local/lib/python3.12/site-packages/airflow/example_dags/example_external_task_marker_dag.py
[2026-04-13T16:52:09.071+0000] {processor.py:840} INFO - DAG(s) 'example_external_task_marker_child', 'example_external_task_marker_parent' retrieved from /home/airflow/.local/lib/python3.12/site-packages/airflow/example_dags/example_external_task_marker_dag.py
[2026-04-13T16:52:09.103+0000] {logging_mixin.py:188} INFO - [2026-04-13T16:52:09.103+0000] {dag.py:3096} INFO - Sync 2 DAGs
[2026-04-13T16:52:09.126+0000] {logging_mixin.py:188} INFO - [2026-04-13T16:52:09.125+0000] {dag.py:3954} INFO - Setting next_dagrun for example_external_task_marker_child to None, run_after=None
[2026-04-13T16:52:09.131+0000] {logging_mixin.py:188} INFO - [2026-04-13T16:52:09.131+0000] {dag.py:3954} INFO - Setting next_dagrun for example_external_task_marker_parent to None, run_after=None
[2026-04-13T16:52:09.236+0000] {processor.py:183} INFO - Processing /home/airflow/.local/lib/python3.12/site-packages/airflow/example_dags/example_external_task_marker_dag.py took 0.188 seconds
[2026-04-13T16:52:39.552+0000] {processor.py:161} INFO - Started process (PID=1190) to work on /home/airflow/.local/lib/python3.12/site-packages/airflow/example_dags/example_external_task_marker_dag.py
[2026-04-13T16:52:39.554+0000] {processor.py:830} INFO - Processing file /home/airflow/.local/lib/python3.12/site-packages/airflow/example_dags/example_external_task_marker_dag.py for tasks to queue
[2026-04-13T16:52:39.557+0000] {logging_mixin.py:188} INFO - [2026-04-13T16:52:39.557+0000] {dagbag.py:545} INFO - Filling up the DagBag from /home/airflow/.local/lib/python3.12/site-packages/airflow/example_dags/example_external_task_marker_dag.py
[2026-04-13T16:52:39.567+0000] {processor.py:840} INFO - DAG(s) 'example_external_task_marker_child', 'example_external_task_marker_parent' retrieved from /home/airflow/.local/lib/python3.12/site-packages/airflow/example_dags/example_external_task_marker_dag.py
[2026-04-13T16:52:39.600+0000] {logging_mixin.py:188} INFO - [2026-04-13T16:52:39.600+0000] {dag.py:3096} INFO - Sync 2 DAGs
[2026-04-13T16:52:39.631+0000] {logging_mixin.py:188} INFO - [2026-04-13T16:52:39.631+0000] {dag.py:3954} INFO - Setting next_dagrun for example_external_task_marker_child to None, run_after=None
[2026-04-13T16:52:39.640+0000] {logging_mixin.py:188} INFO - [2026-04-13T16:52:39.640+0000] {dag.py:3954} INFO - Setting next_dagrun for example_external_task_marker_parent to None, run_after=None
[2026-04-13T16:52:39.680+0000] {processor.py:183} INFO - Processing /home/airflow/.local/lib/python3.12/site-packages/airflow/example_dags/example_external_task_marker_dag.py took 0.138 seconds
[2026-04-13T16:53:10.627+0000] {processor.py:161} INFO - Started process (PID=1248) to work on /home/airflow/.local/lib/python3.12/site-packages/airflow/example_dags/example_external_task_marker_dag.py
[2026-04-13T16:53:10.629+0000] {processor.py:830} INFO - Processing file /home/airflow/.local/lib/python3.12/site-packages/airflow/example_dags/example_external_task_marker_dag.py for tasks to queue
[2026-04-13T16:53:10.634+0000] {logging_mixin.py:188} INFO - [2026-04-13T16:53:10.633+0000] {dagbag.py:545} INFO - Filling up the DagBag from /home/airflow/.local/lib/python3.12/site-packages/airflow/example_dags/example_external_task_marker_dag.py
[2026-04-13T16:53:10.648+0000] {processor.py:840} INFO - DAG(s) 'example_external_task_marker_child', 'example_external_task_marker_parent' retrieved from /home/airflow/.local/lib/python3.12/site-packages/airflow/example_dags/example_external_task_marker_dag.py
[2026-04-13T16:53:10.702+0000] {logging_mixin.py:188} INFO - [2026-04-13T16:53:10.701+0000] {dag.py:3096} INFO - Sync 2 DAGs
[2026-04-13T16:53:10.738+0000] {logging_mixin.py:188} INFO - [2026-04-13T16:53:10.737+0000] {dag.py:3954} INFO - Setting next_dagrun for example_external_task_marker_child to None, run_after=None
[2026-04-13T16:53:10.749+0000] {logging_mixin.py:188} INFO - [2026-04-13T16:53:10.748+0000] {dag.py:3954} INFO - Setting next_dagrun for example_external_task_marker_parent to None, run_after=None
[2026-04-13T16:53:10.867+0000] {processor.py:183} INFO - Processing /home/airflow/.local/lib/python3.12/site-packages/airflow/example_dags/example_external_task_marker_dag.py took 0.254 seconds
[2026-04-13T16:53:41.571+0000] {processor.py:161} INFO - Started process (PID=1306) to work on /home/airflow/.local/lib/python3.12/site-packages/airflow/example_dags/example_external_task_marker_dag.py
[2026-04-13T16:53:41.572+0000] {processor.py:830} INFO - Processing file /home/airflow/.local/lib/python3.12/site-packages/airflow/example_dags/example_external_task_marker_dag.py for tasks to queue
[2026-04-13T16:53:41.576+0000] {logging_mixin.py:188} INFO - [2026-04-13T16:53:41.575+0000] {dagbag.py:545} INFO - Filling up the DagBag from /home/airflow/.local/lib/python3.12/site-packages/airflow/example_dags/example_external_task_marker_dag.py
[2026-04-13T16:53:41.585+0000] {processor.py:840} INFO - DAG(s) 'example_external_task_marker_child', 'example_external_task_marker_parent' retrieved from /home/airflow/.local/lib/python3.12/site-packages/airflow/example_dags/example_external_task_marker_dag.py
[2026-04-13T16:53:41.621+0000] {logging_mixin.py:188} INFO - [2026-04-13T16:53:41.621+0000] {dag.py:3096} INFO - Sync 2 DAGs
[2026-04-13T16:53:41.644+0000] {logging_mixin.py:188} INFO - [2026-04-13T16:53:41.643+0000] {dag.py:3954} INFO - Setting next_dagrun for example_external_task_marker_child to None, run_after=None
[2026-04-13T16:53:41.650+0000] {logging_mixin.py:188} INFO - [2026-04-13T16:53:41.650+0000] {dag.py:3954} INFO - Setting next_dagrun for example_external_task_marker_parent to None, run_after=None
[2026-04-13T16:53:41.752+0000] {processor.py:183} INFO - Processing /home/airflow/.local/lib/python3.12/site-packages/airflow/example_dags/example_external_task_marker_dag.py took 0.190 seconds
[2026-04-13T16:54:11.914+0000] {processor.py:161} INFO - Started process (PID=1364) to work on /home/airflow/.local/lib/python3.12/site-packages/airflow/example_dags/example_external_task_marker_dag.py
[2026-04-13T16:54:11.915+0000] {processor.py:830} INFO - Processing file /home/airflow/.local/lib/python3.12/site-packages/airflow/example_dags/example_external_task_marker_dag.py for tasks to queue
[2026-04-13T16:54:11.919+0000] {logging_mixin.py:188} INFO - [2026-04-13T16:54:11.918+0000] {dagbag.py:545} INFO - Filling up the DagBag from /home/airflow/.local/lib/python3.12/site-packages/airflow/example_dags/example_external_task_marker_dag.py
[2026-04-13T16:54:11.927+0000] {processor.py:840} INFO - DAG(s) 'example_external_task_marker_child', 'example_external_task_marker_parent' retrieved from /home/airflow/.local/lib/python3.12/site-packages/airflow/example_dags/example_external_task_marker_dag.py
[2026-04-13T16:54:11.962+0000] {logging_mixin.py:188} INFO - [2026-04-13T16:54:11.961+0000] {dag.py:3096} INFO - Sync 2 DAGs
[2026-04-13T16:54:11.983+0000] {logging_mixin.py:188} INFO - [2026-04-13T16:54:11.982+0000] {dag.py:3954} INFO - Setting next_dagrun for example_external_task_marker_child to None, run_after=None
[2026-04-13T16:54:11.989+0000] {logging_mixin.py:188} INFO - [2026-04-13T16:54:11.989+0000] {dag.py:3954} INFO - Setting next_dagrun for example_external_task_marker_parent to None, run_after=None
[2026-04-13T16:54:12.016+0000] {processor.py:183} INFO - Processing /home/airflow/.local/lib/python3.12/site-packages/airflow/example_dags/example_external_task_marker_dag.py took 0.111 seconds
[2026-04-13T16:54:42.477+0000] {processor.py:161} INFO - Started process (PID=1422) to work on /home/airflow/.local/lib/python3.12/site-packages/airflow/example_dags/example_external_task_marker_dag.py
[2026-04-13T16:54:42.478+0000] {processor.py:830} INFO - Processing file /home/airflow/.local/lib/python3.12/site-packages/airflow/example_dags/example_external_task_marker_dag.py for tasks to queue
[2026-04-13T16:54:42.481+0000] {logging_mixin.py:188} INFO - [2026-04-13T16:54:42.480+0000] {dagbag.py:545} INFO - Filling up the DagBag from /home/airflow/.local/lib/python3.12/site-packages/airflow/example_dags/example_external_task_marker_dag.py
[2026-04-13T16:54:42.489+0000] {processor.py:840} INFO - DAG(s) 'example_external_task_marker_parent', 'example_external_task_marker_child' retrieved from /home/airflow/.local/lib/python3.12/site-packages/airflow/example_dags/example_external_task_marker_dag.py
[2026-04-13T16:54:42.521+0000] {logging_mixin.py:188} INFO - [2026-04-13T16:54:42.521+0000] {dag.py:3096} INFO - Sync 2 DAGs
[2026-04-13T16:54:42.538+0000] {logging_mixin.py:188} INFO - [2026-04-13T16:54:42.538+0000] {dag.py:3954} INFO - Setting next_dagrun for example_external_task_marker_child to None, run_after=None
[2026-04-13T16:54:42.544+0000] {logging_mixin.py:188} INFO - [2026-04-13T16:54:42.543+0000] {dag.py:3954} INFO - Setting next_dagrun for example_external_task_marker_parent to None, run_after=None
[2026-04-13T16:54:42.653+0000] {processor.py:183} INFO - Processing /home/airflow/.local/lib/python3.12/site-packages/airflow/example_dags/example_external_task_marker_dag.py took 0.184 seconds
[2026-04-13T16:55:13.371+0000] {processor.py:161} INFO - Started process (PID=1480) to work on /home/airflow/.local/lib/python3.12/site-packages/airflow/example_dags/example_external_task_marker_dag.py
[2026-04-13T16:55:13.372+0000] {processor.py:830} INFO - Processing file /home/airflow/.local/lib/python3.12/site-packages/airflow/example_dags/example_external_task_marker_dag.py for tasks to queue
[2026-04-13T16:55:13.375+0000] {logging_mixin.py:188} INFO - [2026-04-13T16:55:13.374+0000] {dagbag.py:545} INFO - Filling up the DagBag from /home/airflow/.local/lib/python3.12/site-packages/airflow/example_dags/example_external_task_marker_dag.py
[2026-04-13T16:55:13.452+0000] {processor.py:840} INFO - DAG(s) 'example_external_task_marker_parent', 'example_external_task_marker_child' retrieved from /home/airflow/.local/lib/python3.12/site-packages/airflow/example_dags/example_external_task_marker_dag.py
[2026-04-13T16:55:13.490+0000] {logging_mixin.py:188} INFO - [2026-04-13T16:55:13.489+0000] {dag.py:3096} INFO - Sync 2 DAGs
[2026-04-13T16:55:13.508+0000] {logging_mixin.py:188} INFO - [2026-04-13T16:55:13.508+0000] {dag.py:3954} INFO - Setting next_dagrun for example_external_task_marker_child to None, run_after=None
[2026-04-13T16:55:13.514+0000] {logging_mixin.py:188} INFO - [2026-04-13T16:55:13.513+0000] {dag.py:3954} INFO - Setting next_dagrun for example_external_task_marker_parent to None, run_after=None
[2026-04-13T16:55:13.547+0000] {processor.py:183} INFO - Processing /home/airflow/.local/lib/python3.12/site-packages/airflow/example_dags/example_external_task_marker_dag.py took 0.186 seconds
[2026-04-13T16:55:43.902+0000] {processor.py:161} INFO - Started process (PID=1538) to work on /home/airflow/.local/lib/python3.12/site-packages/airflow/example_dags/example_external_task_marker_dag.py
[2026-04-13T16:55:43.904+0000] {processor.py:830} INFO - Processing file /home/airflow/.local/lib/python3.12/site-packages/airflow/example_dags/example_external_task_marker_dag.py for tasks to queue
[2026-04-13T16:55:43.906+0000] {logging_mixin.py:188} INFO - [2026-04-13T16:55:43.906+0000] {dagbag.py:545} INFO - Filling up the DagBag from /home/airflow/.local/lib/python3.12/site-packages/airflow/example_dags/example_external_task_marker_dag.py
[2026-04-13T16:55:43.914+0000] {processor.py:840} INFO - DAG(s) 'example_external_task_marker_child', 'example_external_task_marker_parent' retrieved from /home/airflow/.local/lib/python3.12/site-packages/airflow/example_dags/example_external_task_marker_dag.py
[2026-04-13T16:55:43.945+0000] {logging_mixin.py:188} INFO - [2026-04-13T16:55:43.945+0000] {dag.py:3096} INFO - Sync 2 DAGs
[2026-04-13T16:55:43.967+0000] {logging_mixin.py:188} INFO - [2026-04-13T16:55:43.967+0000] {dag.py:3954} INFO - Setting next_dagrun for example_external_task_marker_child to None, run_after=None
[2026-04-13T16:55:43.972+0000] {logging_mixin.py:188} INFO - [2026-04-13T16:55:43.972+0000] {dag.py:3954} INFO - Setting next_dagrun for example_external_task_marker_parent to None, run_after=None
[2026-04-13T16:55:43.999+0000] {processor.py:183} INFO - Processing /home/airflow/.local/lib/python3.12/site-packages/airflow/example_dags/example_external_task_marker_dag.py took 0.109 seconds
[2026-04-13T16:56:14.663+0000] {processor.py:161} INFO - Started process (PID=1596) to work on /home/airflow/.local/lib/python3.12/site-packages/airflow/example_dags/example_external_task_marker_dag.py
[2026-04-13T16:56:14.666+0000] {processor.py:830} INFO - Processing file /home/airflow/.local/lib/python3.12/site-packages/airflow/example_dags/example_external_task_marker_dag.py for tasks to queue
[2026-04-13T16:56:14.671+0000] {logging_mixin.py:188} INFO - [2026-04-13T16:56:14.670+0000] {dagbag.py:545} INFO - Filling up the DagBag from /home/airflow/.local/lib/python3.12/site-packages/airflow/example_dags/example_external_task_marker_dag.py
[2026-04-13T16:56:14.687+0000] {processor.py:840} INFO - DAG(s) 'example_external_task_marker_child', 'example_external_task_marker_parent' retrieved from /home/airflow/.local/lib/python3.12/site-packages/airflow/example_dags/example_external_task_marker_dag.py
[2026-04-13T16:56:14.741+0000] {logging_mixin.py:188} INFO - [2026-04-13T16:56:14.741+0000] {dag.py:3096} INFO - Sync 2 DAGs
[2026-04-13T16:56:14.773+0000] {logging_mixin.py:188} INFO - [2026-04-13T16:56:14.772+0000] {dag.py:3954} INFO - Setting next_dagrun for example_external_task_marker_child to None, run_after=None
[2026-04-13T16:56:14.782+0000] {logging_mixin.py:188} INFO - [2026-04-13T16:56:14.782+0000] {dag.py:3954} INFO - Setting next_dagrun for example_external_task_marker_parent to None, run_after=None
[2026-04-13T16:56:14.830+0000] {processor.py:183} INFO - Processing /home/airflow/.local/lib/python3.12/site-packages/airflow/example_dags/example_external_task_marker_dag.py took 0.182 seconds
[2026-04-13T16:56:45.513+0000] {processor.py:161} INFO - Started process (PID=1654) to work on /home/airflow/.local/lib/python3.12/site-packages/airflow/example_dags/example_external_task_marker_dag.py
[2026-04-13T16:56:45.519+0000] {processor.py:830} INFO - Processing file /home/airflow/.local/lib/python3.12/site-packages/airflow/example_dags/example_external_task_marker_dag.py for tasks to queue
[2026-04-13T16:56:45.526+0000] {logging_mixin.py:188} INFO - [2026-04-13T16:56:45.525+0000] {dagbag.py:545} INFO - Filling up the DagBag from /home/airflow/.local/lib/python3.12/site-packages/airflow/example_dags/example_external_task_marker_dag.py
[2026-04-13T16:56:45.563+0000] {processor.py:840} INFO - DAG(s) 'example_external_task_marker_parent', 'example_external_task_marker_child' retrieved from /home/airflow/.local/lib/python3.12/site-packages/airflow/example_dags/example_external_task_marker_dag.py
[2026-04-13T16:56:45.733+0000] {logging_mixin.py:188} INFO - [2026-04-13T16:56:45.732+0000] {dag.py:3096} INFO - Sync 2 DAGs
[2026-04-13T16:56:45.840+0000] {logging_mixin.py:188} INFO - [2026-04-13T16:56:45.840+0000] {dag.py:3954} INFO - Setting next_dagrun for example_external_task_marker_child to None, run_after=None
[2026-04-13T16:56:45.873+0000] {logging_mixin.py:188} INFO - [2026-04-13T16:56:45.872+0000] {dag.py:3954} INFO - Setting next_dagrun for example_external_task_marker_parent to None, run_after=None
[2026-04-13T16:56:45.947+0000] {processor.py:183} INFO - Processing /home/airflow/.local/lib/python3.12/site-packages/airflow/example_dags/example_external_task_marker_dag.py took 0.458 seconds
