[2026-04-13T16:43:08.902+0000] {processor.py:161} INFO - Started process (PID=110) to work on /home/airflow/.local/lib/python3.12/site-packages/airflow/example_dags/example_display_name.py
[2026-04-13T16:43:08.905+0000] {processor.py:830} INFO - Processing file /home/airflow/.local/lib/python3.12/site-packages/airflow/example_dags/example_display_name.py for tasks to queue
[2026-04-13T16:43:08.909+0000] {logging_mixin.py:188} INFO - [2026-04-13T16:43:08.909+0000] {dagbag.py:545} INFO - Filling up the DagBag from /home/airflow/.local/lib/python3.12/site-packages/airflow/example_dags/example_display_name.py
[2026-04-13T16:43:08.927+0000] {processor.py:840} INFO - DAG(s) 'example_display_name' retrieved from /home/airflow/.local/lib/python3.12/site-packages/airflow/example_dags/example_display_name.py
[2026-04-13T16:43:09.467+0000] {logging_mixin.py:188} INFO - [2026-04-13T16:43:09.467+0000] {dag.py:3096} INFO - Sync 1 DAGs
[2026-04-13T16:43:09.501+0000] {logging_mixin.py:188} INFO - [2026-04-13T16:43:09.500+0000] {dag.py:3954} INFO - Setting next_dagrun for example_display_name to None, run_after=None
[2026-04-13T16:43:09.571+0000] {processor.py:183} INFO - Processing /home/airflow/.local/lib/python3.12/site-packages/airflow/example_dags/example_display_name.py took 0.684 seconds
[2026-04-13T16:43:40.542+0000] {processor.py:161} INFO - Started process (PID=169) to work on /home/airflow/.local/lib/python3.12/site-packages/airflow/example_dags/example_display_name.py
[2026-04-13T16:43:40.548+0000] {processor.py:830} INFO - Processing file /home/airflow/.local/lib/python3.12/site-packages/airflow/example_dags/example_display_name.py for tasks to queue
[2026-04-13T16:43:40.558+0000] {logging_mixin.py:188} INFO - [2026-04-13T16:43:40.557+0000] {dagbag.py:545} INFO - Filling up the DagBag from /home/airflow/.local/lib/python3.12/site-packages/airflow/example_dags/example_display_name.py
[2026-04-13T16:43:40.606+0000] {processor.py:840} INFO - DAG(s) 'example_display_name' retrieved from /home/airflow/.local/lib/python3.12/site-packages/airflow/example_dags/example_display_name.py
[2026-04-13T16:43:40.740+0000] {logging_mixin.py:188} INFO - [2026-04-13T16:43:40.739+0000] {dag.py:3096} INFO - Sync 1 DAGs
[2026-04-13T16:43:40.831+0000] {logging_mixin.py:188} INFO - [2026-04-13T16:43:40.830+0000] {dag.py:3954} INFO - Setting next_dagrun for example_display_name to None, run_after=None
[2026-04-13T16:43:40.958+0000] {processor.py:183} INFO - Processing /home/airflow/.local/lib/python3.12/site-packages/airflow/example_dags/example_display_name.py took 0.461 seconds
[2026-04-13T16:44:12.205+0000] {processor.py:161} INFO - Started process (PID=227) to work on /home/airflow/.local/lib/python3.12/site-packages/airflow/example_dags/example_display_name.py
[2026-04-13T16:44:12.208+0000] {processor.py:830} INFO - Processing file /home/airflow/.local/lib/python3.12/site-packages/airflow/example_dags/example_display_name.py for tasks to queue
[2026-04-13T16:44:12.213+0000] {logging_mixin.py:188} INFO - [2026-04-13T16:44:12.212+0000] {dagbag.py:545} INFO - Filling up the DagBag from /home/airflow/.local/lib/python3.12/site-packages/airflow/example_dags/example_display_name.py
[2026-04-13T16:44:12.230+0000] {processor.py:840} INFO - DAG(s) 'example_display_name' retrieved from /home/airflow/.local/lib/python3.12/site-packages/airflow/example_dags/example_display_name.py
[2026-04-13T16:44:12.282+0000] {logging_mixin.py:188} INFO - [2026-04-13T16:44:12.281+0000] {dag.py:3096} INFO - Sync 1 DAGs
[2026-04-13T16:44:12.342+0000] {logging_mixin.py:188} INFO - [2026-04-13T16:44:12.341+0000] {dag.py:3954} INFO - Setting next_dagrun for example_display_name to None, run_after=None
[2026-04-13T16:44:12.394+0000] {processor.py:183} INFO - Processing /home/airflow/.local/lib/python3.12/site-packages/airflow/example_dags/example_display_name.py took 0.203 seconds
[2026-04-13T16:44:43.196+0000] {processor.py:161} INFO - Started process (PID=285) to work on /home/airflow/.local/lib/python3.12/site-packages/airflow/example_dags/example_display_name.py
[2026-04-13T16:44:43.198+0000] {processor.py:830} INFO - Processing file /home/airflow/.local/lib/python3.12/site-packages/airflow/example_dags/example_display_name.py for tasks to queue
[2026-04-13T16:44:43.200+0000] {logging_mixin.py:188} INFO - [2026-04-13T16:44:43.200+0000] {dagbag.py:545} INFO - Filling up the DagBag from /home/airflow/.local/lib/python3.12/site-packages/airflow/example_dags/example_display_name.py
[2026-04-13T16:44:43.209+0000] {processor.py:840} INFO - DAG(s) 'example_display_name' retrieved from /home/airflow/.local/lib/python3.12/site-packages/airflow/example_dags/example_display_name.py
[2026-04-13T16:44:43.235+0000] {logging_mixin.py:188} INFO - [2026-04-13T16:44:43.235+0000] {dag.py:3096} INFO - Sync 1 DAGs
[2026-04-13T16:44:43.253+0000] {logging_mixin.py:188} INFO - [2026-04-13T16:44:43.253+0000] {dag.py:3954} INFO - Setting next_dagrun for example_display_name to None, run_after=None
[2026-04-13T16:44:43.358+0000] {processor.py:183} INFO - Processing /home/airflow/.local/lib/python3.12/site-packages/airflow/example_dags/example_display_name.py took 0.170 seconds
[2026-04-13T16:45:13.519+0000] {processor.py:161} INFO - Started process (PID=343) to work on /home/airflow/.local/lib/python3.12/site-packages/airflow/example_dags/example_display_name.py
[2026-04-13T16:45:13.521+0000] {processor.py:830} INFO - Processing file /home/airflow/.local/lib/python3.12/site-packages/airflow/example_dags/example_display_name.py for tasks to queue
[2026-04-13T16:45:13.524+0000] {logging_mixin.py:188} INFO - [2026-04-13T16:45:13.523+0000] {dagbag.py:545} INFO - Filling up the DagBag from /home/airflow/.local/lib/python3.12/site-packages/airflow/example_dags/example_display_name.py
[2026-04-13T16:45:13.532+0000] {processor.py:840} INFO - DAG(s) 'example_display_name' retrieved from /home/airflow/.local/lib/python3.12/site-packages/airflow/example_dags/example_display_name.py
[2026-04-13T16:45:13.559+0000] {logging_mixin.py:188} INFO - [2026-04-13T16:45:13.559+0000] {dag.py:3096} INFO - Sync 1 DAGs
[2026-04-13T16:45:13.577+0000] {logging_mixin.py:188} INFO - [2026-04-13T16:45:13.576+0000] {dag.py:3954} INFO - Setting next_dagrun for example_display_name to None, run_after=None
[2026-04-13T16:45:13.668+0000] {processor.py:183} INFO - Processing /home/airflow/.local/lib/python3.12/site-packages/airflow/example_dags/example_display_name.py took 0.157 seconds
[2026-04-13T16:45:43.914+0000] {processor.py:161} INFO - Started process (PID=401) to work on /home/airflow/.local/lib/python3.12/site-packages/airflow/example_dags/example_display_name.py
[2026-04-13T16:45:43.919+0000] {processor.py:830} INFO - Processing file /home/airflow/.local/lib/python3.12/site-packages/airflow/example_dags/example_display_name.py for tasks to queue
[2026-04-13T16:45:43.927+0000] {logging_mixin.py:188} INFO - [2026-04-13T16:45:43.926+0000] {dagbag.py:545} INFO - Filling up the DagBag from /home/airflow/.local/lib/python3.12/site-packages/airflow/example_dags/example_display_name.py
[2026-04-13T16:45:43.939+0000] {processor.py:840} INFO - DAG(s) 'example_display_name' retrieved from /home/airflow/.local/lib/python3.12/site-packages/airflow/example_dags/example_display_name.py
[2026-04-13T16:45:43.990+0000] {logging_mixin.py:188} INFO - [2026-04-13T16:45:43.989+0000] {dag.py:3096} INFO - Sync 1 DAGs
[2026-04-13T16:45:44.014+0000] {logging_mixin.py:188} INFO - [2026-04-13T16:45:44.014+0000] {dag.py:3954} INFO - Setting next_dagrun for example_display_name to None, run_after=None
[2026-04-13T16:45:44.043+0000] {processor.py:183} INFO - Processing /home/airflow/.local/lib/python3.12/site-packages/airflow/example_dags/example_display_name.py took 0.146 seconds
[2026-04-13T16:46:14.115+0000] {processor.py:161} INFO - Started process (PID=459) to work on /home/airflow/.local/lib/python3.12/site-packages/airflow/example_dags/example_display_name.py
[2026-04-13T16:46:14.117+0000] {processor.py:830} INFO - Processing file /home/airflow/.local/lib/python3.12/site-packages/airflow/example_dags/example_display_name.py for tasks to queue
[2026-04-13T16:46:14.121+0000] {logging_mixin.py:188} INFO - [2026-04-13T16:46:14.120+0000] {dagbag.py:545} INFO - Filling up the DagBag from /home/airflow/.local/lib/python3.12/site-packages/airflow/example_dags/example_display_name.py
[2026-04-13T16:46:14.129+0000] {processor.py:840} INFO - DAG(s) 'example_display_name' retrieved from /home/airflow/.local/lib/python3.12/site-packages/airflow/example_dags/example_display_name.py
[2026-04-13T16:46:14.157+0000] {logging_mixin.py:188} INFO - [2026-04-13T16:46:14.157+0000] {dag.py:3096} INFO - Sync 1 DAGs
[2026-04-13T16:46:14.175+0000] {logging_mixin.py:188} INFO - [2026-04-13T16:46:14.175+0000] {dag.py:3954} INFO - Setting next_dagrun for example_display_name to None, run_after=None
[2026-04-13T16:46:14.248+0000] {processor.py:183} INFO - Processing /home/airflow/.local/lib/python3.12/site-packages/airflow/example_dags/example_display_name.py took 0.141 seconds
[2026-04-13T16:46:44.493+0000] {processor.py:161} INFO - Started process (PID=518) to work on /home/airflow/.local/lib/python3.12/site-packages/airflow/example_dags/example_display_name.py
[2026-04-13T16:46:44.494+0000] {processor.py:830} INFO - Processing file /home/airflow/.local/lib/python3.12/site-packages/airflow/example_dags/example_display_name.py for tasks to queue
[2026-04-13T16:46:44.498+0000] {logging_mixin.py:188} INFO - [2026-04-13T16:46:44.498+0000] {dagbag.py:545} INFO - Filling up the DagBag from /home/airflow/.local/lib/python3.12/site-packages/airflow/example_dags/example_display_name.py
[2026-04-13T16:46:44.507+0000] {processor.py:840} INFO - DAG(s) 'example_display_name' retrieved from /home/airflow/.local/lib/python3.12/site-packages/airflow/example_dags/example_display_name.py
[2026-04-13T16:46:44.537+0000] {logging_mixin.py:188} INFO - [2026-04-13T16:46:44.537+0000] {dag.py:3096} INFO - Sync 1 DAGs
[2026-04-13T16:46:44.560+0000] {logging_mixin.py:188} INFO - [2026-04-13T16:46:44.559+0000] {dag.py:3954} INFO - Setting next_dagrun for example_display_name to None, run_after=None
[2026-04-13T16:46:44.654+0000] {processor.py:183} INFO - Processing /home/airflow/.local/lib/python3.12/site-packages/airflow/example_dags/example_display_name.py took 0.174 seconds
[2026-04-13T16:47:15.612+0000] {processor.py:161} INFO - Started process (PID=576) to work on /home/airflow/.local/lib/python3.12/site-packages/airflow/example_dags/example_display_name.py
[2026-04-13T16:47:15.614+0000] {processor.py:830} INFO - Processing file /home/airflow/.local/lib/python3.12/site-packages/airflow/example_dags/example_display_name.py for tasks to queue
[2026-04-13T16:47:15.619+0000] {logging_mixin.py:188} INFO - [2026-04-13T16:47:15.618+0000] {dagbag.py:545} INFO - Filling up the DagBag from /home/airflow/.local/lib/python3.12/site-packages/airflow/example_dags/example_display_name.py
[2026-04-13T16:47:15.633+0000] {processor.py:840} INFO - DAG(s) 'example_display_name' retrieved from /home/airflow/.local/lib/python3.12/site-packages/airflow/example_dags/example_display_name.py
[2026-04-13T16:47:15.689+0000] {logging_mixin.py:188} INFO - [2026-04-13T16:47:15.688+0000] {dag.py:3096} INFO - Sync 1 DAGs
[2026-04-13T16:47:15.733+0000] {logging_mixin.py:188} INFO - [2026-04-13T16:47:15.733+0000] {dag.py:3954} INFO - Setting next_dagrun for example_display_name to None, run_after=None
[2026-04-13T16:47:15.857+0000] {processor.py:183} INFO - Processing /home/airflow/.local/lib/python3.12/site-packages/airflow/example_dags/example_display_name.py took 0.259 seconds
[2026-04-13T16:47:46.138+0000] {processor.py:161} INFO - Started process (PID=634) to work on /home/airflow/.local/lib/python3.12/site-packages/airflow/example_dags/example_display_name.py
[2026-04-13T16:47:46.140+0000] {processor.py:830} INFO - Processing file /home/airflow/.local/lib/python3.12/site-packages/airflow/example_dags/example_display_name.py for tasks to queue
[2026-04-13T16:47:46.143+0000] {logging_mixin.py:188} INFO - [2026-04-13T16:47:46.142+0000] {dagbag.py:545} INFO - Filling up the DagBag from /home/airflow/.local/lib/python3.12/site-packages/airflow/example_dags/example_display_name.py
[2026-04-13T16:47:46.152+0000] {processor.py:840} INFO - DAG(s) 'example_display_name' retrieved from /home/airflow/.local/lib/python3.12/site-packages/airflow/example_dags/example_display_name.py
[2026-04-13T16:47:46.183+0000] {logging_mixin.py:188} INFO - [2026-04-13T16:47:46.182+0000] {dag.py:3096} INFO - Sync 1 DAGs
[2026-04-13T16:47:46.207+0000] {logging_mixin.py:188} INFO - [2026-04-13T16:47:46.207+0000] {dag.py:3954} INFO - Setting next_dagrun for example_display_name to None, run_after=None
[2026-04-13T16:47:46.242+0000] {processor.py:183} INFO - Processing /home/airflow/.local/lib/python3.12/site-packages/airflow/example_dags/example_display_name.py took 0.114 seconds
[2026-04-13T16:48:17.063+0000] {processor.py:161} INFO - Started process (PID=692) to work on /home/airflow/.local/lib/python3.12/site-packages/airflow/example_dags/example_display_name.py
[2026-04-13T16:48:17.065+0000] {processor.py:830} INFO - Processing file /home/airflow/.local/lib/python3.12/site-packages/airflow/example_dags/example_display_name.py for tasks to queue
[2026-04-13T16:48:17.070+0000] {logging_mixin.py:188} INFO - [2026-04-13T16:48:17.069+0000] {dagbag.py:545} INFO - Filling up the DagBag from /home/airflow/.local/lib/python3.12/site-packages/airflow/example_dags/example_display_name.py
[2026-04-13T16:48:17.082+0000] {processor.py:840} INFO - DAG(s) 'example_display_name' retrieved from /home/airflow/.local/lib/python3.12/site-packages/airflow/example_dags/example_display_name.py
[2026-04-13T16:48:17.127+0000] {logging_mixin.py:188} INFO - [2026-04-13T16:48:17.126+0000] {dag.py:3096} INFO - Sync 1 DAGs
[2026-04-13T16:48:17.158+0000] {logging_mixin.py:188} INFO - [2026-04-13T16:48:17.157+0000] {dag.py:3954} INFO - Setting next_dagrun for example_display_name to None, run_after=None
[2026-04-13T16:48:17.277+0000] {processor.py:183} INFO - Processing /home/airflow/.local/lib/python3.12/site-packages/airflow/example_dags/example_display_name.py took 0.228 seconds
[2026-04-13T16:48:47.900+0000] {processor.py:161} INFO - Started process (PID=750) to work on /home/airflow/.local/lib/python3.12/site-packages/airflow/example_dags/example_display_name.py
[2026-04-13T16:48:47.902+0000] {processor.py:830} INFO - Processing file /home/airflow/.local/lib/python3.12/site-packages/airflow/example_dags/example_display_name.py for tasks to queue
[2026-04-13T16:48:47.904+0000] {logging_mixin.py:188} INFO - [2026-04-13T16:48:47.904+0000] {dagbag.py:545} INFO - Filling up the DagBag from /home/airflow/.local/lib/python3.12/site-packages/airflow/example_dags/example_display_name.py
[2026-04-13T16:48:47.913+0000] {processor.py:840} INFO - DAG(s) 'example_display_name' retrieved from /home/airflow/.local/lib/python3.12/site-packages/airflow/example_dags/example_display_name.py
[2026-04-13T16:48:47.940+0000] {logging_mixin.py:188} INFO - [2026-04-13T16:48:47.939+0000] {dag.py:3096} INFO - Sync 1 DAGs
[2026-04-13T16:48:47.959+0000] {logging_mixin.py:188} INFO - [2026-04-13T16:48:47.959+0000] {dag.py:3954} INFO - Setting next_dagrun for example_display_name to None, run_after=None
[2026-04-13T16:48:48.065+0000] {processor.py:183} INFO - Processing /home/airflow/.local/lib/python3.12/site-packages/airflow/example_dags/example_display_name.py took 0.172 seconds
[2026-04-13T16:49:18.641+0000] {processor.py:161} INFO - Started process (PID=808) to work on /home/airflow/.local/lib/python3.12/site-packages/airflow/example_dags/example_display_name.py
[2026-04-13T16:49:18.643+0000] {processor.py:830} INFO - Processing file /home/airflow/.local/lib/python3.12/site-packages/airflow/example_dags/example_display_name.py for tasks to queue
[2026-04-13T16:49:18.646+0000] {logging_mixin.py:188} INFO - [2026-04-13T16:49:18.646+0000] {dagbag.py:545} INFO - Filling up the DagBag from /home/airflow/.local/lib/python3.12/site-packages/airflow/example_dags/example_display_name.py
[2026-04-13T16:49:18.652+0000] {processor.py:840} INFO - DAG(s) 'example_display_name' retrieved from /home/airflow/.local/lib/python3.12/site-packages/airflow/example_dags/example_display_name.py
[2026-04-13T16:49:18.677+0000] {logging_mixin.py:188} INFO - [2026-04-13T16:49:18.677+0000] {dag.py:3096} INFO - Sync 1 DAGs
[2026-04-13T16:49:18.694+0000] {logging_mixin.py:188} INFO - [2026-04-13T16:49:18.694+0000] {dag.py:3954} INFO - Setting next_dagrun for example_display_name to None, run_after=None
[2026-04-13T16:49:18.797+0000] {processor.py:183} INFO - Processing /home/airflow/.local/lib/python3.12/site-packages/airflow/example_dags/example_display_name.py took 0.165 seconds
[2026-04-13T16:49:49.518+0000] {processor.py:161} INFO - Started process (PID=872) to work on /home/airflow/.local/lib/python3.12/site-packages/airflow/example_dags/example_display_name.py
[2026-04-13T16:49:49.519+0000] {processor.py:830} INFO - Processing file /home/airflow/.local/lib/python3.12/site-packages/airflow/example_dags/example_display_name.py for tasks to queue
[2026-04-13T16:49:49.522+0000] {logging_mixin.py:188} INFO - [2026-04-13T16:49:49.522+0000] {dagbag.py:545} INFO - Filling up the DagBag from /home/airflow/.local/lib/python3.12/site-packages/airflow/example_dags/example_display_name.py
[2026-04-13T16:49:49.530+0000] {processor.py:840} INFO - DAG(s) 'example_display_name' retrieved from /home/airflow/.local/lib/python3.12/site-packages/airflow/example_dags/example_display_name.py
[2026-04-13T16:49:49.557+0000] {logging_mixin.py:188} INFO - [2026-04-13T16:49:49.556+0000] {dag.py:3096} INFO - Sync 1 DAGs
[2026-04-13T16:49:49.575+0000] {logging_mixin.py:188} INFO - [2026-04-13T16:49:49.574+0000] {dag.py:3954} INFO - Setting next_dagrun for example_display_name to None, run_after=None
[2026-04-13T16:49:49.629+0000] {processor.py:183} INFO - Processing /home/airflow/.local/lib/python3.12/site-packages/airflow/example_dags/example_display_name.py took 0.119 seconds
[2026-04-13T16:50:19.854+0000] {processor.py:161} INFO - Started process (PID=930) to work on /home/airflow/.local/lib/python3.12/site-packages/airflow/example_dags/example_display_name.py
[2026-04-13T16:50:19.856+0000] {processor.py:830} INFO - Processing file /home/airflow/.local/lib/python3.12/site-packages/airflow/example_dags/example_display_name.py for tasks to queue
[2026-04-13T16:50:19.858+0000] {logging_mixin.py:188} INFO - [2026-04-13T16:50:19.858+0000] {dagbag.py:545} INFO - Filling up the DagBag from /home/airflow/.local/lib/python3.12/site-packages/airflow/example_dags/example_display_name.py
[2026-04-13T16:50:19.866+0000] {processor.py:840} INFO - DAG(s) 'example_display_name' retrieved from /home/airflow/.local/lib/python3.12/site-packages/airflow/example_dags/example_display_name.py
[2026-04-13T16:50:19.897+0000] {logging_mixin.py:188} INFO - [2026-04-13T16:50:19.897+0000] {dag.py:3096} INFO - Sync 1 DAGs
[2026-04-13T16:50:19.917+0000] {logging_mixin.py:188} INFO - [2026-04-13T16:50:19.917+0000] {dag.py:3954} INFO - Setting next_dagrun for example_display_name to None, run_after=None
[2026-04-13T16:50:19.951+0000] {processor.py:183} INFO - Processing /home/airflow/.local/lib/python3.12/site-packages/airflow/example_dags/example_display_name.py took 0.106 seconds
[2026-04-13T16:50:50.202+0000] {processor.py:161} INFO - Started process (PID=988) to work on /home/airflow/.local/lib/python3.12/site-packages/airflow/example_dags/example_display_name.py
[2026-04-13T16:50:50.204+0000] {processor.py:830} INFO - Processing file /home/airflow/.local/lib/python3.12/site-packages/airflow/example_dags/example_display_name.py for tasks to queue
[2026-04-13T16:50:50.209+0000] {logging_mixin.py:188} INFO - [2026-04-13T16:50:50.208+0000] {dagbag.py:545} INFO - Filling up the DagBag from /home/airflow/.local/lib/python3.12/site-packages/airflow/example_dags/example_display_name.py
[2026-04-13T16:50:50.222+0000] {processor.py:840} INFO - DAG(s) 'example_display_name' retrieved from /home/airflow/.local/lib/python3.12/site-packages/airflow/example_dags/example_display_name.py
[2026-04-13T16:50:50.266+0000] {logging_mixin.py:188} INFO - [2026-04-13T16:50:50.265+0000] {dag.py:3096} INFO - Sync 1 DAGs
[2026-04-13T16:50:50.296+0000] {logging_mixin.py:188} INFO - [2026-04-13T16:50:50.295+0000] {dag.py:3954} INFO - Setting next_dagrun for example_display_name to None, run_after=None
[2026-04-13T16:50:50.343+0000] {processor.py:183} INFO - Processing /home/airflow/.local/lib/python3.12/site-packages/airflow/example_dags/example_display_name.py took 0.154 seconds
[2026-04-13T16:51:20.650+0000] {processor.py:161} INFO - Started process (PID=1045) to work on /home/airflow/.local/lib/python3.12/site-packages/airflow/example_dags/example_display_name.py
[2026-04-13T16:51:20.652+0000] {processor.py:830} INFO - Processing file /home/airflow/.local/lib/python3.12/site-packages/airflow/example_dags/example_display_name.py for tasks to queue
[2026-04-13T16:51:20.657+0000] {logging_mixin.py:188} INFO - [2026-04-13T16:51:20.656+0000] {dagbag.py:545} INFO - Filling up the DagBag from /home/airflow/.local/lib/python3.12/site-packages/airflow/example_dags/example_display_name.py
[2026-04-13T16:51:20.670+0000] {processor.py:840} INFO - DAG(s) 'example_display_name' retrieved from /home/airflow/.local/lib/python3.12/site-packages/airflow/example_dags/example_display_name.py
[2026-04-13T16:51:20.714+0000] {logging_mixin.py:188} INFO - [2026-04-13T16:51:20.713+0000] {dag.py:3096} INFO - Sync 1 DAGs
[2026-04-13T16:51:20.743+0000] {logging_mixin.py:188} INFO - [2026-04-13T16:51:20.743+0000] {dag.py:3954} INFO - Setting next_dagrun for example_display_name to None, run_after=None
[2026-04-13T16:51:20.857+0000] {processor.py:183} INFO - Processing /home/airflow/.local/lib/python3.12/site-packages/airflow/example_dags/example_display_name.py took 0.221 seconds
[2026-04-13T16:51:51.054+0000] {processor.py:161} INFO - Started process (PID=1103) to work on /home/airflow/.local/lib/python3.12/site-packages/airflow/example_dags/example_display_name.py
[2026-04-13T16:51:51.056+0000] {processor.py:830} INFO - Processing file /home/airflow/.local/lib/python3.12/site-packages/airflow/example_dags/example_display_name.py for tasks to queue
[2026-04-13T16:51:51.060+0000] {logging_mixin.py:188} INFO - [2026-04-13T16:51:51.059+0000] {dagbag.py:545} INFO - Filling up the DagBag from /home/airflow/.local/lib/python3.12/site-packages/airflow/example_dags/example_display_name.py
[2026-04-13T16:51:51.069+0000] {processor.py:840} INFO - DAG(s) 'example_display_name' retrieved from /home/airflow/.local/lib/python3.12/site-packages/airflow/example_dags/example_display_name.py
[2026-04-13T16:51:51.095+0000] {logging_mixin.py:188} INFO - [2026-04-13T16:51:51.095+0000] {dag.py:3096} INFO - Sync 1 DAGs
[2026-04-13T16:51:51.114+0000] {logging_mixin.py:188} INFO - [2026-04-13T16:51:51.114+0000] {dag.py:3954} INFO - Setting next_dagrun for example_display_name to None, run_after=None
[2026-04-13T16:51:51.222+0000] {processor.py:183} INFO - Processing /home/airflow/.local/lib/python3.12/site-packages/airflow/example_dags/example_display_name.py took 0.181 seconds
[2026-04-13T16:52:21.414+0000] {processor.py:161} INFO - Started process (PID=1162) to work on /home/airflow/.local/lib/python3.12/site-packages/airflow/example_dags/example_display_name.py
[2026-04-13T16:52:21.416+0000] {processor.py:830} INFO - Processing file /home/airflow/.local/lib/python3.12/site-packages/airflow/example_dags/example_display_name.py for tasks to queue
[2026-04-13T16:52:21.420+0000] {logging_mixin.py:188} INFO - [2026-04-13T16:52:21.419+0000] {dagbag.py:545} INFO - Filling up the DagBag from /home/airflow/.local/lib/python3.12/site-packages/airflow/example_dags/example_display_name.py
[2026-04-13T16:52:21.428+0000] {processor.py:840} INFO - DAG(s) 'example_display_name' retrieved from /home/airflow/.local/lib/python3.12/site-packages/airflow/example_dags/example_display_name.py
[2026-04-13T16:52:21.453+0000] {logging_mixin.py:188} INFO - [2026-04-13T16:52:21.453+0000] {dag.py:3096} INFO - Sync 1 DAGs
[2026-04-13T16:52:21.469+0000] {logging_mixin.py:188} INFO - [2026-04-13T16:52:21.469+0000] {dag.py:3954} INFO - Setting next_dagrun for example_display_name to None, run_after=None
[2026-04-13T16:52:21.498+0000] {processor.py:183} INFO - Processing /home/airflow/.local/lib/python3.12/site-packages/airflow/example_dags/example_display_name.py took 0.096 seconds
[2026-04-13T16:52:51.788+0000] {processor.py:161} INFO - Started process (PID=1220) to work on /home/airflow/.local/lib/python3.12/site-packages/airflow/example_dags/example_display_name.py
[2026-04-13T16:52:51.791+0000] {processor.py:830} INFO - Processing file /home/airflow/.local/lib/python3.12/site-packages/airflow/example_dags/example_display_name.py for tasks to queue
[2026-04-13T16:52:51.796+0000] {logging_mixin.py:188} INFO - [2026-04-13T16:52:51.795+0000] {dagbag.py:545} INFO - Filling up the DagBag from /home/airflow/.local/lib/python3.12/site-packages/airflow/example_dags/example_display_name.py
[2026-04-13T16:52:51.811+0000] {processor.py:840} INFO - DAG(s) 'example_display_name' retrieved from /home/airflow/.local/lib/python3.12/site-packages/airflow/example_dags/example_display_name.py
[2026-04-13T16:52:51.860+0000] {logging_mixin.py:188} INFO - [2026-04-13T16:52:51.860+0000] {dag.py:3096} INFO - Sync 1 DAGs
[2026-04-13T16:52:51.895+0000] {logging_mixin.py:188} INFO - [2026-04-13T16:52:51.894+0000] {dag.py:3954} INFO - Setting next_dagrun for example_display_name to None, run_after=None
[2026-04-13T16:52:51.944+0000] {processor.py:183} INFO - Processing /home/airflow/.local/lib/python3.12/site-packages/airflow/example_dags/example_display_name.py took 0.170 seconds
[2026-04-13T16:53:22.027+0000] {processor.py:161} INFO - Started process (PID=1278) to work on /home/airflow/.local/lib/python3.12/site-packages/airflow/example_dags/example_display_name.py
[2026-04-13T16:53:22.029+0000] {processor.py:830} INFO - Processing file /home/airflow/.local/lib/python3.12/site-packages/airflow/example_dags/example_display_name.py for tasks to queue
[2026-04-13T16:53:22.032+0000] {logging_mixin.py:188} INFO - [2026-04-13T16:53:22.031+0000] {dagbag.py:545} INFO - Filling up the DagBag from /home/airflow/.local/lib/python3.12/site-packages/airflow/example_dags/example_display_name.py
[2026-04-13T16:53:22.045+0000] {processor.py:840} INFO - DAG(s) 'example_display_name' retrieved from /home/airflow/.local/lib/python3.12/site-packages/airflow/example_dags/example_display_name.py
[2026-04-13T16:53:22.071+0000] {logging_mixin.py:188} INFO - [2026-04-13T16:53:22.071+0000] {dag.py:3096} INFO - Sync 1 DAGs
[2026-04-13T16:53:22.089+0000] {logging_mixin.py:188} INFO - [2026-04-13T16:53:22.089+0000] {dag.py:3954} INFO - Setting next_dagrun for example_display_name to None, run_after=None
[2026-04-13T16:53:22.189+0000] {processor.py:183} INFO - Processing /home/airflow/.local/lib/python3.12/site-packages/airflow/example_dags/example_display_name.py took 0.169 seconds
[2026-04-13T16:53:52.857+0000] {processor.py:161} INFO - Started process (PID=1336) to work on /home/airflow/.local/lib/python3.12/site-packages/airflow/example_dags/example_display_name.py
[2026-04-13T16:53:52.860+0000] {processor.py:830} INFO - Processing file /home/airflow/.local/lib/python3.12/site-packages/airflow/example_dags/example_display_name.py for tasks to queue
[2026-04-13T16:53:52.864+0000] {logging_mixin.py:188} INFO - [2026-04-13T16:53:52.863+0000] {dagbag.py:545} INFO - Filling up the DagBag from /home/airflow/.local/lib/python3.12/site-packages/airflow/example_dags/example_display_name.py
[2026-04-13T16:53:52.876+0000] {processor.py:840} INFO - DAG(s) 'example_display_name' retrieved from /home/airflow/.local/lib/python3.12/site-packages/airflow/example_dags/example_display_name.py
[2026-04-13T16:53:52.904+0000] {logging_mixin.py:188} INFO - [2026-04-13T16:53:52.904+0000] {dag.py:3096} INFO - Sync 1 DAGs
[2026-04-13T16:53:52.921+0000] {logging_mixin.py:188} INFO - [2026-04-13T16:53:52.921+0000] {dag.py:3954} INFO - Setting next_dagrun for example_display_name to None, run_after=None
[2026-04-13T16:53:53.027+0000] {processor.py:183} INFO - Processing /home/airflow/.local/lib/python3.12/site-packages/airflow/example_dags/example_display_name.py took 0.182 seconds
[2026-04-13T16:54:23.531+0000] {processor.py:161} INFO - Started process (PID=1394) to work on /home/airflow/.local/lib/python3.12/site-packages/airflow/example_dags/example_display_name.py
[2026-04-13T16:54:23.534+0000] {processor.py:830} INFO - Processing file /home/airflow/.local/lib/python3.12/site-packages/airflow/example_dags/example_display_name.py for tasks to queue
[2026-04-13T16:54:23.539+0000] {logging_mixin.py:188} INFO - [2026-04-13T16:54:23.538+0000] {dagbag.py:545} INFO - Filling up the DagBag from /home/airflow/.local/lib/python3.12/site-packages/airflow/example_dags/example_display_name.py
[2026-04-13T16:54:23.555+0000] {processor.py:840} INFO - DAG(s) 'example_display_name' retrieved from /home/airflow/.local/lib/python3.12/site-packages/airflow/example_dags/example_display_name.py
[2026-04-13T16:54:23.609+0000] {logging_mixin.py:188} INFO - [2026-04-13T16:54:23.608+0000] {dag.py:3096} INFO - Sync 1 DAGs
[2026-04-13T16:54:23.646+0000] {logging_mixin.py:188} INFO - [2026-04-13T16:54:23.645+0000] {dag.py:3954} INFO - Setting next_dagrun for example_display_name to None, run_after=None
[2026-04-13T16:54:23.725+0000] {processor.py:183} INFO - Processing /home/airflow/.local/lib/python3.12/site-packages/airflow/example_dags/example_display_name.py took 0.213 seconds
[2026-04-13T16:54:54.250+0000] {processor.py:161} INFO - Started process (PID=1452) to work on /home/airflow/.local/lib/python3.12/site-packages/airflow/example_dags/example_display_name.py
[2026-04-13T16:54:54.252+0000] {processor.py:830} INFO - Processing file /home/airflow/.local/lib/python3.12/site-packages/airflow/example_dags/example_display_name.py for tasks to queue
[2026-04-13T16:54:54.254+0000] {logging_mixin.py:188} INFO - [2026-04-13T16:54:54.254+0000] {dagbag.py:545} INFO - Filling up the DagBag from /home/airflow/.local/lib/python3.12/site-packages/airflow/example_dags/example_display_name.py
[2026-04-13T16:54:54.262+0000] {processor.py:840} INFO - DAG(s) 'example_display_name' retrieved from /home/airflow/.local/lib/python3.12/site-packages/airflow/example_dags/example_display_name.py
[2026-04-13T16:54:54.287+0000] {logging_mixin.py:188} INFO - [2026-04-13T16:54:54.287+0000] {dag.py:3096} INFO - Sync 1 DAGs
[2026-04-13T16:54:54.304+0000] {logging_mixin.py:188} INFO - [2026-04-13T16:54:54.303+0000] {dag.py:3954} INFO - Setting next_dagrun for example_display_name to None, run_after=None
[2026-04-13T16:54:54.333+0000] {processor.py:183} INFO - Processing /home/airflow/.local/lib/python3.12/site-packages/airflow/example_dags/example_display_name.py took 0.092 seconds
[2026-04-13T16:55:24.993+0000] {processor.py:161} INFO - Started process (PID=1510) to work on /home/airflow/.local/lib/python3.12/site-packages/airflow/example_dags/example_display_name.py
[2026-04-13T16:55:24.995+0000] {processor.py:830} INFO - Processing file /home/airflow/.local/lib/python3.12/site-packages/airflow/example_dags/example_display_name.py for tasks to queue
[2026-04-13T16:55:24.998+0000] {logging_mixin.py:188} INFO - [2026-04-13T16:55:24.997+0000] {dagbag.py:545} INFO - Filling up the DagBag from /home/airflow/.local/lib/python3.12/site-packages/airflow/example_dags/example_display_name.py
[2026-04-13T16:55:25.008+0000] {processor.py:840} INFO - DAG(s) 'example_display_name' retrieved from /home/airflow/.local/lib/python3.12/site-packages/airflow/example_dags/example_display_name.py
[2026-04-13T16:55:25.037+0000] {logging_mixin.py:188} INFO - [2026-04-13T16:55:25.037+0000] {dag.py:3096} INFO - Sync 1 DAGs
[2026-04-13T16:55:25.060+0000] {logging_mixin.py:188} INFO - [2026-04-13T16:55:25.059+0000] {dag.py:3954} INFO - Setting next_dagrun for example_display_name to None, run_after=None
[2026-04-13T16:55:25.092+0000] {processor.py:183} INFO - Processing /home/airflow/.local/lib/python3.12/site-packages/airflow/example_dags/example_display_name.py took 0.106 seconds
[2026-04-13T16:55:55.244+0000] {processor.py:161} INFO - Started process (PID=1566) to work on /home/airflow/.local/lib/python3.12/site-packages/airflow/example_dags/example_display_name.py
[2026-04-13T16:55:55.246+0000] {processor.py:830} INFO - Processing file /home/airflow/.local/lib/python3.12/site-packages/airflow/example_dags/example_display_name.py for tasks to queue
[2026-04-13T16:55:55.249+0000] {logging_mixin.py:188} INFO - [2026-04-13T16:55:55.248+0000] {dagbag.py:545} INFO - Filling up the DagBag from /home/airflow/.local/lib/python3.12/site-packages/airflow/example_dags/example_display_name.py
[2026-04-13T16:55:55.257+0000] {processor.py:840} INFO - DAG(s) 'example_display_name' retrieved from /home/airflow/.local/lib/python3.12/site-packages/airflow/example_dags/example_display_name.py
[2026-04-13T16:55:55.289+0000] {logging_mixin.py:188} INFO - [2026-04-13T16:55:55.288+0000] {dag.py:3096} INFO - Sync 1 DAGs
[2026-04-13T16:55:55.310+0000] {logging_mixin.py:188} INFO - [2026-04-13T16:55:55.310+0000] {dag.py:3954} INFO - Setting next_dagrun for example_display_name to None, run_after=None
[2026-04-13T16:55:55.346+0000] {processor.py:183} INFO - Processing /home/airflow/.local/lib/python3.12/site-packages/airflow/example_dags/example_display_name.py took 0.110 seconds
[2026-04-13T16:56:25.857+0000] {processor.py:161} INFO - Started process (PID=1624) to work on /home/airflow/.local/lib/python3.12/site-packages/airflow/example_dags/example_display_name.py
[2026-04-13T16:56:25.859+0000] {processor.py:830} INFO - Processing file /home/airflow/.local/lib/python3.12/site-packages/airflow/example_dags/example_display_name.py for tasks to queue
[2026-04-13T16:56:25.862+0000] {logging_mixin.py:188} INFO - [2026-04-13T16:56:25.861+0000] {dagbag.py:545} INFO - Filling up the DagBag from /home/airflow/.local/lib/python3.12/site-packages/airflow/example_dags/example_display_name.py
[2026-04-13T16:56:25.871+0000] {processor.py:840} INFO - DAG(s) 'example_display_name' retrieved from /home/airflow/.local/lib/python3.12/site-packages/airflow/example_dags/example_display_name.py
[2026-04-13T16:56:25.900+0000] {logging_mixin.py:188} INFO - [2026-04-13T16:56:25.899+0000] {dag.py:3096} INFO - Sync 1 DAGs
[2026-04-13T16:56:25.916+0000] {logging_mixin.py:188} INFO - [2026-04-13T16:56:25.916+0000] {dag.py:3954} INFO - Setting next_dagrun for example_display_name to None, run_after=None
[2026-04-13T16:56:25.945+0000] {processor.py:183} INFO - Processing /home/airflow/.local/lib/python3.12/site-packages/airflow/example_dags/example_display_name.py took 0.097 seconds
[2026-04-13T16:56:56.939+0000] {processor.py:161} INFO - Started process (PID=1682) to work on /home/airflow/.local/lib/python3.12/site-packages/airflow/example_dags/example_display_name.py
[2026-04-13T16:56:56.941+0000] {processor.py:830} INFO - Processing file /home/airflow/.local/lib/python3.12/site-packages/airflow/example_dags/example_display_name.py for tasks to queue
[2026-04-13T16:56:56.945+0000] {logging_mixin.py:188} INFO - [2026-04-13T16:56:56.945+0000] {dagbag.py:545} INFO - Filling up the DagBag from /home/airflow/.local/lib/python3.12/site-packages/airflow/example_dags/example_display_name.py
[2026-04-13T16:56:56.959+0000] {processor.py:840} INFO - DAG(s) 'example_display_name' retrieved from /home/airflow/.local/lib/python3.12/site-packages/airflow/example_dags/example_display_name.py
[2026-04-13T16:56:57.004+0000] {logging_mixin.py:188} INFO - [2026-04-13T16:56:57.003+0000] {dag.py:3096} INFO - Sync 1 DAGs
[2026-04-13T16:56:57.035+0000] {logging_mixin.py:188} INFO - [2026-04-13T16:56:57.035+0000] {dag.py:3954} INFO - Setting next_dagrun for example_display_name to None, run_after=None
[2026-04-13T16:56:57.086+0000] {processor.py:183} INFO - Processing /home/airflow/.local/lib/python3.12/site-packages/airflow/example_dags/example_display_name.py took 0.161 seconds
