[2026-04-13T16:43:05.054+0000] {processor.py:161} INFO - Started process (PID=103) to work on /home/airflow/.local/lib/python3.12/site-packages/airflow/example_dags/example_setup_teardown.py
[2026-04-13T16:43:05.057+0000] {processor.py:830} INFO - Processing file /home/airflow/.local/lib/python3.12/site-packages/airflow/example_dags/example_setup_teardown.py for tasks to queue
[2026-04-13T16:43:05.063+0000] {logging_mixin.py:188} INFO - [2026-04-13T16:43:05.062+0000] {dagbag.py:545} INFO - Filling up the DagBag from /home/airflow/.local/lib/python3.12/site-packages/airflow/example_dags/example_setup_teardown.py
[2026-04-13T16:43:05.080+0000] {processor.py:840} INFO - DAG(s) 'example_setup_teardown' retrieved from /home/airflow/.local/lib/python3.12/site-packages/airflow/example_dags/example_setup_teardown.py
[2026-04-13T16:43:05.324+0000] {logging_mixin.py:188} INFO - [2026-04-13T16:43:05.323+0000] {dag.py:3096} INFO - Sync 1 DAGs
[2026-04-13T16:43:05.373+0000] {logging_mixin.py:188} INFO - [2026-04-13T16:43:05.373+0000] {dag.py:3954} INFO - Setting next_dagrun for example_setup_teardown to 2026-04-12 00:00:00+00:00, run_after=2026-04-13 00:00:00+00:00
[2026-04-13T16:43:05.486+0000] {processor.py:183} INFO - Processing /home/airflow/.local/lib/python3.12/site-packages/airflow/example_dags/example_setup_teardown.py took 0.447 seconds
[2026-04-13T16:43:37.228+0000] {processor.py:161} INFO - Started process (PID=162) to work on /home/airflow/.local/lib/python3.12/site-packages/airflow/example_dags/example_setup_teardown.py
[2026-04-13T16:43:37.232+0000] {processor.py:830} INFO - Processing file /home/airflow/.local/lib/python3.12/site-packages/airflow/example_dags/example_setup_teardown.py for tasks to queue
[2026-04-13T16:43:37.249+0000] {logging_mixin.py:188} INFO - [2026-04-13T16:43:37.247+0000] {dagbag.py:545} INFO - Filling up the DagBag from /home/airflow/.local/lib/python3.12/site-packages/airflow/example_dags/example_setup_teardown.py
[2026-04-13T16:43:37.287+0000] {processor.py:840} INFO - DAG(s) 'example_setup_teardown' retrieved from /home/airflow/.local/lib/python3.12/site-packages/airflow/example_dags/example_setup_teardown.py
[2026-04-13T16:43:37.436+0000] {logging_mixin.py:188} INFO - [2026-04-13T16:43:37.436+0000] {dag.py:3096} INFO - Sync 1 DAGs
[2026-04-13T16:43:37.733+0000] {logging_mixin.py:188} INFO - [2026-04-13T16:43:37.732+0000] {dag.py:3954} INFO - Setting next_dagrun for example_setup_teardown to 2026-04-12 00:00:00+00:00, run_after=2026-04-13 00:00:00+00:00
[2026-04-13T16:43:37.871+0000] {processor.py:183} INFO - Processing /home/airflow/.local/lib/python3.12/site-packages/airflow/example_dags/example_setup_teardown.py took 0.681 seconds
[2026-04-13T16:44:08.090+0000] {processor.py:161} INFO - Started process (PID=219) to work on /home/airflow/.local/lib/python3.12/site-packages/airflow/example_dags/example_setup_teardown.py
[2026-04-13T16:44:08.093+0000] {processor.py:830} INFO - Processing file /home/airflow/.local/lib/python3.12/site-packages/airflow/example_dags/example_setup_teardown.py for tasks to queue
[2026-04-13T16:44:08.102+0000] {logging_mixin.py:188} INFO - [2026-04-13T16:44:08.100+0000] {dagbag.py:545} INFO - Filling up the DagBag from /home/airflow/.local/lib/python3.12/site-packages/airflow/example_dags/example_setup_teardown.py
[2026-04-13T16:44:08.133+0000] {processor.py:840} INFO - DAG(s) 'example_setup_teardown' retrieved from /home/airflow/.local/lib/python3.12/site-packages/airflow/example_dags/example_setup_teardown.py
[2026-04-13T16:44:08.206+0000] {logging_mixin.py:188} INFO - [2026-04-13T16:44:08.205+0000] {dag.py:3096} INFO - Sync 1 DAGs
[2026-04-13T16:44:08.375+0000] {logging_mixin.py:188} INFO - [2026-04-13T16:44:08.374+0000] {dag.py:3954} INFO - Setting next_dagrun for example_setup_teardown to 2026-04-12 00:00:00+00:00, run_after=2026-04-13 00:00:00+00:00
[2026-04-13T16:44:08.485+0000] {processor.py:183} INFO - Processing /home/airflow/.local/lib/python3.12/site-packages/airflow/example_dags/example_setup_teardown.py took 0.437 seconds
[2026-04-13T16:44:39.108+0000] {processor.py:161} INFO - Started process (PID=277) to work on /home/airflow/.local/lib/python3.12/site-packages/airflow/example_dags/example_setup_teardown.py
[2026-04-13T16:44:39.111+0000] {processor.py:830} INFO - Processing file /home/airflow/.local/lib/python3.12/site-packages/airflow/example_dags/example_setup_teardown.py for tasks to queue
[2026-04-13T16:44:39.115+0000] {logging_mixin.py:188} INFO - [2026-04-13T16:44:39.114+0000] {dagbag.py:545} INFO - Filling up the DagBag from /home/airflow/.local/lib/python3.12/site-packages/airflow/example_dags/example_setup_teardown.py
[2026-04-13T16:44:39.127+0000] {processor.py:840} INFO - DAG(s) 'example_setup_teardown' retrieved from /home/airflow/.local/lib/python3.12/site-packages/airflow/example_dags/example_setup_teardown.py
[2026-04-13T16:44:39.155+0000] {logging_mixin.py:188} INFO - [2026-04-13T16:44:39.155+0000] {dag.py:3096} INFO - Sync 1 DAGs
[2026-04-13T16:44:39.183+0000] {logging_mixin.py:188} INFO - [2026-04-13T16:44:39.183+0000] {dag.py:3954} INFO - Setting next_dagrun for example_setup_teardown to 2026-04-12 00:00:00+00:00, run_after=2026-04-13 00:00:00+00:00
[2026-04-13T16:44:39.210+0000] {processor.py:183} INFO - Processing /home/airflow/.local/lib/python3.12/site-packages/airflow/example_dags/example_setup_teardown.py took 0.115 seconds
[2026-04-13T16:45:09.750+0000] {processor.py:161} INFO - Started process (PID=335) to work on /home/airflow/.local/lib/python3.12/site-packages/airflow/example_dags/example_setup_teardown.py
[2026-04-13T16:45:09.752+0000] {processor.py:830} INFO - Processing file /home/airflow/.local/lib/python3.12/site-packages/airflow/example_dags/example_setup_teardown.py for tasks to queue
[2026-04-13T16:45:09.755+0000] {logging_mixin.py:188} INFO - [2026-04-13T16:45:09.755+0000] {dagbag.py:545} INFO - Filling up the DagBag from /home/airflow/.local/lib/python3.12/site-packages/airflow/example_dags/example_setup_teardown.py
[2026-04-13T16:45:09.766+0000] {processor.py:840} INFO - DAG(s) 'example_setup_teardown' retrieved from /home/airflow/.local/lib/python3.12/site-packages/airflow/example_dags/example_setup_teardown.py
[2026-04-13T16:45:09.799+0000] {logging_mixin.py:188} INFO - [2026-04-13T16:45:09.799+0000] {dag.py:3096} INFO - Sync 1 DAGs
[2026-04-13T16:45:09.832+0000] {logging_mixin.py:188} INFO - [2026-04-13T16:45:09.832+0000] {dag.py:3954} INFO - Setting next_dagrun for example_setup_teardown to 2026-04-12 00:00:00+00:00, run_after=2026-04-13 00:00:00+00:00
[2026-04-13T16:45:09.913+0000] {processor.py:183} INFO - Processing /home/airflow/.local/lib/python3.12/site-packages/airflow/example_dags/example_setup_teardown.py took 0.178 seconds
[2026-04-13T16:45:40.093+0000] {processor.py:161} INFO - Started process (PID=393) to work on /home/airflow/.local/lib/python3.12/site-packages/airflow/example_dags/example_setup_teardown.py
[2026-04-13T16:45:40.094+0000] {processor.py:830} INFO - Processing file /home/airflow/.local/lib/python3.12/site-packages/airflow/example_dags/example_setup_teardown.py for tasks to queue
[2026-04-13T16:45:40.097+0000] {logging_mixin.py:188} INFO - [2026-04-13T16:45:40.096+0000] {dagbag.py:545} INFO - Filling up the DagBag from /home/airflow/.local/lib/python3.12/site-packages/airflow/example_dags/example_setup_teardown.py
[2026-04-13T16:45:40.105+0000] {processor.py:840} INFO - DAG(s) 'example_setup_teardown' retrieved from /home/airflow/.local/lib/python3.12/site-packages/airflow/example_dags/example_setup_teardown.py
[2026-04-13T16:45:40.133+0000] {logging_mixin.py:188} INFO - [2026-04-13T16:45:40.132+0000] {dag.py:3096} INFO - Sync 1 DAGs
[2026-04-13T16:45:40.161+0000] {logging_mixin.py:188} INFO - [2026-04-13T16:45:40.161+0000] {dag.py:3954} INFO - Setting next_dagrun for example_setup_teardown to 2026-04-12 00:00:00+00:00, run_after=2026-04-13 00:00:00+00:00
[2026-04-13T16:45:40.188+0000] {processor.py:183} INFO - Processing /home/airflow/.local/lib/python3.12/site-packages/airflow/example_dags/example_setup_teardown.py took 0.103 seconds
[2026-04-13T16:46:10.352+0000] {processor.py:161} INFO - Started process (PID=451) to work on /home/airflow/.local/lib/python3.12/site-packages/airflow/example_dags/example_setup_teardown.py
[2026-04-13T16:46:10.353+0000] {processor.py:830} INFO - Processing file /home/airflow/.local/lib/python3.12/site-packages/airflow/example_dags/example_setup_teardown.py for tasks to queue
[2026-04-13T16:46:10.356+0000] {logging_mixin.py:188} INFO - [2026-04-13T16:46:10.355+0000] {dagbag.py:545} INFO - Filling up the DagBag from /home/airflow/.local/lib/python3.12/site-packages/airflow/example_dags/example_setup_teardown.py
[2026-04-13T16:46:10.364+0000] {processor.py:840} INFO - DAG(s) 'example_setup_teardown' retrieved from /home/airflow/.local/lib/python3.12/site-packages/airflow/example_dags/example_setup_teardown.py
[2026-04-13T16:46:10.391+0000] {logging_mixin.py:188} INFO - [2026-04-13T16:46:10.391+0000] {dag.py:3096} INFO - Sync 1 DAGs
[2026-04-13T16:46:10.420+0000] {logging_mixin.py:188} INFO - [2026-04-13T16:46:10.420+0000] {dag.py:3954} INFO - Setting next_dagrun for example_setup_teardown to 2026-04-12 00:00:00+00:00, run_after=2026-04-13 00:00:00+00:00
[2026-04-13T16:46:10.504+0000] {processor.py:183} INFO - Processing /home/airflow/.local/lib/python3.12/site-packages/airflow/example_dags/example_setup_teardown.py took 0.160 seconds
[2026-04-13T16:46:40.719+0000] {processor.py:161} INFO - Started process (PID=510) to work on /home/airflow/.local/lib/python3.12/site-packages/airflow/example_dags/example_setup_teardown.py
[2026-04-13T16:46:40.722+0000] {processor.py:830} INFO - Processing file /home/airflow/.local/lib/python3.12/site-packages/airflow/example_dags/example_setup_teardown.py for tasks to queue
[2026-04-13T16:46:40.726+0000] {logging_mixin.py:188} INFO - [2026-04-13T16:46:40.725+0000] {dagbag.py:545} INFO - Filling up the DagBag from /home/airflow/.local/lib/python3.12/site-packages/airflow/example_dags/example_setup_teardown.py
[2026-04-13T16:46:40.741+0000] {processor.py:840} INFO - DAG(s) 'example_setup_teardown' retrieved from /home/airflow/.local/lib/python3.12/site-packages/airflow/example_dags/example_setup_teardown.py
[2026-04-13T16:46:40.788+0000] {logging_mixin.py:188} INFO - [2026-04-13T16:46:40.788+0000] {dag.py:3096} INFO - Sync 1 DAGs
[2026-04-13T16:46:40.838+0000] {logging_mixin.py:188} INFO - [2026-04-13T16:46:40.838+0000] {dag.py:3954} INFO - Setting next_dagrun for example_setup_teardown to 2026-04-12 00:00:00+00:00, run_after=2026-04-13 00:00:00+00:00
[2026-04-13T16:46:40.950+0000] {processor.py:183} INFO - Processing /home/airflow/.local/lib/python3.12/site-packages/airflow/example_dags/example_setup_teardown.py took 0.245 seconds
[2026-04-13T16:47:11.387+0000] {processor.py:161} INFO - Started process (PID=568) to work on /home/airflow/.local/lib/python3.12/site-packages/airflow/example_dags/example_setup_teardown.py
[2026-04-13T16:47:11.390+0000] {processor.py:830} INFO - Processing file /home/airflow/.local/lib/python3.12/site-packages/airflow/example_dags/example_setup_teardown.py for tasks to queue
[2026-04-13T16:47:11.394+0000] {logging_mixin.py:188} INFO - [2026-04-13T16:47:11.394+0000] {dagbag.py:545} INFO - Filling up the DagBag from /home/airflow/.local/lib/python3.12/site-packages/airflow/example_dags/example_setup_teardown.py
[2026-04-13T16:47:11.410+0000] {processor.py:840} INFO - DAG(s) 'example_setup_teardown' retrieved from /home/airflow/.local/lib/python3.12/site-packages/airflow/example_dags/example_setup_teardown.py
[2026-04-13T16:47:11.461+0000] {logging_mixin.py:188} INFO - [2026-04-13T16:47:11.460+0000] {dag.py:3096} INFO - Sync 1 DAGs
[2026-04-13T16:47:11.511+0000] {logging_mixin.py:188} INFO - [2026-04-13T16:47:11.511+0000] {dag.py:3954} INFO - Setting next_dagrun for example_setup_teardown to 2026-04-12 00:00:00+00:00, run_after=2026-04-13 00:00:00+00:00
[2026-04-13T16:47:11.572+0000] {processor.py:183} INFO - Processing /home/airflow/.local/lib/python3.12/site-packages/airflow/example_dags/example_setup_teardown.py took 0.199 seconds
[2026-04-13T16:47:41.927+0000] {processor.py:161} INFO - Started process (PID=626) to work on /home/airflow/.local/lib/python3.12/site-packages/airflow/example_dags/example_setup_teardown.py
[2026-04-13T16:47:41.929+0000] {processor.py:830} INFO - Processing file /home/airflow/.local/lib/python3.12/site-packages/airflow/example_dags/example_setup_teardown.py for tasks to queue
[2026-04-13T16:47:41.934+0000] {logging_mixin.py:188} INFO - [2026-04-13T16:47:41.933+0000] {dagbag.py:545} INFO - Filling up the DagBag from /home/airflow/.local/lib/python3.12/site-packages/airflow/example_dags/example_setup_teardown.py
[2026-04-13T16:47:41.950+0000] {processor.py:840} INFO - DAG(s) 'example_setup_teardown' retrieved from /home/airflow/.local/lib/python3.12/site-packages/airflow/example_dags/example_setup_teardown.py
[2026-04-13T16:47:41.999+0000] {logging_mixin.py:188} INFO - [2026-04-13T16:47:41.999+0000] {dag.py:3096} INFO - Sync 1 DAGs
[2026-04-13T16:47:42.050+0000] {logging_mixin.py:188} INFO - [2026-04-13T16:47:42.050+0000] {dag.py:3954} INFO - Setting next_dagrun for example_setup_teardown to 2026-04-12 00:00:00+00:00, run_after=2026-04-13 00:00:00+00:00
[2026-04-13T16:47:42.169+0000] {processor.py:183} INFO - Processing /home/airflow/.local/lib/python3.12/site-packages/airflow/example_dags/example_setup_teardown.py took 0.257 seconds
[2026-04-13T16:48:12.462+0000] {processor.py:161} INFO - Started process (PID=684) to work on /home/airflow/.local/lib/python3.12/site-packages/airflow/example_dags/example_setup_teardown.py
[2026-04-13T16:48:12.464+0000] {processor.py:830} INFO - Processing file /home/airflow/.local/lib/python3.12/site-packages/airflow/example_dags/example_setup_teardown.py for tasks to queue
[2026-04-13T16:48:12.469+0000] {logging_mixin.py:188} INFO - [2026-04-13T16:48:12.468+0000] {dagbag.py:545} INFO - Filling up the DagBag from /home/airflow/.local/lib/python3.12/site-packages/airflow/example_dags/example_setup_teardown.py
[2026-04-13T16:48:12.484+0000] {processor.py:840} INFO - DAG(s) 'example_setup_teardown' retrieved from /home/airflow/.local/lib/python3.12/site-packages/airflow/example_dags/example_setup_teardown.py
[2026-04-13T16:48:12.534+0000] {logging_mixin.py:188} INFO - [2026-04-13T16:48:12.534+0000] {dag.py:3096} INFO - Sync 1 DAGs
[2026-04-13T16:48:12.586+0000] {logging_mixin.py:188} INFO - [2026-04-13T16:48:12.586+0000] {dag.py:3954} INFO - Setting next_dagrun for example_setup_teardown to 2026-04-12 00:00:00+00:00, run_after=2026-04-13 00:00:00+00:00
[2026-04-13T16:48:12.702+0000] {processor.py:183} INFO - Processing /home/airflow/.local/lib/python3.12/site-packages/airflow/example_dags/example_setup_teardown.py took 0.254 seconds
[2026-04-13T16:48:42.921+0000] {processor.py:161} INFO - Started process (PID=742) to work on /home/airflow/.local/lib/python3.12/site-packages/airflow/example_dags/example_setup_teardown.py
[2026-04-13T16:48:42.922+0000] {processor.py:830} INFO - Processing file /home/airflow/.local/lib/python3.12/site-packages/airflow/example_dags/example_setup_teardown.py for tasks to queue
[2026-04-13T16:48:42.925+0000] {logging_mixin.py:188} INFO - [2026-04-13T16:48:42.924+0000] {dagbag.py:545} INFO - Filling up the DagBag from /home/airflow/.local/lib/python3.12/site-packages/airflow/example_dags/example_setup_teardown.py
[2026-04-13T16:48:42.933+0000] {processor.py:840} INFO - DAG(s) 'example_setup_teardown' retrieved from /home/airflow/.local/lib/python3.12/site-packages/airflow/example_dags/example_setup_teardown.py
[2026-04-13T16:48:42.961+0000] {logging_mixin.py:188} INFO - [2026-04-13T16:48:42.960+0000] {dag.py:3096} INFO - Sync 1 DAGs
[2026-04-13T16:48:42.989+0000] {logging_mixin.py:188} INFO - [2026-04-13T16:48:42.988+0000] {dag.py:3954} INFO - Setting next_dagrun for example_setup_teardown to 2026-04-12 00:00:00+00:00, run_after=2026-04-13 00:00:00+00:00
[2026-04-13T16:48:43.017+0000] {processor.py:183} INFO - Processing /home/airflow/.local/lib/python3.12/site-packages/airflow/example_dags/example_setup_teardown.py took 0.104 seconds
[2026-04-13T16:49:13.301+0000] {processor.py:161} INFO - Started process (PID=800) to work on /home/airflow/.local/lib/python3.12/site-packages/airflow/example_dags/example_setup_teardown.py
[2026-04-13T16:49:13.302+0000] {processor.py:830} INFO - Processing file /home/airflow/.local/lib/python3.12/site-packages/airflow/example_dags/example_setup_teardown.py for tasks to queue
[2026-04-13T16:49:13.305+0000] {logging_mixin.py:188} INFO - [2026-04-13T16:49:13.304+0000] {dagbag.py:545} INFO - Filling up the DagBag from /home/airflow/.local/lib/python3.12/site-packages/airflow/example_dags/example_setup_teardown.py
[2026-04-13T16:49:13.313+0000] {processor.py:840} INFO - DAG(s) 'example_setup_teardown' retrieved from /home/airflow/.local/lib/python3.12/site-packages/airflow/example_dags/example_setup_teardown.py
[2026-04-13T16:49:13.340+0000] {logging_mixin.py:188} INFO - [2026-04-13T16:49:13.340+0000] {dag.py:3096} INFO - Sync 1 DAGs
[2026-04-13T16:49:13.370+0000] {logging_mixin.py:188} INFO - [2026-04-13T16:49:13.369+0000] {dag.py:3954} INFO - Setting next_dagrun for example_setup_teardown to 2026-04-12 00:00:00+00:00, run_after=2026-04-13 00:00:00+00:00
[2026-04-13T16:49:13.472+0000] {processor.py:183} INFO - Processing /home/airflow/.local/lib/python3.12/site-packages/airflow/example_dags/example_setup_teardown.py took 0.179 seconds
[2026-04-13T16:49:43.577+0000] {processor.py:161} INFO - Started process (PID=858) to work on /home/airflow/.local/lib/python3.12/site-packages/airflow/example_dags/example_setup_teardown.py
[2026-04-13T16:49:43.579+0000] {processor.py:830} INFO - Processing file /home/airflow/.local/lib/python3.12/site-packages/airflow/example_dags/example_setup_teardown.py for tasks to queue
[2026-04-13T16:49:43.583+0000] {logging_mixin.py:188} INFO - [2026-04-13T16:49:43.582+0000] {dagbag.py:545} INFO - Filling up the DagBag from /home/airflow/.local/lib/python3.12/site-packages/airflow/example_dags/example_setup_teardown.py
[2026-04-13T16:49:43.593+0000] {processor.py:840} INFO - DAG(s) 'example_setup_teardown' retrieved from /home/airflow/.local/lib/python3.12/site-packages/airflow/example_dags/example_setup_teardown.py
[2026-04-13T16:49:43.621+0000] {logging_mixin.py:188} INFO - [2026-04-13T16:49:43.621+0000] {dag.py:3096} INFO - Sync 1 DAGs
[2026-04-13T16:49:43.649+0000] {logging_mixin.py:188} INFO - [2026-04-13T16:49:43.649+0000] {dag.py:3954} INFO - Setting next_dagrun for example_setup_teardown to 2026-04-12 00:00:00+00:00, run_after=2026-04-13 00:00:00+00:00
[2026-04-13T16:49:43.744+0000] {processor.py:183} INFO - Processing /home/airflow/.local/lib/python3.12/site-packages/airflow/example_dags/example_setup_teardown.py took 0.182 seconds
[2026-04-13T16:50:14.398+0000] {processor.py:161} INFO - Started process (PID=916) to work on /home/airflow/.local/lib/python3.12/site-packages/airflow/example_dags/example_setup_teardown.py
[2026-04-13T16:50:14.401+0000] {processor.py:830} INFO - Processing file /home/airflow/.local/lib/python3.12/site-packages/airflow/example_dags/example_setup_teardown.py for tasks to queue
[2026-04-13T16:50:14.405+0000] {logging_mixin.py:188} INFO - [2026-04-13T16:50:14.405+0000] {dagbag.py:545} INFO - Filling up the DagBag from /home/airflow/.local/lib/python3.12/site-packages/airflow/example_dags/example_setup_teardown.py
[2026-04-13T16:50:14.424+0000] {processor.py:840} INFO - DAG(s) 'example_setup_teardown' retrieved from /home/airflow/.local/lib/python3.12/site-packages/airflow/example_dags/example_setup_teardown.py
[2026-04-13T16:50:14.485+0000] {logging_mixin.py:188} INFO - [2026-04-13T16:50:14.484+0000] {dag.py:3096} INFO - Sync 1 DAGs
[2026-04-13T16:50:14.559+0000] {logging_mixin.py:188} INFO - [2026-04-13T16:50:14.559+0000] {dag.py:3954} INFO - Setting next_dagrun for example_setup_teardown to 2026-04-12 00:00:00+00:00, run_after=2026-04-13 00:00:00+00:00
[2026-04-13T16:50:14.629+0000] {processor.py:183} INFO - Processing /home/airflow/.local/lib/python3.12/site-packages/airflow/example_dags/example_setup_teardown.py took 0.246 seconds
[2026-04-13T16:50:45.087+0000] {processor.py:161} INFO - Started process (PID=974) to work on /home/airflow/.local/lib/python3.12/site-packages/airflow/example_dags/example_setup_teardown.py
[2026-04-13T16:50:45.089+0000] {processor.py:830} INFO - Processing file /home/airflow/.local/lib/python3.12/site-packages/airflow/example_dags/example_setup_teardown.py for tasks to queue
[2026-04-13T16:50:45.094+0000] {logging_mixin.py:188} INFO - [2026-04-13T16:50:45.093+0000] {dagbag.py:545} INFO - Filling up the DagBag from /home/airflow/.local/lib/python3.12/site-packages/airflow/example_dags/example_setup_teardown.py
[2026-04-13T16:50:45.112+0000] {processor.py:840} INFO - DAG(s) 'example_setup_teardown' retrieved from /home/airflow/.local/lib/python3.12/site-packages/airflow/example_dags/example_setup_teardown.py
[2026-04-13T16:50:45.188+0000] {logging_mixin.py:188} INFO - [2026-04-13T16:50:45.187+0000] {dag.py:3096} INFO - Sync 1 DAGs
[2026-04-13T16:50:45.269+0000] {logging_mixin.py:188} INFO - [2026-04-13T16:50:45.268+0000] {dag.py:3954} INFO - Setting next_dagrun for example_setup_teardown to 2026-04-12 00:00:00+00:00, run_after=2026-04-13 00:00:00+00:00
[2026-04-13T16:50:45.367+0000] {processor.py:183} INFO - Processing /home/airflow/.local/lib/python3.12/site-packages/airflow/example_dags/example_setup_teardown.py took 0.297 seconds
[2026-04-13T16:51:15.590+0000] {processor.py:161} INFO - Started process (PID=1031) to work on /home/airflow/.local/lib/python3.12/site-packages/airflow/example_dags/example_setup_teardown.py
[2026-04-13T16:51:15.593+0000] {processor.py:830} INFO - Processing file /home/airflow/.local/lib/python3.12/site-packages/airflow/example_dags/example_setup_teardown.py for tasks to queue
[2026-04-13T16:51:15.597+0000] {logging_mixin.py:188} INFO - [2026-04-13T16:51:15.596+0000] {dagbag.py:545} INFO - Filling up the DagBag from /home/airflow/.local/lib/python3.12/site-packages/airflow/example_dags/example_setup_teardown.py
[2026-04-13T16:51:15.613+0000] {processor.py:840} INFO - DAG(s) 'example_setup_teardown' retrieved from /home/airflow/.local/lib/python3.12/site-packages/airflow/example_dags/example_setup_teardown.py
[2026-04-13T16:51:15.662+0000] {logging_mixin.py:188} INFO - [2026-04-13T16:51:15.661+0000] {dag.py:3096} INFO - Sync 1 DAGs
[2026-04-13T16:51:15.730+0000] {logging_mixin.py:188} INFO - [2026-04-13T16:51:15.729+0000] {dag.py:3954} INFO - Setting next_dagrun for example_setup_teardown to 2026-04-12 00:00:00+00:00, run_after=2026-04-13 00:00:00+00:00
[2026-04-13T16:51:15.870+0000] {processor.py:183} INFO - Processing /home/airflow/.local/lib/python3.12/site-packages/airflow/example_dags/example_setup_teardown.py took 0.293 seconds
[2026-04-13T16:51:46.167+0000] {processor.py:161} INFO - Started process (PID=1089) to work on /home/airflow/.local/lib/python3.12/site-packages/airflow/example_dags/example_setup_teardown.py
[2026-04-13T16:51:46.169+0000] {processor.py:830} INFO - Processing file /home/airflow/.local/lib/python3.12/site-packages/airflow/example_dags/example_setup_teardown.py for tasks to queue
[2026-04-13T16:51:46.173+0000] {logging_mixin.py:188} INFO - [2026-04-13T16:51:46.173+0000] {dagbag.py:545} INFO - Filling up the DagBag from /home/airflow/.local/lib/python3.12/site-packages/airflow/example_dags/example_setup_teardown.py
[2026-04-13T16:51:46.188+0000] {processor.py:840} INFO - DAG(s) 'example_setup_teardown' retrieved from /home/airflow/.local/lib/python3.12/site-packages/airflow/example_dags/example_setup_teardown.py
[2026-04-13T16:51:46.248+0000] {logging_mixin.py:188} INFO - [2026-04-13T16:51:46.247+0000] {dag.py:3096} INFO - Sync 1 DAGs
[2026-04-13T16:51:46.302+0000] {logging_mixin.py:188} INFO - [2026-04-13T16:51:46.302+0000] {dag.py:3954} INFO - Setting next_dagrun for example_setup_teardown to 2026-04-12 00:00:00+00:00, run_after=2026-04-13 00:00:00+00:00
[2026-04-13T16:51:46.425+0000] {processor.py:183} INFO - Processing /home/airflow/.local/lib/python3.12/site-packages/airflow/example_dags/example_setup_teardown.py took 0.272 seconds
[2026-04-13T16:52:16.580+0000] {processor.py:161} INFO - Started process (PID=1147) to work on /home/airflow/.local/lib/python3.12/site-packages/airflow/example_dags/example_setup_teardown.py
[2026-04-13T16:52:16.583+0000] {processor.py:830} INFO - Processing file /home/airflow/.local/lib/python3.12/site-packages/airflow/example_dags/example_setup_teardown.py for tasks to queue
[2026-04-13T16:52:16.588+0000] {logging_mixin.py:188} INFO - [2026-04-13T16:52:16.587+0000] {dagbag.py:545} INFO - Filling up the DagBag from /home/airflow/.local/lib/python3.12/site-packages/airflow/example_dags/example_setup_teardown.py
[2026-04-13T16:52:16.604+0000] {processor.py:840} INFO - DAG(s) 'example_setup_teardown' retrieved from /home/airflow/.local/lib/python3.12/site-packages/airflow/example_dags/example_setup_teardown.py
[2026-04-13T16:52:16.659+0000] {logging_mixin.py:188} INFO - [2026-04-13T16:52:16.658+0000] {dag.py:3096} INFO - Sync 1 DAGs
[2026-04-13T16:52:16.716+0000] {logging_mixin.py:188} INFO - [2026-04-13T16:52:16.715+0000] {dag.py:3954} INFO - Setting next_dagrun for example_setup_teardown to 2026-04-12 00:00:00+00:00, run_after=2026-04-13 00:00:00+00:00
[2026-04-13T16:52:16.842+0000] {processor.py:183} INFO - Processing /home/airflow/.local/lib/python3.12/site-packages/airflow/example_dags/example_setup_teardown.py took 0.276 seconds
[2026-04-13T16:52:47.103+0000] {processor.py:161} INFO - Started process (PID=1206) to work on /home/airflow/.local/lib/python3.12/site-packages/airflow/example_dags/example_setup_teardown.py
[2026-04-13T16:52:47.105+0000] {processor.py:830} INFO - Processing file /home/airflow/.local/lib/python3.12/site-packages/airflow/example_dags/example_setup_teardown.py for tasks to queue
[2026-04-13T16:52:47.107+0000] {logging_mixin.py:188} INFO - [2026-04-13T16:52:47.107+0000] {dagbag.py:545} INFO - Filling up the DagBag from /home/airflow/.local/lib/python3.12/site-packages/airflow/example_dags/example_setup_teardown.py
[2026-04-13T16:52:47.116+0000] {processor.py:840} INFO - DAG(s) 'example_setup_teardown' retrieved from /home/airflow/.local/lib/python3.12/site-packages/airflow/example_dags/example_setup_teardown.py
[2026-04-13T16:52:47.147+0000] {logging_mixin.py:188} INFO - [2026-04-13T16:52:47.147+0000] {dag.py:3096} INFO - Sync 1 DAGs
[2026-04-13T16:52:47.176+0000] {logging_mixin.py:188} INFO - [2026-04-13T16:52:47.176+0000] {dag.py:3954} INFO - Setting next_dagrun for example_setup_teardown to 2026-04-12 00:00:00+00:00, run_after=2026-04-13 00:00:00+00:00
[2026-04-13T16:52:47.203+0000] {processor.py:183} INFO - Processing /home/airflow/.local/lib/python3.12/site-packages/airflow/example_dags/example_setup_teardown.py took 0.108 seconds
[2026-04-13T16:53:17.356+0000] {processor.py:161} INFO - Started process (PID=1264) to work on /home/airflow/.local/lib/python3.12/site-packages/airflow/example_dags/example_setup_teardown.py
[2026-04-13T16:53:17.360+0000] {processor.py:830} INFO - Processing file /home/airflow/.local/lib/python3.12/site-packages/airflow/example_dags/example_setup_teardown.py for tasks to queue
[2026-04-13T16:53:17.371+0000] {logging_mixin.py:188} INFO - [2026-04-13T16:53:17.369+0000] {dagbag.py:545} INFO - Filling up the DagBag from /home/airflow/.local/lib/python3.12/site-packages/airflow/example_dags/example_setup_teardown.py
[2026-04-13T16:53:17.405+0000] {processor.py:840} INFO - DAG(s) 'example_setup_teardown' retrieved from /home/airflow/.local/lib/python3.12/site-packages/airflow/example_dags/example_setup_teardown.py
[2026-04-13T16:53:17.448+0000] {logging_mixin.py:188} INFO - [2026-04-13T16:53:17.447+0000] {dag.py:3096} INFO - Sync 1 DAGs
[2026-04-13T16:53:17.501+0000] {logging_mixin.py:188} INFO - [2026-04-13T16:53:17.500+0000] {dag.py:3954} INFO - Setting next_dagrun for example_setup_teardown to 2026-04-12 00:00:00+00:00, run_after=2026-04-13 00:00:00+00:00
[2026-04-13T16:53:17.532+0000] {processor.py:183} INFO - Processing /home/airflow/.local/lib/python3.12/site-packages/airflow/example_dags/example_setup_teardown.py took 0.193 seconds
[2026-04-13T16:53:48.134+0000] {processor.py:161} INFO - Started process (PID=1320) to work on /home/airflow/.local/lib/python3.12/site-packages/airflow/example_dags/example_setup_teardown.py
[2026-04-13T16:53:48.135+0000] {processor.py:830} INFO - Processing file /home/airflow/.local/lib/python3.12/site-packages/airflow/example_dags/example_setup_teardown.py for tasks to queue
[2026-04-13T16:53:48.139+0000] {logging_mixin.py:188} INFO - [2026-04-13T16:53:48.138+0000] {dagbag.py:545} INFO - Filling up the DagBag from /home/airflow/.local/lib/python3.12/site-packages/airflow/example_dags/example_setup_teardown.py
[2026-04-13T16:53:48.149+0000] {processor.py:840} INFO - DAG(s) 'example_setup_teardown' retrieved from /home/airflow/.local/lib/python3.12/site-packages/airflow/example_dags/example_setup_teardown.py
[2026-04-13T16:53:48.177+0000] {logging_mixin.py:188} INFO - [2026-04-13T16:53:48.177+0000] {dag.py:3096} INFO - Sync 1 DAGs
[2026-04-13T16:53:48.206+0000] {logging_mixin.py:188} INFO - [2026-04-13T16:53:48.206+0000] {dag.py:3954} INFO - Setting next_dagrun for example_setup_teardown to 2026-04-12 00:00:00+00:00, run_after=2026-04-13 00:00:00+00:00
[2026-04-13T16:53:48.238+0000] {processor.py:183} INFO - Processing /home/airflow/.local/lib/python3.12/site-packages/airflow/example_dags/example_setup_teardown.py took 0.113 seconds
[2026-04-13T16:54:18.529+0000] {processor.py:161} INFO - Started process (PID=1378) to work on /home/airflow/.local/lib/python3.12/site-packages/airflow/example_dags/example_setup_teardown.py
[2026-04-13T16:54:18.531+0000] {processor.py:830} INFO - Processing file /home/airflow/.local/lib/python3.12/site-packages/airflow/example_dags/example_setup_teardown.py for tasks to queue
[2026-04-13T16:54:18.536+0000] {logging_mixin.py:188} INFO - [2026-04-13T16:54:18.535+0000] {dagbag.py:545} INFO - Filling up the DagBag from /home/airflow/.local/lib/python3.12/site-packages/airflow/example_dags/example_setup_teardown.py
[2026-04-13T16:54:18.552+0000] {processor.py:840} INFO - DAG(s) 'example_setup_teardown' retrieved from /home/airflow/.local/lib/python3.12/site-packages/airflow/example_dags/example_setup_teardown.py
[2026-04-13T16:54:18.613+0000] {logging_mixin.py:188} INFO - [2026-04-13T16:54:18.612+0000] {dag.py:3096} INFO - Sync 1 DAGs
[2026-04-13T16:54:18.681+0000] {logging_mixin.py:188} INFO - [2026-04-13T16:54:18.680+0000] {dag.py:3954} INFO - Setting next_dagrun for example_setup_teardown to 2026-04-12 00:00:00+00:00, run_after=2026-04-13 00:00:00+00:00
[2026-04-13T16:54:18.733+0000] {processor.py:183} INFO - Processing /home/airflow/.local/lib/python3.12/site-packages/airflow/example_dags/example_setup_teardown.py took 0.219 seconds
[2026-04-13T16:54:48.969+0000] {processor.py:161} INFO - Started process (PID=1436) to work on /home/airflow/.local/lib/python3.12/site-packages/airflow/example_dags/example_setup_teardown.py
[2026-04-13T16:54:48.971+0000] {processor.py:830} INFO - Processing file /home/airflow/.local/lib/python3.12/site-packages/airflow/example_dags/example_setup_teardown.py for tasks to queue
[2026-04-13T16:54:48.976+0000] {logging_mixin.py:188} INFO - [2026-04-13T16:54:48.975+0000] {dagbag.py:545} INFO - Filling up the DagBag from /home/airflow/.local/lib/python3.12/site-packages/airflow/example_dags/example_setup_teardown.py
[2026-04-13T16:54:48.991+0000] {processor.py:840} INFO - DAG(s) 'example_setup_teardown' retrieved from /home/airflow/.local/lib/python3.12/site-packages/airflow/example_dags/example_setup_teardown.py
[2026-04-13T16:54:49.041+0000] {logging_mixin.py:188} INFO - [2026-04-13T16:54:49.040+0000] {dag.py:3096} INFO - Sync 1 DAGs
[2026-04-13T16:54:49.088+0000] {logging_mixin.py:188} INFO - [2026-04-13T16:54:49.088+0000] {dag.py:3954} INFO - Setting next_dagrun for example_setup_teardown to 2026-04-12 00:00:00+00:00, run_after=2026-04-13 00:00:00+00:00
[2026-04-13T16:54:49.123+0000] {processor.py:183} INFO - Processing /home/airflow/.local/lib/python3.12/site-packages/airflow/example_dags/example_setup_teardown.py took 0.171 seconds
[2026-04-13T16:55:19.661+0000] {processor.py:161} INFO - Started process (PID=1494) to work on /home/airflow/.local/lib/python3.12/site-packages/airflow/example_dags/example_setup_teardown.py
[2026-04-13T16:55:19.662+0000] {processor.py:830} INFO - Processing file /home/airflow/.local/lib/python3.12/site-packages/airflow/example_dags/example_setup_teardown.py for tasks to queue
[2026-04-13T16:55:19.665+0000] {logging_mixin.py:188} INFO - [2026-04-13T16:55:19.665+0000] {dagbag.py:545} INFO - Filling up the DagBag from /home/airflow/.local/lib/python3.12/site-packages/airflow/example_dags/example_setup_teardown.py
[2026-04-13T16:55:19.675+0000] {processor.py:840} INFO - DAG(s) 'example_setup_teardown' retrieved from /home/airflow/.local/lib/python3.12/site-packages/airflow/example_dags/example_setup_teardown.py
[2026-04-13T16:55:19.713+0000] {logging_mixin.py:188} INFO - [2026-04-13T16:55:19.713+0000] {dag.py:3096} INFO - Sync 1 DAGs
[2026-04-13T16:55:19.756+0000] {logging_mixin.py:188} INFO - [2026-04-13T16:55:19.756+0000] {dag.py:3954} INFO - Setting next_dagrun for example_setup_teardown to 2026-04-12 00:00:00+00:00, run_after=2026-04-13 00:00:00+00:00
[2026-04-13T16:55:19.792+0000] {processor.py:183} INFO - Processing /home/airflow/.local/lib/python3.12/site-packages/airflow/example_dags/example_setup_teardown.py took 0.140 seconds
[2026-04-13T16:55:50.247+0000] {processor.py:161} INFO - Started process (PID=1558) to work on /home/airflow/.local/lib/python3.12/site-packages/airflow/example_dags/example_setup_teardown.py
[2026-04-13T16:55:50.248+0000] {processor.py:830} INFO - Processing file /home/airflow/.local/lib/python3.12/site-packages/airflow/example_dags/example_setup_teardown.py for tasks to queue
[2026-04-13T16:55:50.251+0000] {logging_mixin.py:188} INFO - [2026-04-13T16:55:50.250+0000] {dagbag.py:545} INFO - Filling up the DagBag from /home/airflow/.local/lib/python3.12/site-packages/airflow/example_dags/example_setup_teardown.py
[2026-04-13T16:55:50.261+0000] {processor.py:840} INFO - DAG(s) 'example_setup_teardown' retrieved from /home/airflow/.local/lib/python3.12/site-packages/airflow/example_dags/example_setup_teardown.py
[2026-04-13T16:55:50.289+0000] {logging_mixin.py:188} INFO - [2026-04-13T16:55:50.288+0000] {dag.py:3096} INFO - Sync 1 DAGs
[2026-04-13T16:55:50.316+0000] {logging_mixin.py:188} INFO - [2026-04-13T16:55:50.316+0000] {dag.py:3954} INFO - Setting next_dagrun for example_setup_teardown to 2026-04-12 00:00:00+00:00, run_after=2026-04-13 00:00:00+00:00
[2026-04-13T16:55:50.349+0000] {processor.py:183} INFO - Processing /home/airflow/.local/lib/python3.12/site-packages/airflow/example_dags/example_setup_teardown.py took 0.110 seconds
[2026-04-13T16:56:20.956+0000] {processor.py:161} INFO - Started process (PID=1616) to work on /home/airflow/.local/lib/python3.12/site-packages/airflow/example_dags/example_setup_teardown.py
[2026-04-13T16:56:20.958+0000] {processor.py:830} INFO - Processing file /home/airflow/.local/lib/python3.12/site-packages/airflow/example_dags/example_setup_teardown.py for tasks to queue
[2026-04-13T16:56:20.960+0000] {logging_mixin.py:188} INFO - [2026-04-13T16:56:20.960+0000] {dagbag.py:545} INFO - Filling up the DagBag from /home/airflow/.local/lib/python3.12/site-packages/airflow/example_dags/example_setup_teardown.py
[2026-04-13T16:56:20.970+0000] {processor.py:840} INFO - DAG(s) 'example_setup_teardown' retrieved from /home/airflow/.local/lib/python3.12/site-packages/airflow/example_dags/example_setup_teardown.py
[2026-04-13T16:56:20.998+0000] {logging_mixin.py:188} INFO - [2026-04-13T16:56:20.997+0000] {dag.py:3096} INFO - Sync 1 DAGs
[2026-04-13T16:56:21.028+0000] {logging_mixin.py:188} INFO - [2026-04-13T16:56:21.028+0000] {dag.py:3954} INFO - Setting next_dagrun for example_setup_teardown to 2026-04-12 00:00:00+00:00, run_after=2026-04-13 00:00:00+00:00
[2026-04-13T16:56:21.058+0000] {processor.py:183} INFO - Processing /home/airflow/.local/lib/python3.12/site-packages/airflow/example_dags/example_setup_teardown.py took 0.111 seconds
[2026-04-13T16:56:51.266+0000] {processor.py:161} INFO - Started process (PID=1674) to work on /home/airflow/.local/lib/python3.12/site-packages/airflow/example_dags/example_setup_teardown.py
[2026-04-13T16:56:51.269+0000] {processor.py:830} INFO - Processing file /home/airflow/.local/lib/python3.12/site-packages/airflow/example_dags/example_setup_teardown.py for tasks to queue
[2026-04-13T16:56:51.273+0000] {logging_mixin.py:188} INFO - [2026-04-13T16:56:51.273+0000] {dagbag.py:545} INFO - Filling up the DagBag from /home/airflow/.local/lib/python3.12/site-packages/airflow/example_dags/example_setup_teardown.py
[2026-04-13T16:56:51.293+0000] {processor.py:840} INFO - DAG(s) 'example_setup_teardown' retrieved from /home/airflow/.local/lib/python3.12/site-packages/airflow/example_dags/example_setup_teardown.py
[2026-04-13T16:56:51.357+0000] {logging_mixin.py:188} INFO - [2026-04-13T16:56:51.357+0000] {dag.py:3096} INFO - Sync 1 DAGs
[2026-04-13T16:56:51.435+0000] {logging_mixin.py:188} INFO - [2026-04-13T16:56:51.434+0000] {dag.py:3954} INFO - Setting next_dagrun for example_setup_teardown to 2026-04-12 00:00:00+00:00, run_after=2026-04-13 00:00:00+00:00
[2026-04-13T16:56:51.496+0000] {processor.py:183} INFO - Processing /home/airflow/.local/lib/python3.12/site-packages/airflow/example_dags/example_setup_teardown.py took 0.250 seconds
