[2026-04-13T16:42:57.348+0000] {processor.py:161} INFO - Started process (PID=89) to work on /home/airflow/.local/lib/python3.12/site-packages/airflow/example_dags/example_sensor_decorator.py
[2026-04-13T16:42:57.359+0000] {processor.py:830} INFO - Processing file /home/airflow/.local/lib/python3.12/site-packages/airflow/example_dags/example_sensor_decorator.py for tasks to queue
[2026-04-13T16:42:57.381+0000] {logging_mixin.py:188} INFO - [2026-04-13T16:42:57.381+0000] {dagbag.py:545} INFO - Filling up the DagBag from /home/airflow/.local/lib/python3.12/site-packages/airflow/example_dags/example_sensor_decorator.py
[2026-04-13T16:42:57.427+0000] {processor.py:840} INFO - DAG(s) 'example_sensor_decorator' retrieved from /home/airflow/.local/lib/python3.12/site-packages/airflow/example_dags/example_sensor_decorator.py
[2026-04-13T16:42:58.237+0000] {logging_mixin.py:188} INFO - [2026-04-13T16:42:58.236+0000] {dag.py:3096} INFO - Sync 1 DAGs
[2026-04-13T16:42:58.294+0000] {logging_mixin.py:188} INFO - [2026-04-13T16:42:58.293+0000] {dag.py:3954} INFO - Setting next_dagrun for example_sensor_decorator to None, run_after=None
[2026-04-13T16:42:58.412+0000] {processor.py:183} INFO - Processing /home/airflow/.local/lib/python3.12/site-packages/airflow/example_dags/example_sensor_decorator.py took 1.185 seconds
[2026-04-13T16:43:28.881+0000] {processor.py:161} INFO - Started process (PID=148) to work on /home/airflow/.local/lib/python3.12/site-packages/airflow/example_dags/example_sensor_decorator.py
[2026-04-13T16:43:28.891+0000] {processor.py:830} INFO - Processing file /home/airflow/.local/lib/python3.12/site-packages/airflow/example_dags/example_sensor_decorator.py for tasks to queue
[2026-04-13T16:43:28.899+0000] {logging_mixin.py:188} INFO - [2026-04-13T16:43:28.897+0000] {dagbag.py:545} INFO - Filling up the DagBag from /home/airflow/.local/lib/python3.12/site-packages/airflow/example_dags/example_sensor_decorator.py
[2026-04-13T16:43:28.944+0000] {processor.py:840} INFO - DAG(s) 'example_sensor_decorator' retrieved from /home/airflow/.local/lib/python3.12/site-packages/airflow/example_dags/example_sensor_decorator.py
[2026-04-13T16:43:29.057+0000] {logging_mixin.py:188} INFO - [2026-04-13T16:43:29.056+0000] {dag.py:3096} INFO - Sync 1 DAGs
[2026-04-13T16:43:29.152+0000] {logging_mixin.py:188} INFO - [2026-04-13T16:43:29.151+0000] {dag.py:3954} INFO - Setting next_dagrun for example_sensor_decorator to None, run_after=None
[2026-04-13T16:43:29.265+0000] {processor.py:183} INFO - Processing /home/airflow/.local/lib/python3.12/site-packages/airflow/example_dags/example_sensor_decorator.py took 0.422 seconds
[2026-04-13T16:43:59.350+0000] {processor.py:161} INFO - Started process (PID=206) to work on /home/airflow/.local/lib/python3.12/site-packages/airflow/example_dags/example_sensor_decorator.py
[2026-04-13T16:43:59.351+0000] {processor.py:830} INFO - Processing file /home/airflow/.local/lib/python3.12/site-packages/airflow/example_dags/example_sensor_decorator.py for tasks to queue
[2026-04-13T16:43:59.354+0000] {logging_mixin.py:188} INFO - [2026-04-13T16:43:59.353+0000] {dagbag.py:545} INFO - Filling up the DagBag from /home/airflow/.local/lib/python3.12/site-packages/airflow/example_dags/example_sensor_decorator.py
[2026-04-13T16:43:59.361+0000] {processor.py:840} INFO - DAG(s) 'example_sensor_decorator' retrieved from /home/airflow/.local/lib/python3.12/site-packages/airflow/example_dags/example_sensor_decorator.py
[2026-04-13T16:43:59.387+0000] {logging_mixin.py:188} INFO - [2026-04-13T16:43:59.386+0000] {dag.py:3096} INFO - Sync 1 DAGs
[2026-04-13T16:43:59.403+0000] {logging_mixin.py:188} INFO - [2026-04-13T16:43:59.403+0000] {dag.py:3954} INFO - Setting next_dagrun for example_sensor_decorator to None, run_after=None
[2026-04-13T16:43:59.432+0000] {processor.py:183} INFO - Processing /home/airflow/.local/lib/python3.12/site-packages/airflow/example_dags/example_sensor_decorator.py took 0.090 seconds
[2026-04-13T16:44:29.496+0000] {processor.py:161} INFO - Started process (PID=264) to work on /home/airflow/.local/lib/python3.12/site-packages/airflow/example_dags/example_sensor_decorator.py
[2026-04-13T16:44:29.497+0000] {processor.py:830} INFO - Processing file /home/airflow/.local/lib/python3.12/site-packages/airflow/example_dags/example_sensor_decorator.py for tasks to queue
[2026-04-13T16:44:29.499+0000] {logging_mixin.py:188} INFO - [2026-04-13T16:44:29.499+0000] {dagbag.py:545} INFO - Filling up the DagBag from /home/airflow/.local/lib/python3.12/site-packages/airflow/example_dags/example_sensor_decorator.py
[2026-04-13T16:44:29.507+0000] {processor.py:840} INFO - DAG(s) 'example_sensor_decorator' retrieved from /home/airflow/.local/lib/python3.12/site-packages/airflow/example_dags/example_sensor_decorator.py
[2026-04-13T16:44:29.533+0000] {logging_mixin.py:188} INFO - [2026-04-13T16:44:29.533+0000] {dag.py:3096} INFO - Sync 1 DAGs
[2026-04-13T16:44:29.550+0000] {logging_mixin.py:188} INFO - [2026-04-13T16:44:29.549+0000] {dag.py:3954} INFO - Setting next_dagrun for example_sensor_decorator to None, run_after=None
[2026-04-13T16:44:29.578+0000] {processor.py:183} INFO - Processing /home/airflow/.local/lib/python3.12/site-packages/airflow/example_dags/example_sensor_decorator.py took 0.090 seconds
[2026-04-13T16:45:00.272+0000] {processor.py:161} INFO - Started process (PID=322) to work on /home/airflow/.local/lib/python3.12/site-packages/airflow/example_dags/example_sensor_decorator.py
[2026-04-13T16:45:00.274+0000] {processor.py:830} INFO - Processing file /home/airflow/.local/lib/python3.12/site-packages/airflow/example_dags/example_sensor_decorator.py for tasks to queue
[2026-04-13T16:45:00.278+0000] {logging_mixin.py:188} INFO - [2026-04-13T16:45:00.277+0000] {dagbag.py:545} INFO - Filling up the DagBag from /home/airflow/.local/lib/python3.12/site-packages/airflow/example_dags/example_sensor_decorator.py
[2026-04-13T16:45:00.286+0000] {processor.py:840} INFO - DAG(s) 'example_sensor_decorator' retrieved from /home/airflow/.local/lib/python3.12/site-packages/airflow/example_dags/example_sensor_decorator.py
[2026-04-13T16:45:00.311+0000] {logging_mixin.py:188} INFO - [2026-04-13T16:45:00.311+0000] {dag.py:3096} INFO - Sync 1 DAGs
[2026-04-13T16:45:00.329+0000] {logging_mixin.py:188} INFO - [2026-04-13T16:45:00.329+0000] {dag.py:3954} INFO - Setting next_dagrun for example_sensor_decorator to None, run_after=None
[2026-04-13T16:45:00.362+0000] {processor.py:183} INFO - Processing /home/airflow/.local/lib/python3.12/site-packages/airflow/example_dags/example_sensor_decorator.py took 0.099 seconds
[2026-04-13T16:45:30.941+0000] {processor.py:161} INFO - Started process (PID=380) to work on /home/airflow/.local/lib/python3.12/site-packages/airflow/example_dags/example_sensor_decorator.py
[2026-04-13T16:45:30.942+0000] {processor.py:830} INFO - Processing file /home/airflow/.local/lib/python3.12/site-packages/airflow/example_dags/example_sensor_decorator.py for tasks to queue
[2026-04-13T16:45:30.945+0000] {logging_mixin.py:188} INFO - [2026-04-13T16:45:30.945+0000] {dagbag.py:545} INFO - Filling up the DagBag from /home/airflow/.local/lib/python3.12/site-packages/airflow/example_dags/example_sensor_decorator.py
[2026-04-13T16:45:30.953+0000] {processor.py:840} INFO - DAG(s) 'example_sensor_decorator' retrieved from /home/airflow/.local/lib/python3.12/site-packages/airflow/example_dags/example_sensor_decorator.py
[2026-04-13T16:45:30.979+0000] {logging_mixin.py:188} INFO - [2026-04-13T16:45:30.979+0000] {dag.py:3096} INFO - Sync 1 DAGs
[2026-04-13T16:45:30.997+0000] {logging_mixin.py:188} INFO - [2026-04-13T16:45:30.996+0000] {dag.py:3954} INFO - Setting next_dagrun for example_sensor_decorator to None, run_after=None
[2026-04-13T16:45:31.028+0000] {processor.py:183} INFO - Processing /home/airflow/.local/lib/python3.12/site-packages/airflow/example_dags/example_sensor_decorator.py took 0.096 seconds
[2026-04-13T16:46:01.539+0000] {processor.py:161} INFO - Started process (PID=438) to work on /home/airflow/.local/lib/python3.12/site-packages/airflow/example_dags/example_sensor_decorator.py
[2026-04-13T16:46:01.542+0000] {processor.py:830} INFO - Processing file /home/airflow/.local/lib/python3.12/site-packages/airflow/example_dags/example_sensor_decorator.py for tasks to queue
[2026-04-13T16:46:01.547+0000] {logging_mixin.py:188} INFO - [2026-04-13T16:46:01.546+0000] {dagbag.py:545} INFO - Filling up the DagBag from /home/airflow/.local/lib/python3.12/site-packages/airflow/example_dags/example_sensor_decorator.py
[2026-04-13T16:46:01.568+0000] {processor.py:840} INFO - DAG(s) 'example_sensor_decorator' retrieved from /home/airflow/.local/lib/python3.12/site-packages/airflow/example_dags/example_sensor_decorator.py
[2026-04-13T16:46:01.622+0000] {logging_mixin.py:188} INFO - [2026-04-13T16:46:01.621+0000] {dag.py:3096} INFO - Sync 1 DAGs
[2026-04-13T16:46:01.658+0000] {logging_mixin.py:188} INFO - [2026-04-13T16:46:01.657+0000] {dag.py:3954} INFO - Setting next_dagrun for example_sensor_decorator to None, run_after=None
[2026-04-13T16:46:01.722+0000] {processor.py:183} INFO - Processing /home/airflow/.local/lib/python3.12/site-packages/airflow/example_dags/example_sensor_decorator.py took 0.209 seconds
[2026-04-13T16:46:32.400+0000] {processor.py:161} INFO - Started process (PID=497) to work on /home/airflow/.local/lib/python3.12/site-packages/airflow/example_dags/example_sensor_decorator.py
[2026-04-13T16:46:32.403+0000] {processor.py:830} INFO - Processing file /home/airflow/.local/lib/python3.12/site-packages/airflow/example_dags/example_sensor_decorator.py for tasks to queue
[2026-04-13T16:46:32.409+0000] {logging_mixin.py:188} INFO - [2026-04-13T16:46:32.408+0000] {dagbag.py:545} INFO - Filling up the DagBag from /home/airflow/.local/lib/python3.12/site-packages/airflow/example_dags/example_sensor_decorator.py
[2026-04-13T16:46:32.424+0000] {processor.py:840} INFO - DAG(s) 'example_sensor_decorator' retrieved from /home/airflow/.local/lib/python3.12/site-packages/airflow/example_dags/example_sensor_decorator.py
[2026-04-13T16:46:32.468+0000] {logging_mixin.py:188} INFO - [2026-04-13T16:46:32.467+0000] {dag.py:3096} INFO - Sync 1 DAGs
[2026-04-13T16:46:32.499+0000] {logging_mixin.py:188} INFO - [2026-04-13T16:46:32.498+0000] {dag.py:3954} INFO - Setting next_dagrun for example_sensor_decorator to None, run_after=None
[2026-04-13T16:46:32.544+0000] {processor.py:183} INFO - Processing /home/airflow/.local/lib/python3.12/site-packages/airflow/example_dags/example_sensor_decorator.py took 0.158 seconds
[2026-04-13T16:47:02.690+0000] {processor.py:161} INFO - Started process (PID=555) to work on /home/airflow/.local/lib/python3.12/site-packages/airflow/example_dags/example_sensor_decorator.py
[2026-04-13T16:47:02.691+0000] {processor.py:830} INFO - Processing file /home/airflow/.local/lib/python3.12/site-packages/airflow/example_dags/example_sensor_decorator.py for tasks to queue
[2026-04-13T16:47:02.694+0000] {logging_mixin.py:188} INFO - [2026-04-13T16:47:02.693+0000] {dagbag.py:545} INFO - Filling up the DagBag from /home/airflow/.local/lib/python3.12/site-packages/airflow/example_dags/example_sensor_decorator.py
[2026-04-13T16:47:02.701+0000] {processor.py:840} INFO - DAG(s) 'example_sensor_decorator' retrieved from /home/airflow/.local/lib/python3.12/site-packages/airflow/example_dags/example_sensor_decorator.py
[2026-04-13T16:47:02.727+0000] {logging_mixin.py:188} INFO - [2026-04-13T16:47:02.727+0000] {dag.py:3096} INFO - Sync 1 DAGs
[2026-04-13T16:47:02.743+0000] {logging_mixin.py:188} INFO - [2026-04-13T16:47:02.743+0000] {dag.py:3954} INFO - Setting next_dagrun for example_sensor_decorator to None, run_after=None
[2026-04-13T16:47:02.840+0000] {processor.py:183} INFO - Processing /home/airflow/.local/lib/python3.12/site-packages/airflow/example_dags/example_sensor_decorator.py took 0.158 seconds
[2026-04-13T16:47:33.123+0000] {processor.py:161} INFO - Started process (PID=613) to work on /home/airflow/.local/lib/python3.12/site-packages/airflow/example_dags/example_sensor_decorator.py
[2026-04-13T16:47:33.124+0000] {processor.py:830} INFO - Processing file /home/airflow/.local/lib/python3.12/site-packages/airflow/example_dags/example_sensor_decorator.py for tasks to queue
[2026-04-13T16:47:33.127+0000] {logging_mixin.py:188} INFO - [2026-04-13T16:47:33.127+0000] {dagbag.py:545} INFO - Filling up the DagBag from /home/airflow/.local/lib/python3.12/site-packages/airflow/example_dags/example_sensor_decorator.py
[2026-04-13T16:47:33.135+0000] {processor.py:840} INFO - DAG(s) 'example_sensor_decorator' retrieved from /home/airflow/.local/lib/python3.12/site-packages/airflow/example_dags/example_sensor_decorator.py
[2026-04-13T16:47:33.162+0000] {logging_mixin.py:188} INFO - [2026-04-13T16:47:33.161+0000] {dag.py:3096} INFO - Sync 1 DAGs
[2026-04-13T16:47:33.178+0000] {logging_mixin.py:188} INFO - [2026-04-13T16:47:33.177+0000] {dag.py:3954} INFO - Setting next_dagrun for example_sensor_decorator to None, run_after=None
[2026-04-13T16:47:33.285+0000] {processor.py:183} INFO - Processing /home/airflow/.local/lib/python3.12/site-packages/airflow/example_dags/example_sensor_decorator.py took 0.170 seconds
[2026-04-13T16:48:03.406+0000] {processor.py:161} INFO - Started process (PID=671) to work on /home/airflow/.local/lib/python3.12/site-packages/airflow/example_dags/example_sensor_decorator.py
[2026-04-13T16:48:03.408+0000] {processor.py:830} INFO - Processing file /home/airflow/.local/lib/python3.12/site-packages/airflow/example_dags/example_sensor_decorator.py for tasks to queue
[2026-04-13T16:48:03.411+0000] {logging_mixin.py:188} INFO - [2026-04-13T16:48:03.410+0000] {dagbag.py:545} INFO - Filling up the DagBag from /home/airflow/.local/lib/python3.12/site-packages/airflow/example_dags/example_sensor_decorator.py
[2026-04-13T16:48:03.422+0000] {processor.py:840} INFO - DAG(s) 'example_sensor_decorator' retrieved from /home/airflow/.local/lib/python3.12/site-packages/airflow/example_dags/example_sensor_decorator.py
[2026-04-13T16:48:03.464+0000] {logging_mixin.py:188} INFO - [2026-04-13T16:48:03.463+0000] {dag.py:3096} INFO - Sync 1 DAGs
[2026-04-13T16:48:03.489+0000] {logging_mixin.py:188} INFO - [2026-04-13T16:48:03.489+0000] {dag.py:3954} INFO - Setting next_dagrun for example_sensor_decorator to None, run_after=None
[2026-04-13T16:48:03.601+0000] {processor.py:183} INFO - Processing /home/airflow/.local/lib/python3.12/site-packages/airflow/example_dags/example_sensor_decorator.py took 0.206 seconds
[2026-04-13T16:48:33.827+0000] {processor.py:161} INFO - Started process (PID=729) to work on /home/airflow/.local/lib/python3.12/site-packages/airflow/example_dags/example_sensor_decorator.py
[2026-04-13T16:48:33.829+0000] {processor.py:830} INFO - Processing file /home/airflow/.local/lib/python3.12/site-packages/airflow/example_dags/example_sensor_decorator.py for tasks to queue
[2026-04-13T16:48:33.832+0000] {logging_mixin.py:188} INFO - [2026-04-13T16:48:33.831+0000] {dagbag.py:545} INFO - Filling up the DagBag from /home/airflow/.local/lib/python3.12/site-packages/airflow/example_dags/example_sensor_decorator.py
[2026-04-13T16:48:33.843+0000] {processor.py:840} INFO - DAG(s) 'example_sensor_decorator' retrieved from /home/airflow/.local/lib/python3.12/site-packages/airflow/example_dags/example_sensor_decorator.py
[2026-04-13T16:48:33.871+0000] {logging_mixin.py:188} INFO - [2026-04-13T16:48:33.871+0000] {dag.py:3096} INFO - Sync 1 DAGs
[2026-04-13T16:48:33.888+0000] {logging_mixin.py:188} INFO - [2026-04-13T16:48:33.888+0000] {dag.py:3954} INFO - Setting next_dagrun for example_sensor_decorator to None, run_after=None
[2026-04-13T16:48:33.918+0000] {processor.py:183} INFO - Processing /home/airflow/.local/lib/python3.12/site-packages/airflow/example_dags/example_sensor_decorator.py took 0.101 seconds
[2026-04-13T16:49:04.234+0000] {processor.py:161} INFO - Started process (PID=787) to work on /home/airflow/.local/lib/python3.12/site-packages/airflow/example_dags/example_sensor_decorator.py
[2026-04-13T16:49:04.235+0000] {processor.py:830} INFO - Processing file /home/airflow/.local/lib/python3.12/site-packages/airflow/example_dags/example_sensor_decorator.py for tasks to queue
[2026-04-13T16:49:04.238+0000] {logging_mixin.py:188} INFO - [2026-04-13T16:49:04.237+0000] {dagbag.py:545} INFO - Filling up the DagBag from /home/airflow/.local/lib/python3.12/site-packages/airflow/example_dags/example_sensor_decorator.py
[2026-04-13T16:49:04.246+0000] {processor.py:840} INFO - DAG(s) 'example_sensor_decorator' retrieved from /home/airflow/.local/lib/python3.12/site-packages/airflow/example_dags/example_sensor_decorator.py
[2026-04-13T16:49:04.271+0000] {logging_mixin.py:188} INFO - [2026-04-13T16:49:04.270+0000] {dag.py:3096} INFO - Sync 1 DAGs
[2026-04-13T16:49:04.287+0000] {logging_mixin.py:188} INFO - [2026-04-13T16:49:04.287+0000] {dag.py:3954} INFO - Setting next_dagrun for example_sensor_decorator to None, run_after=None
[2026-04-13T16:49:04.316+0000] {processor.py:183} INFO - Processing /home/airflow/.local/lib/python3.12/site-packages/airflow/example_dags/example_sensor_decorator.py took 0.090 seconds
[2026-04-13T16:49:35.384+0000] {processor.py:161} INFO - Started process (PID=845) to work on /home/airflow/.local/lib/python3.12/site-packages/airflow/example_dags/example_sensor_decorator.py
[2026-04-13T16:49:35.386+0000] {processor.py:830} INFO - Processing file /home/airflow/.local/lib/python3.12/site-packages/airflow/example_dags/example_sensor_decorator.py for tasks to queue
[2026-04-13T16:49:35.392+0000] {logging_mixin.py:188} INFO - [2026-04-13T16:49:35.391+0000] {dagbag.py:545} INFO - Filling up the DagBag from /home/airflow/.local/lib/python3.12/site-packages/airflow/example_dags/example_sensor_decorator.py
[2026-04-13T16:49:35.408+0000] {processor.py:840} INFO - DAG(s) 'example_sensor_decorator' retrieved from /home/airflow/.local/lib/python3.12/site-packages/airflow/example_dags/example_sensor_decorator.py
[2026-04-13T16:49:35.458+0000] {logging_mixin.py:188} INFO - [2026-04-13T16:49:35.458+0000] {dag.py:3096} INFO - Sync 1 DAGs
[2026-04-13T16:49:35.492+0000] {logging_mixin.py:188} INFO - [2026-04-13T16:49:35.492+0000] {dag.py:3954} INFO - Setting next_dagrun for example_sensor_decorator to None, run_after=None
[2026-04-13T16:49:35.578+0000] {processor.py:183} INFO - Processing /home/airflow/.local/lib/python3.12/site-packages/airflow/example_dags/example_sensor_decorator.py took 0.210 seconds
[2026-04-13T16:50:07.701+0000] {processor.py:161} INFO - Started process (PID=903) to work on /home/airflow/.local/lib/python3.12/site-packages/airflow/example_dags/example_sensor_decorator.py
[2026-04-13T16:50:07.704+0000] {processor.py:830} INFO - Processing file /home/airflow/.local/lib/python3.12/site-packages/airflow/example_dags/example_sensor_decorator.py for tasks to queue
[2026-04-13T16:50:07.710+0000] {logging_mixin.py:188} INFO - [2026-04-13T16:50:07.708+0000] {dagbag.py:545} INFO - Filling up the DagBag from /home/airflow/.local/lib/python3.12/site-packages/airflow/example_dags/example_sensor_decorator.py
[2026-04-13T16:50:07.755+0000] {processor.py:840} INFO - DAG(s) 'example_sensor_decorator' retrieved from /home/airflow/.local/lib/python3.12/site-packages/airflow/example_dags/example_sensor_decorator.py
[2026-04-13T16:50:07.856+0000] {logging_mixin.py:188} INFO - [2026-04-13T16:50:07.855+0000] {dag.py:3096} INFO - Sync 1 DAGs
[2026-04-13T16:50:08.048+0000] {logging_mixin.py:188} INFO - [2026-04-13T16:50:08.048+0000] {dag.py:3954} INFO - Setting next_dagrun for example_sensor_decorator to None, run_after=None
[2026-04-13T16:50:08.125+0000] {processor.py:183} INFO - Processing /home/airflow/.local/lib/python3.12/site-packages/airflow/example_dags/example_sensor_decorator.py took 0.482 seconds
[2026-04-13T16:50:38.885+0000] {processor.py:161} INFO - Started process (PID=959) to work on /home/airflow/.local/lib/python3.12/site-packages/airflow/example_dags/example_sensor_decorator.py
[2026-04-13T16:50:38.887+0000] {processor.py:830} INFO - Processing file /home/airflow/.local/lib/python3.12/site-packages/airflow/example_dags/example_sensor_decorator.py for tasks to queue
[2026-04-13T16:50:38.892+0000] {logging_mixin.py:188} INFO - [2026-04-13T16:50:38.891+0000] {dagbag.py:545} INFO - Filling up the DagBag from /home/airflow/.local/lib/python3.12/site-packages/airflow/example_dags/example_sensor_decorator.py
[2026-04-13T16:50:38.906+0000] {processor.py:840} INFO - DAG(s) 'example_sensor_decorator' retrieved from /home/airflow/.local/lib/python3.12/site-packages/airflow/example_dags/example_sensor_decorator.py
[2026-04-13T16:50:38.952+0000] {logging_mixin.py:188} INFO - [2026-04-13T16:50:38.952+0000] {dag.py:3096} INFO - Sync 1 DAGs
[2026-04-13T16:50:38.984+0000] {logging_mixin.py:188} INFO - [2026-04-13T16:50:38.983+0000] {dag.py:3954} INFO - Setting next_dagrun for example_sensor_decorator to None, run_after=None
[2026-04-13T16:50:39.105+0000] {processor.py:183} INFO - Processing /home/airflow/.local/lib/python3.12/site-packages/airflow/example_dags/example_sensor_decorator.py took 0.234 seconds
[2026-04-13T16:51:09.459+0000] {processor.py:161} INFO - Started process (PID=1017) to work on /home/airflow/.local/lib/python3.12/site-packages/airflow/example_dags/example_sensor_decorator.py
[2026-04-13T16:51:09.461+0000] {processor.py:830} INFO - Processing file /home/airflow/.local/lib/python3.12/site-packages/airflow/example_dags/example_sensor_decorator.py for tasks to queue
[2026-04-13T16:51:09.466+0000] {logging_mixin.py:188} INFO - [2026-04-13T16:51:09.465+0000] {dagbag.py:545} INFO - Filling up the DagBag from /home/airflow/.local/lib/python3.12/site-packages/airflow/example_dags/example_sensor_decorator.py
[2026-04-13T16:51:09.480+0000] {processor.py:840} INFO - DAG(s) 'example_sensor_decorator' retrieved from /home/airflow/.local/lib/python3.12/site-packages/airflow/example_dags/example_sensor_decorator.py
[2026-04-13T16:51:09.528+0000] {logging_mixin.py:188} INFO - [2026-04-13T16:51:09.527+0000] {dag.py:3096} INFO - Sync 1 DAGs
[2026-04-13T16:51:09.559+0000] {logging_mixin.py:188} INFO - [2026-04-13T16:51:09.559+0000] {dag.py:3954} INFO - Setting next_dagrun for example_sensor_decorator to None, run_after=None
[2026-04-13T16:51:09.609+0000] {processor.py:183} INFO - Processing /home/airflow/.local/lib/python3.12/site-packages/airflow/example_dags/example_sensor_decorator.py took 0.164 seconds
[2026-04-13T16:51:39.714+0000] {processor.py:161} INFO - Started process (PID=1075) to work on /home/airflow/.local/lib/python3.12/site-packages/airflow/example_dags/example_sensor_decorator.py
[2026-04-13T16:51:39.717+0000] {processor.py:830} INFO - Processing file /home/airflow/.local/lib/python3.12/site-packages/airflow/example_dags/example_sensor_decorator.py for tasks to queue
[2026-04-13T16:51:39.720+0000] {logging_mixin.py:188} INFO - [2026-04-13T16:51:39.720+0000] {dagbag.py:545} INFO - Filling up the DagBag from /home/airflow/.local/lib/python3.12/site-packages/airflow/example_dags/example_sensor_decorator.py
[2026-04-13T16:51:39.734+0000] {processor.py:840} INFO - DAG(s) 'example_sensor_decorator' retrieved from /home/airflow/.local/lib/python3.12/site-packages/airflow/example_dags/example_sensor_decorator.py
[2026-04-13T16:51:39.765+0000] {logging_mixin.py:188} INFO - [2026-04-13T16:51:39.764+0000] {dag.py:3096} INFO - Sync 1 DAGs
[2026-04-13T16:51:39.790+0000] {logging_mixin.py:188} INFO - [2026-04-13T16:51:39.789+0000] {dag.py:3954} INFO - Setting next_dagrun for example_sensor_decorator to None, run_after=None
[2026-04-13T16:51:39.841+0000] {processor.py:183} INFO - Processing /home/airflow/.local/lib/python3.12/site-packages/airflow/example_dags/example_sensor_decorator.py took 0.143 seconds
[2026-04-13T16:52:10.277+0000] {processor.py:161} INFO - Started process (PID=1133) to work on /home/airflow/.local/lib/python3.12/site-packages/airflow/example_dags/example_sensor_decorator.py
[2026-04-13T16:52:10.279+0000] {processor.py:830} INFO - Processing file /home/airflow/.local/lib/python3.12/site-packages/airflow/example_dags/example_sensor_decorator.py for tasks to queue
[2026-04-13T16:52:10.282+0000] {logging_mixin.py:188} INFO - [2026-04-13T16:52:10.282+0000] {dagbag.py:545} INFO - Filling up the DagBag from /home/airflow/.local/lib/python3.12/site-packages/airflow/example_dags/example_sensor_decorator.py
[2026-04-13T16:52:10.297+0000] {processor.py:840} INFO - DAG(s) 'example_sensor_decorator' retrieved from /home/airflow/.local/lib/python3.12/site-packages/airflow/example_dags/example_sensor_decorator.py
[2026-04-13T16:52:10.326+0000] {logging_mixin.py:188} INFO - [2026-04-13T16:52:10.326+0000] {dag.py:3096} INFO - Sync 1 DAGs
[2026-04-13T16:52:10.344+0000] {logging_mixin.py:188} INFO - [2026-04-13T16:52:10.344+0000] {dag.py:3954} INFO - Setting next_dagrun for example_sensor_decorator to None, run_after=None
[2026-04-13T16:52:10.454+0000] {processor.py:183} INFO - Processing /home/airflow/.local/lib/python3.12/site-packages/airflow/example_dags/example_sensor_decorator.py took 0.190 seconds
[2026-04-13T16:52:40.580+0000] {processor.py:161} INFO - Started process (PID=1192) to work on /home/airflow/.local/lib/python3.12/site-packages/airflow/example_dags/example_sensor_decorator.py
[2026-04-13T16:52:40.581+0000] {processor.py:830} INFO - Processing file /home/airflow/.local/lib/python3.12/site-packages/airflow/example_dags/example_sensor_decorator.py for tasks to queue
[2026-04-13T16:52:40.584+0000] {logging_mixin.py:188} INFO - [2026-04-13T16:52:40.584+0000] {dagbag.py:545} INFO - Filling up the DagBag from /home/airflow/.local/lib/python3.12/site-packages/airflow/example_dags/example_sensor_decorator.py
[2026-04-13T16:52:40.593+0000] {processor.py:840} INFO - DAG(s) 'example_sensor_decorator' retrieved from /home/airflow/.local/lib/python3.12/site-packages/airflow/example_dags/example_sensor_decorator.py
[2026-04-13T16:52:40.619+0000] {logging_mixin.py:188} INFO - [2026-04-13T16:52:40.619+0000] {dag.py:3096} INFO - Sync 1 DAGs
[2026-04-13T16:52:40.636+0000] {logging_mixin.py:188} INFO - [2026-04-13T16:52:40.635+0000] {dag.py:3954} INFO - Setting next_dagrun for example_sensor_decorator to None, run_after=None
[2026-04-13T16:52:40.665+0000] {processor.py:183} INFO - Processing /home/airflow/.local/lib/python3.12/site-packages/airflow/example_dags/example_sensor_decorator.py took 0.096 seconds
[2026-04-13T16:53:10.953+0000] {processor.py:161} INFO - Started process (PID=1250) to work on /home/airflow/.local/lib/python3.12/site-packages/airflow/example_dags/example_sensor_decorator.py
[2026-04-13T16:53:10.955+0000] {processor.py:830} INFO - Processing file /home/airflow/.local/lib/python3.12/site-packages/airflow/example_dags/example_sensor_decorator.py for tasks to queue
[2026-04-13T16:53:10.960+0000] {logging_mixin.py:188} INFO - [2026-04-13T16:53:10.959+0000] {dagbag.py:545} INFO - Filling up the DagBag from /home/airflow/.local/lib/python3.12/site-packages/airflow/example_dags/example_sensor_decorator.py
[2026-04-13T16:53:10.974+0000] {processor.py:840} INFO - DAG(s) 'example_sensor_decorator' retrieved from /home/airflow/.local/lib/python3.12/site-packages/airflow/example_dags/example_sensor_decorator.py
[2026-04-13T16:53:11.023+0000] {logging_mixin.py:188} INFO - [2026-04-13T16:53:11.023+0000] {dag.py:3096} INFO - Sync 1 DAGs
[2026-04-13T16:53:11.056+0000] {logging_mixin.py:188} INFO - [2026-04-13T16:53:11.056+0000] {dag.py:3954} INFO - Setting next_dagrun for example_sensor_decorator to None, run_after=None
[2026-04-13T16:53:11.104+0000] {processor.py:183} INFO - Processing /home/airflow/.local/lib/python3.12/site-packages/airflow/example_dags/example_sensor_decorator.py took 0.167 seconds
[2026-04-13T16:53:41.821+0000] {processor.py:161} INFO - Started process (PID=1308) to work on /home/airflow/.local/lib/python3.12/site-packages/airflow/example_dags/example_sensor_decorator.py
[2026-04-13T16:53:41.822+0000] {processor.py:830} INFO - Processing file /home/airflow/.local/lib/python3.12/site-packages/airflow/example_dags/example_sensor_decorator.py for tasks to queue
[2026-04-13T16:53:41.824+0000] {logging_mixin.py:188} INFO - [2026-04-13T16:53:41.824+0000] {dagbag.py:545} INFO - Filling up the DagBag from /home/airflow/.local/lib/python3.12/site-packages/airflow/example_dags/example_sensor_decorator.py
[2026-04-13T16:53:41.833+0000] {processor.py:840} INFO - DAG(s) 'example_sensor_decorator' retrieved from /home/airflow/.local/lib/python3.12/site-packages/airflow/example_dags/example_sensor_decorator.py
[2026-04-13T16:53:41.861+0000] {logging_mixin.py:188} INFO - [2026-04-13T16:53:41.860+0000] {dag.py:3096} INFO - Sync 1 DAGs
[2026-04-13T16:53:41.878+0000] {logging_mixin.py:188} INFO - [2026-04-13T16:53:41.878+0000] {dag.py:3954} INFO - Setting next_dagrun for example_sensor_decorator to None, run_after=None
[2026-04-13T16:53:41.981+0000] {processor.py:183} INFO - Processing /home/airflow/.local/lib/python3.12/site-packages/airflow/example_dags/example_sensor_decorator.py took 0.168 seconds
[2026-04-13T16:54:12.076+0000] {processor.py:161} INFO - Started process (PID=1366) to work on /home/airflow/.local/lib/python3.12/site-packages/airflow/example_dags/example_sensor_decorator.py
[2026-04-13T16:54:12.078+0000] {processor.py:830} INFO - Processing file /home/airflow/.local/lib/python3.12/site-packages/airflow/example_dags/example_sensor_decorator.py for tasks to queue
[2026-04-13T16:54:12.080+0000] {logging_mixin.py:188} INFO - [2026-04-13T16:54:12.080+0000] {dagbag.py:545} INFO - Filling up the DagBag from /home/airflow/.local/lib/python3.12/site-packages/airflow/example_dags/example_sensor_decorator.py
[2026-04-13T16:54:12.089+0000] {processor.py:840} INFO - DAG(s) 'example_sensor_decorator' retrieved from /home/airflow/.local/lib/python3.12/site-packages/airflow/example_dags/example_sensor_decorator.py
[2026-04-13T16:54:12.114+0000] {logging_mixin.py:188} INFO - [2026-04-13T16:54:12.114+0000] {dag.py:3096} INFO - Sync 1 DAGs
[2026-04-13T16:54:12.134+0000] {logging_mixin.py:188} INFO - [2026-04-13T16:54:12.134+0000] {dag.py:3954} INFO - Setting next_dagrun for example_sensor_decorator to None, run_after=None
[2026-04-13T16:54:12.163+0000] {processor.py:183} INFO - Processing /home/airflow/.local/lib/python3.12/site-packages/airflow/example_dags/example_sensor_decorator.py took 0.094 seconds
[2026-04-13T16:54:42.743+0000] {processor.py:161} INFO - Started process (PID=1424) to work on /home/airflow/.local/lib/python3.12/site-packages/airflow/example_dags/example_sensor_decorator.py
[2026-04-13T16:54:42.746+0000] {processor.py:830} INFO - Processing file /home/airflow/.local/lib/python3.12/site-packages/airflow/example_dags/example_sensor_decorator.py for tasks to queue
[2026-04-13T16:54:42.752+0000] {logging_mixin.py:188} INFO - [2026-04-13T16:54:42.751+0000] {dagbag.py:545} INFO - Filling up the DagBag from /home/airflow/.local/lib/python3.12/site-packages/airflow/example_dags/example_sensor_decorator.py
[2026-04-13T16:54:42.768+0000] {processor.py:840} INFO - DAG(s) 'example_sensor_decorator' retrieved from /home/airflow/.local/lib/python3.12/site-packages/airflow/example_dags/example_sensor_decorator.py
[2026-04-13T16:54:42.796+0000] {logging_mixin.py:188} INFO - [2026-04-13T16:54:42.796+0000] {dag.py:3096} INFO - Sync 1 DAGs
[2026-04-13T16:54:42.813+0000] {logging_mixin.py:188} INFO - [2026-04-13T16:54:42.812+0000] {dag.py:3954} INFO - Setting next_dagrun for example_sensor_decorator to None, run_after=None
[2026-04-13T16:54:42.842+0000] {processor.py:183} INFO - Processing /home/airflow/.local/lib/python3.12/site-packages/airflow/example_dags/example_sensor_decorator.py took 0.115 seconds
[2026-04-13T16:55:13.593+0000] {processor.py:161} INFO - Started process (PID=1482) to work on /home/airflow/.local/lib/python3.12/site-packages/airflow/example_dags/example_sensor_decorator.py
[2026-04-13T16:55:13.595+0000] {processor.py:830} INFO - Processing file /home/airflow/.local/lib/python3.12/site-packages/airflow/example_dags/example_sensor_decorator.py for tasks to queue
[2026-04-13T16:55:13.597+0000] {logging_mixin.py:188} INFO - [2026-04-13T16:55:13.597+0000] {dagbag.py:545} INFO - Filling up the DagBag from /home/airflow/.local/lib/python3.12/site-packages/airflow/example_dags/example_sensor_decorator.py
[2026-04-13T16:55:13.608+0000] {processor.py:840} INFO - DAG(s) 'example_sensor_decorator' retrieved from /home/airflow/.local/lib/python3.12/site-packages/airflow/example_dags/example_sensor_decorator.py
[2026-04-13T16:55:13.634+0000] {logging_mixin.py:188} INFO - [2026-04-13T16:55:13.633+0000] {dag.py:3096} INFO - Sync 1 DAGs
[2026-04-13T16:55:13.654+0000] {logging_mixin.py:188} INFO - [2026-04-13T16:55:13.654+0000] {dag.py:3954} INFO - Setting next_dagrun for example_sensor_decorator to None, run_after=None
[2026-04-13T16:55:13.685+0000] {processor.py:183} INFO - Processing /home/airflow/.local/lib/python3.12/site-packages/airflow/example_dags/example_sensor_decorator.py took 0.100 seconds
[2026-04-13T16:55:44.049+0000] {processor.py:161} INFO - Started process (PID=1540) to work on /home/airflow/.local/lib/python3.12/site-packages/airflow/example_dags/example_sensor_decorator.py
[2026-04-13T16:55:44.050+0000] {processor.py:830} INFO - Processing file /home/airflow/.local/lib/python3.12/site-packages/airflow/example_dags/example_sensor_decorator.py for tasks to queue
[2026-04-13T16:55:44.053+0000] {logging_mixin.py:188} INFO - [2026-04-13T16:55:44.052+0000] {dagbag.py:545} INFO - Filling up the DagBag from /home/airflow/.local/lib/python3.12/site-packages/airflow/example_dags/example_sensor_decorator.py
[2026-04-13T16:55:44.061+0000] {processor.py:840} INFO - DAG(s) 'example_sensor_decorator' retrieved from /home/airflow/.local/lib/python3.12/site-packages/airflow/example_dags/example_sensor_decorator.py
[2026-04-13T16:55:44.095+0000] {logging_mixin.py:188} INFO - [2026-04-13T16:55:44.095+0000] {dag.py:3096} INFO - Sync 1 DAGs
[2026-04-13T16:55:44.148+0000] {logging_mixin.py:188} INFO - [2026-04-13T16:55:44.147+0000] {dag.py:3954} INFO - Setting next_dagrun for example_sensor_decorator to None, run_after=None
[2026-04-13T16:55:44.214+0000] {processor.py:183} INFO - Processing /home/airflow/.local/lib/python3.12/site-packages/airflow/example_dags/example_sensor_decorator.py took 0.173 seconds
[2026-04-13T16:56:14.917+0000] {processor.py:161} INFO - Started process (PID=1598) to work on /home/airflow/.local/lib/python3.12/site-packages/airflow/example_dags/example_sensor_decorator.py
[2026-04-13T16:56:14.919+0000] {processor.py:830} INFO - Processing file /home/airflow/.local/lib/python3.12/site-packages/airflow/example_dags/example_sensor_decorator.py for tasks to queue
[2026-04-13T16:56:14.923+0000] {logging_mixin.py:188} INFO - [2026-04-13T16:56:14.923+0000] {dagbag.py:545} INFO - Filling up the DagBag from /home/airflow/.local/lib/python3.12/site-packages/airflow/example_dags/example_sensor_decorator.py
[2026-04-13T16:56:14.939+0000] {processor.py:840} INFO - DAG(s) 'example_sensor_decorator' retrieved from /home/airflow/.local/lib/python3.12/site-packages/airflow/example_dags/example_sensor_decorator.py
[2026-04-13T16:56:14.968+0000] {logging_mixin.py:188} INFO - [2026-04-13T16:56:14.967+0000] {dag.py:3096} INFO - Sync 1 DAGs
[2026-04-13T16:56:14.986+0000] {logging_mixin.py:188} INFO - [2026-04-13T16:56:14.986+0000] {dag.py:3954} INFO - Setting next_dagrun for example_sensor_decorator to None, run_after=None
[2026-04-13T16:56:15.016+0000] {processor.py:183} INFO - Processing /home/airflow/.local/lib/python3.12/site-packages/airflow/example_dags/example_sensor_decorator.py took 0.114 seconds
[2026-04-13T16:56:46.087+0000] {processor.py:161} INFO - Started process (PID=1656) to work on /home/airflow/.local/lib/python3.12/site-packages/airflow/example_dags/example_sensor_decorator.py
[2026-04-13T16:56:46.107+0000] {processor.py:830} INFO - Processing file /home/airflow/.local/lib/python3.12/site-packages/airflow/example_dags/example_sensor_decorator.py for tasks to queue
[2026-04-13T16:56:46.124+0000] {logging_mixin.py:188} INFO - [2026-04-13T16:56:46.122+0000] {dagbag.py:545} INFO - Filling up the DagBag from /home/airflow/.local/lib/python3.12/site-packages/airflow/example_dags/example_sensor_decorator.py
[2026-04-13T16:56:46.162+0000] {processor.py:840} INFO - DAG(s) 'example_sensor_decorator' retrieved from /home/airflow/.local/lib/python3.12/site-packages/airflow/example_dags/example_sensor_decorator.py
[2026-04-13T16:56:46.286+0000] {logging_mixin.py:188} INFO - [2026-04-13T16:56:46.284+0000] {dag.py:3096} INFO - Sync 1 DAGs
[2026-04-13T16:56:46.348+0000] {logging_mixin.py:188} INFO - [2026-04-13T16:56:46.347+0000] {dag.py:3954} INFO - Setting next_dagrun for example_sensor_decorator to None, run_after=None
[2026-04-13T16:56:46.477+0000] {processor.py:183} INFO - Processing /home/airflow/.local/lib/python3.12/site-packages/airflow/example_dags/example_sensor_decorator.py took 0.418 seconds
