[2026-04-13T16:43:03.874+0000] {processor.py:161} INFO - Started process (PID=101) to work on /home/airflow/.local/lib/python3.12/site-packages/airflow/example_dags/example_datasets.py
[2026-04-13T16:43:03.876+0000] {processor.py:830} INFO - Processing file /home/airflow/.local/lib/python3.12/site-packages/airflow/example_dags/example_datasets.py for tasks to queue
[2026-04-13T16:43:03.881+0000] {logging_mixin.py:188} INFO - [2026-04-13T16:43:03.880+0000] {dagbag.py:545} INFO - Filling up the DagBag from /home/airflow/.local/lib/python3.12/site-packages/airflow/example_dags/example_datasets.py
[2026-04-13T16:43:03.984+0000] {processor.py:840} INFO - DAG(s) 'dataset_consumes_1', 'consume_1_or_2_with_dataset_expressions', 'dataset_consumes_unknown_never_scheduled', 'dataset_consumes_1_never_scheduled', 'dataset_produces_1', 'consume_1_and_2_with_dataset_expressions', 'dataset_produces_2', 'consume_1_or_both_2_and_3_with_dataset_expressions', 'dataset_consumes_1_and_2', 'conditional_dataset_and_time_based_timetable' retrieved from /home/airflow/.local/lib/python3.12/site-packages/airflow/example_dags/example_datasets.py
[2026-04-13T16:43:04.594+0000] {logging_mixin.py:188} INFO - [2026-04-13T16:43:04.594+0000] {dag.py:3096} INFO - Sync 10 DAGs
[2026-04-13T16:43:04.671+0000] {logging_mixin.py:188} INFO - [2026-04-13T16:43:04.671+0000] {dag.py:3954} INFO - Setting next_dagrun for conditional_dataset_and_time_based_timetable to 2026-04-08 01:00:00+00:00, run_after=2026-04-08 01:00:00+00:00
[2026-04-13T16:43:04.679+0000] {logging_mixin.py:188} INFO - [2026-04-13T16:43:04.679+0000] {dag.py:3954} INFO - Setting next_dagrun for consume_1_and_2_with_dataset_expressions to None, run_after=None
[2026-04-13T16:43:04.683+0000] {logging_mixin.py:188} INFO - [2026-04-13T16:43:04.683+0000] {dag.py:3954} INFO - Setting next_dagrun for consume_1_or_2_with_dataset_expressions to None, run_after=None
[2026-04-13T16:43:04.687+0000] {logging_mixin.py:188} INFO - [2026-04-13T16:43:04.686+0000] {dag.py:3954} INFO - Setting next_dagrun for consume_1_or_both_2_and_3_with_dataset_expressions to None, run_after=None
[2026-04-13T16:43:04.690+0000] {logging_mixin.py:188} INFO - [2026-04-13T16:43:04.690+0000] {dag.py:3954} INFO - Setting next_dagrun for dataset_consumes_1 to None, run_after=None
[2026-04-13T16:43:04.693+0000] {logging_mixin.py:188} INFO - [2026-04-13T16:43:04.693+0000] {dag.py:3954} INFO - Setting next_dagrun for dataset_consumes_1_and_2 to None, run_after=None
[2026-04-13T16:43:04.697+0000] {logging_mixin.py:188} INFO - [2026-04-13T16:43:04.696+0000] {dag.py:3954} INFO - Setting next_dagrun for dataset_consumes_1_never_scheduled to None, run_after=None
[2026-04-13T16:43:04.700+0000] {logging_mixin.py:188} INFO - [2026-04-13T16:43:04.699+0000] {dag.py:3954} INFO - Setting next_dagrun for dataset_consumes_unknown_never_scheduled to None, run_after=None
[2026-04-13T16:43:04.706+0000] {logging_mixin.py:188} INFO - [2026-04-13T16:43:04.706+0000] {dag.py:3954} INFO - Setting next_dagrun for dataset_produces_1 to 2026-04-12 00:00:00+00:00, run_after=2026-04-13 00:00:00+00:00
[2026-04-13T16:43:04.710+0000] {logging_mixin.py:188} INFO - [2026-04-13T16:43:04.709+0000] {dag.py:3954} INFO - Setting next_dagrun for dataset_produces_2 to None, run_after=None
[2026-04-13T16:43:04.986+0000] {processor.py:183} INFO - Processing /home/airflow/.local/lib/python3.12/site-packages/airflow/example_dags/example_datasets.py took 1.126 seconds
[2026-04-13T16:43:35.856+0000] {processor.py:161} INFO - Started process (PID=160) to work on /home/airflow/.local/lib/python3.12/site-packages/airflow/example_dags/example_datasets.py
[2026-04-13T16:43:35.860+0000] {processor.py:830} INFO - Processing file /home/airflow/.local/lib/python3.12/site-packages/airflow/example_dags/example_datasets.py for tasks to queue
[2026-04-13T16:43:35.877+0000] {logging_mixin.py:188} INFO - [2026-04-13T16:43:35.876+0000] {dagbag.py:545} INFO - Filling up the DagBag from /home/airflow/.local/lib/python3.12/site-packages/airflow/example_dags/example_datasets.py
[2026-04-13T16:43:35.994+0000] {processor.py:840} INFO - DAG(s) 'dataset_consumes_1_never_scheduled', 'consume_1_or_both_2_and_3_with_dataset_expressions', 'dataset_consumes_unknown_never_scheduled', 'conditional_dataset_and_time_based_timetable', 'dataset_consumes_1', 'dataset_produces_1', 'consume_1_and_2_with_dataset_expressions', 'dataset_consumes_1_and_2', 'dataset_produces_2', 'consume_1_or_2_with_dataset_expressions' retrieved from /home/airflow/.local/lib/python3.12/site-packages/airflow/example_dags/example_datasets.py
[2026-04-13T16:43:36.338+0000] {logging_mixin.py:188} INFO - [2026-04-13T16:43:36.337+0000] {dag.py:3096} INFO - Sync 10 DAGs
[2026-04-13T16:43:36.634+0000] {logging_mixin.py:188} INFO - [2026-04-13T16:43:36.633+0000] {dag.py:3954} INFO - Setting next_dagrun for conditional_dataset_and_time_based_timetable to 2026-04-08 01:00:00+00:00, run_after=2026-04-08 01:00:00+00:00
[2026-04-13T16:43:36.671+0000] {logging_mixin.py:188} INFO - [2026-04-13T16:43:36.670+0000] {dag.py:3954} INFO - Setting next_dagrun for consume_1_and_2_with_dataset_expressions to None, run_after=None
[2026-04-13T16:43:36.684+0000] {logging_mixin.py:188} INFO - [2026-04-13T16:43:36.684+0000] {dag.py:3954} INFO - Setting next_dagrun for consume_1_or_2_with_dataset_expressions to None, run_after=None
[2026-04-13T16:43:36.691+0000] {logging_mixin.py:188} INFO - [2026-04-13T16:43:36.690+0000] {dag.py:3954} INFO - Setting next_dagrun for consume_1_or_both_2_and_3_with_dataset_expressions to None, run_after=None
[2026-04-13T16:43:36.731+0000] {logging_mixin.py:188} INFO - [2026-04-13T16:43:36.731+0000] {dag.py:3954} INFO - Setting next_dagrun for dataset_consumes_1 to None, run_after=None
[2026-04-13T16:43:36.736+0000] {logging_mixin.py:188} INFO - [2026-04-13T16:43:36.736+0000] {dag.py:3954} INFO - Setting next_dagrun for dataset_consumes_1_and_2 to None, run_after=None
[2026-04-13T16:43:36.748+0000] {logging_mixin.py:188} INFO - [2026-04-13T16:43:36.747+0000] {dag.py:3954} INFO - Setting next_dagrun for dataset_consumes_1_never_scheduled to None, run_after=None
[2026-04-13T16:43:36.754+0000] {logging_mixin.py:188} INFO - [2026-04-13T16:43:36.753+0000] {dag.py:3954} INFO - Setting next_dagrun for dataset_consumes_unknown_never_scheduled to None, run_after=None
[2026-04-13T16:43:36.773+0000] {logging_mixin.py:188} INFO - [2026-04-13T16:43:36.772+0000] {dag.py:3954} INFO - Setting next_dagrun for dataset_produces_1 to 2026-04-12 00:00:00+00:00, run_after=2026-04-13 00:00:00+00:00
[2026-04-13T16:43:36.790+0000] {logging_mixin.py:188} INFO - [2026-04-13T16:43:36.789+0000] {dag.py:3954} INFO - Setting next_dagrun for dataset_produces_2 to None, run_after=None
[2026-04-13T16:43:37.087+0000] {processor.py:183} INFO - Processing /home/airflow/.local/lib/python3.12/site-packages/airflow/example_dags/example_datasets.py took 1.263 seconds
[2026-04-13T16:44:07.517+0000] {processor.py:161} INFO - Started process (PID=218) to work on /home/airflow/.local/lib/python3.12/site-packages/airflow/example_dags/example_datasets.py
[2026-04-13T16:44:07.520+0000] {processor.py:830} INFO - Processing file /home/airflow/.local/lib/python3.12/site-packages/airflow/example_dags/example_datasets.py for tasks to queue
[2026-04-13T16:44:07.524+0000] {logging_mixin.py:188} INFO - [2026-04-13T16:44:07.523+0000] {dagbag.py:545} INFO - Filling up the DagBag from /home/airflow/.local/lib/python3.12/site-packages/airflow/example_dags/example_datasets.py
[2026-04-13T16:44:07.560+0000] {processor.py:840} INFO - DAG(s) 'dataset_consumes_1', 'conditional_dataset_and_time_based_timetable', 'dataset_produces_2', 'dataset_consumes_1_and_2', 'dataset_consumes_1_never_scheduled', 'dataset_consumes_unknown_never_scheduled', 'consume_1_or_both_2_and_3_with_dataset_expressions', 'consume_1_or_2_with_dataset_expressions', 'dataset_produces_1', 'consume_1_and_2_with_dataset_expressions' retrieved from /home/airflow/.local/lib/python3.12/site-packages/airflow/example_dags/example_datasets.py
[2026-04-13T16:44:07.679+0000] {logging_mixin.py:188} INFO - [2026-04-13T16:44:07.679+0000] {dag.py:3096} INFO - Sync 10 DAGs
[2026-04-13T16:44:07.750+0000] {logging_mixin.py:188} INFO - [2026-04-13T16:44:07.749+0000] {dag.py:3954} INFO - Setting next_dagrun for conditional_dataset_and_time_based_timetable to 2026-04-08 01:00:00+00:00, run_after=2026-04-08 01:00:00+00:00
[2026-04-13T16:44:07.775+0000] {logging_mixin.py:188} INFO - [2026-04-13T16:44:07.775+0000] {dag.py:3954} INFO - Setting next_dagrun for consume_1_and_2_with_dataset_expressions to None, run_after=None
[2026-04-13T16:44:07.780+0000] {logging_mixin.py:188} INFO - [2026-04-13T16:44:07.779+0000] {dag.py:3954} INFO - Setting next_dagrun for consume_1_or_2_with_dataset_expressions to None, run_after=None
[2026-04-13T16:44:07.785+0000] {logging_mixin.py:188} INFO - [2026-04-13T16:44:07.784+0000] {dag.py:3954} INFO - Setting next_dagrun for consume_1_or_both_2_and_3_with_dataset_expressions to None, run_after=None
[2026-04-13T16:44:07.789+0000] {logging_mixin.py:188} INFO - [2026-04-13T16:44:07.789+0000] {dag.py:3954} INFO - Setting next_dagrun for dataset_consumes_1 to None, run_after=None
[2026-04-13T16:44:07.795+0000] {logging_mixin.py:188} INFO - [2026-04-13T16:44:07.794+0000] {dag.py:3954} INFO - Setting next_dagrun for dataset_consumes_1_and_2 to None, run_after=None
[2026-04-13T16:44:07.800+0000] {logging_mixin.py:188} INFO - [2026-04-13T16:44:07.799+0000] {dag.py:3954} INFO - Setting next_dagrun for dataset_consumes_1_never_scheduled to None, run_after=None
[2026-04-13T16:44:07.805+0000] {logging_mixin.py:188} INFO - [2026-04-13T16:44:07.804+0000] {dag.py:3954} INFO - Setting next_dagrun for dataset_consumes_unknown_never_scheduled to None, run_after=None
[2026-04-13T16:44:07.816+0000] {logging_mixin.py:188} INFO - [2026-04-13T16:44:07.816+0000] {dag.py:3954} INFO - Setting next_dagrun for dataset_produces_1 to 2026-04-12 00:00:00+00:00, run_after=2026-04-13 00:00:00+00:00
[2026-04-13T16:44:07.821+0000] {logging_mixin.py:188} INFO - [2026-04-13T16:44:07.820+0000] {dag.py:3954} INFO - Setting next_dagrun for dataset_produces_2 to None, run_after=None
[2026-04-13T16:44:07.976+0000] {processor.py:183} INFO - Processing /home/airflow/.local/lib/python3.12/site-packages/airflow/example_dags/example_datasets.py took 0.475 seconds
[2026-04-13T16:44:38.078+0000] {processor.py:161} INFO - Started process (PID=276) to work on /home/airflow/.local/lib/python3.12/site-packages/airflow/example_dags/example_datasets.py
[2026-04-13T16:44:38.080+0000] {processor.py:830} INFO - Processing file /home/airflow/.local/lib/python3.12/site-packages/airflow/example_dags/example_datasets.py for tasks to queue
[2026-04-13T16:44:38.082+0000] {logging_mixin.py:188} INFO - [2026-04-13T16:44:38.082+0000] {dagbag.py:545} INFO - Filling up the DagBag from /home/airflow/.local/lib/python3.12/site-packages/airflow/example_dags/example_datasets.py
[2026-04-13T16:44:38.100+0000] {processor.py:840} INFO - DAG(s) 'dataset_produces_2', 'dataset_consumes_1', 'dataset_consumes_unknown_never_scheduled', 'dataset_consumes_1_never_scheduled', 'dataset_produces_1', 'dataset_consumes_1_and_2', 'conditional_dataset_and_time_based_timetable', 'consume_1_and_2_with_dataset_expressions', 'consume_1_or_2_with_dataset_expressions', 'consume_1_or_both_2_and_3_with_dataset_expressions' retrieved from /home/airflow/.local/lib/python3.12/site-packages/airflow/example_dags/example_datasets.py
[2026-04-13T16:44:38.159+0000] {logging_mixin.py:188} INFO - [2026-04-13T16:44:38.159+0000] {dag.py:3096} INFO - Sync 10 DAGs
[2026-04-13T16:44:38.191+0000] {logging_mixin.py:188} INFO - [2026-04-13T16:44:38.190+0000] {dag.py:3954} INFO - Setting next_dagrun for conditional_dataset_and_time_based_timetable to 2026-04-08 01:00:00+00:00, run_after=2026-04-08 01:00:00+00:00
[2026-04-13T16:44:38.196+0000] {logging_mixin.py:188} INFO - [2026-04-13T16:44:38.196+0000] {dag.py:3954} INFO - Setting next_dagrun for consume_1_and_2_with_dataset_expressions to None, run_after=None
[2026-04-13T16:44:38.198+0000] {logging_mixin.py:188} INFO - [2026-04-13T16:44:38.198+0000] {dag.py:3954} INFO - Setting next_dagrun for consume_1_or_2_with_dataset_expressions to None, run_after=None
[2026-04-13T16:44:38.200+0000] {logging_mixin.py:188} INFO - [2026-04-13T16:44:38.199+0000] {dag.py:3954} INFO - Setting next_dagrun for consume_1_or_both_2_and_3_with_dataset_expressions to None, run_after=None
[2026-04-13T16:44:38.201+0000] {logging_mixin.py:188} INFO - [2026-04-13T16:44:38.201+0000] {dag.py:3954} INFO - Setting next_dagrun for dataset_consumes_1 to None, run_after=None
[2026-04-13T16:44:38.203+0000] {logging_mixin.py:188} INFO - [2026-04-13T16:44:38.203+0000] {dag.py:3954} INFO - Setting next_dagrun for dataset_consumes_1_and_2 to None, run_after=None
[2026-04-13T16:44:38.205+0000] {logging_mixin.py:188} INFO - [2026-04-13T16:44:38.205+0000] {dag.py:3954} INFO - Setting next_dagrun for dataset_consumes_1_never_scheduled to None, run_after=None
[2026-04-13T16:44:38.207+0000] {logging_mixin.py:188} INFO - [2026-04-13T16:44:38.206+0000] {dag.py:3954} INFO - Setting next_dagrun for dataset_consumes_unknown_never_scheduled to None, run_after=None
[2026-04-13T16:44:38.210+0000] {logging_mixin.py:188} INFO - [2026-04-13T16:44:38.209+0000] {dag.py:3954} INFO - Setting next_dagrun for dataset_produces_1 to 2026-04-12 00:00:00+00:00, run_after=2026-04-13 00:00:00+00:00
[2026-04-13T16:44:38.211+0000] {logging_mixin.py:188} INFO - [2026-04-13T16:44:38.211+0000] {dag.py:3954} INFO - Setting next_dagrun for dataset_produces_2 to None, run_after=None
[2026-04-13T16:44:38.328+0000] {processor.py:183} INFO - Processing /home/airflow/.local/lib/python3.12/site-packages/airflow/example_dags/example_datasets.py took 0.257 seconds
[2026-04-13T16:45:08.504+0000] {processor.py:161} INFO - Started process (PID=334) to work on /home/airflow/.local/lib/python3.12/site-packages/airflow/example_dags/example_datasets.py
[2026-04-13T16:45:08.505+0000] {processor.py:830} INFO - Processing file /home/airflow/.local/lib/python3.12/site-packages/airflow/example_dags/example_datasets.py for tasks to queue
[2026-04-13T16:45:08.509+0000] {logging_mixin.py:188} INFO - [2026-04-13T16:45:08.508+0000] {dagbag.py:545} INFO - Filling up the DagBag from /home/airflow/.local/lib/python3.12/site-packages/airflow/example_dags/example_datasets.py
[2026-04-13T16:45:08.529+0000] {processor.py:840} INFO - DAG(s) 'dataset_consumes_1', 'dataset_produces_2', 'consume_1_and_2_with_dataset_expressions', 'consume_1_or_both_2_and_3_with_dataset_expressions', 'dataset_produces_1', 'consume_1_or_2_with_dataset_expressions', 'dataset_consumes_unknown_never_scheduled', 'dataset_consumes_1_and_2', 'conditional_dataset_and_time_based_timetable', 'dataset_consumes_1_never_scheduled' retrieved from /home/airflow/.local/lib/python3.12/site-packages/airflow/example_dags/example_datasets.py
[2026-04-13T16:45:08.600+0000] {logging_mixin.py:188} INFO - [2026-04-13T16:45:08.600+0000] {dag.py:3096} INFO - Sync 10 DAGs
[2026-04-13T16:45:08.634+0000] {logging_mixin.py:188} INFO - [2026-04-13T16:45:08.634+0000] {dag.py:3954} INFO - Setting next_dagrun for conditional_dataset_and_time_based_timetable to 2026-04-08 01:00:00+00:00, run_after=2026-04-08 01:00:00+00:00
[2026-04-13T16:45:08.641+0000] {logging_mixin.py:188} INFO - [2026-04-13T16:45:08.640+0000] {dag.py:3954} INFO - Setting next_dagrun for consume_1_and_2_with_dataset_expressions to None, run_after=None
[2026-04-13T16:45:08.643+0000] {logging_mixin.py:188} INFO - [2026-04-13T16:45:08.643+0000] {dag.py:3954} INFO - Setting next_dagrun for consume_1_or_2_with_dataset_expressions to None, run_after=None
[2026-04-13T16:45:08.645+0000] {logging_mixin.py:188} INFO - [2026-04-13T16:45:08.645+0000] {dag.py:3954} INFO - Setting next_dagrun for consume_1_or_both_2_and_3_with_dataset_expressions to None, run_after=None
[2026-04-13T16:45:08.648+0000] {logging_mixin.py:188} INFO - [2026-04-13T16:45:08.647+0000] {dag.py:3954} INFO - Setting next_dagrun for dataset_consumes_1 to None, run_after=None
[2026-04-13T16:45:08.650+0000] {logging_mixin.py:188} INFO - [2026-04-13T16:45:08.649+0000] {dag.py:3954} INFO - Setting next_dagrun for dataset_consumes_1_and_2 to None, run_after=None
[2026-04-13T16:45:08.652+0000] {logging_mixin.py:188} INFO - [2026-04-13T16:45:08.651+0000] {dag.py:3954} INFO - Setting next_dagrun for dataset_consumes_1_never_scheduled to None, run_after=None
[2026-04-13T16:45:08.654+0000] {logging_mixin.py:188} INFO - [2026-04-13T16:45:08.653+0000] {dag.py:3954} INFO - Setting next_dagrun for dataset_consumes_unknown_never_scheduled to None, run_after=None
[2026-04-13T16:45:08.658+0000] {logging_mixin.py:188} INFO - [2026-04-13T16:45:08.658+0000] {dag.py:3954} INFO - Setting next_dagrun for dataset_produces_1 to 2026-04-12 00:00:00+00:00, run_after=2026-04-13 00:00:00+00:00
[2026-04-13T16:45:08.660+0000] {logging_mixin.py:188} INFO - [2026-04-13T16:45:08.660+0000] {dag.py:3954} INFO - Setting next_dagrun for dataset_produces_2 to None, run_after=None
[2026-04-13T16:45:08.775+0000] {processor.py:183} INFO - Processing /home/airflow/.local/lib/python3.12/site-packages/airflow/example_dags/example_datasets.py took 0.280 seconds
[2026-04-13T16:45:38.970+0000] {processor.py:161} INFO - Started process (PID=392) to work on /home/airflow/.local/lib/python3.12/site-packages/airflow/example_dags/example_datasets.py
[2026-04-13T16:45:38.972+0000] {processor.py:830} INFO - Processing file /home/airflow/.local/lib/python3.12/site-packages/airflow/example_dags/example_datasets.py for tasks to queue
[2026-04-13T16:45:38.975+0000] {logging_mixin.py:188} INFO - [2026-04-13T16:45:38.975+0000] {dagbag.py:545} INFO - Filling up the DagBag from /home/airflow/.local/lib/python3.12/site-packages/airflow/example_dags/example_datasets.py
[2026-04-13T16:45:38.994+0000] {processor.py:840} INFO - DAG(s) 'dataset_consumes_1_never_scheduled', 'dataset_produces_1', 'dataset_consumes_1', 'consume_1_or_both_2_and_3_with_dataset_expressions', 'dataset_consumes_unknown_never_scheduled', 'conditional_dataset_and_time_based_timetable', 'dataset_consumes_1_and_2', 'consume_1_and_2_with_dataset_expressions', 'dataset_produces_2', 'consume_1_or_2_with_dataset_expressions' retrieved from /home/airflow/.local/lib/python3.12/site-packages/airflow/example_dags/example_datasets.py
[2026-04-13T16:45:39.056+0000] {logging_mixin.py:188} INFO - [2026-04-13T16:45:39.056+0000] {dag.py:3096} INFO - Sync 10 DAGs
[2026-04-13T16:45:39.088+0000] {logging_mixin.py:188} INFO - [2026-04-13T16:45:39.088+0000] {dag.py:3954} INFO - Setting next_dagrun for conditional_dataset_and_time_based_timetable to 2026-04-08 01:00:00+00:00, run_after=2026-04-08 01:00:00+00:00
[2026-04-13T16:45:39.093+0000] {logging_mixin.py:188} INFO - [2026-04-13T16:45:39.093+0000] {dag.py:3954} INFO - Setting next_dagrun for consume_1_and_2_with_dataset_expressions to None, run_after=None
[2026-04-13T16:45:39.096+0000] {logging_mixin.py:188} INFO - [2026-04-13T16:45:39.095+0000] {dag.py:3954} INFO - Setting next_dagrun for consume_1_or_2_with_dataset_expressions to None, run_after=None
[2026-04-13T16:45:39.098+0000] {logging_mixin.py:188} INFO - [2026-04-13T16:45:39.097+0000] {dag.py:3954} INFO - Setting next_dagrun for consume_1_or_both_2_and_3_with_dataset_expressions to None, run_after=None
[2026-04-13T16:45:39.100+0000] {logging_mixin.py:188} INFO - [2026-04-13T16:45:39.099+0000] {dag.py:3954} INFO - Setting next_dagrun for dataset_consumes_1 to None, run_after=None
[2026-04-13T16:45:39.102+0000] {logging_mixin.py:188} INFO - [2026-04-13T16:45:39.101+0000] {dag.py:3954} INFO - Setting next_dagrun for dataset_consumes_1_and_2 to None, run_after=None
[2026-04-13T16:45:39.103+0000] {logging_mixin.py:188} INFO - [2026-04-13T16:45:39.103+0000] {dag.py:3954} INFO - Setting next_dagrun for dataset_consumes_1_never_scheduled to None, run_after=None
[2026-04-13T16:45:39.105+0000] {logging_mixin.py:188} INFO - [2026-04-13T16:45:39.105+0000] {dag.py:3954} INFO - Setting next_dagrun for dataset_consumes_unknown_never_scheduled to None, run_after=None
[2026-04-13T16:45:39.109+0000] {logging_mixin.py:188} INFO - [2026-04-13T16:45:39.108+0000] {dag.py:3954} INFO - Setting next_dagrun for dataset_produces_1 to 2026-04-12 00:00:00+00:00, run_after=2026-04-13 00:00:00+00:00
[2026-04-13T16:45:39.110+0000] {logging_mixin.py:188} INFO - [2026-04-13T16:45:39.110+0000] {dag.py:3954} INFO - Setting next_dagrun for dataset_produces_2 to None, run_after=None
[2026-04-13T16:45:39.235+0000] {processor.py:183} INFO - Processing /home/airflow/.local/lib/python3.12/site-packages/airflow/example_dags/example_datasets.py took 0.280 seconds
[2026-04-13T16:46:09.331+0000] {processor.py:161} INFO - Started process (PID=450) to work on /home/airflow/.local/lib/python3.12/site-packages/airflow/example_dags/example_datasets.py
[2026-04-13T16:46:09.333+0000] {processor.py:830} INFO - Processing file /home/airflow/.local/lib/python3.12/site-packages/airflow/example_dags/example_datasets.py for tasks to queue
[2026-04-13T16:46:09.335+0000] {logging_mixin.py:188} INFO - [2026-04-13T16:46:09.335+0000] {dagbag.py:545} INFO - Filling up the DagBag from /home/airflow/.local/lib/python3.12/site-packages/airflow/example_dags/example_datasets.py
[2026-04-13T16:46:09.352+0000] {processor.py:840} INFO - DAG(s) 'consume_1_or_both_2_and_3_with_dataset_expressions', 'dataset_consumes_unknown_never_scheduled', 'dataset_consumes_1', 'dataset_produces_2', 'dataset_consumes_1_and_2', 'dataset_consumes_1_never_scheduled', 'conditional_dataset_and_time_based_timetable', 'consume_1_and_2_with_dataset_expressions', 'dataset_produces_1', 'consume_1_or_2_with_dataset_expressions' retrieved from /home/airflow/.local/lib/python3.12/site-packages/airflow/example_dags/example_datasets.py
[2026-04-13T16:46:09.414+0000] {logging_mixin.py:188} INFO - [2026-04-13T16:46:09.414+0000] {dag.py:3096} INFO - Sync 10 DAGs
[2026-04-13T16:46:09.445+0000] {logging_mixin.py:188} INFO - [2026-04-13T16:46:09.445+0000] {dag.py:3954} INFO - Setting next_dagrun for conditional_dataset_and_time_based_timetable to 2026-04-08 01:00:00+00:00, run_after=2026-04-08 01:00:00+00:00
[2026-04-13T16:46:09.452+0000] {logging_mixin.py:188} INFO - [2026-04-13T16:46:09.451+0000] {dag.py:3954} INFO - Setting next_dagrun for consume_1_and_2_with_dataset_expressions to None, run_after=None
[2026-04-13T16:46:09.454+0000] {logging_mixin.py:188} INFO - [2026-04-13T16:46:09.454+0000] {dag.py:3954} INFO - Setting next_dagrun for consume_1_or_2_with_dataset_expressions to None, run_after=None
[2026-04-13T16:46:09.456+0000] {logging_mixin.py:188} INFO - [2026-04-13T16:46:09.456+0000] {dag.py:3954} INFO - Setting next_dagrun for consume_1_or_both_2_and_3_with_dataset_expressions to None, run_after=None
[2026-04-13T16:46:09.458+0000] {logging_mixin.py:188} INFO - [2026-04-13T16:46:09.457+0000] {dag.py:3954} INFO - Setting next_dagrun for dataset_consumes_1 to None, run_after=None
[2026-04-13T16:46:09.459+0000] {logging_mixin.py:188} INFO - [2026-04-13T16:46:09.459+0000] {dag.py:3954} INFO - Setting next_dagrun for dataset_consumes_1_and_2 to None, run_after=None
[2026-04-13T16:46:09.461+0000] {logging_mixin.py:188} INFO - [2026-04-13T16:46:09.461+0000] {dag.py:3954} INFO - Setting next_dagrun for dataset_consumes_1_never_scheduled to None, run_after=None
[2026-04-13T16:46:09.463+0000] {logging_mixin.py:188} INFO - [2026-04-13T16:46:09.463+0000] {dag.py:3954} INFO - Setting next_dagrun for dataset_consumes_unknown_never_scheduled to None, run_after=None
[2026-04-13T16:46:09.466+0000] {logging_mixin.py:188} INFO - [2026-04-13T16:46:09.466+0000] {dag.py:3954} INFO - Setting next_dagrun for dataset_produces_1 to 2026-04-12 00:00:00+00:00, run_after=2026-04-13 00:00:00+00:00
[2026-04-13T16:46:09.468+0000] {logging_mixin.py:188} INFO - [2026-04-13T16:46:09.468+0000] {dag.py:3954} INFO - Setting next_dagrun for dataset_produces_2 to None, run_after=None
[2026-04-13T16:46:09.516+0000] {processor.py:183} INFO - Processing /home/airflow/.local/lib/python3.12/site-packages/airflow/example_dags/example_datasets.py took 0.192 seconds
[2026-04-13T16:46:39.700+0000] {processor.py:161} INFO - Started process (PID=509) to work on /home/airflow/.local/lib/python3.12/site-packages/airflow/example_dags/example_datasets.py
[2026-04-13T16:46:39.703+0000] {processor.py:830} INFO - Processing file /home/airflow/.local/lib/python3.12/site-packages/airflow/example_dags/example_datasets.py for tasks to queue
[2026-04-13T16:46:39.708+0000] {logging_mixin.py:188} INFO - [2026-04-13T16:46:39.707+0000] {dagbag.py:545} INFO - Filling up the DagBag from /home/airflow/.local/lib/python3.12/site-packages/airflow/example_dags/example_datasets.py
[2026-04-13T16:46:39.741+0000] {processor.py:840} INFO - DAG(s) 'consume_1_and_2_with_dataset_expressions', 'consume_1_or_2_with_dataset_expressions', 'dataset_consumes_unknown_never_scheduled', 'dataset_consumes_1_and_2', 'dataset_consumes_1', 'dataset_consumes_1_never_scheduled', 'dataset_produces_2', 'consume_1_or_both_2_and_3_with_dataset_expressions', 'dataset_produces_1', 'conditional_dataset_and_time_based_timetable' retrieved from /home/airflow/.local/lib/python3.12/site-packages/airflow/example_dags/example_datasets.py
[2026-04-13T16:46:39.851+0000] {logging_mixin.py:188} INFO - [2026-04-13T16:46:39.851+0000] {dag.py:3096} INFO - Sync 10 DAGs
[2026-04-13T16:46:39.911+0000] {logging_mixin.py:188} INFO - [2026-04-13T16:46:39.910+0000] {dag.py:3954} INFO - Setting next_dagrun for conditional_dataset_and_time_based_timetable to 2026-04-08 01:00:00+00:00, run_after=2026-04-08 01:00:00+00:00
[2026-04-13T16:46:39.921+0000] {logging_mixin.py:188} INFO - [2026-04-13T16:46:39.920+0000] {dag.py:3954} INFO - Setting next_dagrun for consume_1_and_2_with_dataset_expressions to None, run_after=None
[2026-04-13T16:46:39.924+0000] {logging_mixin.py:188} INFO - [2026-04-13T16:46:39.924+0000] {dag.py:3954} INFO - Setting next_dagrun for consume_1_or_2_with_dataset_expressions to None, run_after=None
[2026-04-13T16:46:39.927+0000] {logging_mixin.py:188} INFO - [2026-04-13T16:46:39.927+0000] {dag.py:3954} INFO - Setting next_dagrun for consume_1_or_both_2_and_3_with_dataset_expressions to None, run_after=None
[2026-04-13T16:46:39.930+0000] {logging_mixin.py:188} INFO - [2026-04-13T16:46:39.930+0000] {dag.py:3954} INFO - Setting next_dagrun for dataset_consumes_1 to None, run_after=None
[2026-04-13T16:46:39.934+0000] {logging_mixin.py:188} INFO - [2026-04-13T16:46:39.933+0000] {dag.py:3954} INFO - Setting next_dagrun for dataset_consumes_1_and_2 to None, run_after=None
[2026-04-13T16:46:39.937+0000] {logging_mixin.py:188} INFO - [2026-04-13T16:46:39.936+0000] {dag.py:3954} INFO - Setting next_dagrun for dataset_consumes_1_never_scheduled to None, run_after=None
[2026-04-13T16:46:39.940+0000] {logging_mixin.py:188} INFO - [2026-04-13T16:46:39.940+0000] {dag.py:3954} INFO - Setting next_dagrun for dataset_consumes_unknown_never_scheduled to None, run_after=None
[2026-04-13T16:46:39.946+0000] {logging_mixin.py:188} INFO - [2026-04-13T16:46:39.946+0000] {dag.py:3954} INFO - Setting next_dagrun for dataset_produces_1 to 2026-04-12 00:00:00+00:00, run_after=2026-04-13 00:00:00+00:00
[2026-04-13T16:46:39.949+0000] {logging_mixin.py:188} INFO - [2026-04-13T16:46:39.949+0000] {dag.py:3954} INFO - Setting next_dagrun for dataset_produces_2 to None, run_after=None
[2026-04-13T16:46:40.094+0000] {processor.py:183} INFO - Processing /home/airflow/.local/lib/python3.12/site-packages/airflow/example_dags/example_datasets.py took 0.407 seconds
[2026-04-13T16:47:10.365+0000] {processor.py:161} INFO - Started process (PID=567) to work on /home/airflow/.local/lib/python3.12/site-packages/airflow/example_dags/example_datasets.py
[2026-04-13T16:47:10.368+0000] {processor.py:830} INFO - Processing file /home/airflow/.local/lib/python3.12/site-packages/airflow/example_dags/example_datasets.py for tasks to queue
[2026-04-13T16:47:10.372+0000] {logging_mixin.py:188} INFO - [2026-04-13T16:47:10.371+0000] {dagbag.py:545} INFO - Filling up the DagBag from /home/airflow/.local/lib/python3.12/site-packages/airflow/example_dags/example_datasets.py
[2026-04-13T16:47:10.408+0000] {processor.py:840} INFO - DAG(s) 'dataset_consumes_unknown_never_scheduled', 'consume_1_and_2_with_dataset_expressions', 'dataset_consumes_1', 'consume_1_or_both_2_and_3_with_dataset_expressions', 'conditional_dataset_and_time_based_timetable', 'dataset_consumes_1_never_scheduled', 'dataset_produces_1', 'consume_1_or_2_with_dataset_expressions', 'dataset_consumes_1_and_2', 'dataset_produces_2' retrieved from /home/airflow/.local/lib/python3.12/site-packages/airflow/example_dags/example_datasets.py
[2026-04-13T16:47:10.525+0000] {logging_mixin.py:188} INFO - [2026-04-13T16:47:10.524+0000] {dag.py:3096} INFO - Sync 10 DAGs
[2026-04-13T16:47:10.586+0000] {logging_mixin.py:188} INFO - [2026-04-13T16:47:10.586+0000] {dag.py:3954} INFO - Setting next_dagrun for conditional_dataset_and_time_based_timetable to 2026-04-08 01:00:00+00:00, run_after=2026-04-08 01:00:00+00:00
[2026-04-13T16:47:10.596+0000] {logging_mixin.py:188} INFO - [2026-04-13T16:47:10.596+0000] {dag.py:3954} INFO - Setting next_dagrun for consume_1_and_2_with_dataset_expressions to None, run_after=None
[2026-04-13T16:47:10.600+0000] {logging_mixin.py:188} INFO - [2026-04-13T16:47:10.599+0000] {dag.py:3954} INFO - Setting next_dagrun for consume_1_or_2_with_dataset_expressions to None, run_after=None
[2026-04-13T16:47:10.603+0000] {logging_mixin.py:188} INFO - [2026-04-13T16:47:10.603+0000] {dag.py:3954} INFO - Setting next_dagrun for consume_1_or_both_2_and_3_with_dataset_expressions to None, run_after=None
[2026-04-13T16:47:10.606+0000] {logging_mixin.py:188} INFO - [2026-04-13T16:47:10.606+0000] {dag.py:3954} INFO - Setting next_dagrun for dataset_consumes_1 to None, run_after=None
[2026-04-13T16:47:10.610+0000] {logging_mixin.py:188} INFO - [2026-04-13T16:47:10.609+0000] {dag.py:3954} INFO - Setting next_dagrun for dataset_consumes_1_and_2 to None, run_after=None
[2026-04-13T16:47:10.613+0000] {logging_mixin.py:188} INFO - [2026-04-13T16:47:10.613+0000] {dag.py:3954} INFO - Setting next_dagrun for dataset_consumes_1_never_scheduled to None, run_after=None
[2026-04-13T16:47:10.617+0000] {logging_mixin.py:188} INFO - [2026-04-13T16:47:10.616+0000] {dag.py:3954} INFO - Setting next_dagrun for dataset_consumes_unknown_never_scheduled to None, run_after=None
[2026-04-13T16:47:10.624+0000] {logging_mixin.py:188} INFO - [2026-04-13T16:47:10.623+0000] {dag.py:3954} INFO - Setting next_dagrun for dataset_produces_1 to 2026-04-12 00:00:00+00:00, run_after=2026-04-13 00:00:00+00:00
[2026-04-13T16:47:10.630+0000] {logging_mixin.py:188} INFO - [2026-04-13T16:47:10.630+0000] {dag.py:3954} INFO - Setting next_dagrun for dataset_produces_2 to None, run_after=None
[2026-04-13T16:47:10.782+0000] {processor.py:183} INFO - Processing /home/airflow/.local/lib/python3.12/site-packages/airflow/example_dags/example_datasets.py took 0.430 seconds
[2026-04-13T16:47:40.906+0000] {processor.py:161} INFO - Started process (PID=625) to work on /home/airflow/.local/lib/python3.12/site-packages/airflow/example_dags/example_datasets.py
[2026-04-13T16:47:40.909+0000] {processor.py:830} INFO - Processing file /home/airflow/.local/lib/python3.12/site-packages/airflow/example_dags/example_datasets.py for tasks to queue
[2026-04-13T16:47:40.913+0000] {logging_mixin.py:188} INFO - [2026-04-13T16:47:40.913+0000] {dagbag.py:545} INFO - Filling up the DagBag from /home/airflow/.local/lib/python3.12/site-packages/airflow/example_dags/example_datasets.py
[2026-04-13T16:47:40.946+0000] {processor.py:840} INFO - DAG(s) 'dataset_consumes_1_and_2', 'dataset_consumes_unknown_never_scheduled', 'consume_1_or_both_2_and_3_with_dataset_expressions', 'consume_1_and_2_with_dataset_expressions', 'dataset_consumes_1_never_scheduled', 'conditional_dataset_and_time_based_timetable', 'dataset_consumes_1', 'dataset_produces_1', 'consume_1_or_2_with_dataset_expressions', 'dataset_produces_2' retrieved from /home/airflow/.local/lib/python3.12/site-packages/airflow/example_dags/example_datasets.py
[2026-04-13T16:47:41.059+0000] {logging_mixin.py:188} INFO - [2026-04-13T16:47:41.059+0000] {dag.py:3096} INFO - Sync 10 DAGs
[2026-04-13T16:47:41.116+0000] {logging_mixin.py:188} INFO - [2026-04-13T16:47:41.116+0000] {dag.py:3954} INFO - Setting next_dagrun for conditional_dataset_and_time_based_timetable to 2026-04-08 01:00:00+00:00, run_after=2026-04-08 01:00:00+00:00
[2026-04-13T16:47:41.126+0000] {logging_mixin.py:188} INFO - [2026-04-13T16:47:41.125+0000] {dag.py:3954} INFO - Setting next_dagrun for consume_1_and_2_with_dataset_expressions to None, run_after=None
[2026-04-13T16:47:41.129+0000] {logging_mixin.py:188} INFO - [2026-04-13T16:47:41.129+0000] {dag.py:3954} INFO - Setting next_dagrun for consume_1_or_2_with_dataset_expressions to None, run_after=None
[2026-04-13T16:47:41.132+0000] {logging_mixin.py:188} INFO - [2026-04-13T16:47:41.132+0000] {dag.py:3954} INFO - Setting next_dagrun for consume_1_or_both_2_and_3_with_dataset_expressions to None, run_after=None
[2026-04-13T16:47:41.135+0000] {logging_mixin.py:188} INFO - [2026-04-13T16:47:41.135+0000] {dag.py:3954} INFO - Setting next_dagrun for dataset_consumes_1 to None, run_after=None
[2026-04-13T16:47:41.138+0000] {logging_mixin.py:188} INFO - [2026-04-13T16:47:41.138+0000] {dag.py:3954} INFO - Setting next_dagrun for dataset_consumes_1_and_2 to None, run_after=None
[2026-04-13T16:47:41.141+0000] {logging_mixin.py:188} INFO - [2026-04-13T16:47:41.141+0000] {dag.py:3954} INFO - Setting next_dagrun for dataset_consumes_1_never_scheduled to None, run_after=None
[2026-04-13T16:47:41.144+0000] {logging_mixin.py:188} INFO - [2026-04-13T16:47:41.144+0000] {dag.py:3954} INFO - Setting next_dagrun for dataset_consumes_unknown_never_scheduled to None, run_after=None
[2026-04-13T16:47:41.150+0000] {logging_mixin.py:188} INFO - [2026-04-13T16:47:41.149+0000] {dag.py:3954} INFO - Setting next_dagrun for dataset_produces_1 to 2026-04-12 00:00:00+00:00, run_after=2026-04-13 00:00:00+00:00
[2026-04-13T16:47:41.153+0000] {logging_mixin.py:188} INFO - [2026-04-13T16:47:41.153+0000] {dag.py:3954} INFO - Setting next_dagrun for dataset_produces_2 to None, run_after=None
[2026-04-13T16:47:41.305+0000] {processor.py:183} INFO - Processing /home/airflow/.local/lib/python3.12/site-packages/airflow/example_dags/example_datasets.py took 0.413 seconds
[2026-04-13T16:48:12.008+0000] {processor.py:161} INFO - Started process (PID=683) to work on /home/airflow/.local/lib/python3.12/site-packages/airflow/example_dags/example_datasets.py
[2026-04-13T16:48:12.011+0000] {processor.py:830} INFO - Processing file /home/airflow/.local/lib/python3.12/site-packages/airflow/example_dags/example_datasets.py for tasks to queue
[2026-04-13T16:48:12.017+0000] {logging_mixin.py:188} INFO - [2026-04-13T16:48:12.016+0000] {dagbag.py:545} INFO - Filling up the DagBag from /home/airflow/.local/lib/python3.12/site-packages/airflow/example_dags/example_datasets.py
[2026-04-13T16:48:12.051+0000] {processor.py:840} INFO - DAG(s) 'consume_1_or_2_with_dataset_expressions', 'dataset_consumes_unknown_never_scheduled', 'conditional_dataset_and_time_based_timetable', 'dataset_produces_2', 'dataset_consumes_1_never_scheduled', 'dataset_consumes_1_and_2', 'dataset_consumes_1', 'consume_1_or_both_2_and_3_with_dataset_expressions', 'dataset_produces_1', 'consume_1_and_2_with_dataset_expressions' retrieved from /home/airflow/.local/lib/python3.12/site-packages/airflow/example_dags/example_datasets.py
[2026-04-13T16:48:12.183+0000] {logging_mixin.py:188} INFO - [2026-04-13T16:48:12.183+0000] {dag.py:3096} INFO - Sync 10 DAGs
[2026-04-13T16:48:12.245+0000] {logging_mixin.py:188} INFO - [2026-04-13T16:48:12.245+0000] {dag.py:3954} INFO - Setting next_dagrun for conditional_dataset_and_time_based_timetable to 2026-04-08 01:00:00+00:00, run_after=2026-04-08 01:00:00+00:00
[2026-04-13T16:48:12.255+0000] {logging_mixin.py:188} INFO - [2026-04-13T16:48:12.255+0000] {dag.py:3954} INFO - Setting next_dagrun for consume_1_and_2_with_dataset_expressions to None, run_after=None
[2026-04-13T16:48:12.258+0000] {logging_mixin.py:188} INFO - [2026-04-13T16:48:12.258+0000] {dag.py:3954} INFO - Setting next_dagrun for consume_1_or_2_with_dataset_expressions to None, run_after=None
[2026-04-13T16:48:12.262+0000] {logging_mixin.py:188} INFO - [2026-04-13T16:48:12.261+0000] {dag.py:3954} INFO - Setting next_dagrun for consume_1_or_both_2_and_3_with_dataset_expressions to None, run_after=None
[2026-04-13T16:48:12.265+0000] {logging_mixin.py:188} INFO - [2026-04-13T16:48:12.265+0000] {dag.py:3954} INFO - Setting next_dagrun for dataset_consumes_1 to None, run_after=None
[2026-04-13T16:48:12.269+0000] {logging_mixin.py:188} INFO - [2026-04-13T16:48:12.268+0000] {dag.py:3954} INFO - Setting next_dagrun for dataset_consumes_1_and_2 to None, run_after=None
[2026-04-13T16:48:12.272+0000] {logging_mixin.py:188} INFO - [2026-04-13T16:48:12.272+0000] {dag.py:3954} INFO - Setting next_dagrun for dataset_consumes_1_never_scheduled to None, run_after=None
[2026-04-13T16:48:12.275+0000] {logging_mixin.py:188} INFO - [2026-04-13T16:48:12.275+0000] {dag.py:3954} INFO - Setting next_dagrun for dataset_consumes_unknown_never_scheduled to None, run_after=None
[2026-04-13T16:48:12.281+0000] {logging_mixin.py:188} INFO - [2026-04-13T16:48:12.281+0000] {dag.py:3954} INFO - Setting next_dagrun for dataset_produces_1 to 2026-04-12 00:00:00+00:00, run_after=2026-04-13 00:00:00+00:00
[2026-04-13T16:48:12.284+0000] {logging_mixin.py:188} INFO - [2026-04-13T16:48:12.284+0000] {dag.py:3954} INFO - Setting next_dagrun for dataset_produces_2 to None, run_after=None
[2026-04-13T16:48:12.372+0000] {processor.py:183} INFO - Processing /home/airflow/.local/lib/python3.12/site-packages/airflow/example_dags/example_datasets.py took 0.380 seconds
[2026-04-13T16:48:42.921+0000] {processor.py:161} INFO - Started process (PID=741) to work on /home/airflow/.local/lib/python3.12/site-packages/airflow/example_dags/example_datasets.py
[2026-04-13T16:48:42.922+0000] {processor.py:830} INFO - Processing file /home/airflow/.local/lib/python3.12/site-packages/airflow/example_dags/example_datasets.py for tasks to queue
[2026-04-13T16:48:42.925+0000] {logging_mixin.py:188} INFO - [2026-04-13T16:48:42.924+0000] {dagbag.py:545} INFO - Filling up the DagBag from /home/airflow/.local/lib/python3.12/site-packages/airflow/example_dags/example_datasets.py
[2026-04-13T16:48:42.943+0000] {processor.py:840} INFO - DAG(s) 'dataset_consumes_1_never_scheduled', 'dataset_consumes_1_and_2', 'dataset_produces_1', 'consume_1_or_2_with_dataset_expressions', 'dataset_consumes_1', 'dataset_consumes_unknown_never_scheduled', 'consume_1_or_both_2_and_3_with_dataset_expressions', 'conditional_dataset_and_time_based_timetable', 'dataset_produces_2', 'consume_1_and_2_with_dataset_expressions' retrieved from /home/airflow/.local/lib/python3.12/site-packages/airflow/example_dags/example_datasets.py
[2026-04-13T16:48:43.008+0000] {logging_mixin.py:188} INFO - [2026-04-13T16:48:43.007+0000] {dag.py:3096} INFO - Sync 10 DAGs
[2026-04-13T16:48:43.042+0000] {logging_mixin.py:188} INFO - [2026-04-13T16:48:43.042+0000] {dag.py:3954} INFO - Setting next_dagrun for conditional_dataset_and_time_based_timetable to 2026-04-08 01:00:00+00:00, run_after=2026-04-08 01:00:00+00:00
[2026-04-13T16:48:43.047+0000] {logging_mixin.py:188} INFO - [2026-04-13T16:48:43.047+0000] {dag.py:3954} INFO - Setting next_dagrun for consume_1_and_2_with_dataset_expressions to None, run_after=None
[2026-04-13T16:48:43.049+0000] {logging_mixin.py:188} INFO - [2026-04-13T16:48:43.049+0000] {dag.py:3954} INFO - Setting next_dagrun for consume_1_or_2_with_dataset_expressions to None, run_after=None
[2026-04-13T16:48:43.051+0000] {logging_mixin.py:188} INFO - [2026-04-13T16:48:43.051+0000] {dag.py:3954} INFO - Setting next_dagrun for consume_1_or_both_2_and_3_with_dataset_expressions to None, run_after=None
[2026-04-13T16:48:43.053+0000] {logging_mixin.py:188} INFO - [2026-04-13T16:48:43.053+0000] {dag.py:3954} INFO - Setting next_dagrun for dataset_consumes_1 to None, run_after=None
[2026-04-13T16:48:43.055+0000] {logging_mixin.py:188} INFO - [2026-04-13T16:48:43.055+0000] {dag.py:3954} INFO - Setting next_dagrun for dataset_consumes_1_and_2 to None, run_after=None
[2026-04-13T16:48:43.057+0000] {logging_mixin.py:188} INFO - [2026-04-13T16:48:43.057+0000] {dag.py:3954} INFO - Setting next_dagrun for dataset_consumes_1_never_scheduled to None, run_after=None
[2026-04-13T16:48:43.059+0000] {logging_mixin.py:188} INFO - [2026-04-13T16:48:43.059+0000] {dag.py:3954} INFO - Setting next_dagrun for dataset_consumes_unknown_never_scheduled to None, run_after=None
[2026-04-13T16:48:43.063+0000] {logging_mixin.py:188} INFO - [2026-04-13T16:48:43.063+0000] {dag.py:3954} INFO - Setting next_dagrun for dataset_produces_1 to 2026-04-12 00:00:00+00:00, run_after=2026-04-13 00:00:00+00:00
[2026-04-13T16:48:43.065+0000] {logging_mixin.py:188} INFO - [2026-04-13T16:48:43.065+0000] {dag.py:3954} INFO - Setting next_dagrun for dataset_produces_2 to None, run_after=None
[2026-04-13T16:48:43.109+0000] {processor.py:183} INFO - Processing /home/airflow/.local/lib/python3.12/site-packages/airflow/example_dags/example_datasets.py took 0.196 seconds
[2026-04-13T16:49:13.300+0000] {processor.py:161} INFO - Started process (PID=799) to work on /home/airflow/.local/lib/python3.12/site-packages/airflow/example_dags/example_datasets.py
[2026-04-13T16:49:13.302+0000] {processor.py:830} INFO - Processing file /home/airflow/.local/lib/python3.12/site-packages/airflow/example_dags/example_datasets.py for tasks to queue
[2026-04-13T16:49:13.304+0000] {logging_mixin.py:188} INFO - [2026-04-13T16:49:13.304+0000] {dagbag.py:545} INFO - Filling up the DagBag from /home/airflow/.local/lib/python3.12/site-packages/airflow/example_dags/example_datasets.py
[2026-04-13T16:49:13.322+0000] {processor.py:840} INFO - DAG(s) 'dataset_consumes_1_and_2', 'consume_1_or_2_with_dataset_expressions', 'dataset_consumes_1_never_scheduled', 'dataset_produces_2', 'dataset_consumes_unknown_never_scheduled', 'dataset_produces_1', 'dataset_consumes_1', 'consume_1_or_both_2_and_3_with_dataset_expressions', 'consume_1_and_2_with_dataset_expressions', 'conditional_dataset_and_time_based_timetable' retrieved from /home/airflow/.local/lib/python3.12/site-packages/airflow/example_dags/example_datasets.py
[2026-04-13T16:49:13.386+0000] {logging_mixin.py:188} INFO - [2026-04-13T16:49:13.386+0000] {dag.py:3096} INFO - Sync 10 DAGs
[2026-04-13T16:49:13.419+0000] {logging_mixin.py:188} INFO - [2026-04-13T16:49:13.418+0000] {dag.py:3954} INFO - Setting next_dagrun for conditional_dataset_and_time_based_timetable to 2026-04-08 01:00:00+00:00, run_after=2026-04-08 01:00:00+00:00
[2026-04-13T16:49:13.424+0000] {logging_mixin.py:188} INFO - [2026-04-13T16:49:13.424+0000] {dag.py:3954} INFO - Setting next_dagrun for consume_1_and_2_with_dataset_expressions to None, run_after=None
[2026-04-13T16:49:13.426+0000] {logging_mixin.py:188} INFO - [2026-04-13T16:49:13.426+0000] {dag.py:3954} INFO - Setting next_dagrun for consume_1_or_2_with_dataset_expressions to None, run_after=None
[2026-04-13T16:49:13.428+0000] {logging_mixin.py:188} INFO - [2026-04-13T16:49:13.428+0000] {dag.py:3954} INFO - Setting next_dagrun for consume_1_or_both_2_and_3_with_dataset_expressions to None, run_after=None
[2026-04-13T16:49:13.430+0000] {logging_mixin.py:188} INFO - [2026-04-13T16:49:13.430+0000] {dag.py:3954} INFO - Setting next_dagrun for dataset_consumes_1 to None, run_after=None
[2026-04-13T16:49:13.432+0000] {logging_mixin.py:188} INFO - [2026-04-13T16:49:13.431+0000] {dag.py:3954} INFO - Setting next_dagrun for dataset_consumes_1_and_2 to None, run_after=None
[2026-04-13T16:49:13.433+0000] {logging_mixin.py:188} INFO - [2026-04-13T16:49:13.433+0000] {dag.py:3954} INFO - Setting next_dagrun for dataset_consumes_1_never_scheduled to None, run_after=None
[2026-04-13T16:49:13.435+0000] {logging_mixin.py:188} INFO - [2026-04-13T16:49:13.435+0000] {dag.py:3954} INFO - Setting next_dagrun for dataset_consumes_unknown_never_scheduled to None, run_after=None
[2026-04-13T16:49:13.438+0000] {logging_mixin.py:188} INFO - [2026-04-13T16:49:13.438+0000] {dag.py:3954} INFO - Setting next_dagrun for dataset_produces_1 to 2026-04-12 00:00:00+00:00, run_after=2026-04-13 00:00:00+00:00
[2026-04-13T16:49:13.441+0000] {logging_mixin.py:188} INFO - [2026-04-13T16:49:13.441+0000] {dag.py:3954} INFO - Setting next_dagrun for dataset_produces_2 to None, run_after=None
[2026-04-13T16:49:13.493+0000] {processor.py:183} INFO - Processing /home/airflow/.local/lib/python3.12/site-packages/airflow/example_dags/example_datasets.py took 0.200 seconds
[2026-04-13T16:49:43.574+0000] {processor.py:161} INFO - Started process (PID=857) to work on /home/airflow/.local/lib/python3.12/site-packages/airflow/example_dags/example_datasets.py
[2026-04-13T16:49:43.576+0000] {processor.py:830} INFO - Processing file /home/airflow/.local/lib/python3.12/site-packages/airflow/example_dags/example_datasets.py for tasks to queue
[2026-04-13T16:49:43.579+0000] {logging_mixin.py:188} INFO - [2026-04-13T16:49:43.579+0000] {dagbag.py:545} INFO - Filling up the DagBag from /home/airflow/.local/lib/python3.12/site-packages/airflow/example_dags/example_datasets.py
[2026-04-13T16:49:43.598+0000] {processor.py:840} INFO - DAG(s) 'dataset_produces_1', 'consume_1_and_2_with_dataset_expressions', 'dataset_produces_2', 'dataset_consumes_unknown_never_scheduled', 'consume_1_or_2_with_dataset_expressions', 'consume_1_or_both_2_and_3_with_dataset_expressions', 'dataset_consumes_1', 'conditional_dataset_and_time_based_timetable', 'dataset_consumes_1_and_2', 'dataset_consumes_1_never_scheduled' retrieved from /home/airflow/.local/lib/python3.12/site-packages/airflow/example_dags/example_datasets.py
[2026-04-13T16:49:43.662+0000] {logging_mixin.py:188} INFO - [2026-04-13T16:49:43.662+0000] {dag.py:3096} INFO - Sync 10 DAGs
[2026-04-13T16:49:43.695+0000] {logging_mixin.py:188} INFO - [2026-04-13T16:49:43.695+0000] {dag.py:3954} INFO - Setting next_dagrun for conditional_dataset_and_time_based_timetable to 2026-04-08 01:00:00+00:00, run_after=2026-04-08 01:00:00+00:00
[2026-04-13T16:49:43.700+0000] {logging_mixin.py:188} INFO - [2026-04-13T16:49:43.700+0000] {dag.py:3954} INFO - Setting next_dagrun for consume_1_and_2_with_dataset_expressions to None, run_after=None
[2026-04-13T16:49:43.702+0000] {logging_mixin.py:188} INFO - [2026-04-13T16:49:43.702+0000] {dag.py:3954} INFO - Setting next_dagrun for consume_1_or_2_with_dataset_expressions to None, run_after=None
[2026-04-13T16:49:43.704+0000] {logging_mixin.py:188} INFO - [2026-04-13T16:49:43.704+0000] {dag.py:3954} INFO - Setting next_dagrun for consume_1_or_both_2_and_3_with_dataset_expressions to None, run_after=None
[2026-04-13T16:49:43.706+0000] {logging_mixin.py:188} INFO - [2026-04-13T16:49:43.706+0000] {dag.py:3954} INFO - Setting next_dagrun for dataset_consumes_1 to None, run_after=None
[2026-04-13T16:49:43.708+0000] {logging_mixin.py:188} INFO - [2026-04-13T16:49:43.708+0000] {dag.py:3954} INFO - Setting next_dagrun for dataset_consumes_1_and_2 to None, run_after=None
[2026-04-13T16:49:43.710+0000] {logging_mixin.py:188} INFO - [2026-04-13T16:49:43.710+0000] {dag.py:3954} INFO - Setting next_dagrun for dataset_consumes_1_never_scheduled to None, run_after=None
[2026-04-13T16:49:43.712+0000] {logging_mixin.py:188} INFO - [2026-04-13T16:49:43.711+0000] {dag.py:3954} INFO - Setting next_dagrun for dataset_consumes_unknown_never_scheduled to None, run_after=None
[2026-04-13T16:49:43.715+0000] {logging_mixin.py:188} INFO - [2026-04-13T16:49:43.715+0000] {dag.py:3954} INFO - Setting next_dagrun for dataset_produces_1 to 2026-04-12 00:00:00+00:00, run_after=2026-04-13 00:00:00+00:00
[2026-04-13T16:49:43.717+0000] {logging_mixin.py:188} INFO - [2026-04-13T16:49:43.717+0000] {dag.py:3954} INFO - Setting next_dagrun for dataset_produces_2 to None, run_after=None
[2026-04-13T16:49:43.765+0000] {processor.py:183} INFO - Processing /home/airflow/.local/lib/python3.12/site-packages/airflow/example_dags/example_datasets.py took 0.205 seconds
[2026-04-13T16:50:14.402+0000] {processor.py:161} INFO - Started process (PID=915) to work on /home/airflow/.local/lib/python3.12/site-packages/airflow/example_dags/example_datasets.py
[2026-04-13T16:50:14.405+0000] {processor.py:830} INFO - Processing file /home/airflow/.local/lib/python3.12/site-packages/airflow/example_dags/example_datasets.py for tasks to queue
[2026-04-13T16:50:14.409+0000] {logging_mixin.py:188} INFO - [2026-04-13T16:50:14.409+0000] {dagbag.py:545} INFO - Filling up the DagBag from /home/airflow/.local/lib/python3.12/site-packages/airflow/example_dags/example_datasets.py
[2026-04-13T16:50:14.455+0000] {processor.py:840} INFO - DAG(s) 'dataset_produces_2', 'dataset_consumes_1_never_scheduled', 'dataset_consumes_1', 'consume_1_and_2_with_dataset_expressions', 'consume_1_or_both_2_and_3_with_dataset_expressions', 'conditional_dataset_and_time_based_timetable', 'consume_1_or_2_with_dataset_expressions', 'dataset_consumes_unknown_never_scheduled', 'dataset_consumes_1_and_2', 'dataset_produces_1' retrieved from /home/airflow/.local/lib/python3.12/site-packages/airflow/example_dags/example_datasets.py
[2026-04-13T16:50:14.614+0000] {logging_mixin.py:188} INFO - [2026-04-13T16:50:14.613+0000] {dag.py:3096} INFO - Sync 10 DAGs
[2026-04-13T16:50:14.713+0000] {logging_mixin.py:188} INFO - [2026-04-13T16:50:14.712+0000] {dag.py:3954} INFO - Setting next_dagrun for conditional_dataset_and_time_based_timetable to 2026-04-08 01:00:00+00:00, run_after=2026-04-08 01:00:00+00:00
[2026-04-13T16:50:14.726+0000] {logging_mixin.py:188} INFO - [2026-04-13T16:50:14.725+0000] {dag.py:3954} INFO - Setting next_dagrun for consume_1_and_2_with_dataset_expressions to None, run_after=None
[2026-04-13T16:50:14.733+0000] {logging_mixin.py:188} INFO - [2026-04-13T16:50:14.732+0000] {dag.py:3954} INFO - Setting next_dagrun for consume_1_or_2_with_dataset_expressions to None, run_after=None
[2026-04-13T16:50:14.738+0000] {logging_mixin.py:188} INFO - [2026-04-13T16:50:14.737+0000] {dag.py:3954} INFO - Setting next_dagrun for consume_1_or_both_2_and_3_with_dataset_expressions to None, run_after=None
[2026-04-13T16:50:14.742+0000] {logging_mixin.py:188} INFO - [2026-04-13T16:50:14.741+0000] {dag.py:3954} INFO - Setting next_dagrun for dataset_consumes_1 to None, run_after=None
[2026-04-13T16:50:14.745+0000] {logging_mixin.py:188} INFO - [2026-04-13T16:50:14.745+0000] {dag.py:3954} INFO - Setting next_dagrun for dataset_consumes_1_and_2 to None, run_after=None
[2026-04-13T16:50:14.749+0000] {logging_mixin.py:188} INFO - [2026-04-13T16:50:14.749+0000] {dag.py:3954} INFO - Setting next_dagrun for dataset_consumes_1_never_scheduled to None, run_after=None
[2026-04-13T16:50:14.752+0000] {logging_mixin.py:188} INFO - [2026-04-13T16:50:14.752+0000] {dag.py:3954} INFO - Setting next_dagrun for dataset_consumes_unknown_never_scheduled to None, run_after=None
[2026-04-13T16:50:14.760+0000] {logging_mixin.py:188} INFO - [2026-04-13T16:50:14.760+0000] {dag.py:3954} INFO - Setting next_dagrun for dataset_produces_1 to 2026-04-12 00:00:00+00:00, run_after=2026-04-13 00:00:00+00:00
[2026-04-13T16:50:14.764+0000] {logging_mixin.py:188} INFO - [2026-04-13T16:50:14.764+0000] {dag.py:3954} INFO - Setting next_dagrun for dataset_produces_2 to None, run_after=None
[2026-04-13T16:50:14.841+0000] {processor.py:183} INFO - Processing /home/airflow/.local/lib/python3.12/site-packages/airflow/example_dags/example_datasets.py took 0.458 seconds
[2026-04-13T16:50:45.085+0000] {processor.py:161} INFO - Started process (PID=973) to work on /home/airflow/.local/lib/python3.12/site-packages/airflow/example_dags/example_datasets.py
[2026-04-13T16:50:45.087+0000] {processor.py:830} INFO - Processing file /home/airflow/.local/lib/python3.12/site-packages/airflow/example_dags/example_datasets.py for tasks to queue
[2026-04-13T16:50:45.093+0000] {logging_mixin.py:188} INFO - [2026-04-13T16:50:45.092+0000] {dagbag.py:545} INFO - Filling up the DagBag from /home/airflow/.local/lib/python3.12/site-packages/airflow/example_dags/example_datasets.py
[2026-04-13T16:50:45.140+0000] {processor.py:840} INFO - DAG(s) 'dataset_consumes_1', 'conditional_dataset_and_time_based_timetable', 'dataset_produces_2', 'dataset_consumes_unknown_never_scheduled', 'dataset_consumes_1_never_scheduled', 'consume_1_and_2_with_dataset_expressions', 'dataset_consumes_1_and_2', 'consume_1_or_2_with_dataset_expressions', 'consume_1_or_both_2_and_3_with_dataset_expressions', 'dataset_produces_1' retrieved from /home/airflow/.local/lib/python3.12/site-packages/airflow/example_dags/example_datasets.py
[2026-04-13T16:50:45.312+0000] {logging_mixin.py:188} INFO - [2026-04-13T16:50:45.311+0000] {dag.py:3096} INFO - Sync 10 DAGs
[2026-04-13T16:50:45.407+0000] {logging_mixin.py:188} INFO - [2026-04-13T16:50:45.407+0000] {dag.py:3954} INFO - Setting next_dagrun for conditional_dataset_and_time_based_timetable to 2026-04-08 01:00:00+00:00, run_after=2026-04-08 01:00:00+00:00
[2026-04-13T16:50:45.419+0000] {logging_mixin.py:188} INFO - [2026-04-13T16:50:45.418+0000] {dag.py:3954} INFO - Setting next_dagrun for consume_1_and_2_with_dataset_expressions to None, run_after=None
[2026-04-13T16:50:45.424+0000] {logging_mixin.py:188} INFO - [2026-04-13T16:50:45.423+0000] {dag.py:3954} INFO - Setting next_dagrun for consume_1_or_2_with_dataset_expressions to None, run_after=None
[2026-04-13T16:50:45.429+0000] {logging_mixin.py:188} INFO - [2026-04-13T16:50:45.428+0000] {dag.py:3954} INFO - Setting next_dagrun for consume_1_or_both_2_and_3_with_dataset_expressions to None, run_after=None
[2026-04-13T16:50:45.433+0000] {logging_mixin.py:188} INFO - [2026-04-13T16:50:45.432+0000] {dag.py:3954} INFO - Setting next_dagrun for dataset_consumes_1 to None, run_after=None
[2026-04-13T16:50:45.437+0000] {logging_mixin.py:188} INFO - [2026-04-13T16:50:45.436+0000] {dag.py:3954} INFO - Setting next_dagrun for dataset_consumes_1_and_2 to None, run_after=None
[2026-04-13T16:50:45.440+0000] {logging_mixin.py:188} INFO - [2026-04-13T16:50:45.440+0000] {dag.py:3954} INFO - Setting next_dagrun for dataset_consumes_1_never_scheduled to None, run_after=None
[2026-04-13T16:50:45.445+0000] {logging_mixin.py:188} INFO - [2026-04-13T16:50:45.444+0000] {dag.py:3954} INFO - Setting next_dagrun for dataset_consumes_unknown_never_scheduled to None, run_after=None
[2026-04-13T16:50:45.452+0000] {logging_mixin.py:188} INFO - [2026-04-13T16:50:45.451+0000] {dag.py:3954} INFO - Setting next_dagrun for dataset_produces_1 to 2026-04-12 00:00:00+00:00, run_after=2026-04-13 00:00:00+00:00
[2026-04-13T16:50:45.455+0000] {logging_mixin.py:188} INFO - [2026-04-13T16:50:45.455+0000] {dag.py:3954} INFO - Setting next_dagrun for dataset_produces_2 to None, run_after=None
[2026-04-13T16:50:45.548+0000] {processor.py:183} INFO - Processing /home/airflow/.local/lib/python3.12/site-packages/airflow/example_dags/example_datasets.py took 0.480 seconds
[2026-04-13T16:51:15.610+0000] {processor.py:161} INFO - Started process (PID=1032) to work on /home/airflow/.local/lib/python3.12/site-packages/airflow/example_dags/example_datasets.py
[2026-04-13T16:51:15.612+0000] {processor.py:830} INFO - Processing file /home/airflow/.local/lib/python3.12/site-packages/airflow/example_dags/example_datasets.py for tasks to queue
[2026-04-13T16:51:15.617+0000] {logging_mixin.py:188} INFO - [2026-04-13T16:51:15.616+0000] {dagbag.py:545} INFO - Filling up the DagBag from /home/airflow/.local/lib/python3.12/site-packages/airflow/example_dags/example_datasets.py
[2026-04-13T16:51:15.652+0000] {processor.py:840} INFO - DAG(s) 'consume_1_or_2_with_dataset_expressions', 'dataset_produces_2', 'dataset_consumes_unknown_never_scheduled', 'conditional_dataset_and_time_based_timetable', 'dataset_consumes_1', 'dataset_produces_1', 'consume_1_or_both_2_and_3_with_dataset_expressions', 'dataset_consumes_1_never_scheduled', 'consume_1_and_2_with_dataset_expressions', 'dataset_consumes_1_and_2' retrieved from /home/airflow/.local/lib/python3.12/site-packages/airflow/example_dags/example_datasets.py
[2026-04-13T16:51:15.821+0000] {logging_mixin.py:188} INFO - [2026-04-13T16:51:15.821+0000] {dag.py:3096} INFO - Sync 10 DAGs
[2026-04-13T16:51:15.908+0000] {logging_mixin.py:188} INFO - [2026-04-13T16:51:15.908+0000] {dag.py:3954} INFO - Setting next_dagrun for conditional_dataset_and_time_based_timetable to 2026-04-08 01:00:00+00:00, run_after=2026-04-08 01:00:00+00:00
[2026-04-13T16:51:15.918+0000] {logging_mixin.py:188} INFO - [2026-04-13T16:51:15.918+0000] {dag.py:3954} INFO - Setting next_dagrun for consume_1_and_2_with_dataset_expressions to None, run_after=None
[2026-04-13T16:51:15.922+0000] {logging_mixin.py:188} INFO - [2026-04-13T16:51:15.921+0000] {dag.py:3954} INFO - Setting next_dagrun for consume_1_or_2_with_dataset_expressions to None, run_after=None
[2026-04-13T16:51:15.925+0000] {logging_mixin.py:188} INFO - [2026-04-13T16:51:15.925+0000] {dag.py:3954} INFO - Setting next_dagrun for consume_1_or_both_2_and_3_with_dataset_expressions to None, run_after=None
[2026-04-13T16:51:15.928+0000] {logging_mixin.py:188} INFO - [2026-04-13T16:51:15.928+0000] {dag.py:3954} INFO - Setting next_dagrun for dataset_consumes_1 to None, run_after=None
[2026-04-13T16:51:15.932+0000] {logging_mixin.py:188} INFO - [2026-04-13T16:51:15.931+0000] {dag.py:3954} INFO - Setting next_dagrun for dataset_consumes_1_and_2 to None, run_after=None
[2026-04-13T16:51:15.936+0000] {logging_mixin.py:188} INFO - [2026-04-13T16:51:15.935+0000] {dag.py:3954} INFO - Setting next_dagrun for dataset_consumes_1_never_scheduled to None, run_after=None
[2026-04-13T16:51:15.939+0000] {logging_mixin.py:188} INFO - [2026-04-13T16:51:15.939+0000] {dag.py:3954} INFO - Setting next_dagrun for dataset_consumes_unknown_never_scheduled to None, run_after=None
[2026-04-13T16:51:15.946+0000] {logging_mixin.py:188} INFO - [2026-04-13T16:51:15.946+0000] {dag.py:3954} INFO - Setting next_dagrun for dataset_produces_1 to 2026-04-12 00:00:00+00:00, run_after=2026-04-13 00:00:00+00:00
[2026-04-13T16:51:15.950+0000] {logging_mixin.py:188} INFO - [2026-04-13T16:51:15.950+0000] {dag.py:3954} INFO - Setting next_dagrun for dataset_produces_2 to None, run_after=None
[2026-04-13T16:51:16.090+0000] {processor.py:183} INFO - Processing /home/airflow/.local/lib/python3.12/site-packages/airflow/example_dags/example_datasets.py took 0.494 seconds
[2026-04-13T16:51:46.336+0000] {processor.py:161} INFO - Started process (PID=1090) to work on /home/airflow/.local/lib/python3.12/site-packages/airflow/example_dags/example_datasets.py
[2026-04-13T16:51:46.338+0000] {processor.py:830} INFO - Processing file /home/airflow/.local/lib/python3.12/site-packages/airflow/example_dags/example_datasets.py for tasks to queue
[2026-04-13T16:51:46.342+0000] {logging_mixin.py:188} INFO - [2026-04-13T16:51:46.342+0000] {dagbag.py:545} INFO - Filling up the DagBag from /home/airflow/.local/lib/python3.12/site-packages/airflow/example_dags/example_datasets.py
[2026-04-13T16:51:46.380+0000] {processor.py:840} INFO - DAG(s) 'consume_1_or_2_with_dataset_expressions', 'dataset_consumes_1_and_2', 'dataset_consumes_1', 'dataset_consumes_unknown_never_scheduled', 'dataset_produces_1', 'dataset_consumes_1_never_scheduled', 'conditional_dataset_and_time_based_timetable', 'consume_1_or_both_2_and_3_with_dataset_expressions', 'dataset_produces_2', 'consume_1_and_2_with_dataset_expressions' retrieved from /home/airflow/.local/lib/python3.12/site-packages/airflow/example_dags/example_datasets.py
[2026-04-13T16:51:46.507+0000] {logging_mixin.py:188} INFO - [2026-04-13T16:51:46.506+0000] {dag.py:3096} INFO - Sync 10 DAGs
[2026-04-13T16:51:46.589+0000] {logging_mixin.py:188} INFO - [2026-04-13T16:51:46.588+0000] {dag.py:3954} INFO - Setting next_dagrun for conditional_dataset_and_time_based_timetable to 2026-04-08 01:00:00+00:00, run_after=2026-04-08 01:00:00+00:00
[2026-04-13T16:51:46.601+0000] {logging_mixin.py:188} INFO - [2026-04-13T16:51:46.600+0000] {dag.py:3954} INFO - Setting next_dagrun for consume_1_and_2_with_dataset_expressions to None, run_after=None
[2026-04-13T16:51:46.606+0000] {logging_mixin.py:188} INFO - [2026-04-13T16:51:46.605+0000] {dag.py:3954} INFO - Setting next_dagrun for consume_1_or_2_with_dataset_expressions to None, run_after=None
[2026-04-13T16:51:46.610+0000] {logging_mixin.py:188} INFO - [2026-04-13T16:51:46.609+0000] {dag.py:3954} INFO - Setting next_dagrun for consume_1_or_both_2_and_3_with_dataset_expressions to None, run_after=None
[2026-04-13T16:51:46.613+0000] {logging_mixin.py:188} INFO - [2026-04-13T16:51:46.613+0000] {dag.py:3954} INFO - Setting next_dagrun for dataset_consumes_1 to None, run_after=None
[2026-04-13T16:51:46.619+0000] {logging_mixin.py:188} INFO - [2026-04-13T16:51:46.619+0000] {dag.py:3954} INFO - Setting next_dagrun for dataset_consumes_1_and_2 to None, run_after=None
[2026-04-13T16:51:46.623+0000] {logging_mixin.py:188} INFO - [2026-04-13T16:51:46.623+0000] {dag.py:3954} INFO - Setting next_dagrun for dataset_consumes_1_never_scheduled to None, run_after=None
[2026-04-13T16:51:46.627+0000] {logging_mixin.py:188} INFO - [2026-04-13T16:51:46.627+0000] {dag.py:3954} INFO - Setting next_dagrun for dataset_consumes_unknown_never_scheduled to None, run_after=None
[2026-04-13T16:51:46.636+0000] {logging_mixin.py:188} INFO - [2026-04-13T16:51:46.636+0000] {dag.py:3954} INFO - Setting next_dagrun for dataset_produces_1 to 2026-04-12 00:00:00+00:00, run_after=2026-04-13 00:00:00+00:00
[2026-04-13T16:51:46.641+0000] {logging_mixin.py:188} INFO - [2026-04-13T16:51:46.640+0000] {dag.py:3954} INFO - Setting next_dagrun for dataset_produces_2 to None, run_after=None
[2026-04-13T16:51:46.740+0000] {processor.py:183} INFO - Processing /home/airflow/.local/lib/python3.12/site-packages/airflow/example_dags/example_datasets.py took 0.419 seconds
[2026-04-13T16:52:16.968+0000] {processor.py:161} INFO - Started process (PID=1148) to work on /home/airflow/.local/lib/python3.12/site-packages/airflow/example_dags/example_datasets.py
[2026-04-13T16:52:16.974+0000] {processor.py:830} INFO - Processing file /home/airflow/.local/lib/python3.12/site-packages/airflow/example_dags/example_datasets.py for tasks to queue
[2026-04-13T16:52:16.980+0000] {logging_mixin.py:188} INFO - [2026-04-13T16:52:16.979+0000] {dagbag.py:545} INFO - Filling up the DagBag from /home/airflow/.local/lib/python3.12/site-packages/airflow/example_dags/example_datasets.py
[2026-04-13T16:52:17.034+0000] {processor.py:840} INFO - DAG(s) 'dataset_produces_1', 'consume_1_or_both_2_and_3_with_dataset_expressions', 'dataset_consumes_1_never_scheduled', 'dataset_produces_2', 'dataset_consumes_unknown_never_scheduled', 'dataset_consumes_1_and_2', 'dataset_consumes_1', 'conditional_dataset_and_time_based_timetable', 'consume_1_or_2_with_dataset_expressions', 'consume_1_and_2_with_dataset_expressions' retrieved from /home/airflow/.local/lib/python3.12/site-packages/airflow/example_dags/example_datasets.py
[2026-04-13T16:52:17.168+0000] {logging_mixin.py:188} INFO - [2026-04-13T16:52:17.167+0000] {dag.py:3096} INFO - Sync 10 DAGs
[2026-04-13T16:52:17.225+0000] {logging_mixin.py:188} INFO - [2026-04-13T16:52:17.225+0000] {dag.py:3954} INFO - Setting next_dagrun for conditional_dataset_and_time_based_timetable to 2026-04-08 01:00:00+00:00, run_after=2026-04-08 01:00:00+00:00
[2026-04-13T16:52:17.234+0000] {logging_mixin.py:188} INFO - [2026-04-13T16:52:17.234+0000] {dag.py:3954} INFO - Setting next_dagrun for consume_1_and_2_with_dataset_expressions to None, run_after=None
[2026-04-13T16:52:17.238+0000] {logging_mixin.py:188} INFO - [2026-04-13T16:52:17.237+0000] {dag.py:3954} INFO - Setting next_dagrun for consume_1_or_2_with_dataset_expressions to None, run_after=None
[2026-04-13T16:52:17.241+0000] {logging_mixin.py:188} INFO - [2026-04-13T16:52:17.241+0000] {dag.py:3954} INFO - Setting next_dagrun for consume_1_or_both_2_and_3_with_dataset_expressions to None, run_after=None
[2026-04-13T16:52:17.244+0000] {logging_mixin.py:188} INFO - [2026-04-13T16:52:17.244+0000] {dag.py:3954} INFO - Setting next_dagrun for dataset_consumes_1 to None, run_after=None
[2026-04-13T16:52:17.247+0000] {logging_mixin.py:188} INFO - [2026-04-13T16:52:17.247+0000] {dag.py:3954} INFO - Setting next_dagrun for dataset_consumes_1_and_2 to None, run_after=None
[2026-04-13T16:52:17.250+0000] {logging_mixin.py:188} INFO - [2026-04-13T16:52:17.250+0000] {dag.py:3954} INFO - Setting next_dagrun for dataset_consumes_1_never_scheduled to None, run_after=None
[2026-04-13T16:52:17.253+0000] {logging_mixin.py:188} INFO - [2026-04-13T16:52:17.253+0000] {dag.py:3954} INFO - Setting next_dagrun for dataset_consumes_unknown_never_scheduled to None, run_after=None
[2026-04-13T16:52:17.259+0000] {logging_mixin.py:188} INFO - [2026-04-13T16:52:17.259+0000] {dag.py:3954} INFO - Setting next_dagrun for dataset_produces_1 to 2026-04-12 00:00:00+00:00, run_after=2026-04-13 00:00:00+00:00
[2026-04-13T16:52:17.262+0000] {logging_mixin.py:188} INFO - [2026-04-13T16:52:17.262+0000] {dag.py:3954} INFO - Setting next_dagrun for dataset_produces_2 to None, run_after=None
[2026-04-13T16:52:17.415+0000] {processor.py:183} INFO - Processing /home/airflow/.local/lib/python3.12/site-packages/airflow/example_dags/example_datasets.py took 0.489 seconds
[2026-04-13T16:52:48.121+0000] {processor.py:161} INFO - Started process (PID=1207) to work on /home/airflow/.local/lib/python3.12/site-packages/airflow/example_dags/example_datasets.py
[2026-04-13T16:52:48.122+0000] {processor.py:830} INFO - Processing file /home/airflow/.local/lib/python3.12/site-packages/airflow/example_dags/example_datasets.py for tasks to queue
[2026-04-13T16:52:48.125+0000] {logging_mixin.py:188} INFO - [2026-04-13T16:52:48.125+0000] {dagbag.py:545} INFO - Filling up the DagBag from /home/airflow/.local/lib/python3.12/site-packages/airflow/example_dags/example_datasets.py
[2026-04-13T16:52:48.142+0000] {processor.py:840} INFO - DAG(s) 'dataset_consumes_1_and_2', 'dataset_consumes_1', 'dataset_produces_1', 'consume_1_or_2_with_dataset_expressions', 'consume_1_and_2_with_dataset_expressions', 'dataset_consumes_unknown_never_scheduled', 'conditional_dataset_and_time_based_timetable', 'dataset_consumes_1_never_scheduled', 'consume_1_or_both_2_and_3_with_dataset_expressions', 'dataset_produces_2' retrieved from /home/airflow/.local/lib/python3.12/site-packages/airflow/example_dags/example_datasets.py
[2026-04-13T16:52:48.207+0000] {logging_mixin.py:188} INFO - [2026-04-13T16:52:48.206+0000] {dag.py:3096} INFO - Sync 10 DAGs
[2026-04-13T16:52:48.238+0000] {logging_mixin.py:188} INFO - [2026-04-13T16:52:48.238+0000] {dag.py:3954} INFO - Setting next_dagrun for conditional_dataset_and_time_based_timetable to 2026-04-08 01:00:00+00:00, run_after=2026-04-08 01:00:00+00:00
[2026-04-13T16:52:48.243+0000] {logging_mixin.py:188} INFO - [2026-04-13T16:52:48.243+0000] {dag.py:3954} INFO - Setting next_dagrun for consume_1_and_2_with_dataset_expressions to None, run_after=None
[2026-04-13T16:52:48.246+0000] {logging_mixin.py:188} INFO - [2026-04-13T16:52:48.245+0000] {dag.py:3954} INFO - Setting next_dagrun for consume_1_or_2_with_dataset_expressions to None, run_after=None
[2026-04-13T16:52:48.248+0000] {logging_mixin.py:188} INFO - [2026-04-13T16:52:48.247+0000] {dag.py:3954} INFO - Setting next_dagrun for consume_1_or_both_2_and_3_with_dataset_expressions to None, run_after=None
[2026-04-13T16:52:48.250+0000] {logging_mixin.py:188} INFO - [2026-04-13T16:52:48.250+0000] {dag.py:3954} INFO - Setting next_dagrun for dataset_consumes_1 to None, run_after=None
[2026-04-13T16:52:48.252+0000] {logging_mixin.py:188} INFO - [2026-04-13T16:52:48.252+0000] {dag.py:3954} INFO - Setting next_dagrun for dataset_consumes_1_and_2 to None, run_after=None
[2026-04-13T16:52:48.254+0000] {logging_mixin.py:188} INFO - [2026-04-13T16:52:48.254+0000] {dag.py:3954} INFO - Setting next_dagrun for dataset_consumes_1_never_scheduled to None, run_after=None
[2026-04-13T16:52:48.256+0000] {logging_mixin.py:188} INFO - [2026-04-13T16:52:48.256+0000] {dag.py:3954} INFO - Setting next_dagrun for dataset_consumes_unknown_never_scheduled to None, run_after=None
[2026-04-13T16:52:48.260+0000] {logging_mixin.py:188} INFO - [2026-04-13T16:52:48.259+0000] {dag.py:3954} INFO - Setting next_dagrun for dataset_produces_1 to 2026-04-12 00:00:00+00:00, run_after=2026-04-13 00:00:00+00:00
[2026-04-13T16:52:48.261+0000] {logging_mixin.py:188} INFO - [2026-04-13T16:52:48.261+0000] {dag.py:3954} INFO - Setting next_dagrun for dataset_produces_2 to None, run_after=None
[2026-04-13T16:52:48.310+0000] {processor.py:183} INFO - Processing /home/airflow/.local/lib/python3.12/site-packages/airflow/example_dags/example_datasets.py took 0.196 seconds
[2026-04-13T16:53:18.498+0000] {processor.py:161} INFO - Started process (PID=1265) to work on /home/airflow/.local/lib/python3.12/site-packages/airflow/example_dags/example_datasets.py
[2026-04-13T16:53:18.502+0000] {processor.py:830} INFO - Processing file /home/airflow/.local/lib/python3.12/site-packages/airflow/example_dags/example_datasets.py for tasks to queue
[2026-04-13T16:53:18.522+0000] {logging_mixin.py:188} INFO - [2026-04-13T16:53:18.521+0000] {dagbag.py:545} INFO - Filling up the DagBag from /home/airflow/.local/lib/python3.12/site-packages/airflow/example_dags/example_datasets.py
[2026-04-13T16:53:18.540+0000] {processor.py:840} INFO - DAG(s) 'dataset_produces_1', 'dataset_consumes_1', 'dataset_consumes_unknown_never_scheduled', 'conditional_dataset_and_time_based_timetable', 'consume_1_or_2_with_dataset_expressions', 'consume_1_and_2_with_dataset_expressions', 'consume_1_or_both_2_and_3_with_dataset_expressions', 'dataset_produces_2', 'dataset_consumes_1_and_2', 'dataset_consumes_1_never_scheduled' retrieved from /home/airflow/.local/lib/python3.12/site-packages/airflow/example_dags/example_datasets.py
[2026-04-13T16:53:18.606+0000] {logging_mixin.py:188} INFO - [2026-04-13T16:53:18.606+0000] {dag.py:3096} INFO - Sync 10 DAGs
[2026-04-13T16:53:18.639+0000] {logging_mixin.py:188} INFO - [2026-04-13T16:53:18.639+0000] {dag.py:3954} INFO - Setting next_dagrun for conditional_dataset_and_time_based_timetable to 2026-04-08 01:00:00+00:00, run_after=2026-04-08 01:00:00+00:00
[2026-04-13T16:53:18.645+0000] {logging_mixin.py:188} INFO - [2026-04-13T16:53:18.644+0000] {dag.py:3954} INFO - Setting next_dagrun for consume_1_and_2_with_dataset_expressions to None, run_after=None
[2026-04-13T16:53:18.647+0000] {logging_mixin.py:188} INFO - [2026-04-13T16:53:18.646+0000] {dag.py:3954} INFO - Setting next_dagrun for consume_1_or_2_with_dataset_expressions to None, run_after=None
[2026-04-13T16:53:18.648+0000] {logging_mixin.py:188} INFO - [2026-04-13T16:53:18.648+0000] {dag.py:3954} INFO - Setting next_dagrun for consume_1_or_both_2_and_3_with_dataset_expressions to None, run_after=None
[2026-04-13T16:53:18.650+0000] {logging_mixin.py:188} INFO - [2026-04-13T16:53:18.650+0000] {dag.py:3954} INFO - Setting next_dagrun for dataset_consumes_1 to None, run_after=None
[2026-04-13T16:53:18.652+0000] {logging_mixin.py:188} INFO - [2026-04-13T16:53:18.652+0000] {dag.py:3954} INFO - Setting next_dagrun for dataset_consumes_1_and_2 to None, run_after=None
[2026-04-13T16:53:18.654+0000] {logging_mixin.py:188} INFO - [2026-04-13T16:53:18.654+0000] {dag.py:3954} INFO - Setting next_dagrun for dataset_consumes_1_never_scheduled to None, run_after=None
[2026-04-13T16:53:18.656+0000] {logging_mixin.py:188} INFO - [2026-04-13T16:53:18.655+0000] {dag.py:3954} INFO - Setting next_dagrun for dataset_consumes_unknown_never_scheduled to None, run_after=None
[2026-04-13T16:53:18.659+0000] {logging_mixin.py:188} INFO - [2026-04-13T16:53:18.659+0000] {dag.py:3954} INFO - Setting next_dagrun for dataset_produces_1 to 2026-04-12 00:00:00+00:00, run_after=2026-04-13 00:00:00+00:00
[2026-04-13T16:53:18.661+0000] {logging_mixin.py:188} INFO - [2026-04-13T16:53:18.661+0000] {dag.py:3954} INFO - Setting next_dagrun for dataset_produces_2 to None, run_after=None
[2026-04-13T16:53:18.710+0000] {processor.py:183} INFO - Processing /home/airflow/.local/lib/python3.12/site-packages/airflow/example_dags/example_datasets.py took 0.219 seconds
[2026-04-13T16:53:49.259+0000] {processor.py:161} INFO - Started process (PID=1323) to work on /home/airflow/.local/lib/python3.12/site-packages/airflow/example_dags/example_datasets.py
[2026-04-13T16:53:49.261+0000] {processor.py:830} INFO - Processing file /home/airflow/.local/lib/python3.12/site-packages/airflow/example_dags/example_datasets.py for tasks to queue
[2026-04-13T16:53:49.266+0000] {logging_mixin.py:188} INFO - [2026-04-13T16:53:49.265+0000] {dagbag.py:545} INFO - Filling up the DagBag from /home/airflow/.local/lib/python3.12/site-packages/airflow/example_dags/example_datasets.py
[2026-04-13T16:53:49.301+0000] {processor.py:840} INFO - DAG(s) 'consume_1_or_2_with_dataset_expressions', 'conditional_dataset_and_time_based_timetable', 'dataset_consumes_unknown_never_scheduled', 'dataset_consumes_1_never_scheduled', 'consume_1_or_both_2_and_3_with_dataset_expressions', 'dataset_produces_2', 'dataset_consumes_1', 'consume_1_and_2_with_dataset_expressions', 'dataset_produces_1', 'dataset_consumes_1_and_2' retrieved from /home/airflow/.local/lib/python3.12/site-packages/airflow/example_dags/example_datasets.py
[2026-04-13T16:53:49.400+0000] {logging_mixin.py:188} INFO - [2026-04-13T16:53:49.400+0000] {dag.py:3096} INFO - Sync 10 DAGs
[2026-04-13T16:53:49.446+0000] {logging_mixin.py:188} INFO - [2026-04-13T16:53:49.446+0000] {dag.py:3954} INFO - Setting next_dagrun for conditional_dataset_and_time_based_timetable to 2026-04-08 01:00:00+00:00, run_after=2026-04-08 01:00:00+00:00
[2026-04-13T16:53:49.452+0000] {logging_mixin.py:188} INFO - [2026-04-13T16:53:49.452+0000] {dag.py:3954} INFO - Setting next_dagrun for consume_1_and_2_with_dataset_expressions to None, run_after=None
[2026-04-13T16:53:49.456+0000] {logging_mixin.py:188} INFO - [2026-04-13T16:53:49.455+0000] {dag.py:3954} INFO - Setting next_dagrun for consume_1_or_2_with_dataset_expressions to None, run_after=None
[2026-04-13T16:53:49.458+0000] {logging_mixin.py:188} INFO - [2026-04-13T16:53:49.458+0000] {dag.py:3954} INFO - Setting next_dagrun for consume_1_or_both_2_and_3_with_dataset_expressions to None, run_after=None
[2026-04-13T16:53:49.461+0000] {logging_mixin.py:188} INFO - [2026-04-13T16:53:49.460+0000] {dag.py:3954} INFO - Setting next_dagrun for dataset_consumes_1 to None, run_after=None
[2026-04-13T16:53:49.463+0000] {logging_mixin.py:188} INFO - [2026-04-13T16:53:49.462+0000] {dag.py:3954} INFO - Setting next_dagrun for dataset_consumes_1_and_2 to None, run_after=None
[2026-04-13T16:53:49.465+0000] {logging_mixin.py:188} INFO - [2026-04-13T16:53:49.465+0000] {dag.py:3954} INFO - Setting next_dagrun for dataset_consumes_1_never_scheduled to None, run_after=None
[2026-04-13T16:53:49.467+0000] {logging_mixin.py:188} INFO - [2026-04-13T16:53:49.467+0000] {dag.py:3954} INFO - Setting next_dagrun for dataset_consumes_unknown_never_scheduled to None, run_after=None
[2026-04-13T16:53:49.471+0000] {logging_mixin.py:188} INFO - [2026-04-13T16:53:49.470+0000] {dag.py:3954} INFO - Setting next_dagrun for dataset_produces_1 to 2026-04-12 00:00:00+00:00, run_after=2026-04-13 00:00:00+00:00
[2026-04-13T16:53:49.474+0000] {logging_mixin.py:188} INFO - [2026-04-13T16:53:49.474+0000] {dag.py:3954} INFO - Setting next_dagrun for dataset_produces_2 to None, run_after=None
[2026-04-13T16:53:49.599+0000] {processor.py:183} INFO - Processing /home/airflow/.local/lib/python3.12/site-packages/airflow/example_dags/example_datasets.py took 0.352 seconds
[2026-04-13T16:54:19.825+0000] {processor.py:161} INFO - Started process (PID=1387) to work on /home/airflow/.local/lib/python3.12/site-packages/airflow/example_dags/example_datasets.py
[2026-04-13T16:54:19.828+0000] {processor.py:830} INFO - Processing file /home/airflow/.local/lib/python3.12/site-packages/airflow/example_dags/example_datasets.py for tasks to queue
[2026-04-13T16:54:19.833+0000] {logging_mixin.py:188} INFO - [2026-04-13T16:54:19.832+0000] {dagbag.py:545} INFO - Filling up the DagBag from /home/airflow/.local/lib/python3.12/site-packages/airflow/example_dags/example_datasets.py
[2026-04-13T16:54:19.879+0000] {processor.py:840} INFO - DAG(s) 'dataset_consumes_1_and_2', 'conditional_dataset_and_time_based_timetable', 'dataset_consumes_1', 'dataset_produces_1', 'consume_1_and_2_with_dataset_expressions', 'dataset_produces_2', 'dataset_consumes_unknown_never_scheduled', 'consume_1_or_both_2_and_3_with_dataset_expressions', 'dataset_consumes_1_never_scheduled', 'consume_1_or_2_with_dataset_expressions' retrieved from /home/airflow/.local/lib/python3.12/site-packages/airflow/example_dags/example_datasets.py
[2026-04-13T16:54:20.001+0000] {logging_mixin.py:188} INFO - [2026-04-13T16:54:20.001+0000] {dag.py:3096} INFO - Sync 10 DAGs
[2026-04-13T16:54:20.085+0000] {logging_mixin.py:188} INFO - [2026-04-13T16:54:20.085+0000] {dag.py:3954} INFO - Setting next_dagrun for conditional_dataset_and_time_based_timetable to 2026-04-08 01:00:00+00:00, run_after=2026-04-08 01:00:00+00:00
[2026-04-13T16:54:20.095+0000] {logging_mixin.py:188} INFO - [2026-04-13T16:54:20.094+0000] {dag.py:3954} INFO - Setting next_dagrun for consume_1_and_2_with_dataset_expressions to None, run_after=None
[2026-04-13T16:54:20.099+0000] {logging_mixin.py:188} INFO - [2026-04-13T16:54:20.099+0000] {dag.py:3954} INFO - Setting next_dagrun for consume_1_or_2_with_dataset_expressions to None, run_after=None
[2026-04-13T16:54:20.103+0000] {logging_mixin.py:188} INFO - [2026-04-13T16:54:20.102+0000] {dag.py:3954} INFO - Setting next_dagrun for consume_1_or_both_2_and_3_with_dataset_expressions to None, run_after=None
[2026-04-13T16:54:20.106+0000] {logging_mixin.py:188} INFO - [2026-04-13T16:54:20.106+0000] {dag.py:3954} INFO - Setting next_dagrun for dataset_consumes_1 to None, run_after=None
[2026-04-13T16:54:20.110+0000] {logging_mixin.py:188} INFO - [2026-04-13T16:54:20.109+0000] {dag.py:3954} INFO - Setting next_dagrun for dataset_consumes_1_and_2 to None, run_after=None
[2026-04-13T16:54:20.114+0000] {logging_mixin.py:188} INFO - [2026-04-13T16:54:20.113+0000] {dag.py:3954} INFO - Setting next_dagrun for dataset_consumes_1_never_scheduled to None, run_after=None
[2026-04-13T16:54:20.119+0000] {logging_mixin.py:188} INFO - [2026-04-13T16:54:20.118+0000] {dag.py:3954} INFO - Setting next_dagrun for dataset_consumes_unknown_never_scheduled to None, run_after=None
[2026-04-13T16:54:20.127+0000] {logging_mixin.py:188} INFO - [2026-04-13T16:54:20.126+0000] {dag.py:3954} INFO - Setting next_dagrun for dataset_produces_1 to 2026-04-12 00:00:00+00:00, run_after=2026-04-13 00:00:00+00:00
[2026-04-13T16:54:20.131+0000] {logging_mixin.py:188} INFO - [2026-04-13T16:54:20.131+0000] {dag.py:3954} INFO - Setting next_dagrun for dataset_produces_2 to None, run_after=None
[2026-04-13T16:54:20.225+0000] {processor.py:183} INFO - Processing /home/airflow/.local/lib/python3.12/site-packages/airflow/example_dags/example_datasets.py took 0.415 seconds
[2026-04-13T16:54:51.088+0000] {processor.py:161} INFO - Started process (PID=1443) to work on /home/airflow/.local/lib/python3.12/site-packages/airflow/example_dags/example_datasets.py
[2026-04-13T16:54:51.090+0000] {processor.py:830} INFO - Processing file /home/airflow/.local/lib/python3.12/site-packages/airflow/example_dags/example_datasets.py for tasks to queue
[2026-04-13T16:54:51.094+0000] {logging_mixin.py:188} INFO - [2026-04-13T16:54:51.094+0000] {dagbag.py:545} INFO - Filling up the DagBag from /home/airflow/.local/lib/python3.12/site-packages/airflow/example_dags/example_datasets.py
[2026-04-13T16:54:51.189+0000] {processor.py:840} INFO - DAG(s) 'dataset_consumes_1', 'dataset_produces_1', 'consume_1_and_2_with_dataset_expressions', 'conditional_dataset_and_time_based_timetable', 'consume_1_or_both_2_and_3_with_dataset_expressions', 'dataset_produces_2', 'dataset_consumes_unknown_never_scheduled', 'dataset_consumes_1_never_scheduled', 'dataset_consumes_1_and_2', 'consume_1_or_2_with_dataset_expressions' retrieved from /home/airflow/.local/lib/python3.12/site-packages/airflow/example_dags/example_datasets.py
[2026-04-13T16:54:51.569+0000] {logging_mixin.py:188} INFO - [2026-04-13T16:54:51.569+0000] {dag.py:3096} INFO - Sync 10 DAGs
[2026-04-13T16:54:51.732+0000] {logging_mixin.py:188} INFO - [2026-04-13T16:54:51.731+0000] {dag.py:3954} INFO - Setting next_dagrun for conditional_dataset_and_time_based_timetable to 2026-04-08 01:00:00+00:00, run_after=2026-04-08 01:00:00+00:00
[2026-04-13T16:54:51.739+0000] {logging_mixin.py:188} INFO - [2026-04-13T16:54:51.739+0000] {dag.py:3954} INFO - Setting next_dagrun for consume_1_and_2_with_dataset_expressions to None, run_after=None
[2026-04-13T16:54:51.741+0000] {logging_mixin.py:188} INFO - [2026-04-13T16:54:51.741+0000] {dag.py:3954} INFO - Setting next_dagrun for consume_1_or_2_with_dataset_expressions to None, run_after=None
[2026-04-13T16:54:51.744+0000] {logging_mixin.py:188} INFO - [2026-04-13T16:54:51.743+0000] {dag.py:3954} INFO - Setting next_dagrun for consume_1_or_both_2_and_3_with_dataset_expressions to None, run_after=None
[2026-04-13T16:54:51.746+0000] {logging_mixin.py:188} INFO - [2026-04-13T16:54:51.746+0000] {dag.py:3954} INFO - Setting next_dagrun for dataset_consumes_1 to None, run_after=None
[2026-04-13T16:54:51.748+0000] {logging_mixin.py:188} INFO - [2026-04-13T16:54:51.748+0000] {dag.py:3954} INFO - Setting next_dagrun for dataset_consumes_1_and_2 to None, run_after=None
[2026-04-13T16:54:51.750+0000] {logging_mixin.py:188} INFO - [2026-04-13T16:54:51.750+0000] {dag.py:3954} INFO - Setting next_dagrun for dataset_consumes_1_never_scheduled to None, run_after=None
[2026-04-13T16:54:51.752+0000] {logging_mixin.py:188} INFO - [2026-04-13T16:54:51.752+0000] {dag.py:3954} INFO - Setting next_dagrun for dataset_consumes_unknown_never_scheduled to None, run_after=None
[2026-04-13T16:54:51.756+0000] {logging_mixin.py:188} INFO - [2026-04-13T16:54:51.756+0000] {dag.py:3954} INFO - Setting next_dagrun for dataset_produces_1 to 2026-04-12 00:00:00+00:00, run_after=2026-04-13 00:00:00+00:00
[2026-04-13T16:54:51.759+0000] {logging_mixin.py:188} INFO - [2026-04-13T16:54:51.758+0000] {dag.py:3954} INFO - Setting next_dagrun for dataset_produces_2 to None, run_after=None
[2026-04-13T16:54:52.459+0000] {processor.py:183} INFO - Processing /home/airflow/.local/lib/python3.12/site-packages/airflow/example_dags/example_datasets.py took 1.385 seconds
[2026-04-13T16:55:22.756+0000] {processor.py:161} INFO - Started process (PID=1501) to work on /home/airflow/.local/lib/python3.12/site-packages/airflow/example_dags/example_datasets.py
[2026-04-13T16:55:22.758+0000] {processor.py:830} INFO - Processing file /home/airflow/.local/lib/python3.12/site-packages/airflow/example_dags/example_datasets.py for tasks to queue
[2026-04-13T16:55:22.763+0000] {logging_mixin.py:188} INFO - [2026-04-13T16:55:22.762+0000] {dagbag.py:545} INFO - Filling up the DagBag from /home/airflow/.local/lib/python3.12/site-packages/airflow/example_dags/example_datasets.py
[2026-04-13T16:55:22.799+0000] {processor.py:840} INFO - DAG(s) 'dataset_consumes_1_and_2', 'dataset_consumes_1', 'dataset_produces_2', 'dataset_produces_1', 'dataset_consumes_unknown_never_scheduled', 'conditional_dataset_and_time_based_timetable', 'consume_1_or_2_with_dataset_expressions', 'consume_1_and_2_with_dataset_expressions', 'consume_1_or_both_2_and_3_with_dataset_expressions', 'dataset_consumes_1_never_scheduled' retrieved from /home/airflow/.local/lib/python3.12/site-packages/airflow/example_dags/example_datasets.py
[2026-04-13T16:55:22.905+0000] {logging_mixin.py:188} INFO - [2026-04-13T16:55:22.905+0000] {dag.py:3096} INFO - Sync 10 DAGs
[2026-04-13T16:55:22.960+0000] {logging_mixin.py:188} INFO - [2026-04-13T16:55:22.960+0000] {dag.py:3954} INFO - Setting next_dagrun for conditional_dataset_and_time_based_timetable to 2026-04-08 01:00:00+00:00, run_after=2026-04-08 01:00:00+00:00
[2026-04-13T16:55:22.972+0000] {logging_mixin.py:188} INFO - [2026-04-13T16:55:22.971+0000] {dag.py:3954} INFO - Setting next_dagrun for consume_1_and_2_with_dataset_expressions to None, run_after=None
[2026-04-13T16:55:22.977+0000] {logging_mixin.py:188} INFO - [2026-04-13T16:55:22.976+0000] {dag.py:3954} INFO - Setting next_dagrun for consume_1_or_2_with_dataset_expressions to None, run_after=None
[2026-04-13T16:55:22.981+0000] {logging_mixin.py:188} INFO - [2026-04-13T16:55:22.981+0000] {dag.py:3954} INFO - Setting next_dagrun for consume_1_or_both_2_and_3_with_dataset_expressions to None, run_after=None
[2026-04-13T16:55:22.985+0000] {logging_mixin.py:188} INFO - [2026-04-13T16:55:22.985+0000] {dag.py:3954} INFO - Setting next_dagrun for dataset_consumes_1 to None, run_after=None
[2026-04-13T16:55:22.989+0000] {logging_mixin.py:188} INFO - [2026-04-13T16:55:22.989+0000] {dag.py:3954} INFO - Setting next_dagrun for dataset_consumes_1_and_2 to None, run_after=None
[2026-04-13T16:55:22.993+0000] {logging_mixin.py:188} INFO - [2026-04-13T16:55:22.992+0000] {dag.py:3954} INFO - Setting next_dagrun for dataset_consumes_1_never_scheduled to None, run_after=None
[2026-04-13T16:55:22.997+0000] {logging_mixin.py:188} INFO - [2026-04-13T16:55:22.997+0000] {dag.py:3954} INFO - Setting next_dagrun for dataset_consumes_unknown_never_scheduled to None, run_after=None
[2026-04-13T16:55:23.002+0000] {logging_mixin.py:188} INFO - [2026-04-13T16:55:23.002+0000] {dag.py:3954} INFO - Setting next_dagrun for dataset_produces_1 to 2026-04-12 00:00:00+00:00, run_after=2026-04-13 00:00:00+00:00
[2026-04-13T16:55:23.006+0000] {logging_mixin.py:188} INFO - [2026-04-13T16:55:23.005+0000] {dag.py:3954} INFO - Setting next_dagrun for dataset_produces_2 to None, run_after=None
[2026-04-13T16:55:23.416+0000] {processor.py:183} INFO - Processing /home/airflow/.local/lib/python3.12/site-packages/airflow/example_dags/example_datasets.py took 0.671 seconds
[2026-04-13T16:55:53.507+0000] {processor.py:161} INFO - Started process (PID=1561) to work on /home/airflow/.local/lib/python3.12/site-packages/airflow/example_dags/example_datasets.py
[2026-04-13T16:55:53.509+0000] {processor.py:830} INFO - Processing file /home/airflow/.local/lib/python3.12/site-packages/airflow/example_dags/example_datasets.py for tasks to queue
[2026-04-13T16:55:53.512+0000] {logging_mixin.py:188} INFO - [2026-04-13T16:55:53.512+0000] {dagbag.py:545} INFO - Filling up the DagBag from /home/airflow/.local/lib/python3.12/site-packages/airflow/example_dags/example_datasets.py
[2026-04-13T16:55:53.534+0000] {processor.py:840} INFO - DAG(s) 'dataset_consumes_1_and_2', 'dataset_produces_1', 'consume_1_and_2_with_dataset_expressions', 'dataset_produces_2', 'dataset_consumes_1', 'dataset_consumes_unknown_never_scheduled', 'consume_1_or_both_2_and_3_with_dataset_expressions', 'consume_1_or_2_with_dataset_expressions', 'conditional_dataset_and_time_based_timetable', 'dataset_consumes_1_never_scheduled' retrieved from /home/airflow/.local/lib/python3.12/site-packages/airflow/example_dags/example_datasets.py
[2026-04-13T16:55:53.598+0000] {logging_mixin.py:188} INFO - [2026-04-13T16:55:53.598+0000] {dag.py:3096} INFO - Sync 10 DAGs
[2026-04-13T16:55:53.629+0000] {logging_mixin.py:188} INFO - [2026-04-13T16:55:53.629+0000] {dag.py:3954} INFO - Setting next_dagrun for conditional_dataset_and_time_based_timetable to 2026-04-08 01:00:00+00:00, run_after=2026-04-08 01:00:00+00:00
[2026-04-13T16:55:53.634+0000] {logging_mixin.py:188} INFO - [2026-04-13T16:55:53.634+0000] {dag.py:3954} INFO - Setting next_dagrun for consume_1_and_2_with_dataset_expressions to None, run_after=None
[2026-04-13T16:55:53.636+0000] {logging_mixin.py:188} INFO - [2026-04-13T16:55:53.636+0000] {dag.py:3954} INFO - Setting next_dagrun for consume_1_or_2_with_dataset_expressions to None, run_after=None
[2026-04-13T16:55:53.638+0000] {logging_mixin.py:188} INFO - [2026-04-13T16:55:53.638+0000] {dag.py:3954} INFO - Setting next_dagrun for consume_1_or_both_2_and_3_with_dataset_expressions to None, run_after=None
[2026-04-13T16:55:53.640+0000] {logging_mixin.py:188} INFO - [2026-04-13T16:55:53.640+0000] {dag.py:3954} INFO - Setting next_dagrun for dataset_consumes_1 to None, run_after=None
[2026-04-13T16:55:53.642+0000] {logging_mixin.py:188} INFO - [2026-04-13T16:55:53.642+0000] {dag.py:3954} INFO - Setting next_dagrun for dataset_consumes_1_and_2 to None, run_after=None
[2026-04-13T16:55:53.644+0000] {logging_mixin.py:188} INFO - [2026-04-13T16:55:53.643+0000] {dag.py:3954} INFO - Setting next_dagrun for dataset_consumes_1_never_scheduled to None, run_after=None
[2026-04-13T16:55:53.645+0000] {logging_mixin.py:188} INFO - [2026-04-13T16:55:53.645+0000] {dag.py:3954} INFO - Setting next_dagrun for dataset_consumes_unknown_never_scheduled to None, run_after=None
[2026-04-13T16:55:53.648+0000] {logging_mixin.py:188} INFO - [2026-04-13T16:55:53.648+0000] {dag.py:3954} INFO - Setting next_dagrun for dataset_produces_1 to 2026-04-12 00:00:00+00:00, run_after=2026-04-13 00:00:00+00:00
[2026-04-13T16:55:53.650+0000] {logging_mixin.py:188} INFO - [2026-04-13T16:55:53.650+0000] {dag.py:3954} INFO - Setting next_dagrun for dataset_produces_2 to None, run_after=None
[2026-04-13T16:55:53.708+0000] {processor.py:183} INFO - Processing /home/airflow/.local/lib/python3.12/site-packages/airflow/example_dags/example_datasets.py took 0.212 seconds
[2026-04-13T16:56:24.088+0000] {processor.py:161} INFO - Started process (PID=1617) to work on /home/airflow/.local/lib/python3.12/site-packages/airflow/example_dags/example_datasets.py
[2026-04-13T16:56:24.090+0000] {processor.py:830} INFO - Processing file /home/airflow/.local/lib/python3.12/site-packages/airflow/example_dags/example_datasets.py for tasks to queue
[2026-04-13T16:56:24.095+0000] {logging_mixin.py:188} INFO - [2026-04-13T16:56:24.094+0000] {dagbag.py:545} INFO - Filling up the DagBag from /home/airflow/.local/lib/python3.12/site-packages/airflow/example_dags/example_datasets.py
[2026-04-13T16:56:24.122+0000] {processor.py:840} INFO - DAG(s) 'dataset_consumes_1_never_scheduled', 'consume_1_or_2_with_dataset_expressions', 'dataset_consumes_1_and_2', 'consume_1_and_2_with_dataset_expressions', 'dataset_produces_1', 'conditional_dataset_and_time_based_timetable', 'consume_1_or_both_2_and_3_with_dataset_expressions', 'dataset_consumes_1', 'dataset_consumes_unknown_never_scheduled', 'dataset_produces_2' retrieved from /home/airflow/.local/lib/python3.12/site-packages/airflow/example_dags/example_datasets.py
[2026-04-13T16:56:24.201+0000] {logging_mixin.py:188} INFO - [2026-04-13T16:56:24.201+0000] {dag.py:3096} INFO - Sync 10 DAGs
[2026-04-13T16:56:24.248+0000] {logging_mixin.py:188} INFO - [2026-04-13T16:56:24.248+0000] {dag.py:3954} INFO - Setting next_dagrun for conditional_dataset_and_time_based_timetable to 2026-04-08 01:00:00+00:00, run_after=2026-04-08 01:00:00+00:00
[2026-04-13T16:56:24.255+0000] {logging_mixin.py:188} INFO - [2026-04-13T16:56:24.255+0000] {dag.py:3954} INFO - Setting next_dagrun for consume_1_and_2_with_dataset_expressions to None, run_after=None
[2026-04-13T16:56:24.258+0000] {logging_mixin.py:188} INFO - [2026-04-13T16:56:24.258+0000] {dag.py:3954} INFO - Setting next_dagrun for consume_1_or_2_with_dataset_expressions to None, run_after=None
[2026-04-13T16:56:24.262+0000] {logging_mixin.py:188} INFO - [2026-04-13T16:56:24.262+0000] {dag.py:3954} INFO - Setting next_dagrun for consume_1_or_both_2_and_3_with_dataset_expressions to None, run_after=None
[2026-04-13T16:56:24.265+0000] {logging_mixin.py:188} INFO - [2026-04-13T16:56:24.265+0000] {dag.py:3954} INFO - Setting next_dagrun for dataset_consumes_1 to None, run_after=None
[2026-04-13T16:56:24.267+0000] {logging_mixin.py:188} INFO - [2026-04-13T16:56:24.267+0000] {dag.py:3954} INFO - Setting next_dagrun for dataset_consumes_1_and_2 to None, run_after=None
[2026-04-13T16:56:24.270+0000] {logging_mixin.py:188} INFO - [2026-04-13T16:56:24.269+0000] {dag.py:3954} INFO - Setting next_dagrun for dataset_consumes_1_never_scheduled to None, run_after=None
[2026-04-13T16:56:24.272+0000] {logging_mixin.py:188} INFO - [2026-04-13T16:56:24.272+0000] {dag.py:3954} INFO - Setting next_dagrun for dataset_consumes_unknown_never_scheduled to None, run_after=None
[2026-04-13T16:56:24.277+0000] {logging_mixin.py:188} INFO - [2026-04-13T16:56:24.277+0000] {dag.py:3954} INFO - Setting next_dagrun for dataset_produces_1 to 2026-04-12 00:00:00+00:00, run_after=2026-04-13 00:00:00+00:00
[2026-04-13T16:56:24.280+0000] {logging_mixin.py:188} INFO - [2026-04-13T16:56:24.280+0000] {dag.py:3954} INFO - Setting next_dagrun for dataset_produces_2 to None, run_after=None
[2026-04-13T16:56:24.346+0000] {processor.py:183} INFO - Processing /home/airflow/.local/lib/python3.12/site-packages/airflow/example_dags/example_datasets.py took 0.271 seconds
[2026-04-13T16:56:54.565+0000] {processor.py:161} INFO - Started process (PID=1675) to work on /home/airflow/.local/lib/python3.12/site-packages/airflow/example_dags/example_datasets.py
[2026-04-13T16:56:54.569+0000] {processor.py:830} INFO - Processing file /home/airflow/.local/lib/python3.12/site-packages/airflow/example_dags/example_datasets.py for tasks to queue
[2026-04-13T16:56:54.584+0000] {logging_mixin.py:188} INFO - [2026-04-13T16:56:54.583+0000] {dagbag.py:545} INFO - Filling up the DagBag from /home/airflow/.local/lib/python3.12/site-packages/airflow/example_dags/example_datasets.py
[2026-04-13T16:56:54.672+0000] {processor.py:840} INFO - DAG(s) 'dataset_produces_2', 'dataset_produces_1', 'dataset_consumes_1_and_2', 'consume_1_and_2_with_dataset_expressions', 'consume_1_or_2_with_dataset_expressions', 'dataset_consumes_1_never_scheduled', 'consume_1_or_both_2_and_3_with_dataset_expressions', 'dataset_consumes_unknown_never_scheduled', 'conditional_dataset_and_time_based_timetable', 'dataset_consumes_1' retrieved from /home/airflow/.local/lib/python3.12/site-packages/airflow/example_dags/example_datasets.py
[2026-04-13T16:56:54.932+0000] {logging_mixin.py:188} INFO - [2026-04-13T16:56:54.931+0000] {dag.py:3096} INFO - Sync 10 DAGs
[2026-04-13T16:56:55.059+0000] {logging_mixin.py:188} INFO - [2026-04-13T16:56:55.058+0000] {dag.py:3954} INFO - Setting next_dagrun for conditional_dataset_and_time_based_timetable to 2026-04-08 01:00:00+00:00, run_after=2026-04-08 01:00:00+00:00
[2026-04-13T16:56:55.073+0000] {logging_mixin.py:188} INFO - [2026-04-13T16:56:55.072+0000] {dag.py:3954} INFO - Setting next_dagrun for consume_1_and_2_with_dataset_expressions to None, run_after=None
[2026-04-13T16:56:55.079+0000] {logging_mixin.py:188} INFO - [2026-04-13T16:56:55.079+0000] {dag.py:3954} INFO - Setting next_dagrun for consume_1_or_2_with_dataset_expressions to None, run_after=None
[2026-04-13T16:56:55.086+0000] {logging_mixin.py:188} INFO - [2026-04-13T16:56:55.085+0000] {dag.py:3954} INFO - Setting next_dagrun for consume_1_or_both_2_and_3_with_dataset_expressions to None, run_after=None
[2026-04-13T16:56:55.092+0000] {logging_mixin.py:188} INFO - [2026-04-13T16:56:55.092+0000] {dag.py:3954} INFO - Setting next_dagrun for dataset_consumes_1 to None, run_after=None
[2026-04-13T16:56:55.098+0000] {logging_mixin.py:188} INFO - [2026-04-13T16:56:55.097+0000] {dag.py:3954} INFO - Setting next_dagrun for dataset_consumes_1_and_2 to None, run_after=None
[2026-04-13T16:56:55.103+0000] {logging_mixin.py:188} INFO - [2026-04-13T16:56:55.102+0000] {dag.py:3954} INFO - Setting next_dagrun for dataset_consumes_1_never_scheduled to None, run_after=None
[2026-04-13T16:56:55.107+0000] {logging_mixin.py:188} INFO - [2026-04-13T16:56:55.106+0000] {dag.py:3954} INFO - Setting next_dagrun for dataset_consumes_unknown_never_scheduled to None, run_after=None
[2026-04-13T16:56:55.115+0000] {logging_mixin.py:188} INFO - [2026-04-13T16:56:55.115+0000] {dag.py:3954} INFO - Setting next_dagrun for dataset_produces_1 to 2026-04-12 00:00:00+00:00, run_after=2026-04-13 00:00:00+00:00
[2026-04-13T16:56:55.121+0000] {logging_mixin.py:188} INFO - [2026-04-13T16:56:55.120+0000] {dag.py:3954} INFO - Setting next_dagrun for dataset_produces_2 to None, run_after=None
[2026-04-13T16:56:55.240+0000] {processor.py:183} INFO - Processing /home/airflow/.local/lib/python3.12/site-packages/airflow/example_dags/example_datasets.py took 0.715 seconds
