[2026-04-13T16:43:01.622+0000] {processor.py:161} INFO - Started process (PID=95) to work on /home/airflow/.local/lib/python3.12/site-packages/airflow/example_dags/example_branch_labels.py
[2026-04-13T16:43:01.626+0000] {processor.py:830} INFO - Processing file /home/airflow/.local/lib/python3.12/site-packages/airflow/example_dags/example_branch_labels.py for tasks to queue
[2026-04-13T16:43:01.640+0000] {logging_mixin.py:188} INFO - [2026-04-13T16:43:01.632+0000] {dagbag.py:545} INFO - Filling up the DagBag from /home/airflow/.local/lib/python3.12/site-packages/airflow/example_dags/example_branch_labels.py
[2026-04-13T16:43:01.704+0000] {processor.py:840} INFO - DAG(s) 'example_branch_labels' retrieved from /home/airflow/.local/lib/python3.12/site-packages/airflow/example_dags/example_branch_labels.py
[2026-04-13T16:43:02.164+0000] {logging_mixin.py:188} INFO - [2026-04-13T16:43:02.163+0000] {dag.py:3096} INFO - Sync 1 DAGs
[2026-04-13T16:43:02.230+0000] {logging_mixin.py:188} INFO - [2026-04-13T16:43:02.229+0000] {dag.py:3954} INFO - Setting next_dagrun for example_branch_labels to 2026-04-12 00:00:00+00:00, run_after=2026-04-13 00:00:00+00:00
[2026-04-13T16:43:02.359+0000] {processor.py:183} INFO - Processing /home/airflow/.local/lib/python3.12/site-packages/airflow/example_dags/example_branch_labels.py took 0.788 seconds
[2026-04-13T16:43:32.964+0000] {processor.py:161} INFO - Started process (PID=154) to work on /home/airflow/.local/lib/python3.12/site-packages/airflow/example_dags/example_branch_labels.py
[2026-04-13T16:43:32.975+0000] {processor.py:830} INFO - Processing file /home/airflow/.local/lib/python3.12/site-packages/airflow/example_dags/example_branch_labels.py for tasks to queue
[2026-04-13T16:43:32.982+0000] {logging_mixin.py:188} INFO - [2026-04-13T16:43:32.981+0000] {dagbag.py:545} INFO - Filling up the DagBag from /home/airflow/.local/lib/python3.12/site-packages/airflow/example_dags/example_branch_labels.py
[2026-04-13T16:43:33.055+0000] {processor.py:840} INFO - DAG(s) 'example_branch_labels' retrieved from /home/airflow/.local/lib/python3.12/site-packages/airflow/example_dags/example_branch_labels.py
[2026-04-13T16:43:33.226+0000] {logging_mixin.py:188} INFO - [2026-04-13T16:43:33.225+0000] {dag.py:3096} INFO - Sync 1 DAGs
[2026-04-13T16:43:33.597+0000] {logging_mixin.py:188} INFO - [2026-04-13T16:43:33.596+0000] {dag.py:3954} INFO - Setting next_dagrun for example_branch_labels to 2026-04-12 00:00:00+00:00, run_after=2026-04-13 00:00:00+00:00
[2026-04-13T16:43:33.781+0000] {processor.py:183} INFO - Processing /home/airflow/.local/lib/python3.12/site-packages/airflow/example_dags/example_branch_labels.py took 0.881 seconds
[2026-04-13T16:44:03.918+0000] {processor.py:161} INFO - Started process (PID=212) to work on /home/airflow/.local/lib/python3.12/site-packages/airflow/example_dags/example_branch_labels.py
[2026-04-13T16:44:03.920+0000] {processor.py:830} INFO - Processing file /home/airflow/.local/lib/python3.12/site-packages/airflow/example_dags/example_branch_labels.py for tasks to queue
[2026-04-13T16:44:03.922+0000] {logging_mixin.py:188} INFO - [2026-04-13T16:44:03.922+0000] {dagbag.py:545} INFO - Filling up the DagBag from /home/airflow/.local/lib/python3.12/site-packages/airflow/example_dags/example_branch_labels.py
[2026-04-13T16:44:03.935+0000] {processor.py:840} INFO - DAG(s) 'example_branch_labels' retrieved from /home/airflow/.local/lib/python3.12/site-packages/airflow/example_dags/example_branch_labels.py
[2026-04-13T16:44:03.963+0000] {logging_mixin.py:188} INFO - [2026-04-13T16:44:03.963+0000] {dag.py:3096} INFO - Sync 1 DAGs
[2026-04-13T16:44:03.994+0000] {logging_mixin.py:188} INFO - [2026-04-13T16:44:03.994+0000] {dag.py:3954} INFO - Setting next_dagrun for example_branch_labels to 2026-04-12 00:00:00+00:00, run_after=2026-04-13 00:00:00+00:00
[2026-04-13T16:44:04.022+0000] {processor.py:183} INFO - Processing /home/airflow/.local/lib/python3.12/site-packages/airflow/example_dags/example_branch_labels.py took 0.111 seconds
[2026-04-13T16:44:34.139+0000] {processor.py:161} INFO - Started process (PID=270) to work on /home/airflow/.local/lib/python3.12/site-packages/airflow/example_dags/example_branch_labels.py
[2026-04-13T16:44:34.149+0000] {processor.py:830} INFO - Processing file /home/airflow/.local/lib/python3.12/site-packages/airflow/example_dags/example_branch_labels.py for tasks to queue
[2026-04-13T16:44:34.154+0000] {logging_mixin.py:188} INFO - [2026-04-13T16:44:34.154+0000] {dagbag.py:545} INFO - Filling up the DagBag from /home/airflow/.local/lib/python3.12/site-packages/airflow/example_dags/example_branch_labels.py
[2026-04-13T16:44:34.193+0000] {processor.py:840} INFO - DAG(s) 'example_branch_labels' retrieved from /home/airflow/.local/lib/python3.12/site-packages/airflow/example_dags/example_branch_labels.py
[2026-04-13T16:44:34.260+0000] {logging_mixin.py:188} INFO - [2026-04-13T16:44:34.259+0000] {dag.py:3096} INFO - Sync 1 DAGs
[2026-04-13T16:44:34.329+0000] {logging_mixin.py:188} INFO - [2026-04-13T16:44:34.329+0000] {dag.py:3954} INFO - Setting next_dagrun for example_branch_labels to 2026-04-12 00:00:00+00:00, run_after=2026-04-13 00:00:00+00:00
[2026-04-13T16:44:34.367+0000] {processor.py:183} INFO - Processing /home/airflow/.local/lib/python3.12/site-packages/airflow/example_dags/example_branch_labels.py took 0.252 seconds
[2026-04-13T16:45:04.903+0000] {processor.py:161} INFO - Started process (PID=328) to work on /home/airflow/.local/lib/python3.12/site-packages/airflow/example_dags/example_branch_labels.py
[2026-04-13T16:45:04.905+0000] {processor.py:830} INFO - Processing file /home/airflow/.local/lib/python3.12/site-packages/airflow/example_dags/example_branch_labels.py for tasks to queue
[2026-04-13T16:45:04.908+0000] {logging_mixin.py:188} INFO - [2026-04-13T16:45:04.907+0000] {dagbag.py:545} INFO - Filling up the DagBag from /home/airflow/.local/lib/python3.12/site-packages/airflow/example_dags/example_branch_labels.py
[2026-04-13T16:45:04.920+0000] {processor.py:840} INFO - DAG(s) 'example_branch_labels' retrieved from /home/airflow/.local/lib/python3.12/site-packages/airflow/example_dags/example_branch_labels.py
[2026-04-13T16:45:04.953+0000] {logging_mixin.py:188} INFO - [2026-04-13T16:45:04.953+0000] {dag.py:3096} INFO - Sync 1 DAGs
[2026-04-13T16:45:04.990+0000] {logging_mixin.py:188} INFO - [2026-04-13T16:45:04.990+0000] {dag.py:3954} INFO - Setting next_dagrun for example_branch_labels to 2026-04-12 00:00:00+00:00, run_after=2026-04-13 00:00:00+00:00
[2026-04-13T16:45:05.025+0000] {processor.py:183} INFO - Processing /home/airflow/.local/lib/python3.12/site-packages/airflow/example_dags/example_branch_labels.py took 0.131 seconds
[2026-04-13T16:45:35.319+0000] {processor.py:161} INFO - Started process (PID=386) to work on /home/airflow/.local/lib/python3.12/site-packages/airflow/example_dags/example_branch_labels.py
[2026-04-13T16:45:35.320+0000] {processor.py:830} INFO - Processing file /home/airflow/.local/lib/python3.12/site-packages/airflow/example_dags/example_branch_labels.py for tasks to queue
[2026-04-13T16:45:35.322+0000] {logging_mixin.py:188} INFO - [2026-04-13T16:45:35.322+0000] {dagbag.py:545} INFO - Filling up the DagBag from /home/airflow/.local/lib/python3.12/site-packages/airflow/example_dags/example_branch_labels.py
[2026-04-13T16:45:35.333+0000] {processor.py:840} INFO - DAG(s) 'example_branch_labels' retrieved from /home/airflow/.local/lib/python3.12/site-packages/airflow/example_dags/example_branch_labels.py
[2026-04-13T16:45:35.363+0000] {logging_mixin.py:188} INFO - [2026-04-13T16:45:35.362+0000] {dag.py:3096} INFO - Sync 1 DAGs
[2026-04-13T16:45:35.395+0000] {logging_mixin.py:188} INFO - [2026-04-13T16:45:35.394+0000] {dag.py:3954} INFO - Setting next_dagrun for example_branch_labels to 2026-04-12 00:00:00+00:00, run_after=2026-04-13 00:00:00+00:00
[2026-04-13T16:45:35.486+0000] {processor.py:183} INFO - Processing /home/airflow/.local/lib/python3.12/site-packages/airflow/example_dags/example_branch_labels.py took 0.174 seconds
[2026-04-13T16:46:06.234+0000] {processor.py:161} INFO - Started process (PID=444) to work on /home/airflow/.local/lib/python3.12/site-packages/airflow/example_dags/example_branch_labels.py
[2026-04-13T16:46:06.237+0000] {processor.py:830} INFO - Processing file /home/airflow/.local/lib/python3.12/site-packages/airflow/example_dags/example_branch_labels.py for tasks to queue
[2026-04-13T16:46:06.243+0000] {logging_mixin.py:188} INFO - [2026-04-13T16:46:06.242+0000] {dagbag.py:545} INFO - Filling up the DagBag from /home/airflow/.local/lib/python3.12/site-packages/airflow/example_dags/example_branch_labels.py
[2026-04-13T16:46:06.267+0000] {processor.py:840} INFO - DAG(s) 'example_branch_labels' retrieved from /home/airflow/.local/lib/python3.12/site-packages/airflow/example_dags/example_branch_labels.py
[2026-04-13T16:46:06.326+0000] {logging_mixin.py:188} INFO - [2026-04-13T16:46:06.325+0000] {dag.py:3096} INFO - Sync 1 DAGs
[2026-04-13T16:46:06.396+0000] {logging_mixin.py:188} INFO - [2026-04-13T16:46:06.395+0000] {dag.py:3954} INFO - Setting next_dagrun for example_branch_labels to 2026-04-12 00:00:00+00:00, run_after=2026-04-13 00:00:00+00:00
[2026-04-13T16:46:06.466+0000] {processor.py:183} INFO - Processing /home/airflow/.local/lib/python3.12/site-packages/airflow/example_dags/example_branch_labels.py took 0.256 seconds
[2026-04-13T16:46:36.965+0000] {processor.py:161} INFO - Started process (PID=503) to work on /home/airflow/.local/lib/python3.12/site-packages/airflow/example_dags/example_branch_labels.py
[2026-04-13T16:46:36.967+0000] {processor.py:830} INFO - Processing file /home/airflow/.local/lib/python3.12/site-packages/airflow/example_dags/example_branch_labels.py for tasks to queue
[2026-04-13T16:46:36.969+0000] {logging_mixin.py:188} INFO - [2026-04-13T16:46:36.969+0000] {dagbag.py:545} INFO - Filling up the DagBag from /home/airflow/.local/lib/python3.12/site-packages/airflow/example_dags/example_branch_labels.py
[2026-04-13T16:46:36.981+0000] {processor.py:840} INFO - DAG(s) 'example_branch_labels' retrieved from /home/airflow/.local/lib/python3.12/site-packages/airflow/example_dags/example_branch_labels.py
[2026-04-13T16:46:37.009+0000] {logging_mixin.py:188} INFO - [2026-04-13T16:46:37.008+0000] {dag.py:3096} INFO - Sync 1 DAGs
[2026-04-13T16:46:37.039+0000] {logging_mixin.py:188} INFO - [2026-04-13T16:46:37.039+0000] {dag.py:3954} INFO - Setting next_dagrun for example_branch_labels to 2026-04-12 00:00:00+00:00, run_after=2026-04-13 00:00:00+00:00
[2026-04-13T16:46:37.118+0000] {processor.py:183} INFO - Processing /home/airflow/.local/lib/python3.12/site-packages/airflow/example_dags/example_branch_labels.py took 0.159 seconds
[2026-04-13T16:47:07.210+0000] {processor.py:161} INFO - Started process (PID=561) to work on /home/airflow/.local/lib/python3.12/site-packages/airflow/example_dags/example_branch_labels.py
[2026-04-13T16:47:07.213+0000] {processor.py:830} INFO - Processing file /home/airflow/.local/lib/python3.12/site-packages/airflow/example_dags/example_branch_labels.py for tasks to queue
[2026-04-13T16:47:07.217+0000] {logging_mixin.py:188} INFO - [2026-04-13T16:47:07.217+0000] {dagbag.py:545} INFO - Filling up the DagBag from /home/airflow/.local/lib/python3.12/site-packages/airflow/example_dags/example_branch_labels.py
[2026-04-13T16:47:07.235+0000] {processor.py:840} INFO - DAG(s) 'example_branch_labels' retrieved from /home/airflow/.local/lib/python3.12/site-packages/airflow/example_dags/example_branch_labels.py
[2026-04-13T16:47:07.285+0000] {logging_mixin.py:188} INFO - [2026-04-13T16:47:07.285+0000] {dag.py:3096} INFO - Sync 1 DAGs
[2026-04-13T16:47:07.342+0000] {logging_mixin.py:188} INFO - [2026-04-13T16:47:07.341+0000] {dag.py:3954} INFO - Setting next_dagrun for example_branch_labels to 2026-04-12 00:00:00+00:00, run_after=2026-04-13 00:00:00+00:00
[2026-04-13T16:47:07.415+0000] {processor.py:183} INFO - Processing /home/airflow/.local/lib/python3.12/site-packages/airflow/example_dags/example_branch_labels.py took 0.218 seconds
[2026-04-13T16:47:37.640+0000] {processor.py:161} INFO - Started process (PID=619) to work on /home/airflow/.local/lib/python3.12/site-packages/airflow/example_dags/example_branch_labels.py
[2026-04-13T16:47:37.642+0000] {processor.py:830} INFO - Processing file /home/airflow/.local/lib/python3.12/site-packages/airflow/example_dags/example_branch_labels.py for tasks to queue
[2026-04-13T16:47:37.645+0000] {logging_mixin.py:188} INFO - [2026-04-13T16:47:37.644+0000] {dagbag.py:545} INFO - Filling up the DagBag from /home/airflow/.local/lib/python3.12/site-packages/airflow/example_dags/example_branch_labels.py
[2026-04-13T16:47:37.657+0000] {processor.py:840} INFO - DAG(s) 'example_branch_labels' retrieved from /home/airflow/.local/lib/python3.12/site-packages/airflow/example_dags/example_branch_labels.py
[2026-04-13T16:47:37.683+0000] {logging_mixin.py:188} INFO - [2026-04-13T16:47:37.683+0000] {dag.py:3096} INFO - Sync 1 DAGs
[2026-04-13T16:47:37.714+0000] {logging_mixin.py:188} INFO - [2026-04-13T16:47:37.714+0000] {dag.py:3954} INFO - Setting next_dagrun for example_branch_labels to 2026-04-12 00:00:00+00:00, run_after=2026-04-13 00:00:00+00:00
[2026-04-13T16:47:37.744+0000] {processor.py:183} INFO - Processing /home/airflow/.local/lib/python3.12/site-packages/airflow/example_dags/example_branch_labels.py took 0.112 seconds
[2026-04-13T16:48:08.059+0000] {processor.py:161} INFO - Started process (PID=677) to work on /home/airflow/.local/lib/python3.12/site-packages/airflow/example_dags/example_branch_labels.py
[2026-04-13T16:48:08.062+0000] {processor.py:830} INFO - Processing file /home/airflow/.local/lib/python3.12/site-packages/airflow/example_dags/example_branch_labels.py for tasks to queue
[2026-04-13T16:48:08.068+0000] {logging_mixin.py:188} INFO - [2026-04-13T16:48:08.067+0000] {dagbag.py:545} INFO - Filling up the DagBag from /home/airflow/.local/lib/python3.12/site-packages/airflow/example_dags/example_branch_labels.py
[2026-04-13T16:48:08.100+0000] {processor.py:840} INFO - DAG(s) 'example_branch_labels' retrieved from /home/airflow/.local/lib/python3.12/site-packages/airflow/example_dags/example_branch_labels.py
[2026-04-13T16:48:08.151+0000] {logging_mixin.py:188} INFO - [2026-04-13T16:48:08.150+0000] {dag.py:3096} INFO - Sync 1 DAGs
[2026-04-13T16:48:08.205+0000] {logging_mixin.py:188} INFO - [2026-04-13T16:48:08.204+0000] {dag.py:3954} INFO - Setting next_dagrun for example_branch_labels to 2026-04-12 00:00:00+00:00, run_after=2026-04-13 00:00:00+00:00
[2026-04-13T16:48:08.292+0000] {processor.py:183} INFO - Processing /home/airflow/.local/lib/python3.12/site-packages/airflow/example_dags/example_branch_labels.py took 0.256 seconds
[2026-04-13T16:48:38.414+0000] {processor.py:161} INFO - Started process (PID=735) to work on /home/airflow/.local/lib/python3.12/site-packages/airflow/example_dags/example_branch_labels.py
[2026-04-13T16:48:38.416+0000] {processor.py:830} INFO - Processing file /home/airflow/.local/lib/python3.12/site-packages/airflow/example_dags/example_branch_labels.py for tasks to queue
[2026-04-13T16:48:38.418+0000] {logging_mixin.py:188} INFO - [2026-04-13T16:48:38.418+0000] {dagbag.py:545} INFO - Filling up the DagBag from /home/airflow/.local/lib/python3.12/site-packages/airflow/example_dags/example_branch_labels.py
[2026-04-13T16:48:38.429+0000] {processor.py:840} INFO - DAG(s) 'example_branch_labels' retrieved from /home/airflow/.local/lib/python3.12/site-packages/airflow/example_dags/example_branch_labels.py
[2026-04-13T16:48:38.463+0000] {logging_mixin.py:188} INFO - [2026-04-13T16:48:38.463+0000] {dag.py:3096} INFO - Sync 1 DAGs
[2026-04-13T16:48:38.497+0000] {logging_mixin.py:188} INFO - [2026-04-13T16:48:38.497+0000] {dag.py:3954} INFO - Setting next_dagrun for example_branch_labels to 2026-04-12 00:00:00+00:00, run_after=2026-04-13 00:00:00+00:00
[2026-04-13T16:48:38.565+0000] {processor.py:183} INFO - Processing /home/airflow/.local/lib/python3.12/site-packages/airflow/example_dags/example_branch_labels.py took 0.160 seconds
[2026-04-13T16:49:08.797+0000] {processor.py:161} INFO - Started process (PID=793) to work on /home/airflow/.local/lib/python3.12/site-packages/airflow/example_dags/example_branch_labels.py
[2026-04-13T16:49:08.799+0000] {processor.py:830} INFO - Processing file /home/airflow/.local/lib/python3.12/site-packages/airflow/example_dags/example_branch_labels.py for tasks to queue
[2026-04-13T16:49:08.801+0000] {logging_mixin.py:188} INFO - [2026-04-13T16:49:08.801+0000] {dagbag.py:545} INFO - Filling up the DagBag from /home/airflow/.local/lib/python3.12/site-packages/airflow/example_dags/example_branch_labels.py
[2026-04-13T16:49:08.811+0000] {processor.py:840} INFO - DAG(s) 'example_branch_labels' retrieved from /home/airflow/.local/lib/python3.12/site-packages/airflow/example_dags/example_branch_labels.py
[2026-04-13T16:49:08.839+0000] {logging_mixin.py:188} INFO - [2026-04-13T16:49:08.839+0000] {dag.py:3096} INFO - Sync 1 DAGs
[2026-04-13T16:49:08.868+0000] {logging_mixin.py:188} INFO - [2026-04-13T16:49:08.868+0000] {dag.py:3954} INFO - Setting next_dagrun for example_branch_labels to 2026-04-12 00:00:00+00:00, run_after=2026-04-13 00:00:00+00:00
[2026-04-13T16:49:08.895+0000] {processor.py:183} INFO - Processing /home/airflow/.local/lib/python3.12/site-packages/airflow/example_dags/example_branch_labels.py took 0.106 seconds
[2026-04-13T16:49:39.137+0000] {processor.py:161} INFO - Started process (PID=851) to work on /home/airflow/.local/lib/python3.12/site-packages/airflow/example_dags/example_branch_labels.py
[2026-04-13T16:49:39.138+0000] {processor.py:830} INFO - Processing file /home/airflow/.local/lib/python3.12/site-packages/airflow/example_dags/example_branch_labels.py for tasks to queue
[2026-04-13T16:49:39.141+0000] {logging_mixin.py:188} INFO - [2026-04-13T16:49:39.140+0000] {dagbag.py:545} INFO - Filling up the DagBag from /home/airflow/.local/lib/python3.12/site-packages/airflow/example_dags/example_branch_labels.py
[2026-04-13T16:49:39.150+0000] {processor.py:840} INFO - DAG(s) 'example_branch_labels' retrieved from /home/airflow/.local/lib/python3.12/site-packages/airflow/example_dags/example_branch_labels.py
[2026-04-13T16:49:39.179+0000] {logging_mixin.py:188} INFO - [2026-04-13T16:49:39.178+0000] {dag.py:3096} INFO - Sync 1 DAGs
[2026-04-13T16:49:39.207+0000] {logging_mixin.py:188} INFO - [2026-04-13T16:49:39.207+0000] {dag.py:3954} INFO - Setting next_dagrun for example_branch_labels to 2026-04-12 00:00:00+00:00, run_after=2026-04-13 00:00:00+00:00
[2026-04-13T16:49:39.240+0000] {processor.py:183} INFO - Processing /home/airflow/.local/lib/python3.12/site-packages/airflow/example_dags/example_branch_labels.py took 0.111 seconds
[2026-04-13T16:50:09.660+0000] {processor.py:161} INFO - Started process (PID=909) to work on /home/airflow/.local/lib/python3.12/site-packages/airflow/example_dags/example_branch_labels.py
[2026-04-13T16:50:09.663+0000] {processor.py:830} INFO - Processing file /home/airflow/.local/lib/python3.12/site-packages/airflow/example_dags/example_branch_labels.py for tasks to queue
[2026-04-13T16:50:09.667+0000] {logging_mixin.py:188} INFO - [2026-04-13T16:50:09.666+0000] {dagbag.py:545} INFO - Filling up the DagBag from /home/airflow/.local/lib/python3.12/site-packages/airflow/example_dags/example_branch_labels.py
[2026-04-13T16:50:09.686+0000] {processor.py:840} INFO - DAG(s) 'example_branch_labels' retrieved from /home/airflow/.local/lib/python3.12/site-packages/airflow/example_dags/example_branch_labels.py
[2026-04-13T16:50:09.741+0000] {logging_mixin.py:188} INFO - [2026-04-13T16:50:09.740+0000] {dag.py:3096} INFO - Sync 1 DAGs
[2026-04-13T16:50:09.799+0000] {logging_mixin.py:188} INFO - [2026-04-13T16:50:09.799+0000] {dag.py:3954} INFO - Setting next_dagrun for example_branch_labels to 2026-04-12 00:00:00+00:00, run_after=2026-04-13 00:00:00+00:00
[2026-04-13T16:50:09.843+0000] {processor.py:183} INFO - Processing /home/airflow/.local/lib/python3.12/site-packages/airflow/example_dags/example_branch_labels.py took 0.198 seconds
[2026-04-13T16:50:40.508+0000] {processor.py:161} INFO - Started process (PID=967) to work on /home/airflow/.local/lib/python3.12/site-packages/airflow/example_dags/example_branch_labels.py
[2026-04-13T16:50:40.509+0000] {processor.py:830} INFO - Processing file /home/airflow/.local/lib/python3.12/site-packages/airflow/example_dags/example_branch_labels.py for tasks to queue
[2026-04-13T16:50:40.511+0000] {logging_mixin.py:188} INFO - [2026-04-13T16:50:40.511+0000] {dagbag.py:545} INFO - Filling up the DagBag from /home/airflow/.local/lib/python3.12/site-packages/airflow/example_dags/example_branch_labels.py
[2026-04-13T16:50:40.521+0000] {processor.py:840} INFO - DAG(s) 'example_branch_labels' retrieved from /home/airflow/.local/lib/python3.12/site-packages/airflow/example_dags/example_branch_labels.py
[2026-04-13T16:50:40.551+0000] {logging_mixin.py:188} INFO - [2026-04-13T16:50:40.550+0000] {dag.py:3096} INFO - Sync 1 DAGs
[2026-04-13T16:50:40.580+0000] {logging_mixin.py:188} INFO - [2026-04-13T16:50:40.580+0000] {dag.py:3954} INFO - Setting next_dagrun for example_branch_labels to 2026-04-12 00:00:00+00:00, run_after=2026-04-13 00:00:00+00:00
[2026-04-13T16:50:40.607+0000] {processor.py:183} INFO - Processing /home/airflow/.local/lib/python3.12/site-packages/airflow/example_dags/example_branch_labels.py took 0.107 seconds
[2026-04-13T16:51:11.422+0000] {processor.py:161} INFO - Started process (PID=1025) to work on /home/airflow/.local/lib/python3.12/site-packages/airflow/example_dags/example_branch_labels.py
[2026-04-13T16:51:11.425+0000] {processor.py:830} INFO - Processing file /home/airflow/.local/lib/python3.12/site-packages/airflow/example_dags/example_branch_labels.py for tasks to queue
[2026-04-13T16:51:11.430+0000] {logging_mixin.py:188} INFO - [2026-04-13T16:51:11.429+0000] {dagbag.py:545} INFO - Filling up the DagBag from /home/airflow/.local/lib/python3.12/site-packages/airflow/example_dags/example_branch_labels.py
[2026-04-13T16:51:11.449+0000] {processor.py:840} INFO - DAG(s) 'example_branch_labels' retrieved from /home/airflow/.local/lib/python3.12/site-packages/airflow/example_dags/example_branch_labels.py
[2026-04-13T16:51:11.507+0000] {logging_mixin.py:188} INFO - [2026-04-13T16:51:11.507+0000] {dag.py:3096} INFO - Sync 1 DAGs
[2026-04-13T16:51:11.568+0000] {logging_mixin.py:188} INFO - [2026-04-13T16:51:11.567+0000] {dag.py:3954} INFO - Setting next_dagrun for example_branch_labels to 2026-04-12 00:00:00+00:00, run_after=2026-04-13 00:00:00+00:00
[2026-04-13T16:51:11.685+0000] {processor.py:183} INFO - Processing /home/airflow/.local/lib/python3.12/site-packages/airflow/example_dags/example_branch_labels.py took 0.281 seconds
[2026-04-13T16:51:42.283+0000] {processor.py:161} INFO - Started process (PID=1081) to work on /home/airflow/.local/lib/python3.12/site-packages/airflow/example_dags/example_branch_labels.py
[2026-04-13T16:51:42.285+0000] {processor.py:830} INFO - Processing file /home/airflow/.local/lib/python3.12/site-packages/airflow/example_dags/example_branch_labels.py for tasks to queue
[2026-04-13T16:51:42.290+0000] {logging_mixin.py:188} INFO - [2026-04-13T16:51:42.290+0000] {dagbag.py:545} INFO - Filling up the DagBag from /home/airflow/.local/lib/python3.12/site-packages/airflow/example_dags/example_branch_labels.py
[2026-04-13T16:51:42.309+0000] {processor.py:840} INFO - DAG(s) 'example_branch_labels' retrieved from /home/airflow/.local/lib/python3.12/site-packages/airflow/example_dags/example_branch_labels.py
[2026-04-13T16:51:42.362+0000] {logging_mixin.py:188} INFO - [2026-04-13T16:51:42.362+0000] {dag.py:3096} INFO - Sync 1 DAGs
[2026-04-13T16:51:42.421+0000] {logging_mixin.py:188} INFO - [2026-04-13T16:51:42.421+0000] {dag.py:3954} INFO - Setting next_dagrun for example_branch_labels to 2026-04-12 00:00:00+00:00, run_after=2026-04-13 00:00:00+00:00
[2026-04-13T16:51:42.475+0000] {processor.py:183} INFO - Processing /home/airflow/.local/lib/python3.12/site-packages/airflow/example_dags/example_branch_labels.py took 0.207 seconds
[2026-04-13T16:52:12.852+0000] {processor.py:161} INFO - Started process (PID=1139) to work on /home/airflow/.local/lib/python3.12/site-packages/airflow/example_dags/example_branch_labels.py
[2026-04-13T16:52:12.853+0000] {processor.py:830} INFO - Processing file /home/airflow/.local/lib/python3.12/site-packages/airflow/example_dags/example_branch_labels.py for tasks to queue
[2026-04-13T16:52:12.856+0000] {logging_mixin.py:188} INFO - [2026-04-13T16:52:12.856+0000] {dagbag.py:545} INFO - Filling up the DagBag from /home/airflow/.local/lib/python3.12/site-packages/airflow/example_dags/example_branch_labels.py
[2026-04-13T16:52:12.867+0000] {processor.py:840} INFO - DAG(s) 'example_branch_labels' retrieved from /home/airflow/.local/lib/python3.12/site-packages/airflow/example_dags/example_branch_labels.py
[2026-04-13T16:52:12.895+0000] {logging_mixin.py:188} INFO - [2026-04-13T16:52:12.895+0000] {dag.py:3096} INFO - Sync 1 DAGs
[2026-04-13T16:52:12.925+0000] {logging_mixin.py:188} INFO - [2026-04-13T16:52:12.924+0000] {dag.py:3954} INFO - Setting next_dagrun for example_branch_labels to 2026-04-12 00:00:00+00:00, run_after=2026-04-13 00:00:00+00:00
[2026-04-13T16:52:13.015+0000] {processor.py:183} INFO - Processing /home/airflow/.local/lib/python3.12/site-packages/airflow/example_dags/example_branch_labels.py took 0.173 seconds
[2026-04-13T16:52:43.138+0000] {processor.py:161} INFO - Started process (PID=1198) to work on /home/airflow/.local/lib/python3.12/site-packages/airflow/example_dags/example_branch_labels.py
[2026-04-13T16:52:43.140+0000] {processor.py:830} INFO - Processing file /home/airflow/.local/lib/python3.12/site-packages/airflow/example_dags/example_branch_labels.py for tasks to queue
[2026-04-13T16:52:43.143+0000] {logging_mixin.py:188} INFO - [2026-04-13T16:52:43.143+0000] {dagbag.py:545} INFO - Filling up the DagBag from /home/airflow/.local/lib/python3.12/site-packages/airflow/example_dags/example_branch_labels.py
[2026-04-13T16:52:43.153+0000] {processor.py:840} INFO - DAG(s) 'example_branch_labels' retrieved from /home/airflow/.local/lib/python3.12/site-packages/airflow/example_dags/example_branch_labels.py
[2026-04-13T16:52:43.180+0000] {logging_mixin.py:188} INFO - [2026-04-13T16:52:43.180+0000] {dag.py:3096} INFO - Sync 1 DAGs
[2026-04-13T16:52:43.210+0000] {logging_mixin.py:188} INFO - [2026-04-13T16:52:43.209+0000] {dag.py:3954} INFO - Setting next_dagrun for example_branch_labels to 2026-04-12 00:00:00+00:00, run_after=2026-04-13 00:00:00+00:00
[2026-04-13T16:52:43.239+0000] {processor.py:183} INFO - Processing /home/airflow/.local/lib/python3.12/site-packages/airflow/example_dags/example_branch_labels.py took 0.112 seconds
[2026-04-13T16:53:13.633+0000] {processor.py:161} INFO - Started process (PID=1256) to work on /home/airflow/.local/lib/python3.12/site-packages/airflow/example_dags/example_branch_labels.py
[2026-04-13T16:53:13.636+0000] {processor.py:830} INFO - Processing file /home/airflow/.local/lib/python3.12/site-packages/airflow/example_dags/example_branch_labels.py for tasks to queue
[2026-04-13T16:53:13.640+0000] {logging_mixin.py:188} INFO - [2026-04-13T16:53:13.639+0000] {dagbag.py:545} INFO - Filling up the DagBag from /home/airflow/.local/lib/python3.12/site-packages/airflow/example_dags/example_branch_labels.py
[2026-04-13T16:53:13.658+0000] {processor.py:840} INFO - DAG(s) 'example_branch_labels' retrieved from /home/airflow/.local/lib/python3.12/site-packages/airflow/example_dags/example_branch_labels.py
[2026-04-13T16:53:13.711+0000] {logging_mixin.py:188} INFO - [2026-04-13T16:53:13.711+0000] {dag.py:3096} INFO - Sync 1 DAGs
[2026-04-13T16:53:13.767+0000] {logging_mixin.py:188} INFO - [2026-04-13T16:53:13.766+0000] {dag.py:3954} INFO - Setting next_dagrun for example_branch_labels to 2026-04-12 00:00:00+00:00, run_after=2026-04-13 00:00:00+00:00
[2026-04-13T16:53:13.815+0000] {processor.py:183} INFO - Processing /home/airflow/.local/lib/python3.12/site-packages/airflow/example_dags/example_branch_labels.py took 0.197 seconds
[2026-04-13T16:53:44.370+0000] {processor.py:161} INFO - Started process (PID=1314) to work on /home/airflow/.local/lib/python3.12/site-packages/airflow/example_dags/example_branch_labels.py
[2026-04-13T16:53:44.372+0000] {processor.py:830} INFO - Processing file /home/airflow/.local/lib/python3.12/site-packages/airflow/example_dags/example_branch_labels.py for tasks to queue
[2026-04-13T16:53:44.375+0000] {logging_mixin.py:188} INFO - [2026-04-13T16:53:44.374+0000] {dagbag.py:545} INFO - Filling up the DagBag from /home/airflow/.local/lib/python3.12/site-packages/airflow/example_dags/example_branch_labels.py
[2026-04-13T16:53:44.390+0000] {processor.py:840} INFO - DAG(s) 'example_branch_labels' retrieved from /home/airflow/.local/lib/python3.12/site-packages/airflow/example_dags/example_branch_labels.py
[2026-04-13T16:53:44.426+0000] {logging_mixin.py:188} INFO - [2026-04-13T16:53:44.426+0000] {dag.py:3096} INFO - Sync 1 DAGs
[2026-04-13T16:53:44.473+0000] {logging_mixin.py:188} INFO - [2026-04-13T16:53:44.473+0000] {dag.py:3954} INFO - Setting next_dagrun for example_branch_labels to 2026-04-12 00:00:00+00:00, run_after=2026-04-13 00:00:00+00:00
[2026-04-13T16:53:44.583+0000] {processor.py:183} INFO - Processing /home/airflow/.local/lib/python3.12/site-packages/airflow/example_dags/example_branch_labels.py took 0.223 seconds
[2026-04-13T16:54:14.747+0000] {processor.py:161} INFO - Started process (PID=1372) to work on /home/airflow/.local/lib/python3.12/site-packages/airflow/example_dags/example_branch_labels.py
[2026-04-13T16:54:14.749+0000] {processor.py:830} INFO - Processing file /home/airflow/.local/lib/python3.12/site-packages/airflow/example_dags/example_branch_labels.py for tasks to queue
[2026-04-13T16:54:14.754+0000] {logging_mixin.py:188} INFO - [2026-04-13T16:54:14.753+0000] {dagbag.py:545} INFO - Filling up the DagBag from /home/airflow/.local/lib/python3.12/site-packages/airflow/example_dags/example_branch_labels.py
[2026-04-13T16:54:14.773+0000] {processor.py:840} INFO - DAG(s) 'example_branch_labels' retrieved from /home/airflow/.local/lib/python3.12/site-packages/airflow/example_dags/example_branch_labels.py
[2026-04-13T16:54:14.831+0000] {logging_mixin.py:188} INFO - [2026-04-13T16:54:14.830+0000] {dag.py:3096} INFO - Sync 1 DAGs
[2026-04-13T16:54:14.885+0000] {logging_mixin.py:188} INFO - [2026-04-13T16:54:14.885+0000] {dag.py:3954} INFO - Setting next_dagrun for example_branch_labels to 2026-04-12 00:00:00+00:00, run_after=2026-04-13 00:00:00+00:00
[2026-04-13T16:54:14.980+0000] {processor.py:183} INFO - Processing /home/airflow/.local/lib/python3.12/site-packages/airflow/example_dags/example_branch_labels.py took 0.248 seconds
[2026-04-13T16:54:45.196+0000] {processor.py:161} INFO - Started process (PID=1430) to work on /home/airflow/.local/lib/python3.12/site-packages/airflow/example_dags/example_branch_labels.py
[2026-04-13T16:54:45.197+0000] {processor.py:830} INFO - Processing file /home/airflow/.local/lib/python3.12/site-packages/airflow/example_dags/example_branch_labels.py for tasks to queue
[2026-04-13T16:54:45.200+0000] {logging_mixin.py:188} INFO - [2026-04-13T16:54:45.199+0000] {dagbag.py:545} INFO - Filling up the DagBag from /home/airflow/.local/lib/python3.12/site-packages/airflow/example_dags/example_branch_labels.py
[2026-04-13T16:54:45.211+0000] {processor.py:840} INFO - DAG(s) 'example_branch_labels' retrieved from /home/airflow/.local/lib/python3.12/site-packages/airflow/example_dags/example_branch_labels.py
[2026-04-13T16:54:45.244+0000] {logging_mixin.py:188} INFO - [2026-04-13T16:54:45.244+0000] {dag.py:3096} INFO - Sync 1 DAGs
[2026-04-13T16:54:45.276+0000] {logging_mixin.py:188} INFO - [2026-04-13T16:54:45.275+0000] {dag.py:3954} INFO - Setting next_dagrun for example_branch_labels to 2026-04-12 00:00:00+00:00, run_after=2026-04-13 00:00:00+00:00
[2026-04-13T16:54:45.309+0000] {processor.py:183} INFO - Processing /home/airflow/.local/lib/python3.12/site-packages/airflow/example_dags/example_branch_labels.py took 0.121 seconds
[2026-04-13T16:55:16.078+0000] {processor.py:161} INFO - Started process (PID=1488) to work on /home/airflow/.local/lib/python3.12/site-packages/airflow/example_dags/example_branch_labels.py
[2026-04-13T16:55:16.080+0000] {processor.py:830} INFO - Processing file /home/airflow/.local/lib/python3.12/site-packages/airflow/example_dags/example_branch_labels.py for tasks to queue
[2026-04-13T16:55:16.084+0000] {logging_mixin.py:188} INFO - [2026-04-13T16:55:16.083+0000] {dagbag.py:545} INFO - Filling up the DagBag from /home/airflow/.local/lib/python3.12/site-packages/airflow/example_dags/example_branch_labels.py
[2026-04-13T16:55:16.099+0000] {processor.py:840} INFO - DAG(s) 'example_branch_labels' retrieved from /home/airflow/.local/lib/python3.12/site-packages/airflow/example_dags/example_branch_labels.py
[2026-04-13T16:55:16.128+0000] {logging_mixin.py:188} INFO - [2026-04-13T16:55:16.127+0000] {dag.py:3096} INFO - Sync 1 DAGs
[2026-04-13T16:55:16.158+0000] {logging_mixin.py:188} INFO - [2026-04-13T16:55:16.158+0000] {dag.py:3954} INFO - Setting next_dagrun for example_branch_labels to 2026-04-12 00:00:00+00:00, run_after=2026-04-13 00:00:00+00:00
[2026-04-13T16:55:16.185+0000] {processor.py:183} INFO - Processing /home/airflow/.local/lib/python3.12/site-packages/airflow/example_dags/example_branch_labels.py took 0.119 seconds
[2026-04-13T16:55:46.527+0000] {processor.py:161} INFO - Started process (PID=1546) to work on /home/airflow/.local/lib/python3.12/site-packages/airflow/example_dags/example_branch_labels.py
[2026-04-13T16:55:46.531+0000] {processor.py:830} INFO - Processing file /home/airflow/.local/lib/python3.12/site-packages/airflow/example_dags/example_branch_labels.py for tasks to queue
[2026-04-13T16:55:46.535+0000] {logging_mixin.py:188} INFO - [2026-04-13T16:55:46.534+0000] {dagbag.py:545} INFO - Filling up the DagBag from /home/airflow/.local/lib/python3.12/site-packages/airflow/example_dags/example_branch_labels.py
[2026-04-13T16:55:46.558+0000] {processor.py:840} INFO - DAG(s) 'example_branch_labels' retrieved from /home/airflow/.local/lib/python3.12/site-packages/airflow/example_dags/example_branch_labels.py
[2026-04-13T16:55:46.606+0000] {logging_mixin.py:188} INFO - [2026-04-13T16:55:46.606+0000] {dag.py:3096} INFO - Sync 1 DAGs
[2026-04-13T16:55:46.658+0000] {logging_mixin.py:188} INFO - [2026-04-13T16:55:46.657+0000] {dag.py:3954} INFO - Setting next_dagrun for example_branch_labels to 2026-04-12 00:00:00+00:00, run_after=2026-04-13 00:00:00+00:00
[2026-04-13T16:55:46.696+0000] {processor.py:183} INFO - Processing /home/airflow/.local/lib/python3.12/site-packages/airflow/example_dags/example_branch_labels.py took 0.179 seconds
[2026-04-13T16:56:17.340+0000] {processor.py:161} INFO - Started process (PID=1604) to work on /home/airflow/.local/lib/python3.12/site-packages/airflow/example_dags/example_branch_labels.py
[2026-04-13T16:56:17.341+0000] {processor.py:830} INFO - Processing file /home/airflow/.local/lib/python3.12/site-packages/airflow/example_dags/example_branch_labels.py for tasks to queue
[2026-04-13T16:56:17.344+0000] {logging_mixin.py:188} INFO - [2026-04-13T16:56:17.343+0000] {dagbag.py:545} INFO - Filling up the DagBag from /home/airflow/.local/lib/python3.12/site-packages/airflow/example_dags/example_branch_labels.py
[2026-04-13T16:56:17.354+0000] {processor.py:840} INFO - DAG(s) 'example_branch_labels' retrieved from /home/airflow/.local/lib/python3.12/site-packages/airflow/example_dags/example_branch_labels.py
[2026-04-13T16:56:17.387+0000] {logging_mixin.py:188} INFO - [2026-04-13T16:56:17.387+0000] {dag.py:3096} INFO - Sync 1 DAGs
[2026-04-13T16:56:17.422+0000] {logging_mixin.py:188} INFO - [2026-04-13T16:56:17.422+0000] {dag.py:3954} INFO - Setting next_dagrun for example_branch_labels to 2026-04-12 00:00:00+00:00, run_after=2026-04-13 00:00:00+00:00
[2026-04-13T16:56:17.454+0000] {processor.py:183} INFO - Processing /home/airflow/.local/lib/python3.12/site-packages/airflow/example_dags/example_branch_labels.py took 0.123 seconds
[2026-04-13T16:56:48.160+0000] {processor.py:161} INFO - Started process (PID=1662) to work on /home/airflow/.local/lib/python3.12/site-packages/airflow/example_dags/example_branch_labels.py
[2026-04-13T16:56:48.163+0000] {processor.py:830} INFO - Processing file /home/airflow/.local/lib/python3.12/site-packages/airflow/example_dags/example_branch_labels.py for tasks to queue
[2026-04-13T16:56:48.167+0000] {logging_mixin.py:188} INFO - [2026-04-13T16:56:48.166+0000] {dagbag.py:545} INFO - Filling up the DagBag from /home/airflow/.local/lib/python3.12/site-packages/airflow/example_dags/example_branch_labels.py
[2026-04-13T16:56:48.186+0000] {processor.py:840} INFO - DAG(s) 'example_branch_labels' retrieved from /home/airflow/.local/lib/python3.12/site-packages/airflow/example_dags/example_branch_labels.py
[2026-04-13T16:56:48.239+0000] {logging_mixin.py:188} INFO - [2026-04-13T16:56:48.238+0000] {dag.py:3096} INFO - Sync 1 DAGs
[2026-04-13T16:56:48.320+0000] {logging_mixin.py:188} INFO - [2026-04-13T16:56:48.319+0000] {dag.py:3954} INFO - Setting next_dagrun for example_branch_labels to 2026-04-12 00:00:00+00:00, run_after=2026-04-13 00:00:00+00:00
[2026-04-13T16:56:48.388+0000] {processor.py:183} INFO - Processing /home/airflow/.local/lib/python3.12/site-packages/airflow/example_dags/example_branch_labels.py took 0.244 seconds
