[2026-04-13T16:42:52.466+0000] {processor.py:161} INFO - Started process (PID=81) to work on /home/airflow/.local/lib/python3.12/site-packages/airflow/example_dags/example_xcomargs.py
[2026-04-13T16:42:52.469+0000] {processor.py:830} INFO - Processing file /home/airflow/.local/lib/python3.12/site-packages/airflow/example_dags/example_xcomargs.py for tasks to queue
[2026-04-13T16:42:52.474+0000] {logging_mixin.py:188} INFO - [2026-04-13T16:42:52.473+0000] {dagbag.py:545} INFO - Filling up the DagBag from /home/airflow/.local/lib/python3.12/site-packages/airflow/example_dags/example_xcomargs.py
[2026-04-13T16:42:52.504+0000] {processor.py:840} INFO - DAG(s) 'example_xcom_args', 'example_xcom_args_with_operators' retrieved from /home/airflow/.local/lib/python3.12/site-packages/airflow/example_dags/example_xcomargs.py
[2026-04-13T16:42:53.215+0000] {logging_mixin.py:188} INFO - [2026-04-13T16:42:53.214+0000] {dag.py:3096} INFO - Sync 2 DAGs
[2026-04-13T16:42:53.272+0000] {logging_mixin.py:188} INFO - [2026-04-13T16:42:53.272+0000] {dag.py:3954} INFO - Setting next_dagrun for example_xcom_args to None, run_after=None
[2026-04-13T16:42:53.289+0000] {logging_mixin.py:188} INFO - [2026-04-13T16:42:53.289+0000] {dag.py:3954} INFO - Setting next_dagrun for example_xcom_args_with_operators to None, run_after=None
[2026-04-13T16:42:53.380+0000] {processor.py:183} INFO - Processing /home/airflow/.local/lib/python3.12/site-packages/airflow/example_dags/example_xcomargs.py took 0.934 seconds
[2026-04-13T16:43:23.961+0000] {processor.py:161} INFO - Started process (PID=140) to work on /home/airflow/.local/lib/python3.12/site-packages/airflow/example_dags/example_xcomargs.py
[2026-04-13T16:43:23.963+0000] {processor.py:830} INFO - Processing file /home/airflow/.local/lib/python3.12/site-packages/airflow/example_dags/example_xcomargs.py for tasks to queue
[2026-04-13T16:43:23.965+0000] {logging_mixin.py:188} INFO - [2026-04-13T16:43:23.965+0000] {dagbag.py:545} INFO - Filling up the DagBag from /home/airflow/.local/lib/python3.12/site-packages/airflow/example_dags/example_xcomargs.py
[2026-04-13T16:43:23.978+0000] {processor.py:840} INFO - DAG(s) 'example_xcom_args', 'example_xcom_args_with_operators' retrieved from /home/airflow/.local/lib/python3.12/site-packages/airflow/example_dags/example_xcomargs.py
[2026-04-13T16:43:24.015+0000] {logging_mixin.py:188} INFO - [2026-04-13T16:43:24.014+0000] {dag.py:3096} INFO - Sync 2 DAGs
[2026-04-13T16:43:24.118+0000] {logging_mixin.py:188} INFO - [2026-04-13T16:43:24.117+0000] {dag.py:3954} INFO - Setting next_dagrun for example_xcom_args to None, run_after=None
[2026-04-13T16:43:24.125+0000] {logging_mixin.py:188} INFO - [2026-04-13T16:43:24.125+0000] {dag.py:3954} INFO - Setting next_dagrun for example_xcom_args_with_operators to None, run_after=None
[2026-04-13T16:43:24.168+0000] {processor.py:183} INFO - Processing /home/airflow/.local/lib/python3.12/site-packages/airflow/example_dags/example_xcomargs.py took 0.214 seconds
[2026-04-13T16:43:54.298+0000] {processor.py:161} INFO - Started process (PID=198) to work on /home/airflow/.local/lib/python3.12/site-packages/airflow/example_dags/example_xcomargs.py
[2026-04-13T16:43:54.300+0000] {processor.py:830} INFO - Processing file /home/airflow/.local/lib/python3.12/site-packages/airflow/example_dags/example_xcomargs.py for tasks to queue
[2026-04-13T16:43:54.305+0000] {logging_mixin.py:188} INFO - [2026-04-13T16:43:54.304+0000] {dagbag.py:545} INFO - Filling up the DagBag from /home/airflow/.local/lib/python3.12/site-packages/airflow/example_dags/example_xcomargs.py
[2026-04-13T16:43:54.324+0000] {processor.py:840} INFO - DAG(s) 'example_xcom_args', 'example_xcom_args_with_operators' retrieved from /home/airflow/.local/lib/python3.12/site-packages/airflow/example_dags/example_xcomargs.py
[2026-04-13T16:43:54.387+0000] {logging_mixin.py:188} INFO - [2026-04-13T16:43:54.386+0000] {dag.py:3096} INFO - Sync 2 DAGs
[2026-04-13T16:43:54.431+0000] {logging_mixin.py:188} INFO - [2026-04-13T16:43:54.430+0000] {dag.py:3954} INFO - Setting next_dagrun for example_xcom_args to None, run_after=None
[2026-04-13T16:43:54.441+0000] {logging_mixin.py:188} INFO - [2026-04-13T16:43:54.441+0000] {dag.py:3954} INFO - Setting next_dagrun for example_xcom_args_with_operators to None, run_after=None
[2026-04-13T16:43:54.503+0000] {processor.py:183} INFO - Processing /home/airflow/.local/lib/python3.12/site-packages/airflow/example_dags/example_xcomargs.py took 0.219 seconds
[2026-04-13T16:44:24.719+0000] {processor.py:161} INFO - Started process (PID=256) to work on /home/airflow/.local/lib/python3.12/site-packages/airflow/example_dags/example_xcomargs.py
[2026-04-13T16:44:24.722+0000] {processor.py:830} INFO - Processing file /home/airflow/.local/lib/python3.12/site-packages/airflow/example_dags/example_xcomargs.py for tasks to queue
[2026-04-13T16:44:24.726+0000] {logging_mixin.py:188} INFO - [2026-04-13T16:44:24.725+0000] {dagbag.py:545} INFO - Filling up the DagBag from /home/airflow/.local/lib/python3.12/site-packages/airflow/example_dags/example_xcomargs.py
[2026-04-13T16:44:24.744+0000] {processor.py:840} INFO - DAG(s) 'example_xcom_args_with_operators', 'example_xcom_args' retrieved from /home/airflow/.local/lib/python3.12/site-packages/airflow/example_dags/example_xcomargs.py
[2026-04-13T16:44:24.798+0000] {logging_mixin.py:188} INFO - [2026-04-13T16:44:24.798+0000] {dag.py:3096} INFO - Sync 2 DAGs
[2026-04-13T16:44:24.825+0000] {logging_mixin.py:188} INFO - [2026-04-13T16:44:24.825+0000] {dag.py:3954} INFO - Setting next_dagrun for example_xcom_args to None, run_after=None
[2026-04-13T16:44:24.832+0000] {logging_mixin.py:188} INFO - [2026-04-13T16:44:24.831+0000] {dag.py:3954} INFO - Setting next_dagrun for example_xcom_args_with_operators to None, run_after=None
[2026-04-13T16:44:24.864+0000] {processor.py:183} INFO - Processing /home/airflow/.local/lib/python3.12/site-packages/airflow/example_dags/example_xcomargs.py took 0.157 seconds
[2026-04-13T16:44:55.460+0000] {processor.py:161} INFO - Started process (PID=314) to work on /home/airflow/.local/lib/python3.12/site-packages/airflow/example_dags/example_xcomargs.py
[2026-04-13T16:44:55.463+0000] {processor.py:830} INFO - Processing file /home/airflow/.local/lib/python3.12/site-packages/airflow/example_dags/example_xcomargs.py for tasks to queue
[2026-04-13T16:44:55.467+0000] {logging_mixin.py:188} INFO - [2026-04-13T16:44:55.467+0000] {dagbag.py:545} INFO - Filling up the DagBag from /home/airflow/.local/lib/python3.12/site-packages/airflow/example_dags/example_xcomargs.py
[2026-04-13T16:44:55.489+0000] {processor.py:840} INFO - DAG(s) 'example_xcom_args_with_operators', 'example_xcom_args' retrieved from /home/airflow/.local/lib/python3.12/site-packages/airflow/example_dags/example_xcomargs.py
[2026-04-13T16:44:55.545+0000] {logging_mixin.py:188} INFO - [2026-04-13T16:44:55.545+0000] {dag.py:3096} INFO - Sync 2 DAGs
[2026-04-13T16:44:55.579+0000] {logging_mixin.py:188} INFO - [2026-04-13T16:44:55.579+0000] {dag.py:3954} INFO - Setting next_dagrun for example_xcom_args to None, run_after=None
[2026-04-13T16:44:55.590+0000] {logging_mixin.py:188} INFO - [2026-04-13T16:44:55.589+0000] {dag.py:3954} INFO - Setting next_dagrun for example_xcom_args_with_operators to None, run_after=None
[2026-04-13T16:44:55.637+0000] {processor.py:183} INFO - Processing /home/airflow/.local/lib/python3.12/site-packages/airflow/example_dags/example_xcomargs.py took 0.198 seconds
[2026-04-13T16:45:26.196+0000] {processor.py:161} INFO - Started process (PID=372) to work on /home/airflow/.local/lib/python3.12/site-packages/airflow/example_dags/example_xcomargs.py
[2026-04-13T16:45:26.199+0000] {processor.py:830} INFO - Processing file /home/airflow/.local/lib/python3.12/site-packages/airflow/example_dags/example_xcomargs.py for tasks to queue
[2026-04-13T16:45:26.204+0000] {logging_mixin.py:188} INFO - [2026-04-13T16:45:26.203+0000] {dagbag.py:545} INFO - Filling up the DagBag from /home/airflow/.local/lib/python3.12/site-packages/airflow/example_dags/example_xcomargs.py
[2026-04-13T16:45:26.228+0000] {processor.py:840} INFO - DAG(s) 'example_xcom_args', 'example_xcom_args_with_operators' retrieved from /home/airflow/.local/lib/python3.12/site-packages/airflow/example_dags/example_xcomargs.py
[2026-04-13T16:45:26.283+0000] {logging_mixin.py:188} INFO - [2026-04-13T16:45:26.283+0000] {dag.py:3096} INFO - Sync 2 DAGs
[2026-04-13T16:45:26.316+0000] {logging_mixin.py:188} INFO - [2026-04-13T16:45:26.315+0000] {dag.py:3954} INFO - Setting next_dagrun for example_xcom_args to None, run_after=None
[2026-04-13T16:45:26.326+0000] {logging_mixin.py:188} INFO - [2026-04-13T16:45:26.325+0000] {dag.py:3954} INFO - Setting next_dagrun for example_xcom_args_with_operators to None, run_after=None
[2026-04-13T16:45:26.439+0000] {processor.py:183} INFO - Processing /home/airflow/.local/lib/python3.12/site-packages/airflow/example_dags/example_xcomargs.py took 0.259 seconds
[2026-04-13T16:45:56.754+0000] {processor.py:161} INFO - Started process (PID=430) to work on /home/airflow/.local/lib/python3.12/site-packages/airflow/example_dags/example_xcomargs.py
[2026-04-13T16:45:56.759+0000] {processor.py:830} INFO - Processing file /home/airflow/.local/lib/python3.12/site-packages/airflow/example_dags/example_xcomargs.py for tasks to queue
[2026-04-13T16:45:56.775+0000] {logging_mixin.py:188} INFO - [2026-04-13T16:45:56.775+0000] {dagbag.py:545} INFO - Filling up the DagBag from /home/airflow/.local/lib/python3.12/site-packages/airflow/example_dags/example_xcomargs.py
[2026-04-13T16:45:56.821+0000] {processor.py:840} INFO - DAG(s) 'example_xcom_args', 'example_xcom_args_with_operators' retrieved from /home/airflow/.local/lib/python3.12/site-packages/airflow/example_dags/example_xcomargs.py
[2026-04-13T16:45:56.939+0000] {logging_mixin.py:188} INFO - [2026-04-13T16:45:56.939+0000] {dag.py:3096} INFO - Sync 2 DAGs
[2026-04-13T16:45:57.058+0000] {logging_mixin.py:188} INFO - [2026-04-13T16:45:57.057+0000] {dag.py:3954} INFO - Setting next_dagrun for example_xcom_args to None, run_after=None
[2026-04-13T16:45:57.088+0000] {logging_mixin.py:188} INFO - [2026-04-13T16:45:57.087+0000] {dag.py:3954} INFO - Setting next_dagrun for example_xcom_args_with_operators to None, run_after=None
[2026-04-13T16:45:57.259+0000] {processor.py:183} INFO - Processing /home/airflow/.local/lib/python3.12/site-packages/airflow/example_dags/example_xcomargs.py took 0.550 seconds
[2026-04-13T16:46:27.510+0000] {processor.py:161} INFO - Started process (PID=489) to work on /home/airflow/.local/lib/python3.12/site-packages/airflow/example_dags/example_xcomargs.py
[2026-04-13T16:46:27.511+0000] {processor.py:830} INFO - Processing file /home/airflow/.local/lib/python3.12/site-packages/airflow/example_dags/example_xcomargs.py for tasks to queue
[2026-04-13T16:46:27.514+0000] {logging_mixin.py:188} INFO - [2026-04-13T16:46:27.514+0000] {dagbag.py:545} INFO - Filling up the DagBag from /home/airflow/.local/lib/python3.12/site-packages/airflow/example_dags/example_xcomargs.py
[2026-04-13T16:46:27.525+0000] {processor.py:840} INFO - DAG(s) 'example_xcom_args', 'example_xcom_args_with_operators' retrieved from /home/airflow/.local/lib/python3.12/site-packages/airflow/example_dags/example_xcomargs.py
[2026-04-13T16:46:27.551+0000] {logging_mixin.py:188} INFO - [2026-04-13T16:46:27.550+0000] {dag.py:3096} INFO - Sync 2 DAGs
[2026-04-13T16:46:27.569+0000] {logging_mixin.py:188} INFO - [2026-04-13T16:46:27.568+0000] {dag.py:3954} INFO - Setting next_dagrun for example_xcom_args to None, run_after=None
[2026-04-13T16:46:27.574+0000] {logging_mixin.py:188} INFO - [2026-04-13T16:46:27.573+0000] {dag.py:3954} INFO - Setting next_dagrun for example_xcom_args_with_operators to None, run_after=None
[2026-04-13T16:46:27.600+0000] {processor.py:183} INFO - Processing /home/airflow/.local/lib/python3.12/site-packages/airflow/example_dags/example_xcomargs.py took 0.104 seconds
[2026-04-13T16:46:57.845+0000] {processor.py:161} INFO - Started process (PID=547) to work on /home/airflow/.local/lib/python3.12/site-packages/airflow/example_dags/example_xcomargs.py
[2026-04-13T16:46:57.846+0000] {processor.py:830} INFO - Processing file /home/airflow/.local/lib/python3.12/site-packages/airflow/example_dags/example_xcomargs.py for tasks to queue
[2026-04-13T16:46:57.849+0000] {logging_mixin.py:188} INFO - [2026-04-13T16:46:57.849+0000] {dagbag.py:545} INFO - Filling up the DagBag from /home/airflow/.local/lib/python3.12/site-packages/airflow/example_dags/example_xcomargs.py
[2026-04-13T16:46:57.861+0000] {processor.py:840} INFO - DAG(s) 'example_xcom_args_with_operators', 'example_xcom_args' retrieved from /home/airflow/.local/lib/python3.12/site-packages/airflow/example_dags/example_xcomargs.py
[2026-04-13T16:46:57.893+0000] {logging_mixin.py:188} INFO - [2026-04-13T16:46:57.893+0000] {dag.py:3096} INFO - Sync 2 DAGs
[2026-04-13T16:46:57.911+0000] {logging_mixin.py:188} INFO - [2026-04-13T16:46:57.910+0000] {dag.py:3954} INFO - Setting next_dagrun for example_xcom_args to None, run_after=None
[2026-04-13T16:46:57.916+0000] {logging_mixin.py:188} INFO - [2026-04-13T16:46:57.916+0000] {dag.py:3954} INFO - Setting next_dagrun for example_xcom_args_with_operators to None, run_after=None
[2026-04-13T16:46:57.942+0000] {processor.py:183} INFO - Processing /home/airflow/.local/lib/python3.12/site-packages/airflow/example_dags/example_xcomargs.py took 0.106 seconds
[2026-04-13T16:47:28.291+0000] {processor.py:161} INFO - Started process (PID=603) to work on /home/airflow/.local/lib/python3.12/site-packages/airflow/example_dags/example_xcomargs.py
[2026-04-13T16:47:28.293+0000] {processor.py:830} INFO - Processing file /home/airflow/.local/lib/python3.12/site-packages/airflow/example_dags/example_xcomargs.py for tasks to queue
[2026-04-13T16:47:28.295+0000] {logging_mixin.py:188} INFO - [2026-04-13T16:47:28.295+0000] {dagbag.py:545} INFO - Filling up the DagBag from /home/airflow/.local/lib/python3.12/site-packages/airflow/example_dags/example_xcomargs.py
[2026-04-13T16:47:28.306+0000] {processor.py:840} INFO - DAG(s) 'example_xcom_args', 'example_xcom_args_with_operators' retrieved from /home/airflow/.local/lib/python3.12/site-packages/airflow/example_dags/example_xcomargs.py
[2026-04-13T16:47:28.337+0000] {logging_mixin.py:188} INFO - [2026-04-13T16:47:28.336+0000] {dag.py:3096} INFO - Sync 2 DAGs
[2026-04-13T16:47:28.354+0000] {logging_mixin.py:188} INFO - [2026-04-13T16:47:28.354+0000] {dag.py:3954} INFO - Setting next_dagrun for example_xcom_args to None, run_after=None
[2026-04-13T16:47:28.359+0000] {logging_mixin.py:188} INFO - [2026-04-13T16:47:28.359+0000] {dag.py:3954} INFO - Setting next_dagrun for example_xcom_args_with_operators to None, run_after=None
[2026-04-13T16:47:28.385+0000] {processor.py:183} INFO - Processing /home/airflow/.local/lib/python3.12/site-packages/airflow/example_dags/example_xcomargs.py took 0.103 seconds
[2026-04-13T16:47:58.539+0000] {processor.py:161} INFO - Started process (PID=661) to work on /home/airflow/.local/lib/python3.12/site-packages/airflow/example_dags/example_xcomargs.py
[2026-04-13T16:47:58.541+0000] {processor.py:830} INFO - Processing file /home/airflow/.local/lib/python3.12/site-packages/airflow/example_dags/example_xcomargs.py for tasks to queue
[2026-04-13T16:47:58.544+0000] {logging_mixin.py:188} INFO - [2026-04-13T16:47:58.543+0000] {dagbag.py:545} INFO - Filling up the DagBag from /home/airflow/.local/lib/python3.12/site-packages/airflow/example_dags/example_xcomargs.py
[2026-04-13T16:47:58.557+0000] {processor.py:840} INFO - DAG(s) 'example_xcom_args_with_operators', 'example_xcom_args' retrieved from /home/airflow/.local/lib/python3.12/site-packages/airflow/example_dags/example_xcomargs.py
[2026-04-13T16:47:58.592+0000] {logging_mixin.py:188} INFO - [2026-04-13T16:47:58.592+0000] {dag.py:3096} INFO - Sync 2 DAGs
[2026-04-13T16:47:58.610+0000] {logging_mixin.py:188} INFO - [2026-04-13T16:47:58.609+0000] {dag.py:3954} INFO - Setting next_dagrun for example_xcom_args to None, run_after=None
[2026-04-13T16:47:58.615+0000] {logging_mixin.py:188} INFO - [2026-04-13T16:47:58.615+0000] {dag.py:3954} INFO - Setting next_dagrun for example_xcom_args_with_operators to None, run_after=None
[2026-04-13T16:47:58.722+0000] {processor.py:183} INFO - Processing /home/airflow/.local/lib/python3.12/site-packages/airflow/example_dags/example_xcomargs.py took 0.192 seconds
[2026-04-13T16:48:29.191+0000] {processor.py:161} INFO - Started process (PID=719) to work on /home/airflow/.local/lib/python3.12/site-packages/airflow/example_dags/example_xcomargs.py
[2026-04-13T16:48:29.193+0000] {processor.py:830} INFO - Processing file /home/airflow/.local/lib/python3.12/site-packages/airflow/example_dags/example_xcomargs.py for tasks to queue
[2026-04-13T16:48:29.196+0000] {logging_mixin.py:188} INFO - [2026-04-13T16:48:29.196+0000] {dagbag.py:545} INFO - Filling up the DagBag from /home/airflow/.local/lib/python3.12/site-packages/airflow/example_dags/example_xcomargs.py
[2026-04-13T16:48:29.208+0000] {processor.py:840} INFO - DAG(s) 'example_xcom_args', 'example_xcom_args_with_operators' retrieved from /home/airflow/.local/lib/python3.12/site-packages/airflow/example_dags/example_xcomargs.py
[2026-04-13T16:48:29.238+0000] {logging_mixin.py:188} INFO - [2026-04-13T16:48:29.238+0000] {dag.py:3096} INFO - Sync 2 DAGs
[2026-04-13T16:48:29.256+0000] {logging_mixin.py:188} INFO - [2026-04-13T16:48:29.255+0000] {dag.py:3954} INFO - Setting next_dagrun for example_xcom_args to None, run_after=None
[2026-04-13T16:48:29.261+0000] {logging_mixin.py:188} INFO - [2026-04-13T16:48:29.261+0000] {dag.py:3954} INFO - Setting next_dagrun for example_xcom_args_with_operators to None, run_after=None
[2026-04-13T16:48:29.363+0000] {processor.py:183} INFO - Processing /home/airflow/.local/lib/python3.12/site-packages/airflow/example_dags/example_xcomargs.py took 0.184 seconds
[2026-04-13T16:48:59.561+0000] {processor.py:161} INFO - Started process (PID=777) to work on /home/airflow/.local/lib/python3.12/site-packages/airflow/example_dags/example_xcomargs.py
[2026-04-13T16:48:59.564+0000] {processor.py:830} INFO - Processing file /home/airflow/.local/lib/python3.12/site-packages/airflow/example_dags/example_xcomargs.py for tasks to queue
[2026-04-13T16:48:59.568+0000] {logging_mixin.py:188} INFO - [2026-04-13T16:48:59.567+0000] {dagbag.py:545} INFO - Filling up the DagBag from /home/airflow/.local/lib/python3.12/site-packages/airflow/example_dags/example_xcomargs.py
[2026-04-13T16:48:59.584+0000] {processor.py:840} INFO - DAG(s) 'example_xcom_args_with_operators', 'example_xcom_args' retrieved from /home/airflow/.local/lib/python3.12/site-packages/airflow/example_dags/example_xcomargs.py
[2026-04-13T16:48:59.617+0000] {logging_mixin.py:188} INFO - [2026-04-13T16:48:59.616+0000] {dag.py:3096} INFO - Sync 2 DAGs
[2026-04-13T16:48:59.634+0000] {logging_mixin.py:188} INFO - [2026-04-13T16:48:59.634+0000] {dag.py:3954} INFO - Setting next_dagrun for example_xcom_args to None, run_after=None
[2026-04-13T16:48:59.639+0000] {logging_mixin.py:188} INFO - [2026-04-13T16:48:59.639+0000] {dag.py:3954} INFO - Setting next_dagrun for example_xcom_args_with_operators to None, run_after=None
[2026-04-13T16:48:59.760+0000] {processor.py:183} INFO - Processing /home/airflow/.local/lib/python3.12/site-packages/airflow/example_dags/example_xcomargs.py took 0.211 seconds
[2026-04-13T16:49:30.448+0000] {processor.py:161} INFO - Started process (PID=835) to work on /home/airflow/.local/lib/python3.12/site-packages/airflow/example_dags/example_xcomargs.py
[2026-04-13T16:49:30.450+0000] {processor.py:830} INFO - Processing file /home/airflow/.local/lib/python3.12/site-packages/airflow/example_dags/example_xcomargs.py for tasks to queue
[2026-04-13T16:49:30.452+0000] {logging_mixin.py:188} INFO - [2026-04-13T16:49:30.452+0000] {dagbag.py:545} INFO - Filling up the DagBag from /home/airflow/.local/lib/python3.12/site-packages/airflow/example_dags/example_xcomargs.py
[2026-04-13T16:49:30.462+0000] {processor.py:840} INFO - DAG(s) 'example_xcom_args_with_operators', 'example_xcom_args' retrieved from /home/airflow/.local/lib/python3.12/site-packages/airflow/example_dags/example_xcomargs.py
[2026-04-13T16:49:30.493+0000] {logging_mixin.py:188} INFO - [2026-04-13T16:49:30.493+0000] {dag.py:3096} INFO - Sync 2 DAGs
[2026-04-13T16:49:30.511+0000] {logging_mixin.py:188} INFO - [2026-04-13T16:49:30.510+0000] {dag.py:3954} INFO - Setting next_dagrun for example_xcom_args to None, run_after=None
[2026-04-13T16:49:30.516+0000] {logging_mixin.py:188} INFO - [2026-04-13T16:49:30.516+0000] {dag.py:3954} INFO - Setting next_dagrun for example_xcom_args_with_operators to None, run_after=None
[2026-04-13T16:49:30.544+0000] {processor.py:183} INFO - Processing /home/airflow/.local/lib/python3.12/site-packages/airflow/example_dags/example_xcomargs.py took 0.103 seconds
[2026-04-13T16:50:01.125+0000] {processor.py:161} INFO - Started process (PID=893) to work on /home/airflow/.local/lib/python3.12/site-packages/airflow/example_dags/example_xcomargs.py
[2026-04-13T16:50:01.128+0000] {processor.py:830} INFO - Processing file /home/airflow/.local/lib/python3.12/site-packages/airflow/example_dags/example_xcomargs.py for tasks to queue
[2026-04-13T16:50:01.132+0000] {logging_mixin.py:188} INFO - [2026-04-13T16:50:01.132+0000] {dagbag.py:545} INFO - Filling up the DagBag from /home/airflow/.local/lib/python3.12/site-packages/airflow/example_dags/example_xcomargs.py
[2026-04-13T16:50:01.154+0000] {processor.py:840} INFO - DAG(s) 'example_xcom_args', 'example_xcom_args_with_operators' retrieved from /home/airflow/.local/lib/python3.12/site-packages/airflow/example_dags/example_xcomargs.py
[2026-04-13T16:50:01.266+0000] {logging_mixin.py:188} INFO - [2026-04-13T16:50:01.265+0000] {dag.py:3096} INFO - Sync 2 DAGs
[2026-04-13T16:50:01.308+0000] {logging_mixin.py:188} INFO - [2026-04-13T16:50:01.307+0000] {dag.py:3954} INFO - Setting next_dagrun for example_xcom_args to None, run_after=None
[2026-04-13T16:50:01.344+0000] {logging_mixin.py:188} INFO - [2026-04-13T16:50:01.343+0000] {dag.py:3954} INFO - Setting next_dagrun for example_xcom_args_with_operators to None, run_after=None
[2026-04-13T16:50:01.403+0000] {processor.py:183} INFO - Processing /home/airflow/.local/lib/python3.12/site-packages/airflow/example_dags/example_xcomargs.py took 0.292 seconds
[2026-04-13T16:50:31.556+0000] {processor.py:161} INFO - Started process (PID=951) to work on /home/airflow/.local/lib/python3.12/site-packages/airflow/example_dags/example_xcomargs.py
[2026-04-13T16:50:31.560+0000] {processor.py:830} INFO - Processing file /home/airflow/.local/lib/python3.12/site-packages/airflow/example_dags/example_xcomargs.py for tasks to queue
[2026-04-13T16:50:31.568+0000] {logging_mixin.py:188} INFO - [2026-04-13T16:50:31.566+0000] {dagbag.py:545} INFO - Filling up the DagBag from /home/airflow/.local/lib/python3.12/site-packages/airflow/example_dags/example_xcomargs.py
[2026-04-13T16:50:31.597+0000] {processor.py:840} INFO - DAG(s) 'example_xcom_args', 'example_xcom_args_with_operators' retrieved from /home/airflow/.local/lib/python3.12/site-packages/airflow/example_dags/example_xcomargs.py
[2026-04-13T16:50:31.681+0000] {logging_mixin.py:188} INFO - [2026-04-13T16:50:31.680+0000] {dag.py:3096} INFO - Sync 2 DAGs
[2026-04-13T16:50:31.722+0000] {logging_mixin.py:188} INFO - [2026-04-13T16:50:31.721+0000] {dag.py:3954} INFO - Setting next_dagrun for example_xcom_args to None, run_after=None
[2026-04-13T16:50:31.738+0000] {logging_mixin.py:188} INFO - [2026-04-13T16:50:31.737+0000] {dag.py:3954} INFO - Setting next_dagrun for example_xcom_args_with_operators to None, run_after=None
[2026-04-13T16:50:31.793+0000] {processor.py:183} INFO - Processing /home/airflow/.local/lib/python3.12/site-packages/airflow/example_dags/example_xcomargs.py took 0.261 seconds
[2026-04-13T16:51:02.566+0000] {processor.py:161} INFO - Started process (PID=1009) to work on /home/airflow/.local/lib/python3.12/site-packages/airflow/example_dags/example_xcomargs.py
[2026-04-13T16:51:02.569+0000] {processor.py:830} INFO - Processing file /home/airflow/.local/lib/python3.12/site-packages/airflow/example_dags/example_xcomargs.py for tasks to queue
[2026-04-13T16:51:02.572+0000] {logging_mixin.py:188} INFO - [2026-04-13T16:51:02.572+0000] {dagbag.py:545} INFO - Filling up the DagBag from /home/airflow/.local/lib/python3.12/site-packages/airflow/example_dags/example_xcomargs.py
[2026-04-13T16:51:02.586+0000] {processor.py:840} INFO - DAG(s) 'example_xcom_args', 'example_xcom_args_with_operators' retrieved from /home/airflow/.local/lib/python3.12/site-packages/airflow/example_dags/example_xcomargs.py
[2026-04-13T16:51:02.627+0000] {logging_mixin.py:188} INFO - [2026-04-13T16:51:02.626+0000] {dag.py:3096} INFO - Sync 2 DAGs
[2026-04-13T16:51:02.660+0000] {logging_mixin.py:188} INFO - [2026-04-13T16:51:02.659+0000] {dag.py:3954} INFO - Setting next_dagrun for example_xcom_args to None, run_after=None
[2026-04-13T16:51:02.668+0000] {logging_mixin.py:188} INFO - [2026-04-13T16:51:02.668+0000] {dag.py:3954} INFO - Setting next_dagrun for example_xcom_args_with_operators to None, run_after=None
[2026-04-13T16:51:02.702+0000] {processor.py:183} INFO - Processing /home/airflow/.local/lib/python3.12/site-packages/airflow/example_dags/example_xcomargs.py took 0.150 seconds
[2026-04-13T16:51:33.119+0000] {processor.py:161} INFO - Started process (PID=1067) to work on /home/airflow/.local/lib/python3.12/site-packages/airflow/example_dags/example_xcomargs.py
[2026-04-13T16:51:33.120+0000] {processor.py:830} INFO - Processing file /home/airflow/.local/lib/python3.12/site-packages/airflow/example_dags/example_xcomargs.py for tasks to queue
[2026-04-13T16:51:33.123+0000] {logging_mixin.py:188} INFO - [2026-04-13T16:51:33.122+0000] {dagbag.py:545} INFO - Filling up the DagBag from /home/airflow/.local/lib/python3.12/site-packages/airflow/example_dags/example_xcomargs.py
[2026-04-13T16:51:33.136+0000] {processor.py:840} INFO - DAG(s) 'example_xcom_args', 'example_xcom_args_with_operators' retrieved from /home/airflow/.local/lib/python3.12/site-packages/airflow/example_dags/example_xcomargs.py
[2026-04-13T16:51:33.167+0000] {logging_mixin.py:188} INFO - [2026-04-13T16:51:33.167+0000] {dag.py:3096} INFO - Sync 2 DAGs
[2026-04-13T16:51:33.184+0000] {logging_mixin.py:188} INFO - [2026-04-13T16:51:33.184+0000] {dag.py:3954} INFO - Setting next_dagrun for example_xcom_args to None, run_after=None
[2026-04-13T16:51:33.190+0000] {logging_mixin.py:188} INFO - [2026-04-13T16:51:33.189+0000] {dag.py:3954} INFO - Setting next_dagrun for example_xcom_args_with_operators to None, run_after=None
[2026-04-13T16:51:33.215+0000] {processor.py:183} INFO - Processing /home/airflow/.local/lib/python3.12/site-packages/airflow/example_dags/example_xcomargs.py took 0.104 seconds
[2026-04-13T16:52:03.572+0000] {processor.py:161} INFO - Started process (PID=1125) to work on /home/airflow/.local/lib/python3.12/site-packages/airflow/example_dags/example_xcomargs.py
[2026-04-13T16:52:03.574+0000] {processor.py:830} INFO - Processing file /home/airflow/.local/lib/python3.12/site-packages/airflow/example_dags/example_xcomargs.py for tasks to queue
[2026-04-13T16:52:03.576+0000] {logging_mixin.py:188} INFO - [2026-04-13T16:52:03.576+0000] {dagbag.py:545} INFO - Filling up the DagBag from /home/airflow/.local/lib/python3.12/site-packages/airflow/example_dags/example_xcomargs.py
[2026-04-13T16:52:03.588+0000] {processor.py:840} INFO - DAG(s) 'example_xcom_args', 'example_xcom_args_with_operators' retrieved from /home/airflow/.local/lib/python3.12/site-packages/airflow/example_dags/example_xcomargs.py
[2026-04-13T16:52:03.618+0000] {logging_mixin.py:188} INFO - [2026-04-13T16:52:03.618+0000] {dag.py:3096} INFO - Sync 2 DAGs
[2026-04-13T16:52:03.635+0000] {logging_mixin.py:188} INFO - [2026-04-13T16:52:03.635+0000] {dag.py:3954} INFO - Setting next_dagrun for example_xcom_args to None, run_after=None
[2026-04-13T16:52:03.640+0000] {logging_mixin.py:188} INFO - [2026-04-13T16:52:03.640+0000] {dag.py:3954} INFO - Setting next_dagrun for example_xcom_args_with_operators to None, run_after=None
[2026-04-13T16:52:03.746+0000] {processor.py:183} INFO - Processing /home/airflow/.local/lib/python3.12/site-packages/airflow/example_dags/example_xcomargs.py took 0.182 seconds
[2026-04-13T16:52:33.937+0000] {processor.py:161} INFO - Started process (PID=1184) to work on /home/airflow/.local/lib/python3.12/site-packages/airflow/example_dags/example_xcomargs.py
[2026-04-13T16:52:33.939+0000] {processor.py:830} INFO - Processing file /home/airflow/.local/lib/python3.12/site-packages/airflow/example_dags/example_xcomargs.py for tasks to queue
[2026-04-13T16:52:33.941+0000] {logging_mixin.py:188} INFO - [2026-04-13T16:52:33.941+0000] {dagbag.py:545} INFO - Filling up the DagBag from /home/airflow/.local/lib/python3.12/site-packages/airflow/example_dags/example_xcomargs.py
[2026-04-13T16:52:33.952+0000] {processor.py:840} INFO - DAG(s) 'example_xcom_args_with_operators', 'example_xcom_args' retrieved from /home/airflow/.local/lib/python3.12/site-packages/airflow/example_dags/example_xcomargs.py
[2026-04-13T16:52:33.984+0000] {logging_mixin.py:188} INFO - [2026-04-13T16:52:33.983+0000] {dag.py:3096} INFO - Sync 2 DAGs
[2026-04-13T16:52:34.000+0000] {logging_mixin.py:188} INFO - [2026-04-13T16:52:34.000+0000] {dag.py:3954} INFO - Setting next_dagrun for example_xcom_args to None, run_after=None
[2026-04-13T16:52:34.005+0000] {logging_mixin.py:188} INFO - [2026-04-13T16:52:34.005+0000] {dag.py:3954} INFO - Setting next_dagrun for example_xcom_args_with_operators to None, run_after=None
[2026-04-13T16:52:34.032+0000] {processor.py:183} INFO - Processing /home/airflow/.local/lib/python3.12/site-packages/airflow/example_dags/example_xcomargs.py took 0.102 seconds
[2026-04-13T16:53:04.524+0000] {processor.py:161} INFO - Started process (PID=1242) to work on /home/airflow/.local/lib/python3.12/site-packages/airflow/example_dags/example_xcomargs.py
[2026-04-13T16:53:04.527+0000] {processor.py:830} INFO - Processing file /home/airflow/.local/lib/python3.12/site-packages/airflow/example_dags/example_xcomargs.py for tasks to queue
[2026-04-13T16:53:04.541+0000] {logging_mixin.py:188} INFO - [2026-04-13T16:53:04.533+0000] {dagbag.py:545} INFO - Filling up the DagBag from /home/airflow/.local/lib/python3.12/site-packages/airflow/example_dags/example_xcomargs.py
[2026-04-13T16:53:04.573+0000] {processor.py:840} INFO - DAG(s) 'example_xcom_args_with_operators', 'example_xcom_args' retrieved from /home/airflow/.local/lib/python3.12/site-packages/airflow/example_dags/example_xcomargs.py
[2026-04-13T16:53:04.650+0000] {logging_mixin.py:188} INFO - [2026-04-13T16:53:04.649+0000] {dag.py:3096} INFO - Sync 2 DAGs
[2026-04-13T16:53:04.696+0000] {logging_mixin.py:188} INFO - [2026-04-13T16:53:04.696+0000] {dag.py:3954} INFO - Setting next_dagrun for example_xcom_args to None, run_after=None
[2026-04-13T16:53:04.712+0000] {logging_mixin.py:188} INFO - [2026-04-13T16:53:04.712+0000] {dag.py:3954} INFO - Setting next_dagrun for example_xcom_args_with_operators to None, run_after=None
[2026-04-13T16:53:04.833+0000] {processor.py:183} INFO - Processing /home/airflow/.local/lib/python3.12/site-packages/airflow/example_dags/example_xcomargs.py took 0.330 seconds
[2026-04-13T16:53:35.755+0000] {processor.py:161} INFO - Started process (PID=1300) to work on /home/airflow/.local/lib/python3.12/site-packages/airflow/example_dags/example_xcomargs.py
[2026-04-13T16:53:35.756+0000] {processor.py:830} INFO - Processing file /home/airflow/.local/lib/python3.12/site-packages/airflow/example_dags/example_xcomargs.py for tasks to queue
[2026-04-13T16:53:35.759+0000] {logging_mixin.py:188} INFO - [2026-04-13T16:53:35.758+0000] {dagbag.py:545} INFO - Filling up the DagBag from /home/airflow/.local/lib/python3.12/site-packages/airflow/example_dags/example_xcomargs.py
[2026-04-13T16:53:35.769+0000] {processor.py:840} INFO - DAG(s) 'example_xcom_args', 'example_xcom_args_with_operators' retrieved from /home/airflow/.local/lib/python3.12/site-packages/airflow/example_dags/example_xcomargs.py
[2026-04-13T16:53:35.801+0000] {logging_mixin.py:188} INFO - [2026-04-13T16:53:35.800+0000] {dag.py:3096} INFO - Sync 2 DAGs
[2026-04-13T16:53:35.819+0000] {logging_mixin.py:188} INFO - [2026-04-13T16:53:35.818+0000] {dag.py:3954} INFO - Setting next_dagrun for example_xcom_args to None, run_after=None
[2026-04-13T16:53:35.825+0000] {logging_mixin.py:188} INFO - [2026-04-13T16:53:35.825+0000] {dag.py:3954} INFO - Setting next_dagrun for example_xcom_args_with_operators to None, run_after=None
[2026-04-13T16:53:35.851+0000] {processor.py:183} INFO - Processing /home/airflow/.local/lib/python3.12/site-packages/airflow/example_dags/example_xcomargs.py took 0.104 seconds
[2026-04-13T16:54:06.252+0000] {processor.py:161} INFO - Started process (PID=1358) to work on /home/airflow/.local/lib/python3.12/site-packages/airflow/example_dags/example_xcomargs.py
[2026-04-13T16:54:06.254+0000] {processor.py:830} INFO - Processing file /home/airflow/.local/lib/python3.12/site-packages/airflow/example_dags/example_xcomargs.py for tasks to queue
[2026-04-13T16:54:06.258+0000] {logging_mixin.py:188} INFO - [2026-04-13T16:54:06.258+0000] {dagbag.py:545} INFO - Filling up the DagBag from /home/airflow/.local/lib/python3.12/site-packages/airflow/example_dags/example_xcomargs.py
[2026-04-13T16:54:06.271+0000] {processor.py:840} INFO - DAG(s) 'example_xcom_args', 'example_xcom_args_with_operators' retrieved from /home/airflow/.local/lib/python3.12/site-packages/airflow/example_dags/example_xcomargs.py
[2026-04-13T16:54:06.302+0000] {logging_mixin.py:188} INFO - [2026-04-13T16:54:06.302+0000] {dag.py:3096} INFO - Sync 2 DAGs
[2026-04-13T16:54:06.321+0000] {logging_mixin.py:188} INFO - [2026-04-13T16:54:06.321+0000] {dag.py:3954} INFO - Setting next_dagrun for example_xcom_args to None, run_after=None
[2026-04-13T16:54:06.326+0000] {logging_mixin.py:188} INFO - [2026-04-13T16:54:06.326+0000] {dag.py:3954} INFO - Setting next_dagrun for example_xcom_args_with_operators to None, run_after=None
[2026-04-13T16:54:06.429+0000] {processor.py:183} INFO - Processing /home/airflow/.local/lib/python3.12/site-packages/airflow/example_dags/example_xcomargs.py took 0.190 seconds
[2026-04-13T16:54:36.887+0000] {processor.py:161} INFO - Started process (PID=1416) to work on /home/airflow/.local/lib/python3.12/site-packages/airflow/example_dags/example_xcomargs.py
[2026-04-13T16:54:36.889+0000] {processor.py:830} INFO - Processing file /home/airflow/.local/lib/python3.12/site-packages/airflow/example_dags/example_xcomargs.py for tasks to queue
[2026-04-13T16:54:36.893+0000] {logging_mixin.py:188} INFO - [2026-04-13T16:54:36.893+0000] {dagbag.py:545} INFO - Filling up the DagBag from /home/airflow/.local/lib/python3.12/site-packages/airflow/example_dags/example_xcomargs.py
[2026-04-13T16:54:36.913+0000] {processor.py:840} INFO - DAG(s) 'example_xcom_args', 'example_xcom_args_with_operators' retrieved from /home/airflow/.local/lib/python3.12/site-packages/airflow/example_dags/example_xcomargs.py
[2026-04-13T16:54:36.973+0000] {logging_mixin.py:188} INFO - [2026-04-13T16:54:36.972+0000] {dag.py:3096} INFO - Sync 2 DAGs
[2026-04-13T16:54:37.008+0000] {logging_mixin.py:188} INFO - [2026-04-13T16:54:37.008+0000] {dag.py:3954} INFO - Setting next_dagrun for example_xcom_args to None, run_after=None
[2026-04-13T16:54:37.018+0000] {logging_mixin.py:188} INFO - [2026-04-13T16:54:37.018+0000] {dag.py:3954} INFO - Setting next_dagrun for example_xcom_args_with_operators to None, run_after=None
[2026-04-13T16:54:37.073+0000] {processor.py:183} INFO - Processing /home/airflow/.local/lib/python3.12/site-packages/airflow/example_dags/example_xcomargs.py took 0.200 seconds
[2026-04-13T16:55:07.788+0000] {processor.py:161} INFO - Started process (PID=1474) to work on /home/airflow/.local/lib/python3.12/site-packages/airflow/example_dags/example_xcomargs.py
[2026-04-13T16:55:07.790+0000] {processor.py:830} INFO - Processing file /home/airflow/.local/lib/python3.12/site-packages/airflow/example_dags/example_xcomargs.py for tasks to queue
[2026-04-13T16:55:07.793+0000] {logging_mixin.py:188} INFO - [2026-04-13T16:55:07.792+0000] {dagbag.py:545} INFO - Filling up the DagBag from /home/airflow/.local/lib/python3.12/site-packages/airflow/example_dags/example_xcomargs.py
[2026-04-13T16:55:07.804+0000] {processor.py:840} INFO - DAG(s) 'example_xcom_args', 'example_xcom_args_with_operators' retrieved from /home/airflow/.local/lib/python3.12/site-packages/airflow/example_dags/example_xcomargs.py
[2026-04-13T16:55:07.837+0000] {logging_mixin.py:188} INFO - [2026-04-13T16:55:07.837+0000] {dag.py:3096} INFO - Sync 2 DAGs
[2026-04-13T16:55:07.855+0000] {logging_mixin.py:188} INFO - [2026-04-13T16:55:07.854+0000] {dag.py:3954} INFO - Setting next_dagrun for example_xcom_args to None, run_after=None
[2026-04-13T16:55:07.860+0000] {logging_mixin.py:188} INFO - [2026-04-13T16:55:07.860+0000] {dag.py:3954} INFO - Setting next_dagrun for example_xcom_args_with_operators to None, run_after=None
[2026-04-13T16:55:07.889+0000] {processor.py:183} INFO - Processing /home/airflow/.local/lib/python3.12/site-packages/airflow/example_dags/example_xcomargs.py took 0.111 seconds
[2026-04-13T16:55:38.256+0000] {processor.py:161} INFO - Started process (PID=1532) to work on /home/airflow/.local/lib/python3.12/site-packages/airflow/example_dags/example_xcomargs.py
[2026-04-13T16:55:38.258+0000] {processor.py:830} INFO - Processing file /home/airflow/.local/lib/python3.12/site-packages/airflow/example_dags/example_xcomargs.py for tasks to queue
[2026-04-13T16:55:38.261+0000] {logging_mixin.py:188} INFO - [2026-04-13T16:55:38.261+0000] {dagbag.py:545} INFO - Filling up the DagBag from /home/airflow/.local/lib/python3.12/site-packages/airflow/example_dags/example_xcomargs.py
[2026-04-13T16:55:38.273+0000] {processor.py:840} INFO - DAG(s) 'example_xcom_args', 'example_xcom_args_with_operators' retrieved from /home/airflow/.local/lib/python3.12/site-packages/airflow/example_dags/example_xcomargs.py
[2026-04-13T16:55:38.304+0000] {logging_mixin.py:188} INFO - [2026-04-13T16:55:38.304+0000] {dag.py:3096} INFO - Sync 2 DAGs
[2026-04-13T16:55:38.322+0000] {logging_mixin.py:188} INFO - [2026-04-13T16:55:38.322+0000] {dag.py:3954} INFO - Setting next_dagrun for example_xcom_args to None, run_after=None
[2026-04-13T16:55:38.328+0000] {logging_mixin.py:188} INFO - [2026-04-13T16:55:38.327+0000] {dag.py:3954} INFO - Setting next_dagrun for example_xcom_args_with_operators to None, run_after=None
[2026-04-13T16:55:38.354+0000] {processor.py:183} INFO - Processing /home/airflow/.local/lib/python3.12/site-packages/airflow/example_dags/example_xcomargs.py took 0.111 seconds
[2026-04-13T16:56:08.969+0000] {processor.py:161} INFO - Started process (PID=1590) to work on /home/airflow/.local/lib/python3.12/site-packages/airflow/example_dags/example_xcomargs.py
[2026-04-13T16:56:08.972+0000] {processor.py:830} INFO - Processing file /home/airflow/.local/lib/python3.12/site-packages/airflow/example_dags/example_xcomargs.py for tasks to queue
[2026-04-13T16:56:08.976+0000] {logging_mixin.py:188} INFO - [2026-04-13T16:56:08.976+0000] {dagbag.py:545} INFO - Filling up the DagBag from /home/airflow/.local/lib/python3.12/site-packages/airflow/example_dags/example_xcomargs.py
[2026-04-13T16:56:08.999+0000] {processor.py:840} INFO - DAG(s) 'example_xcom_args_with_operators', 'example_xcom_args' retrieved from /home/airflow/.local/lib/python3.12/site-packages/airflow/example_dags/example_xcomargs.py
[2026-04-13T16:56:09.058+0000] {logging_mixin.py:188} INFO - [2026-04-13T16:56:09.058+0000] {dag.py:3096} INFO - Sync 2 DAGs
[2026-04-13T16:56:09.099+0000] {logging_mixin.py:188} INFO - [2026-04-13T16:56:09.099+0000] {dag.py:3954} INFO - Setting next_dagrun for example_xcom_args to None, run_after=None
[2026-04-13T16:56:09.108+0000] {logging_mixin.py:188} INFO - [2026-04-13T16:56:09.108+0000] {dag.py:3954} INFO - Setting next_dagrun for example_xcom_args_with_operators to None, run_after=None
[2026-04-13T16:56:09.219+0000] {processor.py:183} INFO - Processing /home/airflow/.local/lib/python3.12/site-packages/airflow/example_dags/example_xcomargs.py took 0.265 seconds
[2026-04-13T16:56:39.645+0000] {processor.py:161} INFO - Started process (PID=1647) to work on /home/airflow/.local/lib/python3.12/site-packages/airflow/example_dags/example_xcomargs.py
[2026-04-13T16:56:39.648+0000] {processor.py:830} INFO - Processing file /home/airflow/.local/lib/python3.12/site-packages/airflow/example_dags/example_xcomargs.py for tasks to queue
[2026-04-13T16:56:39.652+0000] {logging_mixin.py:188} INFO - [2026-04-13T16:56:39.651+0000] {dagbag.py:545} INFO - Filling up the DagBag from /home/airflow/.local/lib/python3.12/site-packages/airflow/example_dags/example_xcomargs.py
[2026-04-13T16:56:39.672+0000] {processor.py:840} INFO - DAG(s) 'example_xcom_args_with_operators', 'example_xcom_args' retrieved from /home/airflow/.local/lib/python3.12/site-packages/airflow/example_dags/example_xcomargs.py
[2026-04-13T16:56:39.730+0000] {logging_mixin.py:188} INFO - [2026-04-13T16:56:39.729+0000] {dag.py:3096} INFO - Sync 2 DAGs
[2026-04-13T16:56:39.762+0000] {logging_mixin.py:188} INFO - [2026-04-13T16:56:39.761+0000] {dag.py:3954} INFO - Setting next_dagrun for example_xcom_args to None, run_after=None
[2026-04-13T16:56:39.771+0000] {logging_mixin.py:188} INFO - [2026-04-13T16:56:39.770+0000] {dag.py:3954} INFO - Setting next_dagrun for example_xcom_args_with_operators to None, run_after=None
[2026-04-13T16:56:39.886+0000] {processor.py:183} INFO - Processing /home/airflow/.local/lib/python3.12/site-packages/airflow/example_dags/example_xcomargs.py took 0.255 seconds
