[2026-04-13T16:43:09.657+0000] {processor.py:161} INFO - Started process (PID=112) to work on /home/airflow/.local/lib/python3.12/site-packages/airflow/example_dags/example_branch_python_dop_operator_3.py
[2026-04-13T16:43:09.660+0000] {processor.py:830} INFO - Processing file /home/airflow/.local/lib/python3.12/site-packages/airflow/example_dags/example_branch_python_dop_operator_3.py for tasks to queue
[2026-04-13T16:43:09.666+0000] {logging_mixin.py:188} INFO - [2026-04-13T16:43:09.665+0000] {dagbag.py:545} INFO - Filling up the DagBag from /home/airflow/.local/lib/python3.12/site-packages/airflow/example_dags/example_branch_python_dop_operator_3.py
[2026-04-13T16:43:09.698+0000] {processor.py:840} INFO - DAG(s) 'example_branch_dop_operator_v3' retrieved from /home/airflow/.local/lib/python3.12/site-packages/airflow/example_dags/example_branch_python_dop_operator_3.py
[2026-04-13T16:43:10.100+0000] {logging_mixin.py:188} INFO - [2026-04-13T16:43:10.099+0000] {dag.py:3096} INFO - Sync 1 DAGs
[2026-04-13T16:43:10.178+0000] {logging_mixin.py:188} INFO - [2026-04-13T16:43:10.177+0000] {dag.py:3954} INFO - Setting next_dagrun for example_branch_dop_operator_v3 to 2026-04-13 16:42:00+00:00, run_after=2026-04-13 16:43:00+00:00
[2026-04-13T16:43:10.238+0000] {processor.py:183} INFO - Processing /home/airflow/.local/lib/python3.12/site-packages/airflow/example_dags/example_branch_python_dop_operator_3.py took 0.601 seconds
[2026-04-13T16:43:41.117+0000] {processor.py:161} INFO - Started process (PID=171) to work on /home/airflow/.local/lib/python3.12/site-packages/airflow/example_dags/example_branch_python_dop_operator_3.py
[2026-04-13T16:43:41.121+0000] {processor.py:830} INFO - Processing file /home/airflow/.local/lib/python3.12/site-packages/airflow/example_dags/example_branch_python_dop_operator_3.py for tasks to queue
[2026-04-13T16:43:41.128+0000] {logging_mixin.py:188} INFO - [2026-04-13T16:43:41.126+0000] {dagbag.py:545} INFO - Filling up the DagBag from /home/airflow/.local/lib/python3.12/site-packages/airflow/example_dags/example_branch_python_dop_operator_3.py
[2026-04-13T16:43:41.189+0000] {processor.py:840} INFO - DAG(s) 'example_branch_dop_operator_v3' retrieved from /home/airflow/.local/lib/python3.12/site-packages/airflow/example_dags/example_branch_python_dop_operator_3.py
[2026-04-13T16:43:41.391+0000] {logging_mixin.py:188} INFO - [2026-04-13T16:43:41.390+0000] {dag.py:3096} INFO - Sync 1 DAGs
[2026-04-13T16:43:41.798+0000] {logging_mixin.py:188} INFO - [2026-04-13T16:43:41.797+0000] {dag.py:3954} INFO - Setting next_dagrun for example_branch_dop_operator_v3 to 2026-04-13 16:42:00+00:00, run_after=2026-04-13 16:43:00+00:00
[2026-04-13T16:43:41.885+0000] {processor.py:183} INFO - Processing /home/airflow/.local/lib/python3.12/site-packages/airflow/example_dags/example_branch_python_dop_operator_3.py took 0.807 seconds
[2026-04-13T16:44:12.487+0000] {processor.py:161} INFO - Started process (PID=229) to work on /home/airflow/.local/lib/python3.12/site-packages/airflow/example_dags/example_branch_python_dop_operator_3.py
[2026-04-13T16:44:12.490+0000] {processor.py:830} INFO - Processing file /home/airflow/.local/lib/python3.12/site-packages/airflow/example_dags/example_branch_python_dop_operator_3.py for tasks to queue
[2026-04-13T16:44:12.497+0000] {logging_mixin.py:188} INFO - [2026-04-13T16:44:12.496+0000] {dagbag.py:545} INFO - Filling up the DagBag from /home/airflow/.local/lib/python3.12/site-packages/airflow/example_dags/example_branch_python_dop_operator_3.py
[2026-04-13T16:44:12.525+0000] {processor.py:840} INFO - DAG(s) 'example_branch_dop_operator_v3' retrieved from /home/airflow/.local/lib/python3.12/site-packages/airflow/example_dags/example_branch_python_dop_operator_3.py
[2026-04-13T16:44:12.581+0000] {logging_mixin.py:188} INFO - [2026-04-13T16:44:12.580+0000] {dag.py:3096} INFO - Sync 1 DAGs
[2026-04-13T16:44:12.722+0000] {logging_mixin.py:188} INFO - [2026-04-13T16:44:12.722+0000] {dag.py:3954} INFO - Setting next_dagrun for example_branch_dop_operator_v3 to 2026-04-13 16:43:00+00:00, run_after=2026-04-13 16:44:00+00:00
[2026-04-13T16:44:12.815+0000] {processor.py:183} INFO - Processing /home/airflow/.local/lib/python3.12/site-packages/airflow/example_dags/example_branch_python_dop_operator_3.py took 0.353 seconds
[2026-04-13T16:44:43.463+0000] {processor.py:161} INFO - Started process (PID=287) to work on /home/airflow/.local/lib/python3.12/site-packages/airflow/example_dags/example_branch_python_dop_operator_3.py
[2026-04-13T16:44:43.465+0000] {processor.py:830} INFO - Processing file /home/airflow/.local/lib/python3.12/site-packages/airflow/example_dags/example_branch_python_dop_operator_3.py for tasks to queue
[2026-04-13T16:44:43.470+0000] {logging_mixin.py:188} INFO - [2026-04-13T16:44:43.469+0000] {dagbag.py:545} INFO - Filling up the DagBag from /home/airflow/.local/lib/python3.12/site-packages/airflow/example_dags/example_branch_python_dop_operator_3.py
[2026-04-13T16:44:43.483+0000] {processor.py:840} INFO - DAG(s) 'example_branch_dop_operator_v3' retrieved from /home/airflow/.local/lib/python3.12/site-packages/airflow/example_dags/example_branch_python_dop_operator_3.py
[2026-04-13T16:44:43.513+0000] {logging_mixin.py:188} INFO - [2026-04-13T16:44:43.512+0000] {dag.py:3096} INFO - Sync 1 DAGs
[2026-04-13T16:44:43.548+0000] {logging_mixin.py:188} INFO - [2026-04-13T16:44:43.548+0000] {dag.py:3954} INFO - Setting next_dagrun for example_branch_dop_operator_v3 to 2026-04-13 16:43:00+00:00, run_after=2026-04-13 16:44:00+00:00
[2026-04-13T16:44:43.578+0000] {processor.py:183} INFO - Processing /home/airflow/.local/lib/python3.12/site-packages/airflow/example_dags/example_branch_python_dop_operator_3.py took 0.138 seconds
[2026-04-13T16:45:13.828+0000] {processor.py:161} INFO - Started process (PID=345) to work on /home/airflow/.local/lib/python3.12/site-packages/airflow/example_dags/example_branch_python_dop_operator_3.py
[2026-04-13T16:45:13.830+0000] {processor.py:830} INFO - Processing file /home/airflow/.local/lib/python3.12/site-packages/airflow/example_dags/example_branch_python_dop_operator_3.py for tasks to queue
[2026-04-13T16:45:13.834+0000] {logging_mixin.py:188} INFO - [2026-04-13T16:45:13.833+0000] {dagbag.py:545} INFO - Filling up the DagBag from /home/airflow/.local/lib/python3.12/site-packages/airflow/example_dags/example_branch_python_dop_operator_3.py
[2026-04-13T16:45:13.849+0000] {processor.py:840} INFO - DAG(s) 'example_branch_dop_operator_v3' retrieved from /home/airflow/.local/lib/python3.12/site-packages/airflow/example_dags/example_branch_python_dop_operator_3.py
[2026-04-13T16:45:13.880+0000] {logging_mixin.py:188} INFO - [2026-04-13T16:45:13.880+0000] {dag.py:3096} INFO - Sync 1 DAGs
[2026-04-13T16:45:13.915+0000] {logging_mixin.py:188} INFO - [2026-04-13T16:45:13.915+0000] {dag.py:3954} INFO - Setting next_dagrun for example_branch_dop_operator_v3 to 2026-04-13 16:44:00+00:00, run_after=2026-04-13 16:45:00+00:00
[2026-04-13T16:45:13.977+0000] {processor.py:183} INFO - Processing /home/airflow/.local/lib/python3.12/site-packages/airflow/example_dags/example_branch_python_dop_operator_3.py took 0.160 seconds
[2026-04-13T16:45:44.099+0000] {processor.py:161} INFO - Started process (PID=403) to work on /home/airflow/.local/lib/python3.12/site-packages/airflow/example_dags/example_branch_python_dop_operator_3.py
[2026-04-13T16:45:44.100+0000] {processor.py:830} INFO - Processing file /home/airflow/.local/lib/python3.12/site-packages/airflow/example_dags/example_branch_python_dop_operator_3.py for tasks to queue
[2026-04-13T16:45:44.103+0000] {logging_mixin.py:188} INFO - [2026-04-13T16:45:44.102+0000] {dagbag.py:545} INFO - Filling up the DagBag from /home/airflow/.local/lib/python3.12/site-packages/airflow/example_dags/example_branch_python_dop_operator_3.py
[2026-04-13T16:45:44.114+0000] {processor.py:840} INFO - DAG(s) 'example_branch_dop_operator_v3' retrieved from /home/airflow/.local/lib/python3.12/site-packages/airflow/example_dags/example_branch_python_dop_operator_3.py
[2026-04-13T16:45:44.139+0000] {logging_mixin.py:188} INFO - [2026-04-13T16:45:44.139+0000] {dag.py:3096} INFO - Sync 1 DAGs
[2026-04-13T16:45:44.173+0000] {logging_mixin.py:188} INFO - [2026-04-13T16:45:44.172+0000] {dag.py:3954} INFO - Setting next_dagrun for example_branch_dop_operator_v3 to 2026-04-13 16:44:00+00:00, run_after=2026-04-13 16:45:00+00:00
[2026-04-13T16:45:44.200+0000] {processor.py:183} INFO - Processing /home/airflow/.local/lib/python3.12/site-packages/airflow/example_dags/example_branch_python_dop_operator_3.py took 0.108 seconds
[2026-04-13T16:46:14.307+0000] {processor.py:161} INFO - Started process (PID=461) to work on /home/airflow/.local/lib/python3.12/site-packages/airflow/example_dags/example_branch_python_dop_operator_3.py
[2026-04-13T16:46:14.309+0000] {processor.py:830} INFO - Processing file /home/airflow/.local/lib/python3.12/site-packages/airflow/example_dags/example_branch_python_dop_operator_3.py for tasks to queue
[2026-04-13T16:46:14.311+0000] {logging_mixin.py:188} INFO - [2026-04-13T16:46:14.311+0000] {dagbag.py:545} INFO - Filling up the DagBag from /home/airflow/.local/lib/python3.12/site-packages/airflow/example_dags/example_branch_python_dop_operator_3.py
[2026-04-13T16:46:14.322+0000] {processor.py:840} INFO - DAG(s) 'example_branch_dop_operator_v3' retrieved from /home/airflow/.local/lib/python3.12/site-packages/airflow/example_dags/example_branch_python_dop_operator_3.py
[2026-04-13T16:46:14.348+0000] {logging_mixin.py:188} INFO - [2026-04-13T16:46:14.347+0000] {dag.py:3096} INFO - Sync 1 DAGs
[2026-04-13T16:46:14.381+0000] {logging_mixin.py:188} INFO - [2026-04-13T16:46:14.381+0000] {dag.py:3954} INFO - Setting next_dagrun for example_branch_dop_operator_v3 to 2026-04-13 16:45:00+00:00, run_after=2026-04-13 16:46:00+00:00
[2026-04-13T16:46:14.409+0000] {processor.py:183} INFO - Processing /home/airflow/.local/lib/python3.12/site-packages/airflow/example_dags/example_branch_python_dop_operator_3.py took 0.110 seconds
[2026-04-13T16:46:44.715+0000] {processor.py:161} INFO - Started process (PID=520) to work on /home/airflow/.local/lib/python3.12/site-packages/airflow/example_dags/example_branch_python_dop_operator_3.py
[2026-04-13T16:46:44.716+0000] {processor.py:830} INFO - Processing file /home/airflow/.local/lib/python3.12/site-packages/airflow/example_dags/example_branch_python_dop_operator_3.py for tasks to queue
[2026-04-13T16:46:44.719+0000] {logging_mixin.py:188} INFO - [2026-04-13T16:46:44.718+0000] {dagbag.py:545} INFO - Filling up the DagBag from /home/airflow/.local/lib/python3.12/site-packages/airflow/example_dags/example_branch_python_dop_operator_3.py
[2026-04-13T16:46:44.730+0000] {processor.py:840} INFO - DAG(s) 'example_branch_dop_operator_v3' retrieved from /home/airflow/.local/lib/python3.12/site-packages/airflow/example_dags/example_branch_python_dop_operator_3.py
[2026-04-13T16:46:44.756+0000] {logging_mixin.py:188} INFO - [2026-04-13T16:46:44.756+0000] {dag.py:3096} INFO - Sync 1 DAGs
[2026-04-13T16:46:44.790+0000] {logging_mixin.py:188} INFO - [2026-04-13T16:46:44.790+0000] {dag.py:3954} INFO - Setting next_dagrun for example_branch_dop_operator_v3 to 2026-04-13 16:45:00+00:00, run_after=2026-04-13 16:46:00+00:00
[2026-04-13T16:46:44.819+0000] {processor.py:183} INFO - Processing /home/airflow/.local/lib/python3.12/site-packages/airflow/example_dags/example_branch_python_dop_operator_3.py took 0.112 seconds
[2026-04-13T16:47:15.949+0000] {processor.py:161} INFO - Started process (PID=578) to work on /home/airflow/.local/lib/python3.12/site-packages/airflow/example_dags/example_branch_python_dop_operator_3.py
[2026-04-13T16:47:15.952+0000] {processor.py:830} INFO - Processing file /home/airflow/.local/lib/python3.12/site-packages/airflow/example_dags/example_branch_python_dop_operator_3.py for tasks to queue
[2026-04-13T16:47:15.957+0000] {logging_mixin.py:188} INFO - [2026-04-13T16:47:15.956+0000] {dagbag.py:545} INFO - Filling up the DagBag from /home/airflow/.local/lib/python3.12/site-packages/airflow/example_dags/example_branch_python_dop_operator_3.py
[2026-04-13T16:47:15.977+0000] {processor.py:840} INFO - DAG(s) 'example_branch_dop_operator_v3' retrieved from /home/airflow/.local/lib/python3.12/site-packages/airflow/example_dags/example_branch_python_dop_operator_3.py
[2026-04-13T16:47:16.024+0000] {logging_mixin.py:188} INFO - [2026-04-13T16:47:16.023+0000] {dag.py:3096} INFO - Sync 1 DAGs
[2026-04-13T16:47:16.083+0000] {logging_mixin.py:188} INFO - [2026-04-13T16:47:16.083+0000] {dag.py:3954} INFO - Setting next_dagrun for example_branch_dop_operator_v3 to 2026-04-13 16:46:00+00:00, run_after=2026-04-13 16:47:00+00:00
[2026-04-13T16:47:16.129+0000] {processor.py:183} INFO - Processing /home/airflow/.local/lib/python3.12/site-packages/airflow/example_dags/example_branch_python_dop_operator_3.py took 0.194 seconds
[2026-04-13T16:47:46.293+0000] {processor.py:161} INFO - Started process (PID=636) to work on /home/airflow/.local/lib/python3.12/site-packages/airflow/example_dags/example_branch_python_dop_operator_3.py
[2026-04-13T16:47:46.294+0000] {processor.py:830} INFO - Processing file /home/airflow/.local/lib/python3.12/site-packages/airflow/example_dags/example_branch_python_dop_operator_3.py for tasks to queue
[2026-04-13T16:47:46.297+0000] {logging_mixin.py:188} INFO - [2026-04-13T16:47:46.296+0000] {dagbag.py:545} INFO - Filling up the DagBag from /home/airflow/.local/lib/python3.12/site-packages/airflow/example_dags/example_branch_python_dop_operator_3.py
[2026-04-13T16:47:46.308+0000] {processor.py:840} INFO - DAG(s) 'example_branch_dop_operator_v3' retrieved from /home/airflow/.local/lib/python3.12/site-packages/airflow/example_dags/example_branch_python_dop_operator_3.py
[2026-04-13T16:47:46.335+0000] {logging_mixin.py:188} INFO - [2026-04-13T16:47:46.335+0000] {dag.py:3096} INFO - Sync 1 DAGs
[2026-04-13T16:47:46.369+0000] {logging_mixin.py:188} INFO - [2026-04-13T16:47:46.368+0000] {dag.py:3954} INFO - Setting next_dagrun for example_branch_dop_operator_v3 to 2026-04-13 16:46:00+00:00, run_after=2026-04-13 16:47:00+00:00
[2026-04-13T16:47:46.397+0000] {processor.py:183} INFO - Processing /home/airflow/.local/lib/python3.12/site-packages/airflow/example_dags/example_branch_python_dop_operator_3.py took 0.117 seconds
[2026-04-13T16:48:17.372+0000] {processor.py:161} INFO - Started process (PID=694) to work on /home/airflow/.local/lib/python3.12/site-packages/airflow/example_dags/example_branch_python_dop_operator_3.py
[2026-04-13T16:48:17.374+0000] {processor.py:830} INFO - Processing file /home/airflow/.local/lib/python3.12/site-packages/airflow/example_dags/example_branch_python_dop_operator_3.py for tasks to queue
[2026-04-13T16:48:17.379+0000] {logging_mixin.py:188} INFO - [2026-04-13T16:48:17.378+0000] {dagbag.py:545} INFO - Filling up the DagBag from /home/airflow/.local/lib/python3.12/site-packages/airflow/example_dags/example_branch_python_dop_operator_3.py
[2026-04-13T16:48:17.402+0000] {processor.py:840} INFO - DAG(s) 'example_branch_dop_operator_v3' retrieved from /home/airflow/.local/lib/python3.12/site-packages/airflow/example_dags/example_branch_python_dop_operator_3.py
[2026-04-13T16:48:17.454+0000] {logging_mixin.py:188} INFO - [2026-04-13T16:48:17.453+0000] {dag.py:3096} INFO - Sync 1 DAGs
[2026-04-13T16:48:17.530+0000] {logging_mixin.py:188} INFO - [2026-04-13T16:48:17.530+0000] {dag.py:3954} INFO - Setting next_dagrun for example_branch_dop_operator_v3 to 2026-04-13 16:47:00+00:00, run_after=2026-04-13 16:48:00+00:00
[2026-04-13T16:48:17.581+0000] {processor.py:183} INFO - Processing /home/airflow/.local/lib/python3.12/site-packages/airflow/example_dags/example_branch_python_dop_operator_3.py took 0.226 seconds
[2026-04-13T16:48:48.128+0000] {processor.py:161} INFO - Started process (PID=752) to work on /home/airflow/.local/lib/python3.12/site-packages/airflow/example_dags/example_branch_python_dop_operator_3.py
[2026-04-13T16:48:48.129+0000] {processor.py:830} INFO - Processing file /home/airflow/.local/lib/python3.12/site-packages/airflow/example_dags/example_branch_python_dop_operator_3.py for tasks to queue
[2026-04-13T16:48:48.132+0000] {logging_mixin.py:188} INFO - [2026-04-13T16:48:48.131+0000] {dagbag.py:545} INFO - Filling up the DagBag from /home/airflow/.local/lib/python3.12/site-packages/airflow/example_dags/example_branch_python_dop_operator_3.py
[2026-04-13T16:48:48.147+0000] {processor.py:840} INFO - DAG(s) 'example_branch_dop_operator_v3' retrieved from /home/airflow/.local/lib/python3.12/site-packages/airflow/example_dags/example_branch_python_dop_operator_3.py
[2026-04-13T16:48:48.179+0000] {logging_mixin.py:188} INFO - [2026-04-13T16:48:48.178+0000] {dag.py:3096} INFO - Sync 1 DAGs
[2026-04-13T16:48:48.225+0000] {logging_mixin.py:188} INFO - [2026-04-13T16:48:48.225+0000] {dag.py:3954} INFO - Setting next_dagrun for example_branch_dop_operator_v3 to 2026-04-13 16:47:00+00:00, run_after=2026-04-13 16:48:00+00:00
[2026-04-13T16:48:48.277+0000] {processor.py:183} INFO - Processing /home/airflow/.local/lib/python3.12/site-packages/airflow/example_dags/example_branch_python_dop_operator_3.py took 0.159 seconds
[2026-04-13T16:49:18.971+0000] {processor.py:161} INFO - Started process (PID=816) to work on /home/airflow/.local/lib/python3.12/site-packages/airflow/example_dags/example_branch_python_dop_operator_3.py
[2026-04-13T16:49:18.974+0000] {processor.py:830} INFO - Processing file /home/airflow/.local/lib/python3.12/site-packages/airflow/example_dags/example_branch_python_dop_operator_3.py for tasks to queue
[2026-04-13T16:49:18.979+0000] {logging_mixin.py:188} INFO - [2026-04-13T16:49:18.978+0000] {dagbag.py:545} INFO - Filling up the DagBag from /home/airflow/.local/lib/python3.12/site-packages/airflow/example_dags/example_branch_python_dop_operator_3.py
[2026-04-13T16:49:19.000+0000] {processor.py:840} INFO - DAG(s) 'example_branch_dop_operator_v3' retrieved from /home/airflow/.local/lib/python3.12/site-packages/airflow/example_dags/example_branch_python_dop_operator_3.py
[2026-04-13T16:49:19.047+0000] {logging_mixin.py:188} INFO - [2026-04-13T16:49:19.046+0000] {dag.py:3096} INFO - Sync 1 DAGs
[2026-04-13T16:49:19.102+0000] {logging_mixin.py:188} INFO - [2026-04-13T16:49:19.102+0000] {dag.py:3954} INFO - Setting next_dagrun for example_branch_dop_operator_v3 to 2026-04-13 16:48:00+00:00, run_after=2026-04-13 16:49:00+00:00
[2026-04-13T16:49:19.135+0000] {processor.py:183} INFO - Processing /home/airflow/.local/lib/python3.12/site-packages/airflow/example_dags/example_branch_python_dop_operator_3.py took 0.178 seconds
[2026-04-13T16:49:49.699+0000] {processor.py:161} INFO - Started process (PID=874) to work on /home/airflow/.local/lib/python3.12/site-packages/airflow/example_dags/example_branch_python_dop_operator_3.py
[2026-04-13T16:49:49.700+0000] {processor.py:830} INFO - Processing file /home/airflow/.local/lib/python3.12/site-packages/airflow/example_dags/example_branch_python_dop_operator_3.py for tasks to queue
[2026-04-13T16:49:49.705+0000] {logging_mixin.py:188} INFO - [2026-04-13T16:49:49.705+0000] {dagbag.py:545} INFO - Filling up the DagBag from /home/airflow/.local/lib/python3.12/site-packages/airflow/example_dags/example_branch_python_dop_operator_3.py
[2026-04-13T16:49:49.716+0000] {processor.py:840} INFO - DAG(s) 'example_branch_dop_operator_v3' retrieved from /home/airflow/.local/lib/python3.12/site-packages/airflow/example_dags/example_branch_python_dop_operator_3.py
[2026-04-13T16:49:49.742+0000] {logging_mixin.py:188} INFO - [2026-04-13T16:49:49.742+0000] {dag.py:3096} INFO - Sync 1 DAGs
[2026-04-13T16:49:49.776+0000] {logging_mixin.py:188} INFO - [2026-04-13T16:49:49.776+0000] {dag.py:3954} INFO - Setting next_dagrun for example_branch_dop_operator_v3 to 2026-04-13 16:48:00+00:00, run_after=2026-04-13 16:49:00+00:00
[2026-04-13T16:49:49.882+0000] {processor.py:183} INFO - Processing /home/airflow/.local/lib/python3.12/site-packages/airflow/example_dags/example_branch_python_dop_operator_3.py took 0.200 seconds
[2026-04-13T16:50:20.000+0000] {processor.py:161} INFO - Started process (PID=932) to work on /home/airflow/.local/lib/python3.12/site-packages/airflow/example_dags/example_branch_python_dop_operator_3.py
[2026-04-13T16:50:20.001+0000] {processor.py:830} INFO - Processing file /home/airflow/.local/lib/python3.12/site-packages/airflow/example_dags/example_branch_python_dop_operator_3.py for tasks to queue
[2026-04-13T16:50:20.006+0000] {logging_mixin.py:188} INFO - [2026-04-13T16:50:20.005+0000] {dagbag.py:545} INFO - Filling up the DagBag from /home/airflow/.local/lib/python3.12/site-packages/airflow/example_dags/example_branch_python_dop_operator_3.py
[2026-04-13T16:50:20.020+0000] {processor.py:840} INFO - DAG(s) 'example_branch_dop_operator_v3' retrieved from /home/airflow/.local/lib/python3.12/site-packages/airflow/example_dags/example_branch_python_dop_operator_3.py
[2026-04-13T16:50:20.049+0000] {logging_mixin.py:188} INFO - [2026-04-13T16:50:20.049+0000] {dag.py:3096} INFO - Sync 1 DAGs
[2026-04-13T16:50:20.089+0000] {logging_mixin.py:188} INFO - [2026-04-13T16:50:20.088+0000] {dag.py:3954} INFO - Setting next_dagrun for example_branch_dop_operator_v3 to 2026-04-13 16:49:00+00:00, run_after=2026-04-13 16:50:00+00:00
[2026-04-13T16:50:20.119+0000] {processor.py:183} INFO - Processing /home/airflow/.local/lib/python3.12/site-packages/airflow/example_dags/example_branch_python_dop_operator_3.py took 0.128 seconds
[2026-04-13T16:50:50.724+0000] {processor.py:161} INFO - Started process (PID=990) to work on /home/airflow/.local/lib/python3.12/site-packages/airflow/example_dags/example_branch_python_dop_operator_3.py
[2026-04-13T16:50:50.726+0000] {processor.py:830} INFO - Processing file /home/airflow/.local/lib/python3.12/site-packages/airflow/example_dags/example_branch_python_dop_operator_3.py for tasks to queue
[2026-04-13T16:50:50.731+0000] {logging_mixin.py:188} INFO - [2026-04-13T16:50:50.730+0000] {dagbag.py:545} INFO - Filling up the DagBag from /home/airflow/.local/lib/python3.12/site-packages/airflow/example_dags/example_branch_python_dop_operator_3.py
[2026-04-13T16:50:50.752+0000] {processor.py:840} INFO - DAG(s) 'example_branch_dop_operator_v3' retrieved from /home/airflow/.local/lib/python3.12/site-packages/airflow/example_dags/example_branch_python_dop_operator_3.py
[2026-04-13T16:50:50.803+0000] {logging_mixin.py:188} INFO - [2026-04-13T16:50:50.802+0000] {dag.py:3096} INFO - Sync 1 DAGs
[2026-04-13T16:50:50.864+0000] {logging_mixin.py:188} INFO - [2026-04-13T16:50:50.864+0000] {dag.py:3954} INFO - Setting next_dagrun for example_branch_dop_operator_v3 to 2026-04-13 16:49:00+00:00, run_after=2026-04-13 16:50:00+00:00
[2026-04-13T16:50:50.914+0000] {processor.py:183} INFO - Processing /home/airflow/.local/lib/python3.12/site-packages/airflow/example_dags/example_branch_python_dop_operator_3.py took 0.207 seconds
[2026-04-13T16:51:21.148+0000] {processor.py:161} INFO - Started process (PID=1048) to work on /home/airflow/.local/lib/python3.12/site-packages/airflow/example_dags/example_branch_python_dop_operator_3.py
[2026-04-13T16:51:21.150+0000] {processor.py:830} INFO - Processing file /home/airflow/.local/lib/python3.12/site-packages/airflow/example_dags/example_branch_python_dop_operator_3.py for tasks to queue
[2026-04-13T16:51:21.155+0000] {logging_mixin.py:188} INFO - [2026-04-13T16:51:21.154+0000] {dagbag.py:545} INFO - Filling up the DagBag from /home/airflow/.local/lib/python3.12/site-packages/airflow/example_dags/example_branch_python_dop_operator_3.py
[2026-04-13T16:51:21.174+0000] {processor.py:840} INFO - DAG(s) 'example_branch_dop_operator_v3' retrieved from /home/airflow/.local/lib/python3.12/site-packages/airflow/example_dags/example_branch_python_dop_operator_3.py
[2026-04-13T16:51:21.225+0000] {logging_mixin.py:188} INFO - [2026-04-13T16:51:21.225+0000] {dag.py:3096} INFO - Sync 1 DAGs
[2026-04-13T16:51:21.287+0000] {logging_mixin.py:188} INFO - [2026-04-13T16:51:21.287+0000] {dag.py:3954} INFO - Setting next_dagrun for example_branch_dop_operator_v3 to 2026-04-13 16:50:00+00:00, run_after=2026-04-13 16:51:00+00:00
[2026-04-13T16:51:21.406+0000] {processor.py:183} INFO - Processing /home/airflow/.local/lib/python3.12/site-packages/airflow/example_dags/example_branch_python_dop_operator_3.py took 0.272 seconds
[2026-04-13T16:51:51.476+0000] {processor.py:161} INFO - Started process (PID=1105) to work on /home/airflow/.local/lib/python3.12/site-packages/airflow/example_dags/example_branch_python_dop_operator_3.py
[2026-04-13T16:51:51.478+0000] {processor.py:830} INFO - Processing file /home/airflow/.local/lib/python3.12/site-packages/airflow/example_dags/example_branch_python_dop_operator_3.py for tasks to queue
[2026-04-13T16:51:51.480+0000] {logging_mixin.py:188} INFO - [2026-04-13T16:51:51.480+0000] {dagbag.py:545} INFO - Filling up the DagBag from /home/airflow/.local/lib/python3.12/site-packages/airflow/example_dags/example_branch_python_dop_operator_3.py
[2026-04-13T16:51:51.491+0000] {processor.py:840} INFO - DAG(s) 'example_branch_dop_operator_v3' retrieved from /home/airflow/.local/lib/python3.12/site-packages/airflow/example_dags/example_branch_python_dop_operator_3.py
[2026-04-13T16:51:51.517+0000] {logging_mixin.py:188} INFO - [2026-04-13T16:51:51.517+0000] {dag.py:3096} INFO - Sync 1 DAGs
[2026-04-13T16:51:51.549+0000] {logging_mixin.py:188} INFO - [2026-04-13T16:51:51.549+0000] {dag.py:3954} INFO - Setting next_dagrun for example_branch_dop_operator_v3 to 2026-04-13 16:50:00+00:00, run_after=2026-04-13 16:51:00+00:00
[2026-04-13T16:51:51.578+0000] {processor.py:183} INFO - Processing /home/airflow/.local/lib/python3.12/site-packages/airflow/example_dags/example_branch_python_dop_operator_3.py took 0.110 seconds
[2026-04-13T16:52:21.655+0000] {processor.py:161} INFO - Started process (PID=1164) to work on /home/airflow/.local/lib/python3.12/site-packages/airflow/example_dags/example_branch_python_dop_operator_3.py
[2026-04-13T16:52:21.657+0000] {processor.py:830} INFO - Processing file /home/airflow/.local/lib/python3.12/site-packages/airflow/example_dags/example_branch_python_dop_operator_3.py for tasks to queue
[2026-04-13T16:52:21.659+0000] {logging_mixin.py:188} INFO - [2026-04-13T16:52:21.659+0000] {dagbag.py:545} INFO - Filling up the DagBag from /home/airflow/.local/lib/python3.12/site-packages/airflow/example_dags/example_branch_python_dop_operator_3.py
[2026-04-13T16:52:21.670+0000] {processor.py:840} INFO - DAG(s) 'example_branch_dop_operator_v3' retrieved from /home/airflow/.local/lib/python3.12/site-packages/airflow/example_dags/example_branch_python_dop_operator_3.py
[2026-04-13T16:52:21.698+0000] {logging_mixin.py:188} INFO - [2026-04-13T16:52:21.698+0000] {dag.py:3096} INFO - Sync 1 DAGs
[2026-04-13T16:52:21.732+0000] {logging_mixin.py:188} INFO - [2026-04-13T16:52:21.732+0000] {dag.py:3954} INFO - Setting next_dagrun for example_branch_dop_operator_v3 to 2026-04-13 16:51:00+00:00, run_after=2026-04-13 16:52:00+00:00
[2026-04-13T16:52:21.763+0000] {processor.py:183} INFO - Processing /home/airflow/.local/lib/python3.12/site-packages/airflow/example_dags/example_branch_python_dop_operator_3.py took 0.115 seconds
[2026-04-13T16:52:52.023+0000] {processor.py:161} INFO - Started process (PID=1222) to work on /home/airflow/.local/lib/python3.12/site-packages/airflow/example_dags/example_branch_python_dop_operator_3.py
[2026-04-13T16:52:52.025+0000] {processor.py:830} INFO - Processing file /home/airflow/.local/lib/python3.12/site-packages/airflow/example_dags/example_branch_python_dop_operator_3.py for tasks to queue
[2026-04-13T16:52:52.030+0000] {logging_mixin.py:188} INFO - [2026-04-13T16:52:52.029+0000] {dagbag.py:545} INFO - Filling up the DagBag from /home/airflow/.local/lib/python3.12/site-packages/airflow/example_dags/example_branch_python_dop_operator_3.py
[2026-04-13T16:52:52.054+0000] {processor.py:840} INFO - DAG(s) 'example_branch_dop_operator_v3' retrieved from /home/airflow/.local/lib/python3.12/site-packages/airflow/example_dags/example_branch_python_dop_operator_3.py
[2026-04-13T16:52:52.101+0000] {logging_mixin.py:188} INFO - [2026-04-13T16:52:52.101+0000] {dag.py:3096} INFO - Sync 1 DAGs
[2026-04-13T16:52:52.170+0000] {logging_mixin.py:188} INFO - [2026-04-13T16:52:52.170+0000] {dag.py:3954} INFO - Setting next_dagrun for example_branch_dop_operator_v3 to 2026-04-13 16:51:00+00:00, run_after=2026-04-13 16:52:00+00:00
[2026-04-13T16:52:52.284+0000] {processor.py:183} INFO - Processing /home/airflow/.local/lib/python3.12/site-packages/airflow/example_dags/example_branch_python_dop_operator_3.py took 0.278 seconds
[2026-04-13T16:53:22.410+0000] {processor.py:161} INFO - Started process (PID=1280) to work on /home/airflow/.local/lib/python3.12/site-packages/airflow/example_dags/example_branch_python_dop_operator_3.py
[2026-04-13T16:53:22.412+0000] {processor.py:830} INFO - Processing file /home/airflow/.local/lib/python3.12/site-packages/airflow/example_dags/example_branch_python_dop_operator_3.py for tasks to queue
[2026-04-13T16:53:22.414+0000] {logging_mixin.py:188} INFO - [2026-04-13T16:53:22.414+0000] {dagbag.py:545} INFO - Filling up the DagBag from /home/airflow/.local/lib/python3.12/site-packages/airflow/example_dags/example_branch_python_dop_operator_3.py
[2026-04-13T16:53:22.425+0000] {processor.py:840} INFO - DAG(s) 'example_branch_dop_operator_v3' retrieved from /home/airflow/.local/lib/python3.12/site-packages/airflow/example_dags/example_branch_python_dop_operator_3.py
[2026-04-13T16:53:22.452+0000] {logging_mixin.py:188} INFO - [2026-04-13T16:53:22.451+0000] {dag.py:3096} INFO - Sync 1 DAGs
[2026-04-13T16:53:22.484+0000] {logging_mixin.py:188} INFO - [2026-04-13T16:53:22.484+0000] {dag.py:3954} INFO - Setting next_dagrun for example_branch_dop_operator_v3 to 2026-04-13 16:52:00+00:00, run_after=2026-04-13 16:53:00+00:00
[2026-04-13T16:53:22.512+0000] {processor.py:183} INFO - Processing /home/airflow/.local/lib/python3.12/site-packages/airflow/example_dags/example_branch_python_dop_operator_3.py took 0.110 seconds
[2026-04-13T16:53:53.087+0000] {processor.py:161} INFO - Started process (PID=1338) to work on /home/airflow/.local/lib/python3.12/site-packages/airflow/example_dags/example_branch_python_dop_operator_3.py
[2026-04-13T16:53:53.088+0000] {processor.py:830} INFO - Processing file /home/airflow/.local/lib/python3.12/site-packages/airflow/example_dags/example_branch_python_dop_operator_3.py for tasks to queue
[2026-04-13T16:53:53.091+0000] {logging_mixin.py:188} INFO - [2026-04-13T16:53:53.090+0000] {dagbag.py:545} INFO - Filling up the DagBag from /home/airflow/.local/lib/python3.12/site-packages/airflow/example_dags/example_branch_python_dop_operator_3.py
[2026-04-13T16:53:53.102+0000] {processor.py:840} INFO - DAG(s) 'example_branch_dop_operator_v3' retrieved from /home/airflow/.local/lib/python3.12/site-packages/airflow/example_dags/example_branch_python_dop_operator_3.py
[2026-04-13T16:53:53.128+0000] {logging_mixin.py:188} INFO - [2026-04-13T16:53:53.128+0000] {dag.py:3096} INFO - Sync 1 DAGs
[2026-04-13T16:53:53.161+0000] {logging_mixin.py:188} INFO - [2026-04-13T16:53:53.161+0000] {dag.py:3954} INFO - Setting next_dagrun for example_branch_dop_operator_v3 to 2026-04-13 16:52:00+00:00, run_after=2026-04-13 16:53:00+00:00
[2026-04-13T16:53:53.264+0000] {processor.py:183} INFO - Processing /home/airflow/.local/lib/python3.12/site-packages/airflow/example_dags/example_branch_python_dop_operator_3.py took 0.185 seconds
[2026-04-13T16:54:23.828+0000] {processor.py:161} INFO - Started process (PID=1396) to work on /home/airflow/.local/lib/python3.12/site-packages/airflow/example_dags/example_branch_python_dop_operator_3.py
[2026-04-13T16:54:23.830+0000] {processor.py:830} INFO - Processing file /home/airflow/.local/lib/python3.12/site-packages/airflow/example_dags/example_branch_python_dop_operator_3.py for tasks to queue
[2026-04-13T16:54:23.834+0000] {logging_mixin.py:188} INFO - [2026-04-13T16:54:23.834+0000] {dagbag.py:545} INFO - Filling up the DagBag from /home/airflow/.local/lib/python3.12/site-packages/airflow/example_dags/example_branch_python_dop_operator_3.py
[2026-04-13T16:54:23.858+0000] {processor.py:840} INFO - DAG(s) 'example_branch_dop_operator_v3' retrieved from /home/airflow/.local/lib/python3.12/site-packages/airflow/example_dags/example_branch_python_dop_operator_3.py
[2026-04-13T16:54:23.911+0000] {logging_mixin.py:188} INFO - [2026-04-13T16:54:23.910+0000] {dag.py:3096} INFO - Sync 1 DAGs
[2026-04-13T16:54:23.978+0000] {logging_mixin.py:188} INFO - [2026-04-13T16:54:23.977+0000] {dag.py:3954} INFO - Setting next_dagrun for example_branch_dop_operator_v3 to 2026-04-13 16:53:00+00:00, run_after=2026-04-13 16:54:00+00:00
[2026-04-13T16:54:24.099+0000] {processor.py:183} INFO - Processing /home/airflow/.local/lib/python3.12/site-packages/airflow/example_dags/example_branch_python_dop_operator_3.py took 0.288 seconds
[2026-04-13T16:54:54.371+0000] {processor.py:161} INFO - Started process (PID=1454) to work on /home/airflow/.local/lib/python3.12/site-packages/airflow/example_dags/example_branch_python_dop_operator_3.py
[2026-04-13T16:54:54.372+0000] {processor.py:830} INFO - Processing file /home/airflow/.local/lib/python3.12/site-packages/airflow/example_dags/example_branch_python_dop_operator_3.py for tasks to queue
[2026-04-13T16:54:54.374+0000] {logging_mixin.py:188} INFO - [2026-04-13T16:54:54.374+0000] {dagbag.py:545} INFO - Filling up the DagBag from /home/airflow/.local/lib/python3.12/site-packages/airflow/example_dags/example_branch_python_dop_operator_3.py
[2026-04-13T16:54:54.385+0000] {processor.py:840} INFO - DAG(s) 'example_branch_dop_operator_v3' retrieved from /home/airflow/.local/lib/python3.12/site-packages/airflow/example_dags/example_branch_python_dop_operator_3.py
[2026-04-13T16:54:54.410+0000] {logging_mixin.py:188} INFO - [2026-04-13T16:54:54.410+0000] {dag.py:3096} INFO - Sync 1 DAGs
[2026-04-13T16:54:54.448+0000] {logging_mixin.py:188} INFO - [2026-04-13T16:54:54.448+0000] {dag.py:3954} INFO - Setting next_dagrun for example_branch_dop_operator_v3 to 2026-04-13 16:53:00+00:00, run_after=2026-04-13 16:54:00+00:00
[2026-04-13T16:54:54.478+0000] {processor.py:183} INFO - Processing /home/airflow/.local/lib/python3.12/site-packages/airflow/example_dags/example_branch_python_dop_operator_3.py took 0.115 seconds
[2026-04-13T16:55:25.148+0000] {processor.py:161} INFO - Started process (PID=1512) to work on /home/airflow/.local/lib/python3.12/site-packages/airflow/example_dags/example_branch_python_dop_operator_3.py
[2026-04-13T16:55:25.149+0000] {processor.py:830} INFO - Processing file /home/airflow/.local/lib/python3.12/site-packages/airflow/example_dags/example_branch_python_dop_operator_3.py for tasks to queue
[2026-04-13T16:55:25.153+0000] {logging_mixin.py:188} INFO - [2026-04-13T16:55:25.152+0000] {dagbag.py:545} INFO - Filling up the DagBag from /home/airflow/.local/lib/python3.12/site-packages/airflow/example_dags/example_branch_python_dop_operator_3.py
[2026-04-13T16:55:25.167+0000] {processor.py:840} INFO - DAG(s) 'example_branch_dop_operator_v3' retrieved from /home/airflow/.local/lib/python3.12/site-packages/airflow/example_dags/example_branch_python_dop_operator_3.py
[2026-04-13T16:55:25.194+0000] {logging_mixin.py:188} INFO - [2026-04-13T16:55:25.194+0000] {dag.py:3096} INFO - Sync 1 DAGs
[2026-04-13T16:55:25.231+0000] {logging_mixin.py:188} INFO - [2026-04-13T16:55:25.231+0000] {dag.py:3954} INFO - Setting next_dagrun for example_branch_dop_operator_v3 to 2026-04-13 16:54:00+00:00, run_after=2026-04-13 16:55:00+00:00
[2026-04-13T16:55:25.261+0000] {processor.py:183} INFO - Processing /home/airflow/.local/lib/python3.12/site-packages/airflow/example_dags/example_branch_python_dop_operator_3.py took 0.121 seconds
[2026-04-13T16:55:56.200+0000] {processor.py:161} INFO - Started process (PID=1570) to work on /home/airflow/.local/lib/python3.12/site-packages/airflow/example_dags/example_branch_python_dop_operator_3.py
[2026-04-13T16:55:56.201+0000] {processor.py:830} INFO - Processing file /home/airflow/.local/lib/python3.12/site-packages/airflow/example_dags/example_branch_python_dop_operator_3.py for tasks to queue
[2026-04-13T16:55:56.203+0000] {logging_mixin.py:188} INFO - [2026-04-13T16:55:56.203+0000] {dagbag.py:545} INFO - Filling up the DagBag from /home/airflow/.local/lib/python3.12/site-packages/airflow/example_dags/example_branch_python_dop_operator_3.py
[2026-04-13T16:55:56.214+0000] {processor.py:840} INFO - DAG(s) 'example_branch_dop_operator_v3' retrieved from /home/airflow/.local/lib/python3.12/site-packages/airflow/example_dags/example_branch_python_dop_operator_3.py
[2026-04-13T16:55:56.242+0000] {logging_mixin.py:188} INFO - [2026-04-13T16:55:56.242+0000] {dag.py:3096} INFO - Sync 1 DAGs
[2026-04-13T16:55:56.277+0000] {logging_mixin.py:188} INFO - [2026-04-13T16:55:56.277+0000] {dag.py:3954} INFO - Setting next_dagrun for example_branch_dop_operator_v3 to 2026-04-13 16:54:00+00:00, run_after=2026-04-13 16:55:00+00:00
[2026-04-13T16:55:56.307+0000] {processor.py:183} INFO - Processing /home/airflow/.local/lib/python3.12/site-packages/airflow/example_dags/example_branch_python_dop_operator_3.py took 0.115 seconds
[2026-04-13T16:56:26.932+0000] {processor.py:161} INFO - Started process (PID=1626) to work on /home/airflow/.local/lib/python3.12/site-packages/airflow/example_dags/example_branch_python_dop_operator_3.py
[2026-04-13T16:56:26.933+0000] {processor.py:830} INFO - Processing file /home/airflow/.local/lib/python3.12/site-packages/airflow/example_dags/example_branch_python_dop_operator_3.py for tasks to queue
[2026-04-13T16:56:26.937+0000] {logging_mixin.py:188} INFO - [2026-04-13T16:56:26.937+0000] {dagbag.py:545} INFO - Filling up the DagBag from /home/airflow/.local/lib/python3.12/site-packages/airflow/example_dags/example_branch_python_dop_operator_3.py
[2026-04-13T16:56:26.951+0000] {processor.py:840} INFO - DAG(s) 'example_branch_dop_operator_v3' retrieved from /home/airflow/.local/lib/python3.12/site-packages/airflow/example_dags/example_branch_python_dop_operator_3.py
[2026-04-13T16:56:26.982+0000] {logging_mixin.py:188} INFO - [2026-04-13T16:56:26.982+0000] {dag.py:3096} INFO - Sync 1 DAGs
[2026-04-13T16:56:27.022+0000] {logging_mixin.py:188} INFO - [2026-04-13T16:56:27.022+0000] {dag.py:3954} INFO - Setting next_dagrun for example_branch_dop_operator_v3 to 2026-04-13 16:55:00+00:00, run_after=2026-04-13 16:56:00+00:00
[2026-04-13T16:56:27.121+0000] {processor.py:183} INFO - Processing /home/airflow/.local/lib/python3.12/site-packages/airflow/example_dags/example_branch_python_dop_operator_3.py took 0.197 seconds
[2026-04-13T16:56:57.973+0000] {processor.py:161} INFO - Started process (PID=1684) to work on /home/airflow/.local/lib/python3.12/site-packages/airflow/example_dags/example_branch_python_dop_operator_3.py
[2026-04-13T16:56:57.976+0000] {processor.py:830} INFO - Processing file /home/airflow/.local/lib/python3.12/site-packages/airflow/example_dags/example_branch_python_dop_operator_3.py for tasks to queue
[2026-04-13T16:56:57.981+0000] {logging_mixin.py:188} INFO - [2026-04-13T16:56:57.980+0000] {dagbag.py:545} INFO - Filling up the DagBag from /home/airflow/.local/lib/python3.12/site-packages/airflow/example_dags/example_branch_python_dop_operator_3.py
[2026-04-13T16:56:58.002+0000] {processor.py:840} INFO - DAG(s) 'example_branch_dop_operator_v3' retrieved from /home/airflow/.local/lib/python3.12/site-packages/airflow/example_dags/example_branch_python_dop_operator_3.py
[2026-04-13T16:56:58.055+0000] {logging_mixin.py:188} INFO - [2026-04-13T16:56:58.054+0000] {dag.py:3096} INFO - Sync 1 DAGs
[2026-04-13T16:56:58.136+0000] {logging_mixin.py:188} INFO - [2026-04-13T16:56:58.135+0000] {dag.py:3954} INFO - Setting next_dagrun for example_branch_dop_operator_v3 to 2026-04-13 16:55:00+00:00, run_after=2026-04-13 16:56:00+00:00
[2026-04-13T16:56:58.188+0000] {processor.py:183} INFO - Processing /home/airflow/.local/lib/python3.12/site-packages/airflow/example_dags/example_branch_python_dop_operator_3.py took 0.231 seconds
