[2026-04-13T16:43:11.004+0000] {processor.py:161} INFO - Started process (PID=116) to work on /home/airflow/.local/lib/python3.12/site-packages/airflow/example_dags/example_short_circuit_operator.py
[2026-04-13T16:43:11.006+0000] {processor.py:830} INFO - Processing file /home/airflow/.local/lib/python3.12/site-packages/airflow/example_dags/example_short_circuit_operator.py for tasks to queue
[2026-04-13T16:43:11.012+0000] {logging_mixin.py:188} INFO - [2026-04-13T16:43:11.011+0000] {dagbag.py:545} INFO - Filling up the DagBag from /home/airflow/.local/lib/python3.12/site-packages/airflow/example_dags/example_short_circuit_operator.py
[2026-04-13T16:43:11.040+0000] {processor.py:840} INFO - DAG(s) 'example_short_circuit_operator' retrieved from /home/airflow/.local/lib/python3.12/site-packages/airflow/example_dags/example_short_circuit_operator.py
[2026-04-13T16:43:11.438+0000] {logging_mixin.py:188} INFO - [2026-04-13T16:43:11.438+0000] {dag.py:3096} INFO - Sync 1 DAGs
[2026-04-13T16:43:11.506+0000] {logging_mixin.py:188} INFO - [2026-04-13T16:43:11.505+0000] {dag.py:3954} INFO - Setting next_dagrun for example_short_circuit_operator to 2026-04-12 00:00:00+00:00, run_after=2026-04-13 00:00:00+00:00
[2026-04-13T16:43:11.568+0000] {processor.py:183} INFO - Processing /home/airflow/.local/lib/python3.12/site-packages/airflow/example_dags/example_short_circuit_operator.py took 0.583 seconds
[2026-04-13T16:43:42.506+0000] {processor.py:161} INFO - Started process (PID=175) to work on /home/airflow/.local/lib/python3.12/site-packages/airflow/example_dags/example_short_circuit_operator.py
[2026-04-13T16:43:42.509+0000] {processor.py:830} INFO - Processing file /home/airflow/.local/lib/python3.12/site-packages/airflow/example_dags/example_short_circuit_operator.py for tasks to queue
[2026-04-13T16:43:42.515+0000] {logging_mixin.py:188} INFO - [2026-04-13T16:43:42.514+0000] {dagbag.py:545} INFO - Filling up the DagBag from /home/airflow/.local/lib/python3.12/site-packages/airflow/example_dags/example_short_circuit_operator.py
[2026-04-13T16:43:42.570+0000] {processor.py:840} INFO - DAG(s) 'example_short_circuit_operator' retrieved from /home/airflow/.local/lib/python3.12/site-packages/airflow/example_dags/example_short_circuit_operator.py
[2026-04-13T16:43:42.669+0000] {logging_mixin.py:188} INFO - [2026-04-13T16:43:42.668+0000] {dag.py:3096} INFO - Sync 1 DAGs
[2026-04-13T16:43:42.756+0000] {logging_mixin.py:188} INFO - [2026-04-13T16:43:42.756+0000] {dag.py:3954} INFO - Setting next_dagrun for example_short_circuit_operator to 2026-04-12 00:00:00+00:00, run_after=2026-04-13 00:00:00+00:00
[2026-04-13T16:43:42.820+0000] {processor.py:183} INFO - Processing /home/airflow/.local/lib/python3.12/site-packages/airflow/example_dags/example_short_circuit_operator.py took 0.341 seconds
[2026-04-13T16:44:13.241+0000] {processor.py:161} INFO - Started process (PID=233) to work on /home/airflow/.local/lib/python3.12/site-packages/airflow/example_dags/example_short_circuit_operator.py
[2026-04-13T16:44:13.244+0000] {processor.py:830} INFO - Processing file /home/airflow/.local/lib/python3.12/site-packages/airflow/example_dags/example_short_circuit_operator.py for tasks to queue
[2026-04-13T16:44:13.249+0000] {logging_mixin.py:188} INFO - [2026-04-13T16:44:13.248+0000] {dagbag.py:545} INFO - Filling up the DagBag from /home/airflow/.local/lib/python3.12/site-packages/airflow/example_dags/example_short_circuit_operator.py
[2026-04-13T16:44:13.280+0000] {processor.py:840} INFO - DAG(s) 'example_short_circuit_operator' retrieved from /home/airflow/.local/lib/python3.12/site-packages/airflow/example_dags/example_short_circuit_operator.py
[2026-04-13T16:44:13.341+0000] {logging_mixin.py:188} INFO - [2026-04-13T16:44:13.340+0000] {dag.py:3096} INFO - Sync 1 DAGs
[2026-04-13T16:44:13.399+0000] {logging_mixin.py:188} INFO - [2026-04-13T16:44:13.399+0000] {dag.py:3954} INFO - Setting next_dagrun for example_short_circuit_operator to 2026-04-12 00:00:00+00:00, run_after=2026-04-13 00:00:00+00:00
[2026-04-13T16:44:13.558+0000] {processor.py:183} INFO - Processing /home/airflow/.local/lib/python3.12/site-packages/airflow/example_dags/example_short_circuit_operator.py took 0.332 seconds
[2026-04-13T16:44:44.052+0000] {processor.py:161} INFO - Started process (PID=291) to work on /home/airflow/.local/lib/python3.12/site-packages/airflow/example_dags/example_short_circuit_operator.py
[2026-04-13T16:44:44.054+0000] {processor.py:830} INFO - Processing file /home/airflow/.local/lib/python3.12/site-packages/airflow/example_dags/example_short_circuit_operator.py for tasks to queue
[2026-04-13T16:44:44.056+0000] {logging_mixin.py:188} INFO - [2026-04-13T16:44:44.056+0000] {dagbag.py:545} INFO - Filling up the DagBag from /home/airflow/.local/lib/python3.12/site-packages/airflow/example_dags/example_short_circuit_operator.py
[2026-04-13T16:44:44.067+0000] {processor.py:840} INFO - DAG(s) 'example_short_circuit_operator' retrieved from /home/airflow/.local/lib/python3.12/site-packages/airflow/example_dags/example_short_circuit_operator.py
[2026-04-13T16:44:44.106+0000] {logging_mixin.py:188} INFO - [2026-04-13T16:44:44.105+0000] {dag.py:3096} INFO - Sync 1 DAGs
[2026-04-13T16:44:44.142+0000] {logging_mixin.py:188} INFO - [2026-04-13T16:44:44.142+0000] {dag.py:3954} INFO - Setting next_dagrun for example_short_circuit_operator to 2026-04-12 00:00:00+00:00, run_after=2026-04-13 00:00:00+00:00
[2026-04-13T16:44:44.171+0000] {processor.py:183} INFO - Processing /home/airflow/.local/lib/python3.12/site-packages/airflow/example_dags/example_short_circuit_operator.py took 0.127 seconds
[2026-04-13T16:45:14.371+0000] {processor.py:161} INFO - Started process (PID=349) to work on /home/airflow/.local/lib/python3.12/site-packages/airflow/example_dags/example_short_circuit_operator.py
[2026-04-13T16:45:14.372+0000] {processor.py:830} INFO - Processing file /home/airflow/.local/lib/python3.12/site-packages/airflow/example_dags/example_short_circuit_operator.py for tasks to queue
[2026-04-13T16:45:14.375+0000] {logging_mixin.py:188} INFO - [2026-04-13T16:45:14.375+0000] {dagbag.py:545} INFO - Filling up the DagBag from /home/airflow/.local/lib/python3.12/site-packages/airflow/example_dags/example_short_circuit_operator.py
[2026-04-13T16:45:14.386+0000] {processor.py:840} INFO - DAG(s) 'example_short_circuit_operator' retrieved from /home/airflow/.local/lib/python3.12/site-packages/airflow/example_dags/example_short_circuit_operator.py
[2026-04-13T16:45:14.424+0000] {logging_mixin.py:188} INFO - [2026-04-13T16:45:14.424+0000] {dag.py:3096} INFO - Sync 1 DAGs
[2026-04-13T16:45:14.465+0000] {logging_mixin.py:188} INFO - [2026-04-13T16:45:14.465+0000] {dag.py:3954} INFO - Setting next_dagrun for example_short_circuit_operator to 2026-04-12 00:00:00+00:00, run_after=2026-04-13 00:00:00+00:00
[2026-04-13T16:45:14.559+0000] {processor.py:183} INFO - Processing /home/airflow/.local/lib/python3.12/site-packages/airflow/example_dags/example_short_circuit_operator.py took 0.199 seconds
[2026-04-13T16:45:45.415+0000] {processor.py:161} INFO - Started process (PID=407) to work on /home/airflow/.local/lib/python3.12/site-packages/airflow/example_dags/example_short_circuit_operator.py
[2026-04-13T16:45:45.417+0000] {processor.py:830} INFO - Processing file /home/airflow/.local/lib/python3.12/site-packages/airflow/example_dags/example_short_circuit_operator.py for tasks to queue
[2026-04-13T16:45:45.420+0000] {logging_mixin.py:188} INFO - [2026-04-13T16:45:45.420+0000] {dagbag.py:545} INFO - Filling up the DagBag from /home/airflow/.local/lib/python3.12/site-packages/airflow/example_dags/example_short_circuit_operator.py
[2026-04-13T16:45:45.430+0000] {processor.py:840} INFO - DAG(s) 'example_short_circuit_operator' retrieved from /home/airflow/.local/lib/python3.12/site-packages/airflow/example_dags/example_short_circuit_operator.py
[2026-04-13T16:45:45.461+0000] {logging_mixin.py:188} INFO - [2026-04-13T16:45:45.461+0000] {dag.py:3096} INFO - Sync 1 DAGs
[2026-04-13T16:45:45.491+0000] {logging_mixin.py:188} INFO - [2026-04-13T16:45:45.491+0000] {dag.py:3954} INFO - Setting next_dagrun for example_short_circuit_operator to 2026-04-12 00:00:00+00:00, run_after=2026-04-13 00:00:00+00:00
[2026-04-13T16:45:45.604+0000] {processor.py:183} INFO - Processing /home/airflow/.local/lib/python3.12/site-packages/airflow/example_dags/example_short_circuit_operator.py took 0.199 seconds
[2026-04-13T16:46:15.823+0000] {processor.py:161} INFO - Started process (PID=465) to work on /home/airflow/.local/lib/python3.12/site-packages/airflow/example_dags/example_short_circuit_operator.py
[2026-04-13T16:46:15.825+0000] {processor.py:830} INFO - Processing file /home/airflow/.local/lib/python3.12/site-packages/airflow/example_dags/example_short_circuit_operator.py for tasks to queue
[2026-04-13T16:46:15.829+0000] {logging_mixin.py:188} INFO - [2026-04-13T16:46:15.828+0000] {dagbag.py:545} INFO - Filling up the DagBag from /home/airflow/.local/lib/python3.12/site-packages/airflow/example_dags/example_short_circuit_operator.py
[2026-04-13T16:46:15.841+0000] {processor.py:840} INFO - DAG(s) 'example_short_circuit_operator' retrieved from /home/airflow/.local/lib/python3.12/site-packages/airflow/example_dags/example_short_circuit_operator.py
[2026-04-13T16:46:15.874+0000] {logging_mixin.py:188} INFO - [2026-04-13T16:46:15.874+0000] {dag.py:3096} INFO - Sync 1 DAGs
[2026-04-13T16:46:15.902+0000] {logging_mixin.py:188} INFO - [2026-04-13T16:46:15.902+0000] {dag.py:3954} INFO - Setting next_dagrun for example_short_circuit_operator to 2026-04-12 00:00:00+00:00, run_after=2026-04-13 00:00:00+00:00
[2026-04-13T16:46:15.931+0000] {processor.py:183} INFO - Processing /home/airflow/.local/lib/python3.12/site-packages/airflow/example_dags/example_short_circuit_operator.py took 0.119 seconds
[2026-04-13T16:46:46.127+0000] {processor.py:161} INFO - Started process (PID=524) to work on /home/airflow/.local/lib/python3.12/site-packages/airflow/example_dags/example_short_circuit_operator.py
[2026-04-13T16:46:46.128+0000] {processor.py:830} INFO - Processing file /home/airflow/.local/lib/python3.12/site-packages/airflow/example_dags/example_short_circuit_operator.py for tasks to queue
[2026-04-13T16:46:46.132+0000] {logging_mixin.py:188} INFO - [2026-04-13T16:46:46.131+0000] {dagbag.py:545} INFO - Filling up the DagBag from /home/airflow/.local/lib/python3.12/site-packages/airflow/example_dags/example_short_circuit_operator.py
[2026-04-13T16:46:46.142+0000] {processor.py:840} INFO - DAG(s) 'example_short_circuit_operator' retrieved from /home/airflow/.local/lib/python3.12/site-packages/airflow/example_dags/example_short_circuit_operator.py
[2026-04-13T16:46:46.179+0000] {logging_mixin.py:188} INFO - [2026-04-13T16:46:46.178+0000] {dag.py:3096} INFO - Sync 1 DAGs
[2026-04-13T16:46:46.206+0000] {logging_mixin.py:188} INFO - [2026-04-13T16:46:46.206+0000] {dag.py:3954} INFO - Setting next_dagrun for example_short_circuit_operator to 2026-04-12 00:00:00+00:00, run_after=2026-04-13 00:00:00+00:00
[2026-04-13T16:46:46.233+0000] {processor.py:183} INFO - Processing /home/airflow/.local/lib/python3.12/site-packages/airflow/example_dags/example_short_circuit_operator.py took 0.119 seconds
[2026-04-13T16:47:16.532+0000] {processor.py:161} INFO - Started process (PID=582) to work on /home/airflow/.local/lib/python3.12/site-packages/airflow/example_dags/example_short_circuit_operator.py
[2026-04-13T16:47:16.535+0000] {processor.py:830} INFO - Processing file /home/airflow/.local/lib/python3.12/site-packages/airflow/example_dags/example_short_circuit_operator.py for tasks to queue
[2026-04-13T16:47:16.541+0000] {logging_mixin.py:188} INFO - [2026-04-13T16:47:16.540+0000] {dagbag.py:545} INFO - Filling up the DagBag from /home/airflow/.local/lib/python3.12/site-packages/airflow/example_dags/example_short_circuit_operator.py
[2026-04-13T16:47:16.563+0000] {processor.py:840} INFO - DAG(s) 'example_short_circuit_operator' retrieved from /home/airflow/.local/lib/python3.12/site-packages/airflow/example_dags/example_short_circuit_operator.py
[2026-04-13T16:47:16.624+0000] {logging_mixin.py:188} INFO - [2026-04-13T16:47:16.624+0000] {dag.py:3096} INFO - Sync 1 DAGs
[2026-04-13T16:47:16.678+0000] {logging_mixin.py:188} INFO - [2026-04-13T16:47:16.677+0000] {dag.py:3954} INFO - Setting next_dagrun for example_short_circuit_operator to 2026-04-12 00:00:00+00:00, run_after=2026-04-13 00:00:00+00:00
[2026-04-13T16:47:16.729+0000] {processor.py:183} INFO - Processing /home/airflow/.local/lib/python3.12/site-packages/airflow/example_dags/example_short_circuit_operator.py took 0.211 seconds
[2026-04-13T16:47:46.862+0000] {processor.py:161} INFO - Started process (PID=640) to work on /home/airflow/.local/lib/python3.12/site-packages/airflow/example_dags/example_short_circuit_operator.py
[2026-04-13T16:47:46.864+0000] {processor.py:830} INFO - Processing file /home/airflow/.local/lib/python3.12/site-packages/airflow/example_dags/example_short_circuit_operator.py for tasks to queue
[2026-04-13T16:47:46.867+0000] {logging_mixin.py:188} INFO - [2026-04-13T16:47:46.867+0000] {dagbag.py:545} INFO - Filling up the DagBag from /home/airflow/.local/lib/python3.12/site-packages/airflow/example_dags/example_short_circuit_operator.py
[2026-04-13T16:47:46.880+0000] {processor.py:840} INFO - DAG(s) 'example_short_circuit_operator' retrieved from /home/airflow/.local/lib/python3.12/site-packages/airflow/example_dags/example_short_circuit_operator.py
[2026-04-13T16:47:46.926+0000] {logging_mixin.py:188} INFO - [2026-04-13T16:47:46.926+0000] {dag.py:3096} INFO - Sync 1 DAGs
[2026-04-13T16:47:46.964+0000] {logging_mixin.py:188} INFO - [2026-04-13T16:47:46.964+0000] {dag.py:3954} INFO - Setting next_dagrun for example_short_circuit_operator to 2026-04-12 00:00:00+00:00, run_after=2026-04-13 00:00:00+00:00
[2026-04-13T16:47:46.997+0000] {processor.py:183} INFO - Processing /home/airflow/.local/lib/python3.12/site-packages/airflow/example_dags/example_short_circuit_operator.py took 0.143 seconds
[2026-04-13T16:48:18.287+0000] {processor.py:161} INFO - Started process (PID=698) to work on /home/airflow/.local/lib/python3.12/site-packages/airflow/example_dags/example_short_circuit_operator.py
[2026-04-13T16:48:18.290+0000] {processor.py:830} INFO - Processing file /home/airflow/.local/lib/python3.12/site-packages/airflow/example_dags/example_short_circuit_operator.py for tasks to queue
[2026-04-13T16:48:18.296+0000] {logging_mixin.py:188} INFO - [2026-04-13T16:48:18.295+0000] {dagbag.py:545} INFO - Filling up the DagBag from /home/airflow/.local/lib/python3.12/site-packages/airflow/example_dags/example_short_circuit_operator.py
[2026-04-13T16:48:18.319+0000] {processor.py:840} INFO - DAG(s) 'example_short_circuit_operator' retrieved from /home/airflow/.local/lib/python3.12/site-packages/airflow/example_dags/example_short_circuit_operator.py
[2026-04-13T16:48:18.401+0000] {logging_mixin.py:188} INFO - [2026-04-13T16:48:18.401+0000] {dag.py:3096} INFO - Sync 1 DAGs
[2026-04-13T16:48:18.462+0000] {logging_mixin.py:188} INFO - [2026-04-13T16:48:18.462+0000] {dag.py:3954} INFO - Setting next_dagrun for example_short_circuit_operator to 2026-04-12 00:00:00+00:00, run_after=2026-04-13 00:00:00+00:00
[2026-04-13T16:48:18.584+0000] {processor.py:183} INFO - Processing /home/airflow/.local/lib/python3.12/site-packages/airflow/example_dags/example_short_circuit_operator.py took 0.313 seconds
[2026-04-13T16:48:48.951+0000] {processor.py:161} INFO - Started process (PID=762) to work on /home/airflow/.local/lib/python3.12/site-packages/airflow/example_dags/example_short_circuit_operator.py
[2026-04-13T16:48:48.956+0000] {processor.py:830} INFO - Processing file /home/airflow/.local/lib/python3.12/site-packages/airflow/example_dags/example_short_circuit_operator.py for tasks to queue
[2026-04-13T16:48:48.961+0000] {logging_mixin.py:188} INFO - [2026-04-13T16:48:48.960+0000] {dagbag.py:545} INFO - Filling up the DagBag from /home/airflow/.local/lib/python3.12/site-packages/airflow/example_dags/example_short_circuit_operator.py
[2026-04-13T16:48:48.978+0000] {processor.py:840} INFO - DAG(s) 'example_short_circuit_operator' retrieved from /home/airflow/.local/lib/python3.12/site-packages/airflow/example_dags/example_short_circuit_operator.py
[2026-04-13T16:48:49.037+0000] {logging_mixin.py:188} INFO - [2026-04-13T16:48:49.036+0000] {dag.py:3096} INFO - Sync 1 DAGs
[2026-04-13T16:48:49.088+0000] {logging_mixin.py:188} INFO - [2026-04-13T16:48:49.087+0000] {dag.py:3954} INFO - Setting next_dagrun for example_short_circuit_operator to 2026-04-12 00:00:00+00:00, run_after=2026-04-13 00:00:00+00:00
[2026-04-13T16:48:49.137+0000] {processor.py:183} INFO - Processing /home/airflow/.local/lib/python3.12/site-packages/airflow/example_dags/example_short_circuit_operator.py took 0.200 seconds
[2026-04-13T16:49:19.401+0000] {processor.py:161} INFO - Started process (PID=820) to work on /home/airflow/.local/lib/python3.12/site-packages/airflow/example_dags/example_short_circuit_operator.py
[2026-04-13T16:49:19.403+0000] {processor.py:830} INFO - Processing file /home/airflow/.local/lib/python3.12/site-packages/airflow/example_dags/example_short_circuit_operator.py for tasks to queue
[2026-04-13T16:49:19.405+0000] {logging_mixin.py:188} INFO - [2026-04-13T16:49:19.405+0000] {dagbag.py:545} INFO - Filling up the DagBag from /home/airflow/.local/lib/python3.12/site-packages/airflow/example_dags/example_short_circuit_operator.py
[2026-04-13T16:49:19.416+0000] {processor.py:840} INFO - DAG(s) 'example_short_circuit_operator' retrieved from /home/airflow/.local/lib/python3.12/site-packages/airflow/example_dags/example_short_circuit_operator.py
[2026-04-13T16:49:19.448+0000] {logging_mixin.py:188} INFO - [2026-04-13T16:49:19.448+0000] {dag.py:3096} INFO - Sync 1 DAGs
[2026-04-13T16:49:19.487+0000] {logging_mixin.py:188} INFO - [2026-04-13T16:49:19.487+0000] {dag.py:3954} INFO - Setting next_dagrun for example_short_circuit_operator to 2026-04-12 00:00:00+00:00, run_after=2026-04-13 00:00:00+00:00
[2026-04-13T16:49:19.523+0000] {processor.py:183} INFO - Processing /home/airflow/.local/lib/python3.12/site-packages/airflow/example_dags/example_short_circuit_operator.py took 0.132 seconds
[2026-04-13T16:49:50.374+0000] {processor.py:161} INFO - Started process (PID=878) to work on /home/airflow/.local/lib/python3.12/site-packages/airflow/example_dags/example_short_circuit_operator.py
[2026-04-13T16:49:50.376+0000] {processor.py:830} INFO - Processing file /home/airflow/.local/lib/python3.12/site-packages/airflow/example_dags/example_short_circuit_operator.py for tasks to queue
[2026-04-13T16:49:50.379+0000] {logging_mixin.py:188} INFO - [2026-04-13T16:49:50.378+0000] {dagbag.py:545} INFO - Filling up the DagBag from /home/airflow/.local/lib/python3.12/site-packages/airflow/example_dags/example_short_circuit_operator.py
[2026-04-13T16:49:50.392+0000] {processor.py:840} INFO - DAG(s) 'example_short_circuit_operator' retrieved from /home/airflow/.local/lib/python3.12/site-packages/airflow/example_dags/example_short_circuit_operator.py
[2026-04-13T16:49:50.434+0000] {logging_mixin.py:188} INFO - [2026-04-13T16:49:50.433+0000] {dag.py:3096} INFO - Sync 1 DAGs
[2026-04-13T16:49:50.471+0000] {logging_mixin.py:188} INFO - [2026-04-13T16:49:50.470+0000] {dag.py:3954} INFO - Setting next_dagrun for example_short_circuit_operator to 2026-04-12 00:00:00+00:00, run_after=2026-04-13 00:00:00+00:00
[2026-04-13T16:49:50.504+0000] {processor.py:183} INFO - Processing /home/airflow/.local/lib/python3.12/site-packages/airflow/example_dags/example_short_circuit_operator.py took 0.142 seconds
[2026-04-13T16:50:20.753+0000] {processor.py:161} INFO - Started process (PID=936) to work on /home/airflow/.local/lib/python3.12/site-packages/airflow/example_dags/example_short_circuit_operator.py
[2026-04-13T16:50:20.755+0000] {processor.py:830} INFO - Processing file /home/airflow/.local/lib/python3.12/site-packages/airflow/example_dags/example_short_circuit_operator.py for tasks to queue
[2026-04-13T16:50:20.757+0000] {logging_mixin.py:188} INFO - [2026-04-13T16:50:20.757+0000] {dagbag.py:545} INFO - Filling up the DagBag from /home/airflow/.local/lib/python3.12/site-packages/airflow/example_dags/example_short_circuit_operator.py
[2026-04-13T16:50:20.767+0000] {processor.py:840} INFO - DAG(s) 'example_short_circuit_operator' retrieved from /home/airflow/.local/lib/python3.12/site-packages/airflow/example_dags/example_short_circuit_operator.py
[2026-04-13T16:50:20.800+0000] {logging_mixin.py:188} INFO - [2026-04-13T16:50:20.800+0000] {dag.py:3096} INFO - Sync 1 DAGs
[2026-04-13T16:50:20.828+0000] {logging_mixin.py:188} INFO - [2026-04-13T16:50:20.828+0000] {dag.py:3954} INFO - Setting next_dagrun for example_short_circuit_operator to 2026-04-12 00:00:00+00:00, run_after=2026-04-13 00:00:00+00:00
[2026-04-13T16:50:20.857+0000] {processor.py:183} INFO - Processing /home/airflow/.local/lib/python3.12/site-packages/airflow/example_dags/example_short_circuit_operator.py took 0.112 seconds
[2026-04-13T16:50:51.616+0000] {processor.py:161} INFO - Started process (PID=994) to work on /home/airflow/.local/lib/python3.12/site-packages/airflow/example_dags/example_short_circuit_operator.py
[2026-04-13T16:50:51.619+0000] {processor.py:830} INFO - Processing file /home/airflow/.local/lib/python3.12/site-packages/airflow/example_dags/example_short_circuit_operator.py for tasks to queue
[2026-04-13T16:50:51.623+0000] {logging_mixin.py:188} INFO - [2026-04-13T16:50:51.623+0000] {dagbag.py:545} INFO - Filling up the DagBag from /home/airflow/.local/lib/python3.12/site-packages/airflow/example_dags/example_short_circuit_operator.py
[2026-04-13T16:50:51.640+0000] {processor.py:840} INFO - DAG(s) 'example_short_circuit_operator' retrieved from /home/airflow/.local/lib/python3.12/site-packages/airflow/example_dags/example_short_circuit_operator.py
[2026-04-13T16:50:51.699+0000] {logging_mixin.py:188} INFO - [2026-04-13T16:50:51.699+0000] {dag.py:3096} INFO - Sync 1 DAGs
[2026-04-13T16:50:51.754+0000] {logging_mixin.py:188} INFO - [2026-04-13T16:50:51.754+0000] {dag.py:3954} INFO - Setting next_dagrun for example_short_circuit_operator to 2026-04-12 00:00:00+00:00, run_after=2026-04-13 00:00:00+00:00
[2026-04-13T16:50:51.873+0000] {processor.py:183} INFO - Processing /home/airflow/.local/lib/python3.12/site-packages/airflow/example_dags/example_short_circuit_operator.py took 0.271 seconds
[2026-04-13T16:51:22.436+0000] {processor.py:161} INFO - Started process (PID=1052) to work on /home/airflow/.local/lib/python3.12/site-packages/airflow/example_dags/example_short_circuit_operator.py
[2026-04-13T16:51:22.439+0000] {processor.py:830} INFO - Processing file /home/airflow/.local/lib/python3.12/site-packages/airflow/example_dags/example_short_circuit_operator.py for tasks to queue
[2026-04-13T16:51:22.444+0000] {logging_mixin.py:188} INFO - [2026-04-13T16:51:22.443+0000] {dagbag.py:545} INFO - Filling up the DagBag from /home/airflow/.local/lib/python3.12/site-packages/airflow/example_dags/example_short_circuit_operator.py
[2026-04-13T16:51:22.464+0000] {processor.py:840} INFO - DAG(s) 'example_short_circuit_operator' retrieved from /home/airflow/.local/lib/python3.12/site-packages/airflow/example_dags/example_short_circuit_operator.py
[2026-04-13T16:51:22.522+0000] {logging_mixin.py:188} INFO - [2026-04-13T16:51:22.522+0000] {dag.py:3096} INFO - Sync 1 DAGs
[2026-04-13T16:51:22.589+0000] {logging_mixin.py:188} INFO - [2026-04-13T16:51:22.589+0000] {dag.py:3954} INFO - Setting next_dagrun for example_short_circuit_operator to 2026-04-12 00:00:00+00:00, run_after=2026-04-13 00:00:00+00:00
[2026-04-13T16:51:22.639+0000] {processor.py:183} INFO - Processing /home/airflow/.local/lib/python3.12/site-packages/airflow/example_dags/example_short_circuit_operator.py took 0.220 seconds
[2026-04-13T16:51:53.189+0000] {processor.py:161} INFO - Started process (PID=1110) to work on /home/airflow/.local/lib/python3.12/site-packages/airflow/example_dags/example_short_circuit_operator.py
[2026-04-13T16:51:53.190+0000] {processor.py:830} INFO - Processing file /home/airflow/.local/lib/python3.12/site-packages/airflow/example_dags/example_short_circuit_operator.py for tasks to queue
[2026-04-13T16:51:53.193+0000] {logging_mixin.py:188} INFO - [2026-04-13T16:51:53.192+0000] {dagbag.py:545} INFO - Filling up the DagBag from /home/airflow/.local/lib/python3.12/site-packages/airflow/example_dags/example_short_circuit_operator.py
[2026-04-13T16:51:53.202+0000] {processor.py:840} INFO - DAG(s) 'example_short_circuit_operator' retrieved from /home/airflow/.local/lib/python3.12/site-packages/airflow/example_dags/example_short_circuit_operator.py
[2026-04-13T16:51:53.233+0000] {logging_mixin.py:188} INFO - [2026-04-13T16:51:53.233+0000] {dag.py:3096} INFO - Sync 1 DAGs
[2026-04-13T16:51:53.261+0000] {logging_mixin.py:188} INFO - [2026-04-13T16:51:53.260+0000] {dag.py:3954} INFO - Setting next_dagrun for example_short_circuit_operator to 2026-04-12 00:00:00+00:00, run_after=2026-04-13 00:00:00+00:00
[2026-04-13T16:51:53.359+0000] {processor.py:183} INFO - Processing /home/airflow/.local/lib/python3.12/site-packages/airflow/example_dags/example_short_circuit_operator.py took 0.178 seconds
[2026-04-13T16:52:23.448+0000] {processor.py:161} INFO - Started process (PID=1169) to work on /home/airflow/.local/lib/python3.12/site-packages/airflow/example_dags/example_short_circuit_operator.py
[2026-04-13T16:52:23.449+0000] {processor.py:830} INFO - Processing file /home/airflow/.local/lib/python3.12/site-packages/airflow/example_dags/example_short_circuit_operator.py for tasks to queue
[2026-04-13T16:52:23.452+0000] {logging_mixin.py:188} INFO - [2026-04-13T16:52:23.451+0000] {dagbag.py:545} INFO - Filling up the DagBag from /home/airflow/.local/lib/python3.12/site-packages/airflow/example_dags/example_short_circuit_operator.py
[2026-04-13T16:52:23.461+0000] {processor.py:840} INFO - DAG(s) 'example_short_circuit_operator' retrieved from /home/airflow/.local/lib/python3.12/site-packages/airflow/example_dags/example_short_circuit_operator.py
[2026-04-13T16:52:23.492+0000] {logging_mixin.py:188} INFO - [2026-04-13T16:52:23.492+0000] {dag.py:3096} INFO - Sync 1 DAGs
[2026-04-13T16:52:23.521+0000] {logging_mixin.py:188} INFO - [2026-04-13T16:52:23.521+0000] {dag.py:3954} INFO - Setting next_dagrun for example_short_circuit_operator to 2026-04-12 00:00:00+00:00, run_after=2026-04-13 00:00:00+00:00
[2026-04-13T16:52:23.618+0000] {processor.py:183} INFO - Processing /home/airflow/.local/lib/python3.12/site-packages/airflow/example_dags/example_short_circuit_operator.py took 0.179 seconds
[2026-04-13T16:52:54.023+0000] {processor.py:161} INFO - Started process (PID=1227) to work on /home/airflow/.local/lib/python3.12/site-packages/airflow/example_dags/example_short_circuit_operator.py
[2026-04-13T16:52:54.025+0000] {processor.py:830} INFO - Processing file /home/airflow/.local/lib/python3.12/site-packages/airflow/example_dags/example_short_circuit_operator.py for tasks to queue
[2026-04-13T16:52:54.030+0000] {logging_mixin.py:188} INFO - [2026-04-13T16:52:54.029+0000] {dagbag.py:545} INFO - Filling up the DagBag from /home/airflow/.local/lib/python3.12/site-packages/airflow/example_dags/example_short_circuit_operator.py
[2026-04-13T16:52:54.048+0000] {processor.py:840} INFO - DAG(s) 'example_short_circuit_operator' retrieved from /home/airflow/.local/lib/python3.12/site-packages/airflow/example_dags/example_short_circuit_operator.py
[2026-04-13T16:52:54.112+0000] {logging_mixin.py:188} INFO - [2026-04-13T16:52:54.112+0000] {dag.py:3096} INFO - Sync 1 DAGs
[2026-04-13T16:52:54.170+0000] {logging_mixin.py:188} INFO - [2026-04-13T16:52:54.169+0000] {dag.py:3954} INFO - Setting next_dagrun for example_short_circuit_operator to 2026-04-12 00:00:00+00:00, run_after=2026-04-13 00:00:00+00:00
[2026-04-13T16:52:54.221+0000] {processor.py:183} INFO - Processing /home/airflow/.local/lib/python3.12/site-packages/airflow/example_dags/example_short_circuit_operator.py took 0.213 seconds
[2026-04-13T16:53:24.726+0000] {processor.py:161} INFO - Started process (PID=1284) to work on /home/airflow/.local/lib/python3.12/site-packages/airflow/example_dags/example_short_circuit_operator.py
[2026-04-13T16:53:24.727+0000] {processor.py:830} INFO - Processing file /home/airflow/.local/lib/python3.12/site-packages/airflow/example_dags/example_short_circuit_operator.py for tasks to queue
[2026-04-13T16:53:24.730+0000] {logging_mixin.py:188} INFO - [2026-04-13T16:53:24.729+0000] {dagbag.py:545} INFO - Filling up the DagBag from /home/airflow/.local/lib/python3.12/site-packages/airflow/example_dags/example_short_circuit_operator.py
[2026-04-13T16:53:24.741+0000] {processor.py:840} INFO - DAG(s) 'example_short_circuit_operator' retrieved from /home/airflow/.local/lib/python3.12/site-packages/airflow/example_dags/example_short_circuit_operator.py
[2026-04-13T16:53:24.784+0000] {logging_mixin.py:188} INFO - [2026-04-13T16:53:24.784+0000] {dag.py:3096} INFO - Sync 1 DAGs
[2026-04-13T16:53:24.815+0000] {logging_mixin.py:188} INFO - [2026-04-13T16:53:24.815+0000] {dag.py:3954} INFO - Setting next_dagrun for example_short_circuit_operator to 2026-04-12 00:00:00+00:00, run_after=2026-04-13 00:00:00+00:00
[2026-04-13T16:53:24.874+0000] {processor.py:183} INFO - Processing /home/airflow/.local/lib/python3.12/site-packages/airflow/example_dags/example_short_circuit_operator.py took 0.157 seconds
[2026-04-13T16:53:55.255+0000] {processor.py:161} INFO - Started process (PID=1342) to work on /home/airflow/.local/lib/python3.12/site-packages/airflow/example_dags/example_short_circuit_operator.py
[2026-04-13T16:53:55.257+0000] {processor.py:830} INFO - Processing file /home/airflow/.local/lib/python3.12/site-packages/airflow/example_dags/example_short_circuit_operator.py for tasks to queue
[2026-04-13T16:53:55.260+0000] {logging_mixin.py:188} INFO - [2026-04-13T16:53:55.260+0000] {dagbag.py:545} INFO - Filling up the DagBag from /home/airflow/.local/lib/python3.12/site-packages/airflow/example_dags/example_short_circuit_operator.py
[2026-04-13T16:53:55.274+0000] {processor.py:840} INFO - DAG(s) 'example_short_circuit_operator' retrieved from /home/airflow/.local/lib/python3.12/site-packages/airflow/example_dags/example_short_circuit_operator.py
[2026-04-13T16:53:55.306+0000] {logging_mixin.py:188} INFO - [2026-04-13T16:53:55.306+0000] {dag.py:3096} INFO - Sync 1 DAGs
[2026-04-13T16:53:55.340+0000] {logging_mixin.py:188} INFO - [2026-04-13T16:53:55.339+0000] {dag.py:3954} INFO - Setting next_dagrun for example_short_circuit_operator to 2026-04-12 00:00:00+00:00, run_after=2026-04-13 00:00:00+00:00
[2026-04-13T16:53:55.370+0000] {processor.py:183} INFO - Processing /home/airflow/.local/lib/python3.12/site-packages/airflow/example_dags/example_short_circuit_operator.py took 0.124 seconds
[2026-04-13T16:54:26.313+0000] {processor.py:161} INFO - Started process (PID=1400) to work on /home/airflow/.local/lib/python3.12/site-packages/airflow/example_dags/example_short_circuit_operator.py
[2026-04-13T16:54:26.316+0000] {processor.py:830} INFO - Processing file /home/airflow/.local/lib/python3.12/site-packages/airflow/example_dags/example_short_circuit_operator.py for tasks to queue
[2026-04-13T16:54:26.321+0000] {logging_mixin.py:188} INFO - [2026-04-13T16:54:26.321+0000] {dagbag.py:545} INFO - Filling up the DagBag from /home/airflow/.local/lib/python3.12/site-packages/airflow/example_dags/example_short_circuit_operator.py
[2026-04-13T16:54:26.343+0000] {processor.py:840} INFO - DAG(s) 'example_short_circuit_operator' retrieved from /home/airflow/.local/lib/python3.12/site-packages/airflow/example_dags/example_short_circuit_operator.py
[2026-04-13T16:54:26.405+0000] {logging_mixin.py:188} INFO - [2026-04-13T16:54:26.404+0000] {dag.py:3096} INFO - Sync 1 DAGs
[2026-04-13T16:54:26.466+0000] {logging_mixin.py:188} INFO - [2026-04-13T16:54:26.465+0000] {dag.py:3954} INFO - Setting next_dagrun for example_short_circuit_operator to 2026-04-12 00:00:00+00:00, run_after=2026-04-13 00:00:00+00:00
[2026-04-13T16:54:26.589+0000] {processor.py:183} INFO - Processing /home/airflow/.local/lib/python3.12/site-packages/airflow/example_dags/example_short_circuit_operator.py took 0.300 seconds
[2026-04-13T16:54:56.803+0000] {processor.py:161} INFO - Started process (PID=1458) to work on /home/airflow/.local/lib/python3.12/site-packages/airflow/example_dags/example_short_circuit_operator.py
[2026-04-13T16:54:56.804+0000] {processor.py:830} INFO - Processing file /home/airflow/.local/lib/python3.12/site-packages/airflow/example_dags/example_short_circuit_operator.py for tasks to queue
[2026-04-13T16:54:56.807+0000] {logging_mixin.py:188} INFO - [2026-04-13T16:54:56.807+0000] {dagbag.py:545} INFO - Filling up the DagBag from /home/airflow/.local/lib/python3.12/site-packages/airflow/example_dags/example_short_circuit_operator.py
[2026-04-13T16:54:56.820+0000] {processor.py:840} INFO - DAG(s) 'example_short_circuit_operator' retrieved from /home/airflow/.local/lib/python3.12/site-packages/airflow/example_dags/example_short_circuit_operator.py
[2026-04-13T16:54:56.852+0000] {logging_mixin.py:188} INFO - [2026-04-13T16:54:56.852+0000] {dag.py:3096} INFO - Sync 1 DAGs
[2026-04-13T16:54:56.886+0000] {logging_mixin.py:188} INFO - [2026-04-13T16:54:56.886+0000] {dag.py:3954} INFO - Setting next_dagrun for example_short_circuit_operator to 2026-04-12 00:00:00+00:00, run_after=2026-04-13 00:00:00+00:00
[2026-04-13T16:54:56.918+0000] {processor.py:183} INFO - Processing /home/airflow/.local/lib/python3.12/site-packages/airflow/example_dags/example_short_circuit_operator.py took 0.125 seconds
[2026-04-13T16:55:27.472+0000] {processor.py:161} INFO - Started process (PID=1516) to work on /home/airflow/.local/lib/python3.12/site-packages/airflow/example_dags/example_short_circuit_operator.py
[2026-04-13T16:55:27.473+0000] {processor.py:830} INFO - Processing file /home/airflow/.local/lib/python3.12/site-packages/airflow/example_dags/example_short_circuit_operator.py for tasks to queue
[2026-04-13T16:55:27.476+0000] {logging_mixin.py:188} INFO - [2026-04-13T16:55:27.476+0000] {dagbag.py:545} INFO - Filling up the DagBag from /home/airflow/.local/lib/python3.12/site-packages/airflow/example_dags/example_short_circuit_operator.py
[2026-04-13T16:55:27.488+0000] {processor.py:840} INFO - DAG(s) 'example_short_circuit_operator' retrieved from /home/airflow/.local/lib/python3.12/site-packages/airflow/example_dags/example_short_circuit_operator.py
[2026-04-13T16:55:27.518+0000] {logging_mixin.py:188} INFO - [2026-04-13T16:55:27.518+0000] {dag.py:3096} INFO - Sync 1 DAGs
[2026-04-13T16:55:27.547+0000] {logging_mixin.py:188} INFO - [2026-04-13T16:55:27.547+0000] {dag.py:3954} INFO - Setting next_dagrun for example_short_circuit_operator to 2026-04-12 00:00:00+00:00, run_after=2026-04-13 00:00:00+00:00
[2026-04-13T16:55:27.579+0000] {processor.py:183} INFO - Processing /home/airflow/.local/lib/python3.12/site-packages/airflow/example_dags/example_short_circuit_operator.py took 0.120 seconds
[2026-04-13T16:55:57.724+0000] {processor.py:161} INFO - Started process (PID=1574) to work on /home/airflow/.local/lib/python3.12/site-packages/airflow/example_dags/example_short_circuit_operator.py
[2026-04-13T16:55:57.728+0000] {processor.py:830} INFO - Processing file /home/airflow/.local/lib/python3.12/site-packages/airflow/example_dags/example_short_circuit_operator.py for tasks to queue
[2026-04-13T16:55:57.731+0000] {logging_mixin.py:188} INFO - [2026-04-13T16:55:57.729+0000] {dagbag.py:545} INFO - Filling up the DagBag from /home/airflow/.local/lib/python3.12/site-packages/airflow/example_dags/example_short_circuit_operator.py
[2026-04-13T16:55:57.755+0000] {processor.py:840} INFO - DAG(s) 'example_short_circuit_operator' retrieved from /home/airflow/.local/lib/python3.12/site-packages/airflow/example_dags/example_short_circuit_operator.py
[2026-04-13T16:55:57.810+0000] {logging_mixin.py:188} INFO - [2026-04-13T16:55:57.809+0000] {dag.py:3096} INFO - Sync 1 DAGs
[2026-04-13T16:55:57.863+0000] {logging_mixin.py:188} INFO - [2026-04-13T16:55:57.862+0000] {dag.py:3954} INFO - Setting next_dagrun for example_short_circuit_operator to 2026-04-12 00:00:00+00:00, run_after=2026-04-13 00:00:00+00:00
[2026-04-13T16:55:57.911+0000] {processor.py:183} INFO - Processing /home/airflow/.local/lib/python3.12/site-packages/airflow/example_dags/example_short_circuit_operator.py took 0.211 seconds
[2026-04-13T16:56:28.271+0000] {processor.py:161} INFO - Started process (PID=1632) to work on /home/airflow/.local/lib/python3.12/site-packages/airflow/example_dags/example_short_circuit_operator.py
[2026-04-13T16:56:28.272+0000] {processor.py:830} INFO - Processing file /home/airflow/.local/lib/python3.12/site-packages/airflow/example_dags/example_short_circuit_operator.py for tasks to queue
[2026-04-13T16:56:28.275+0000] {logging_mixin.py:188} INFO - [2026-04-13T16:56:28.275+0000] {dagbag.py:545} INFO - Filling up the DagBag from /home/airflow/.local/lib/python3.12/site-packages/airflow/example_dags/example_short_circuit_operator.py
[2026-04-13T16:56:28.285+0000] {processor.py:840} INFO - DAG(s) 'example_short_circuit_operator' retrieved from /home/airflow/.local/lib/python3.12/site-packages/airflow/example_dags/example_short_circuit_operator.py
[2026-04-13T16:56:28.322+0000] {logging_mixin.py:188} INFO - [2026-04-13T16:56:28.321+0000] {dag.py:3096} INFO - Sync 1 DAGs
[2026-04-13T16:56:28.360+0000] {logging_mixin.py:188} INFO - [2026-04-13T16:56:28.360+0000] {dag.py:3954} INFO - Setting next_dagrun for example_short_circuit_operator to 2026-04-12 00:00:00+00:00, run_after=2026-04-13 00:00:00+00:00
[2026-04-13T16:56:28.396+0000] {processor.py:183} INFO - Processing /home/airflow/.local/lib/python3.12/site-packages/airflow/example_dags/example_short_circuit_operator.py took 0.132 seconds
