[2026-04-13T16:43:02.436+0000] {processor.py:161} INFO - Started process (PID=97) to work on /home/airflow/.local/lib/python3.12/site-packages/airflow/example_dags/example_complex.py
[2026-04-13T16:43:02.439+0000] {processor.py:830} INFO - Processing file /home/airflow/.local/lib/python3.12/site-packages/airflow/example_dags/example_complex.py for tasks to queue
[2026-04-13T16:43:02.452+0000] {logging_mixin.py:188} INFO - [2026-04-13T16:43:02.451+0000] {dagbag.py:545} INFO - Filling up the DagBag from /home/airflow/.local/lib/python3.12/site-packages/airflow/example_dags/example_complex.py
[2026-04-13T16:43:02.523+0000] {processor.py:840} INFO - DAG(s) 'example_complex' retrieved from /home/airflow/.local/lib/python3.12/site-packages/airflow/example_dags/example_complex.py
[2026-04-13T16:43:03.009+0000] {logging_mixin.py:188} INFO - [2026-04-13T16:43:03.008+0000] {dag.py:3096} INFO - Sync 1 DAGs
[2026-04-13T16:43:03.050+0000] {logging_mixin.py:188} INFO - [2026-04-13T16:43:03.049+0000] {dag.py:3954} INFO - Setting next_dagrun for example_complex to None, run_after=None
[2026-04-13T16:43:03.149+0000] {processor.py:183} INFO - Processing /home/airflow/.local/lib/python3.12/site-packages/airflow/example_dags/example_complex.py took 0.732 seconds
[2026-04-13T16:43:34.002+0000] {processor.py:161} INFO - Started process (PID=156) to work on /home/airflow/.local/lib/python3.12/site-packages/airflow/example_dags/example_complex.py
[2026-04-13T16:43:34.014+0000] {processor.py:830} INFO - Processing file /home/airflow/.local/lib/python3.12/site-packages/airflow/example_dags/example_complex.py for tasks to queue
[2026-04-13T16:43:34.032+0000] {logging_mixin.py:188} INFO - [2026-04-13T16:43:34.031+0000] {dagbag.py:545} INFO - Filling up the DagBag from /home/airflow/.local/lib/python3.12/site-packages/airflow/example_dags/example_complex.py
[2026-04-13T16:43:34.140+0000] {processor.py:840} INFO - DAG(s) 'example_complex' retrieved from /home/airflow/.local/lib/python3.12/site-packages/airflow/example_dags/example_complex.py
[2026-04-13T16:43:34.486+0000] {logging_mixin.py:188} INFO - [2026-04-13T16:43:34.485+0000] {dag.py:3096} INFO - Sync 1 DAGs
[2026-04-13T16:43:34.731+0000] {logging_mixin.py:188} INFO - [2026-04-13T16:43:34.730+0000] {dag.py:3954} INFO - Setting next_dagrun for example_complex to None, run_after=None
[2026-04-13T16:43:35.009+0000] {processor.py:183} INFO - Processing /home/airflow/.local/lib/python3.12/site-packages/airflow/example_dags/example_complex.py took 1.067 seconds
[2026-04-13T16:44:05.092+0000] {processor.py:161} INFO - Started process (PID=214) to work on /home/airflow/.local/lib/python3.12/site-packages/airflow/example_dags/example_complex.py
[2026-04-13T16:44:05.093+0000] {processor.py:830} INFO - Processing file /home/airflow/.local/lib/python3.12/site-packages/airflow/example_dags/example_complex.py for tasks to queue
[2026-04-13T16:44:05.096+0000] {logging_mixin.py:188} INFO - [2026-04-13T16:44:05.096+0000] {dagbag.py:545} INFO - Filling up the DagBag from /home/airflow/.local/lib/python3.12/site-packages/airflow/example_dags/example_complex.py
[2026-04-13T16:44:05.120+0000] {processor.py:840} INFO - DAG(s) 'example_complex' retrieved from /home/airflow/.local/lib/python3.12/site-packages/airflow/example_dags/example_complex.py
[2026-04-13T16:44:05.181+0000] {logging_mixin.py:188} INFO - [2026-04-13T16:44:05.180+0000] {dag.py:3096} INFO - Sync 1 DAGs
[2026-04-13T16:44:05.202+0000] {logging_mixin.py:188} INFO - [2026-04-13T16:44:05.202+0000] {dag.py:3954} INFO - Setting next_dagrun for example_complex to None, run_after=None
[2026-04-13T16:44:05.231+0000] {processor.py:183} INFO - Processing /home/airflow/.local/lib/python3.12/site-packages/airflow/example_dags/example_complex.py took 0.150 seconds
[2026-04-13T16:44:35.436+0000] {processor.py:161} INFO - Started process (PID=272) to work on /home/airflow/.local/lib/python3.12/site-packages/airflow/example_dags/example_complex.py
[2026-04-13T16:44:35.439+0000] {processor.py:830} INFO - Processing file /home/airflow/.local/lib/python3.12/site-packages/airflow/example_dags/example_complex.py for tasks to queue
[2026-04-13T16:44:35.442+0000] {logging_mixin.py:188} INFO - [2026-04-13T16:44:35.441+0000] {dagbag.py:545} INFO - Filling up the DagBag from /home/airflow/.local/lib/python3.12/site-packages/airflow/example_dags/example_complex.py
[2026-04-13T16:44:35.457+0000] {processor.py:840} INFO - DAG(s) 'example_complex' retrieved from /home/airflow/.local/lib/python3.12/site-packages/airflow/example_dags/example_complex.py
[2026-04-13T16:44:35.506+0000] {logging_mixin.py:188} INFO - [2026-04-13T16:44:35.506+0000] {dag.py:3096} INFO - Sync 1 DAGs
[2026-04-13T16:44:35.525+0000] {logging_mixin.py:188} INFO - [2026-04-13T16:44:35.525+0000] {dag.py:3954} INFO - Setting next_dagrun for example_complex to None, run_after=None
[2026-04-13T16:44:35.633+0000] {processor.py:183} INFO - Processing /home/airflow/.local/lib/python3.12/site-packages/airflow/example_dags/example_complex.py took 0.206 seconds
[2026-04-13T16:45:06.090+0000] {processor.py:161} INFO - Started process (PID=330) to work on /home/airflow/.local/lib/python3.12/site-packages/airflow/example_dags/example_complex.py
[2026-04-13T16:45:06.092+0000] {processor.py:830} INFO - Processing file /home/airflow/.local/lib/python3.12/site-packages/airflow/example_dags/example_complex.py for tasks to queue
[2026-04-13T16:45:06.094+0000] {logging_mixin.py:188} INFO - [2026-04-13T16:45:06.094+0000] {dagbag.py:545} INFO - Filling up the DagBag from /home/airflow/.local/lib/python3.12/site-packages/airflow/example_dags/example_complex.py
[2026-04-13T16:45:06.108+0000] {processor.py:840} INFO - DAG(s) 'example_complex' retrieved from /home/airflow/.local/lib/python3.12/site-packages/airflow/example_dags/example_complex.py
[2026-04-13T16:45:06.157+0000] {logging_mixin.py:188} INFO - [2026-04-13T16:45:06.157+0000] {dag.py:3096} INFO - Sync 1 DAGs
[2026-04-13T16:45:06.178+0000] {logging_mixin.py:188} INFO - [2026-04-13T16:45:06.177+0000] {dag.py:3954} INFO - Setting next_dagrun for example_complex to None, run_after=None
[2026-04-13T16:45:06.287+0000] {processor.py:183} INFO - Processing /home/airflow/.local/lib/python3.12/site-packages/airflow/example_dags/example_complex.py took 0.206 seconds
[2026-04-13T16:45:36.561+0000] {processor.py:161} INFO - Started process (PID=388) to work on /home/airflow/.local/lib/python3.12/site-packages/airflow/example_dags/example_complex.py
[2026-04-13T16:45:36.563+0000] {processor.py:830} INFO - Processing file /home/airflow/.local/lib/python3.12/site-packages/airflow/example_dags/example_complex.py for tasks to queue
[2026-04-13T16:45:36.568+0000] {logging_mixin.py:188} INFO - [2026-04-13T16:45:36.567+0000] {dagbag.py:545} INFO - Filling up the DagBag from /home/airflow/.local/lib/python3.12/site-packages/airflow/example_dags/example_complex.py
[2026-04-13T16:45:36.596+0000] {processor.py:840} INFO - DAG(s) 'example_complex' retrieved from /home/airflow/.local/lib/python3.12/site-packages/airflow/example_dags/example_complex.py
[2026-04-13T16:45:36.666+0000] {logging_mixin.py:188} INFO - [2026-04-13T16:45:36.665+0000] {dag.py:3096} INFO - Sync 1 DAGs
[2026-04-13T16:45:36.686+0000] {logging_mixin.py:188} INFO - [2026-04-13T16:45:36.685+0000] {dag.py:3954} INFO - Setting next_dagrun for example_complex to None, run_after=None
[2026-04-13T16:45:36.727+0000] {processor.py:183} INFO - Processing /home/airflow/.local/lib/python3.12/site-packages/airflow/example_dags/example_complex.py took 0.177 seconds
[2026-04-13T16:46:07.582+0000] {processor.py:161} INFO - Started process (PID=446) to work on /home/airflow/.local/lib/python3.12/site-packages/airflow/example_dags/example_complex.py
[2026-04-13T16:46:07.585+0000] {processor.py:830} INFO - Processing file /home/airflow/.local/lib/python3.12/site-packages/airflow/example_dags/example_complex.py for tasks to queue
[2026-04-13T16:46:07.590+0000] {logging_mixin.py:188} INFO - [2026-04-13T16:46:07.589+0000] {dagbag.py:545} INFO - Filling up the DagBag from /home/airflow/.local/lib/python3.12/site-packages/airflow/example_dags/example_complex.py
[2026-04-13T16:46:07.615+0000] {processor.py:840} INFO - DAG(s) 'example_complex' retrieved from /home/airflow/.local/lib/python3.12/site-packages/airflow/example_dags/example_complex.py
[2026-04-13T16:46:07.697+0000] {logging_mixin.py:188} INFO - [2026-04-13T16:46:07.696+0000] {dag.py:3096} INFO - Sync 1 DAGs
[2026-04-13T16:46:07.727+0000] {logging_mixin.py:188} INFO - [2026-04-13T16:46:07.727+0000] {dag.py:3954} INFO - Setting next_dagrun for example_complex to None, run_after=None
[2026-04-13T16:46:07.775+0000] {processor.py:183} INFO - Processing /home/airflow/.local/lib/python3.12/site-packages/airflow/example_dags/example_complex.py took 0.209 seconds
[2026-04-13T16:46:38.183+0000] {processor.py:161} INFO - Started process (PID=505) to work on /home/airflow/.local/lib/python3.12/site-packages/airflow/example_dags/example_complex.py
[2026-04-13T16:46:38.184+0000] {processor.py:830} INFO - Processing file /home/airflow/.local/lib/python3.12/site-packages/airflow/example_dags/example_complex.py for tasks to queue
[2026-04-13T16:46:38.187+0000] {logging_mixin.py:188} INFO - [2026-04-13T16:46:38.186+0000] {dagbag.py:545} INFO - Filling up the DagBag from /home/airflow/.local/lib/python3.12/site-packages/airflow/example_dags/example_complex.py
[2026-04-13T16:46:38.201+0000] {processor.py:840} INFO - DAG(s) 'example_complex' retrieved from /home/airflow/.local/lib/python3.12/site-packages/airflow/example_dags/example_complex.py
[2026-04-13T16:46:38.245+0000] {logging_mixin.py:188} INFO - [2026-04-13T16:46:38.245+0000] {dag.py:3096} INFO - Sync 1 DAGs
[2026-04-13T16:46:38.261+0000] {logging_mixin.py:188} INFO - [2026-04-13T16:46:38.261+0000] {dag.py:3954} INFO - Setting next_dagrun for example_complex to None, run_after=None
[2026-04-13T16:46:38.340+0000] {processor.py:183} INFO - Processing /home/airflow/.local/lib/python3.12/site-packages/airflow/example_dags/example_complex.py took 0.165 seconds
[2026-04-13T16:47:08.537+0000] {processor.py:161} INFO - Started process (PID=563) to work on /home/airflow/.local/lib/python3.12/site-packages/airflow/example_dags/example_complex.py
[2026-04-13T16:47:08.540+0000] {processor.py:830} INFO - Processing file /home/airflow/.local/lib/python3.12/site-packages/airflow/example_dags/example_complex.py for tasks to queue
[2026-04-13T16:47:08.546+0000] {logging_mixin.py:188} INFO - [2026-04-13T16:47:08.545+0000] {dagbag.py:545} INFO - Filling up the DagBag from /home/airflow/.local/lib/python3.12/site-packages/airflow/example_dags/example_complex.py
[2026-04-13T16:47:08.580+0000] {processor.py:840} INFO - DAG(s) 'example_complex' retrieved from /home/airflow/.local/lib/python3.12/site-packages/airflow/example_dags/example_complex.py
[2026-04-13T16:47:08.675+0000] {logging_mixin.py:188} INFO - [2026-04-13T16:47:08.674+0000] {dag.py:3096} INFO - Sync 1 DAGs
[2026-04-13T16:47:08.710+0000] {logging_mixin.py:188} INFO - [2026-04-13T16:47:08.709+0000] {dag.py:3954} INFO - Setting next_dagrun for example_complex to None, run_after=None
[2026-04-13T16:47:08.771+0000] {processor.py:183} INFO - Processing /home/airflow/.local/lib/python3.12/site-packages/airflow/example_dags/example_complex.py took 0.253 seconds
[2026-04-13T16:47:38.955+0000] {processor.py:161} INFO - Started process (PID=621) to work on /home/airflow/.local/lib/python3.12/site-packages/airflow/example_dags/example_complex.py
[2026-04-13T16:47:38.958+0000] {processor.py:830} INFO - Processing file /home/airflow/.local/lib/python3.12/site-packages/airflow/example_dags/example_complex.py for tasks to queue
[2026-04-13T16:47:38.963+0000] {logging_mixin.py:188} INFO - [2026-04-13T16:47:38.962+0000] {dagbag.py:545} INFO - Filling up the DagBag from /home/airflow/.local/lib/python3.12/site-packages/airflow/example_dags/example_complex.py
[2026-04-13T16:47:38.991+0000] {processor.py:840} INFO - DAG(s) 'example_complex' retrieved from /home/airflow/.local/lib/python3.12/site-packages/airflow/example_dags/example_complex.py
[2026-04-13T16:47:39.071+0000] {logging_mixin.py:188} INFO - [2026-04-13T16:47:39.070+0000] {dag.py:3096} INFO - Sync 1 DAGs
[2026-04-13T16:47:39.102+0000] {logging_mixin.py:188} INFO - [2026-04-13T16:47:39.102+0000] {dag.py:3954} INFO - Setting next_dagrun for example_complex to None, run_after=None
[2026-04-13T16:47:39.147+0000] {processor.py:183} INFO - Processing /home/airflow/.local/lib/python3.12/site-packages/airflow/example_dags/example_complex.py took 0.211 seconds
[2026-04-13T16:48:09.422+0000] {processor.py:161} INFO - Started process (PID=679) to work on /home/airflow/.local/lib/python3.12/site-packages/airflow/example_dags/example_complex.py
[2026-04-13T16:48:09.424+0000] {processor.py:830} INFO - Processing file /home/airflow/.local/lib/python3.12/site-packages/airflow/example_dags/example_complex.py for tasks to queue
[2026-04-13T16:48:09.428+0000] {logging_mixin.py:188} INFO - [2026-04-13T16:48:09.428+0000] {dagbag.py:545} INFO - Filling up the DagBag from /home/airflow/.local/lib/python3.12/site-packages/airflow/example_dags/example_complex.py
[2026-04-13T16:48:09.457+0000] {processor.py:840} INFO - DAG(s) 'example_complex' retrieved from /home/airflow/.local/lib/python3.12/site-packages/airflow/example_dags/example_complex.py
[2026-04-13T16:48:09.551+0000] {logging_mixin.py:188} INFO - [2026-04-13T16:48:09.551+0000] {dag.py:3096} INFO - Sync 1 DAGs
[2026-04-13T16:48:09.587+0000] {logging_mixin.py:188} INFO - [2026-04-13T16:48:09.587+0000] {dag.py:3954} INFO - Setting next_dagrun for example_complex to None, run_after=None
[2026-04-13T16:48:09.649+0000] {processor.py:183} INFO - Processing /home/airflow/.local/lib/python3.12/site-packages/airflow/example_dags/example_complex.py took 0.241 seconds
[2026-04-13T16:48:40.649+0000] {processor.py:161} INFO - Started process (PID=737) to work on /home/airflow/.local/lib/python3.12/site-packages/airflow/example_dags/example_complex.py
[2026-04-13T16:48:40.651+0000] {processor.py:830} INFO - Processing file /home/airflow/.local/lib/python3.12/site-packages/airflow/example_dags/example_complex.py for tasks to queue
[2026-04-13T16:48:40.654+0000] {logging_mixin.py:188} INFO - [2026-04-13T16:48:40.653+0000] {dagbag.py:545} INFO - Filling up the DagBag from /home/airflow/.local/lib/python3.12/site-packages/airflow/example_dags/example_complex.py
[2026-04-13T16:48:40.669+0000] {processor.py:840} INFO - DAG(s) 'example_complex' retrieved from /home/airflow/.local/lib/python3.12/site-packages/airflow/example_dags/example_complex.py
[2026-04-13T16:48:40.712+0000] {logging_mixin.py:188} INFO - [2026-04-13T16:48:40.712+0000] {dag.py:3096} INFO - Sync 1 DAGs
[2026-04-13T16:48:40.729+0000] {logging_mixin.py:188} INFO - [2026-04-13T16:48:40.729+0000] {dag.py:3954} INFO - Setting next_dagrun for example_complex to None, run_after=None
[2026-04-13T16:48:40.758+0000] {processor.py:183} INFO - Processing /home/airflow/.local/lib/python3.12/site-packages/airflow/example_dags/example_complex.py took 0.119 seconds
[2026-04-13T16:49:10.993+0000] {processor.py:161} INFO - Started process (PID=795) to work on /home/airflow/.local/lib/python3.12/site-packages/airflow/example_dags/example_complex.py
[2026-04-13T16:49:10.996+0000] {processor.py:830} INFO - Processing file /home/airflow/.local/lib/python3.12/site-packages/airflow/example_dags/example_complex.py for tasks to queue
[2026-04-13T16:49:11.001+0000] {logging_mixin.py:188} INFO - [2026-04-13T16:49:11.000+0000] {dagbag.py:545} INFO - Filling up the DagBag from /home/airflow/.local/lib/python3.12/site-packages/airflow/example_dags/example_complex.py
[2026-04-13T16:49:11.023+0000] {processor.py:840} INFO - DAG(s) 'example_complex' retrieved from /home/airflow/.local/lib/python3.12/site-packages/airflow/example_dags/example_complex.py
[2026-04-13T16:49:11.104+0000] {logging_mixin.py:188} INFO - [2026-04-13T16:49:11.103+0000] {dag.py:3096} INFO - Sync 1 DAGs
[2026-04-13T16:49:11.125+0000] {logging_mixin.py:188} INFO - [2026-04-13T16:49:11.125+0000] {dag.py:3954} INFO - Setting next_dagrun for example_complex to None, run_after=None
[2026-04-13T16:49:11.181+0000] {processor.py:183} INFO - Processing /home/airflow/.local/lib/python3.12/site-packages/airflow/example_dags/example_complex.py took 0.202 seconds
[2026-04-13T16:49:41.316+0000] {processor.py:161} INFO - Started process (PID=853) to work on /home/airflow/.local/lib/python3.12/site-packages/airflow/example_dags/example_complex.py
[2026-04-13T16:49:41.318+0000] {processor.py:830} INFO - Processing file /home/airflow/.local/lib/python3.12/site-packages/airflow/example_dags/example_complex.py for tasks to queue
[2026-04-13T16:49:41.321+0000] {logging_mixin.py:188} INFO - [2026-04-13T16:49:41.321+0000] {dagbag.py:545} INFO - Filling up the DagBag from /home/airflow/.local/lib/python3.12/site-packages/airflow/example_dags/example_complex.py
[2026-04-13T16:49:41.340+0000] {processor.py:840} INFO - DAG(s) 'example_complex' retrieved from /home/airflow/.local/lib/python3.12/site-packages/airflow/example_dags/example_complex.py
[2026-04-13T16:49:41.384+0000] {logging_mixin.py:188} INFO - [2026-04-13T16:49:41.383+0000] {dag.py:3096} INFO - Sync 1 DAGs
[2026-04-13T16:49:41.400+0000] {logging_mixin.py:188} INFO - [2026-04-13T16:49:41.400+0000] {dag.py:3954} INFO - Setting next_dagrun for example_complex to None, run_after=None
[2026-04-13T16:49:41.431+0000] {processor.py:183} INFO - Processing /home/airflow/.local/lib/python3.12/site-packages/airflow/example_dags/example_complex.py took 0.125 seconds
[2026-04-13T16:50:11.961+0000] {processor.py:161} INFO - Started process (PID=911) to work on /home/airflow/.local/lib/python3.12/site-packages/airflow/example_dags/example_complex.py
[2026-04-13T16:50:11.963+0000] {processor.py:830} INFO - Processing file /home/airflow/.local/lib/python3.12/site-packages/airflow/example_dags/example_complex.py for tasks to queue
[2026-04-13T16:50:11.968+0000] {logging_mixin.py:188} INFO - [2026-04-13T16:50:11.967+0000] {dagbag.py:545} INFO - Filling up the DagBag from /home/airflow/.local/lib/python3.12/site-packages/airflow/example_dags/example_complex.py
[2026-04-13T16:50:11.996+0000] {processor.py:840} INFO - DAG(s) 'example_complex' retrieved from /home/airflow/.local/lib/python3.12/site-packages/airflow/example_dags/example_complex.py
[2026-04-13T16:50:12.079+0000] {logging_mixin.py:188} INFO - [2026-04-13T16:50:12.078+0000] {dag.py:3096} INFO - Sync 1 DAGs
[2026-04-13T16:50:12.111+0000] {logging_mixin.py:188} INFO - [2026-04-13T16:50:12.111+0000] {dag.py:3954} INFO - Setting next_dagrun for example_complex to None, run_after=None
[2026-04-13T16:50:12.161+0000] {processor.py:183} INFO - Processing /home/airflow/.local/lib/python3.12/site-packages/airflow/example_dags/example_complex.py took 0.215 seconds
[2026-04-13T16:50:42.670+0000] {processor.py:161} INFO - Started process (PID=969) to work on /home/airflow/.local/lib/python3.12/site-packages/airflow/example_dags/example_complex.py
[2026-04-13T16:50:42.672+0000] {processor.py:830} INFO - Processing file /home/airflow/.local/lib/python3.12/site-packages/airflow/example_dags/example_complex.py for tasks to queue
[2026-04-13T16:50:42.675+0000] {logging_mixin.py:188} INFO - [2026-04-13T16:50:42.674+0000] {dagbag.py:545} INFO - Filling up the DagBag from /home/airflow/.local/lib/python3.12/site-packages/airflow/example_dags/example_complex.py
[2026-04-13T16:50:42.688+0000] {processor.py:840} INFO - DAG(s) 'example_complex' retrieved from /home/airflow/.local/lib/python3.12/site-packages/airflow/example_dags/example_complex.py
[2026-04-13T16:50:42.731+0000] {logging_mixin.py:188} INFO - [2026-04-13T16:50:42.731+0000] {dag.py:3096} INFO - Sync 1 DAGs
[2026-04-13T16:50:42.748+0000] {logging_mixin.py:188} INFO - [2026-04-13T16:50:42.747+0000] {dag.py:3954} INFO - Setting next_dagrun for example_complex to None, run_after=None
[2026-04-13T16:50:42.775+0000] {processor.py:183} INFO - Processing /home/airflow/.local/lib/python3.12/site-packages/airflow/example_dags/example_complex.py took 0.113 seconds
[2026-04-13T16:51:13.007+0000] {processor.py:161} INFO - Started process (PID=1027) to work on /home/airflow/.local/lib/python3.12/site-packages/airflow/example_dags/example_complex.py
[2026-04-13T16:51:13.010+0000] {processor.py:830} INFO - Processing file /home/airflow/.local/lib/python3.12/site-packages/airflow/example_dags/example_complex.py for tasks to queue
[2026-04-13T16:51:13.014+0000] {logging_mixin.py:188} INFO - [2026-04-13T16:51:13.014+0000] {dagbag.py:545} INFO - Filling up the DagBag from /home/airflow/.local/lib/python3.12/site-packages/airflow/example_dags/example_complex.py
[2026-04-13T16:51:13.040+0000] {processor.py:840} INFO - DAG(s) 'example_complex' retrieved from /home/airflow/.local/lib/python3.12/site-packages/airflow/example_dags/example_complex.py
[2026-04-13T16:51:13.125+0000] {logging_mixin.py:188} INFO - [2026-04-13T16:51:13.124+0000] {dag.py:3096} INFO - Sync 1 DAGs
[2026-04-13T16:51:13.155+0000] {logging_mixin.py:188} INFO - [2026-04-13T16:51:13.154+0000] {dag.py:3954} INFO - Setting next_dagrun for example_complex to None, run_after=None
[2026-04-13T16:51:13.206+0000] {processor.py:183} INFO - Processing /home/airflow/.local/lib/python3.12/site-packages/airflow/example_dags/example_complex.py took 0.214 seconds
[2026-04-13T16:51:43.651+0000] {processor.py:161} INFO - Started process (PID=1085) to work on /home/airflow/.local/lib/python3.12/site-packages/airflow/example_dags/example_complex.py
[2026-04-13T16:51:43.653+0000] {processor.py:830} INFO - Processing file /home/airflow/.local/lib/python3.12/site-packages/airflow/example_dags/example_complex.py for tasks to queue
[2026-04-13T16:51:43.657+0000] {logging_mixin.py:188} INFO - [2026-04-13T16:51:43.657+0000] {dagbag.py:545} INFO - Filling up the DagBag from /home/airflow/.local/lib/python3.12/site-packages/airflow/example_dags/example_complex.py
[2026-04-13T16:51:43.700+0000] {processor.py:840} INFO - DAG(s) 'example_complex' retrieved from /home/airflow/.local/lib/python3.12/site-packages/airflow/example_dags/example_complex.py
[2026-04-13T16:51:43.781+0000] {logging_mixin.py:188} INFO - [2026-04-13T16:51:43.780+0000] {dag.py:3096} INFO - Sync 1 DAGs
[2026-04-13T16:51:43.811+0000] {logging_mixin.py:188} INFO - [2026-04-13T16:51:43.810+0000] {dag.py:3954} INFO - Setting next_dagrun for example_complex to None, run_after=None
[2026-04-13T16:51:43.927+0000] {processor.py:183} INFO - Processing /home/airflow/.local/lib/python3.12/site-packages/airflow/example_dags/example_complex.py took 0.291 seconds
[2026-04-13T16:52:14.091+0000] {processor.py:161} INFO - Started process (PID=1143) to work on /home/airflow/.local/lib/python3.12/site-packages/airflow/example_dags/example_complex.py
[2026-04-13T16:52:14.093+0000] {processor.py:830} INFO - Processing file /home/airflow/.local/lib/python3.12/site-packages/airflow/example_dags/example_complex.py for tasks to queue
[2026-04-13T16:52:14.096+0000] {logging_mixin.py:188} INFO - [2026-04-13T16:52:14.096+0000] {dagbag.py:545} INFO - Filling up the DagBag from /home/airflow/.local/lib/python3.12/site-packages/airflow/example_dags/example_complex.py
[2026-04-13T16:52:14.112+0000] {processor.py:840} INFO - DAG(s) 'example_complex' retrieved from /home/airflow/.local/lib/python3.12/site-packages/airflow/example_dags/example_complex.py
[2026-04-13T16:52:14.165+0000] {logging_mixin.py:188} INFO - [2026-04-13T16:52:14.164+0000] {dag.py:3096} INFO - Sync 1 DAGs
[2026-04-13T16:52:14.186+0000] {logging_mixin.py:188} INFO - [2026-04-13T16:52:14.185+0000] {dag.py:3954} INFO - Setting next_dagrun for example_complex to None, run_after=None
[2026-04-13T16:52:14.216+0000] {processor.py:183} INFO - Processing /home/airflow/.local/lib/python3.12/site-packages/airflow/example_dags/example_complex.py took 0.133 seconds
[2026-04-13T16:52:44.338+0000] {processor.py:161} INFO - Started process (PID=1200) to work on /home/airflow/.local/lib/python3.12/site-packages/airflow/example_dags/example_complex.py
[2026-04-13T16:52:44.340+0000] {processor.py:830} INFO - Processing file /home/airflow/.local/lib/python3.12/site-packages/airflow/example_dags/example_complex.py for tasks to queue
[2026-04-13T16:52:44.342+0000] {logging_mixin.py:188} INFO - [2026-04-13T16:52:44.342+0000] {dagbag.py:545} INFO - Filling up the DagBag from /home/airflow/.local/lib/python3.12/site-packages/airflow/example_dags/example_complex.py
[2026-04-13T16:52:44.356+0000] {processor.py:840} INFO - DAG(s) 'example_complex' retrieved from /home/airflow/.local/lib/python3.12/site-packages/airflow/example_dags/example_complex.py
[2026-04-13T16:52:44.407+0000] {logging_mixin.py:188} INFO - [2026-04-13T16:52:44.406+0000] {dag.py:3096} INFO - Sync 1 DAGs
[2026-04-13T16:52:44.427+0000] {logging_mixin.py:188} INFO - [2026-04-13T16:52:44.427+0000] {dag.py:3954} INFO - Setting next_dagrun for example_complex to None, run_after=None
[2026-04-13T16:52:44.459+0000] {processor.py:183} INFO - Processing /home/airflow/.local/lib/python3.12/site-packages/airflow/example_dags/example_complex.py took 0.128 seconds
[2026-04-13T16:53:14.862+0000] {processor.py:161} INFO - Started process (PID=1258) to work on /home/airflow/.local/lib/python3.12/site-packages/airflow/example_dags/example_complex.py
[2026-04-13T16:53:14.863+0000] {processor.py:830} INFO - Processing file /home/airflow/.local/lib/python3.12/site-packages/airflow/example_dags/example_complex.py for tasks to queue
[2026-04-13T16:53:14.866+0000] {logging_mixin.py:188} INFO - [2026-04-13T16:53:14.866+0000] {dagbag.py:545} INFO - Filling up the DagBag from /home/airflow/.local/lib/python3.12/site-packages/airflow/example_dags/example_complex.py
[2026-04-13T16:53:14.884+0000] {processor.py:840} INFO - DAG(s) 'example_complex' retrieved from /home/airflow/.local/lib/python3.12/site-packages/airflow/example_dags/example_complex.py
[2026-04-13T16:53:14.931+0000] {logging_mixin.py:188} INFO - [2026-04-13T16:53:14.931+0000] {dag.py:3096} INFO - Sync 1 DAGs
[2026-04-13T16:53:14.953+0000] {logging_mixin.py:188} INFO - [2026-04-13T16:53:14.953+0000] {dag.py:3954} INFO - Setting next_dagrun for example_complex to None, run_after=None
[2026-04-13T16:53:15.054+0000] {processor.py:183} INFO - Processing /home/airflow/.local/lib/python3.12/site-packages/airflow/example_dags/example_complex.py took 0.202 seconds
[2026-04-13T16:53:45.640+0000] {processor.py:161} INFO - Started process (PID=1316) to work on /home/airflow/.local/lib/python3.12/site-packages/airflow/example_dags/example_complex.py
[2026-04-13T16:53:45.642+0000] {processor.py:830} INFO - Processing file /home/airflow/.local/lib/python3.12/site-packages/airflow/example_dags/example_complex.py for tasks to queue
[2026-04-13T16:53:45.646+0000] {logging_mixin.py:188} INFO - [2026-04-13T16:53:45.645+0000] {dagbag.py:545} INFO - Filling up the DagBag from /home/airflow/.local/lib/python3.12/site-packages/airflow/example_dags/example_complex.py
[2026-04-13T16:53:45.666+0000] {processor.py:840} INFO - DAG(s) 'example_complex' retrieved from /home/airflow/.local/lib/python3.12/site-packages/airflow/example_dags/example_complex.py
[2026-04-13T16:53:45.723+0000] {logging_mixin.py:188} INFO - [2026-04-13T16:53:45.723+0000] {dag.py:3096} INFO - Sync 1 DAGs
[2026-04-13T16:53:45.746+0000] {logging_mixin.py:188} INFO - [2026-04-13T16:53:45.746+0000] {dag.py:3954} INFO - Setting next_dagrun for example_complex to None, run_after=None
[2026-04-13T16:53:45.783+0000] {processor.py:183} INFO - Processing /home/airflow/.local/lib/python3.12/site-packages/airflow/example_dags/example_complex.py took 0.153 seconds
[2026-04-13T16:54:16.062+0000] {processor.py:161} INFO - Started process (PID=1374) to work on /home/airflow/.local/lib/python3.12/site-packages/airflow/example_dags/example_complex.py
[2026-04-13T16:54:16.064+0000] {processor.py:830} INFO - Processing file /home/airflow/.local/lib/python3.12/site-packages/airflow/example_dags/example_complex.py for tasks to queue
[2026-04-13T16:54:16.069+0000] {logging_mixin.py:188} INFO - [2026-04-13T16:54:16.068+0000] {dagbag.py:545} INFO - Filling up the DagBag from /home/airflow/.local/lib/python3.12/site-packages/airflow/example_dags/example_complex.py
[2026-04-13T16:54:16.095+0000] {processor.py:840} INFO - DAG(s) 'example_complex' retrieved from /home/airflow/.local/lib/python3.12/site-packages/airflow/example_dags/example_complex.py
[2026-04-13T16:54:16.175+0000] {logging_mixin.py:188} INFO - [2026-04-13T16:54:16.175+0000] {dag.py:3096} INFO - Sync 1 DAGs
[2026-04-13T16:54:16.218+0000] {logging_mixin.py:188} INFO - [2026-04-13T16:54:16.218+0000] {dag.py:3954} INFO - Setting next_dagrun for example_complex to None, run_after=None
[2026-04-13T16:54:16.296+0000] {processor.py:183} INFO - Processing /home/airflow/.local/lib/python3.12/site-packages/airflow/example_dags/example_complex.py took 0.250 seconds
[2026-04-13T16:54:46.349+0000] {processor.py:161} INFO - Started process (PID=1432) to work on /home/airflow/.local/lib/python3.12/site-packages/airflow/example_dags/example_complex.py
[2026-04-13T16:54:46.350+0000] {processor.py:830} INFO - Processing file /home/airflow/.local/lib/python3.12/site-packages/airflow/example_dags/example_complex.py for tasks to queue
[2026-04-13T16:54:46.353+0000] {logging_mixin.py:188} INFO - [2026-04-13T16:54:46.353+0000] {dagbag.py:545} INFO - Filling up the DagBag from /home/airflow/.local/lib/python3.12/site-packages/airflow/example_dags/example_complex.py
[2026-04-13T16:54:46.368+0000] {processor.py:840} INFO - DAG(s) 'example_complex' retrieved from /home/airflow/.local/lib/python3.12/site-packages/airflow/example_dags/example_complex.py
[2026-04-13T16:54:46.436+0000] {logging_mixin.py:188} INFO - [2026-04-13T16:54:46.436+0000] {dag.py:3096} INFO - Sync 1 DAGs
[2026-04-13T16:54:46.458+0000] {logging_mixin.py:188} INFO - [2026-04-13T16:54:46.457+0000] {dag.py:3954} INFO - Setting next_dagrun for example_complex to None, run_after=None
[2026-04-13T16:54:46.548+0000] {processor.py:183} INFO - Processing /home/airflow/.local/lib/python3.12/site-packages/airflow/example_dags/example_complex.py took 0.209 seconds
[2026-04-13T16:55:17.255+0000] {processor.py:161} INFO - Started process (PID=1490) to work on /home/airflow/.local/lib/python3.12/site-packages/airflow/example_dags/example_complex.py
[2026-04-13T16:55:17.256+0000] {processor.py:830} INFO - Processing file /home/airflow/.local/lib/python3.12/site-packages/airflow/example_dags/example_complex.py for tasks to queue
[2026-04-13T16:55:17.259+0000] {logging_mixin.py:188} INFO - [2026-04-13T16:55:17.258+0000] {dagbag.py:545} INFO - Filling up the DagBag from /home/airflow/.local/lib/python3.12/site-packages/airflow/example_dags/example_complex.py
[2026-04-13T16:55:17.274+0000] {processor.py:840} INFO - DAG(s) 'example_complex' retrieved from /home/airflow/.local/lib/python3.12/site-packages/airflow/example_dags/example_complex.py
[2026-04-13T16:55:17.317+0000] {logging_mixin.py:188} INFO - [2026-04-13T16:55:17.317+0000] {dag.py:3096} INFO - Sync 1 DAGs
[2026-04-13T16:55:17.334+0000] {logging_mixin.py:188} INFO - [2026-04-13T16:55:17.334+0000] {dag.py:3954} INFO - Setting next_dagrun for example_complex to None, run_after=None
[2026-04-13T16:55:17.363+0000] {processor.py:183} INFO - Processing /home/airflow/.local/lib/python3.12/site-packages/airflow/example_dags/example_complex.py took 0.117 seconds
[2026-04-13T16:55:47.793+0000] {processor.py:161} INFO - Started process (PID=1548) to work on /home/airflow/.local/lib/python3.12/site-packages/airflow/example_dags/example_complex.py
[2026-04-13T16:55:47.794+0000] {processor.py:830} INFO - Processing file /home/airflow/.local/lib/python3.12/site-packages/airflow/example_dags/example_complex.py for tasks to queue
[2026-04-13T16:55:47.797+0000] {logging_mixin.py:188} INFO - [2026-04-13T16:55:47.797+0000] {dagbag.py:545} INFO - Filling up the DagBag from /home/airflow/.local/lib/python3.12/site-packages/airflow/example_dags/example_complex.py
[2026-04-13T16:55:47.814+0000] {processor.py:840} INFO - DAG(s) 'example_complex' retrieved from /home/airflow/.local/lib/python3.12/site-packages/airflow/example_dags/example_complex.py
[2026-04-13T16:55:47.868+0000] {logging_mixin.py:188} INFO - [2026-04-13T16:55:47.868+0000] {dag.py:3096} INFO - Sync 1 DAGs
[2026-04-13T16:55:47.891+0000] {logging_mixin.py:188} INFO - [2026-04-13T16:55:47.891+0000] {dag.py:3954} INFO - Setting next_dagrun for example_complex to None, run_after=None
[2026-04-13T16:55:47.926+0000] {processor.py:183} INFO - Processing /home/airflow/.local/lib/python3.12/site-packages/airflow/example_dags/example_complex.py took 0.142 seconds
[2026-04-13T16:56:18.568+0000] {processor.py:161} INFO - Started process (PID=1606) to work on /home/airflow/.local/lib/python3.12/site-packages/airflow/example_dags/example_complex.py
[2026-04-13T16:56:18.570+0000] {processor.py:830} INFO - Processing file /home/airflow/.local/lib/python3.12/site-packages/airflow/example_dags/example_complex.py for tasks to queue
[2026-04-13T16:56:18.574+0000] {logging_mixin.py:188} INFO - [2026-04-13T16:56:18.574+0000] {dagbag.py:545} INFO - Filling up the DagBag from /home/airflow/.local/lib/python3.12/site-packages/airflow/example_dags/example_complex.py
[2026-04-13T16:56:18.599+0000] {processor.py:840} INFO - DAG(s) 'example_complex' retrieved from /home/airflow/.local/lib/python3.12/site-packages/airflow/example_dags/example_complex.py
[2026-04-13T16:56:18.652+0000] {logging_mixin.py:188} INFO - [2026-04-13T16:56:18.652+0000] {dag.py:3096} INFO - Sync 1 DAGs
[2026-04-13T16:56:18.670+0000] {logging_mixin.py:188} INFO - [2026-04-13T16:56:18.670+0000] {dag.py:3954} INFO - Setting next_dagrun for example_complex to None, run_after=None
[2026-04-13T16:56:18.699+0000] {processor.py:183} INFO - Processing /home/airflow/.local/lib/python3.12/site-packages/airflow/example_dags/example_complex.py took 0.147 seconds
[2026-04-13T16:56:49.444+0000] {processor.py:161} INFO - Started process (PID=1664) to work on /home/airflow/.local/lib/python3.12/site-packages/airflow/example_dags/example_complex.py
[2026-04-13T16:56:49.447+0000] {processor.py:830} INFO - Processing file /home/airflow/.local/lib/python3.12/site-packages/airflow/example_dags/example_complex.py for tasks to queue
[2026-04-13T16:56:49.452+0000] {logging_mixin.py:188} INFO - [2026-04-13T16:56:49.451+0000] {dagbag.py:545} INFO - Filling up the DagBag from /home/airflow/.local/lib/python3.12/site-packages/airflow/example_dags/example_complex.py
[2026-04-13T16:56:49.489+0000] {processor.py:840} INFO - DAG(s) 'example_complex' retrieved from /home/airflow/.local/lib/python3.12/site-packages/airflow/example_dags/example_complex.py
[2026-04-13T16:56:49.598+0000] {logging_mixin.py:188} INFO - [2026-04-13T16:56:49.597+0000] {dag.py:3096} INFO - Sync 1 DAGs
[2026-04-13T16:56:49.636+0000] {logging_mixin.py:188} INFO - [2026-04-13T16:56:49.635+0000] {dag.py:3954} INFO - Setting next_dagrun for example_complex to None, run_after=None
[2026-04-13T16:56:49.693+0000] {processor.py:183} INFO - Processing /home/airflow/.local/lib/python3.12/site-packages/airflow/example_dags/example_complex.py took 0.263 seconds
