[2026-04-13T16:43:00.468+0000] {processor.py:161} INFO - Started process (PID=93) to work on /home/airflow/.local/lib/python3.12/site-packages/airflow/example_dags/example_python_decorator.py
[2026-04-13T16:43:00.478+0000] {processor.py:830} INFO - Processing file /home/airflow/.local/lib/python3.12/site-packages/airflow/example_dags/example_python_decorator.py for tasks to queue
[2026-04-13T16:43:00.527+0000] {logging_mixin.py:188} INFO - [2026-04-13T16:43:00.521+0000] {dagbag.py:545} INFO - Filling up the DagBag from /home/airflow/.local/lib/python3.12/site-packages/airflow/example_dags/example_python_decorator.py
[2026-04-13T16:43:00.830+0000] {processor.py:840} INFO - DAG(s) 'example_python_decorator' retrieved from /home/airflow/.local/lib/python3.12/site-packages/airflow/example_dags/example_python_decorator.py
[2026-04-13T16:43:01.367+0000] {logging_mixin.py:188} INFO - [2026-04-13T16:43:01.365+0000] {dag.py:3096} INFO - Sync 1 DAGs
[2026-04-13T16:43:01.409+0000] {logging_mixin.py:188} INFO - [2026-04-13T16:43:01.408+0000] {dag.py:3954} INFO - Setting next_dagrun for example_python_decorator to None, run_after=None
[2026-04-13T16:43:01.479+0000] {processor.py:183} INFO - Processing /home/airflow/.local/lib/python3.12/site-packages/airflow/example_dags/example_python_decorator.py took 1.084 seconds
[2026-04-13T16:43:31.878+0000] {processor.py:161} INFO - Started process (PID=152) to work on /home/airflow/.local/lib/python3.12/site-packages/airflow/example_dags/example_python_decorator.py
[2026-04-13T16:43:31.883+0000] {processor.py:830} INFO - Processing file /home/airflow/.local/lib/python3.12/site-packages/airflow/example_dags/example_python_decorator.py for tasks to queue
[2026-04-13T16:43:31.889+0000] {logging_mixin.py:188} INFO - [2026-04-13T16:43:31.887+0000] {dagbag.py:545} INFO - Filling up the DagBag from /home/airflow/.local/lib/python3.12/site-packages/airflow/example_dags/example_python_decorator.py
[2026-04-13T16:43:31.984+0000] {processor.py:840} INFO - DAG(s) 'example_python_decorator' retrieved from /home/airflow/.local/lib/python3.12/site-packages/airflow/example_dags/example_python_decorator.py
[2026-04-13T16:43:32.120+0000] {logging_mixin.py:188} INFO - [2026-04-13T16:43:32.119+0000] {dag.py:3096} INFO - Sync 1 DAGs
[2026-04-13T16:43:32.198+0000] {logging_mixin.py:188} INFO - [2026-04-13T16:43:32.198+0000] {dag.py:3954} INFO - Setting next_dagrun for example_python_decorator to None, run_after=None
[2026-04-13T16:43:32.290+0000] {processor.py:183} INFO - Processing /home/airflow/.local/lib/python3.12/site-packages/airflow/example_dags/example_python_decorator.py took 0.444 seconds
[2026-04-13T16:44:02.528+0000] {processor.py:161} INFO - Started process (PID=210) to work on /home/airflow/.local/lib/python3.12/site-packages/airflow/example_dags/example_python_decorator.py
[2026-04-13T16:44:02.529+0000] {processor.py:830} INFO - Processing file /home/airflow/.local/lib/python3.12/site-packages/airflow/example_dags/example_python_decorator.py for tasks to queue
[2026-04-13T16:44:02.532+0000] {logging_mixin.py:188} INFO - [2026-04-13T16:44:02.532+0000] {dagbag.py:545} INFO - Filling up the DagBag from /home/airflow/.local/lib/python3.12/site-packages/airflow/example_dags/example_python_decorator.py
[2026-04-13T16:44:02.550+0000] {processor.py:840} INFO - DAG(s) 'example_python_decorator' retrieved from /home/airflow/.local/lib/python3.12/site-packages/airflow/example_dags/example_python_decorator.py
[2026-04-13T16:44:02.582+0000] {logging_mixin.py:188} INFO - [2026-04-13T16:44:02.581+0000] {dag.py:3096} INFO - Sync 1 DAGs
[2026-04-13T16:44:02.598+0000] {logging_mixin.py:188} INFO - [2026-04-13T16:44:02.598+0000] {dag.py:3954} INFO - Setting next_dagrun for example_python_decorator to None, run_after=None
[2026-04-13T16:44:02.627+0000] {processor.py:183} INFO - Processing /home/airflow/.local/lib/python3.12/site-packages/airflow/example_dags/example_python_decorator.py took 0.107 seconds
[2026-04-13T16:44:32.803+0000] {processor.py:161} INFO - Started process (PID=268) to work on /home/airflow/.local/lib/python3.12/site-packages/airflow/example_dags/example_python_decorator.py
[2026-04-13T16:44:32.805+0000] {processor.py:830} INFO - Processing file /home/airflow/.local/lib/python3.12/site-packages/airflow/example_dags/example_python_decorator.py for tasks to queue
[2026-04-13T16:44:32.808+0000] {logging_mixin.py:188} INFO - [2026-04-13T16:44:32.807+0000] {dagbag.py:545} INFO - Filling up the DagBag from /home/airflow/.local/lib/python3.12/site-packages/airflow/example_dags/example_python_decorator.py
[2026-04-13T16:44:32.828+0000] {processor.py:840} INFO - DAG(s) 'example_python_decorator' retrieved from /home/airflow/.local/lib/python3.12/site-packages/airflow/example_dags/example_python_decorator.py
[2026-04-13T16:44:32.858+0000] {logging_mixin.py:188} INFO - [2026-04-13T16:44:32.857+0000] {dag.py:3096} INFO - Sync 1 DAGs
[2026-04-13T16:44:32.874+0000] {logging_mixin.py:188} INFO - [2026-04-13T16:44:32.874+0000] {dag.py:3954} INFO - Setting next_dagrun for example_python_decorator to None, run_after=None
[2026-04-13T16:44:32.972+0000] {processor.py:183} INFO - Processing /home/airflow/.local/lib/python3.12/site-packages/airflow/example_dags/example_python_decorator.py took 0.179 seconds
[2026-04-13T16:45:03.851+0000] {processor.py:161} INFO - Started process (PID=326) to work on /home/airflow/.local/lib/python3.12/site-packages/airflow/example_dags/example_python_decorator.py
[2026-04-13T16:45:03.853+0000] {processor.py:830} INFO - Processing file /home/airflow/.local/lib/python3.12/site-packages/airflow/example_dags/example_python_decorator.py for tasks to queue
[2026-04-13T16:45:03.856+0000] {logging_mixin.py:188} INFO - [2026-04-13T16:45:03.856+0000] {dagbag.py:545} INFO - Filling up the DagBag from /home/airflow/.local/lib/python3.12/site-packages/airflow/example_dags/example_python_decorator.py
[2026-04-13T16:45:03.874+0000] {processor.py:840} INFO - DAG(s) 'example_python_decorator' retrieved from /home/airflow/.local/lib/python3.12/site-packages/airflow/example_dags/example_python_decorator.py
[2026-04-13T16:45:03.904+0000] {logging_mixin.py:188} INFO - [2026-04-13T16:45:03.903+0000] {dag.py:3096} INFO - Sync 1 DAGs
[2026-04-13T16:45:03.921+0000] {logging_mixin.py:188} INFO - [2026-04-13T16:45:03.920+0000] {dag.py:3954} INFO - Setting next_dagrun for example_python_decorator to None, run_after=None
[2026-04-13T16:45:04.029+0000] {processor.py:183} INFO - Processing /home/airflow/.local/lib/python3.12/site-packages/airflow/example_dags/example_python_decorator.py took 0.189 seconds
[2026-04-13T16:45:34.307+0000] {processor.py:161} INFO - Started process (PID=384) to work on /home/airflow/.local/lib/python3.12/site-packages/airflow/example_dags/example_python_decorator.py
[2026-04-13T16:45:34.309+0000] {processor.py:830} INFO - Processing file /home/airflow/.local/lib/python3.12/site-packages/airflow/example_dags/example_python_decorator.py for tasks to queue
[2026-04-13T16:45:34.313+0000] {logging_mixin.py:188} INFO - [2026-04-13T16:45:34.313+0000] {dagbag.py:545} INFO - Filling up the DagBag from /home/airflow/.local/lib/python3.12/site-packages/airflow/example_dags/example_python_decorator.py
[2026-04-13T16:45:34.331+0000] {processor.py:840} INFO - DAG(s) 'example_python_decorator' retrieved from /home/airflow/.local/lib/python3.12/site-packages/airflow/example_dags/example_python_decorator.py
[2026-04-13T16:45:34.362+0000] {logging_mixin.py:188} INFO - [2026-04-13T16:45:34.361+0000] {dag.py:3096} INFO - Sync 1 DAGs
[2026-04-13T16:45:34.378+0000] {logging_mixin.py:188} INFO - [2026-04-13T16:45:34.378+0000] {dag.py:3954} INFO - Setting next_dagrun for example_python_decorator to None, run_after=None
[2026-04-13T16:45:34.447+0000] {processor.py:183} INFO - Processing /home/airflow/.local/lib/python3.12/site-packages/airflow/example_dags/example_python_decorator.py took 0.152 seconds
[2026-04-13T16:46:05.098+0000] {processor.py:161} INFO - Started process (PID=442) to work on /home/airflow/.local/lib/python3.12/site-packages/airflow/example_dags/example_python_decorator.py
[2026-04-13T16:46:05.101+0000] {processor.py:830} INFO - Processing file /home/airflow/.local/lib/python3.12/site-packages/airflow/example_dags/example_python_decorator.py for tasks to queue
[2026-04-13T16:46:05.105+0000] {logging_mixin.py:188} INFO - [2026-04-13T16:46:05.104+0000] {dagbag.py:545} INFO - Filling up the DagBag from /home/airflow/.local/lib/python3.12/site-packages/airflow/example_dags/example_python_decorator.py
[2026-04-13T16:46:05.148+0000] {processor.py:840} INFO - DAG(s) 'example_python_decorator' retrieved from /home/airflow/.local/lib/python3.12/site-packages/airflow/example_dags/example_python_decorator.py
[2026-04-13T16:46:05.202+0000] {logging_mixin.py:188} INFO - [2026-04-13T16:46:05.202+0000] {dag.py:3096} INFO - Sync 1 DAGs
[2026-04-13T16:46:05.237+0000] {logging_mixin.py:188} INFO - [2026-04-13T16:46:05.237+0000] {dag.py:3954} INFO - Setting next_dagrun for example_python_decorator to None, run_after=None
[2026-04-13T16:46:05.357+0000] {processor.py:183} INFO - Processing /home/airflow/.local/lib/python3.12/site-packages/airflow/example_dags/example_python_decorator.py took 0.273 seconds
[2026-04-13T16:46:35.743+0000] {processor.py:161} INFO - Started process (PID=501) to work on /home/airflow/.local/lib/python3.12/site-packages/airflow/example_dags/example_python_decorator.py
[2026-04-13T16:46:35.744+0000] {processor.py:830} INFO - Processing file /home/airflow/.local/lib/python3.12/site-packages/airflow/example_dags/example_python_decorator.py for tasks to queue
[2026-04-13T16:46:35.747+0000] {logging_mixin.py:188} INFO - [2026-04-13T16:46:35.746+0000] {dagbag.py:545} INFO - Filling up the DagBag from /home/airflow/.local/lib/python3.12/site-packages/airflow/example_dags/example_python_decorator.py
[2026-04-13T16:46:35.770+0000] {processor.py:840} INFO - DAG(s) 'example_python_decorator' retrieved from /home/airflow/.local/lib/python3.12/site-packages/airflow/example_dags/example_python_decorator.py
[2026-04-13T16:46:35.801+0000] {logging_mixin.py:188} INFO - [2026-04-13T16:46:35.800+0000] {dag.py:3096} INFO - Sync 1 DAGs
[2026-04-13T16:46:35.818+0000] {logging_mixin.py:188} INFO - [2026-04-13T16:46:35.817+0000] {dag.py:3954} INFO - Setting next_dagrun for example_python_decorator to None, run_after=None
[2026-04-13T16:46:35.917+0000] {processor.py:183} INFO - Processing /home/airflow/.local/lib/python3.12/site-packages/airflow/example_dags/example_python_decorator.py took 0.182 seconds
[2026-04-13T16:47:06.094+0000] {processor.py:161} INFO - Started process (PID=559) to work on /home/airflow/.local/lib/python3.12/site-packages/airflow/example_dags/example_python_decorator.py
[2026-04-13T16:47:06.097+0000] {processor.py:830} INFO - Processing file /home/airflow/.local/lib/python3.12/site-packages/airflow/example_dags/example_python_decorator.py for tasks to queue
[2026-04-13T16:47:06.102+0000] {logging_mixin.py:188} INFO - [2026-04-13T16:47:06.101+0000] {dagbag.py:545} INFO - Filling up the DagBag from /home/airflow/.local/lib/python3.12/site-packages/airflow/example_dags/example_python_decorator.py
[2026-04-13T16:47:06.134+0000] {processor.py:840} INFO - DAG(s) 'example_python_decorator' retrieved from /home/airflow/.local/lib/python3.12/site-packages/airflow/example_dags/example_python_decorator.py
[2026-04-13T16:47:06.187+0000] {logging_mixin.py:188} INFO - [2026-04-13T16:47:06.186+0000] {dag.py:3096} INFO - Sync 1 DAGs
[2026-04-13T16:47:06.218+0000] {logging_mixin.py:188} INFO - [2026-04-13T16:47:06.217+0000] {dag.py:3954} INFO - Setting next_dagrun for example_python_decorator to None, run_after=None
[2026-04-13T16:47:06.298+0000] {processor.py:183} INFO - Processing /home/airflow/.local/lib/python3.12/site-packages/airflow/example_dags/example_python_decorator.py took 0.219 seconds
[2026-04-13T16:47:36.424+0000] {processor.py:161} INFO - Started process (PID=617) to work on /home/airflow/.local/lib/python3.12/site-packages/airflow/example_dags/example_python_decorator.py
[2026-04-13T16:47:36.426+0000] {processor.py:830} INFO - Processing file /home/airflow/.local/lib/python3.12/site-packages/airflow/example_dags/example_python_decorator.py for tasks to queue
[2026-04-13T16:47:36.429+0000] {logging_mixin.py:188} INFO - [2026-04-13T16:47:36.428+0000] {dagbag.py:545} INFO - Filling up the DagBag from /home/airflow/.local/lib/python3.12/site-packages/airflow/example_dags/example_python_decorator.py
[2026-04-13T16:47:36.448+0000] {processor.py:840} INFO - DAG(s) 'example_python_decorator' retrieved from /home/airflow/.local/lib/python3.12/site-packages/airflow/example_dags/example_python_decorator.py
[2026-04-13T16:47:36.477+0000] {logging_mixin.py:188} INFO - [2026-04-13T16:47:36.476+0000] {dag.py:3096} INFO - Sync 1 DAGs
[2026-04-13T16:47:36.492+0000] {logging_mixin.py:188} INFO - [2026-04-13T16:47:36.492+0000] {dag.py:3954} INFO - Setting next_dagrun for example_python_decorator to None, run_after=None
[2026-04-13T16:47:36.596+0000] {processor.py:183} INFO - Processing /home/airflow/.local/lib/python3.12/site-packages/airflow/example_dags/example_python_decorator.py took 0.181 seconds
[2026-04-13T16:48:06.907+0000] {processor.py:161} INFO - Started process (PID=675) to work on /home/airflow/.local/lib/python3.12/site-packages/airflow/example_dags/example_python_decorator.py
[2026-04-13T16:48:06.909+0000] {processor.py:830} INFO - Processing file /home/airflow/.local/lib/python3.12/site-packages/airflow/example_dags/example_python_decorator.py for tasks to queue
[2026-04-13T16:48:06.915+0000] {logging_mixin.py:188} INFO - [2026-04-13T16:48:06.914+0000] {dagbag.py:545} INFO - Filling up the DagBag from /home/airflow/.local/lib/python3.12/site-packages/airflow/example_dags/example_python_decorator.py
[2026-04-13T16:48:06.954+0000] {processor.py:840} INFO - DAG(s) 'example_python_decorator' retrieved from /home/airflow/.local/lib/python3.12/site-packages/airflow/example_dags/example_python_decorator.py
[2026-04-13T16:48:07.010+0000] {logging_mixin.py:188} INFO - [2026-04-13T16:48:07.010+0000] {dag.py:3096} INFO - Sync 1 DAGs
[2026-04-13T16:48:07.044+0000] {logging_mixin.py:188} INFO - [2026-04-13T16:48:07.043+0000] {dag.py:3954} INFO - Setting next_dagrun for example_python_decorator to None, run_after=None
[2026-04-13T16:48:07.158+0000] {processor.py:183} INFO - Processing /home/airflow/.local/lib/python3.12/site-packages/airflow/example_dags/example_python_decorator.py took 0.270 seconds
[2026-04-13T16:48:38.194+0000] {processor.py:161} INFO - Started process (PID=733) to work on /home/airflow/.local/lib/python3.12/site-packages/airflow/example_dags/example_python_decorator.py
[2026-04-13T16:48:38.195+0000] {processor.py:830} INFO - Processing file /home/airflow/.local/lib/python3.12/site-packages/airflow/example_dags/example_python_decorator.py for tasks to queue
[2026-04-13T16:48:38.198+0000] {logging_mixin.py:188} INFO - [2026-04-13T16:48:38.197+0000] {dagbag.py:545} INFO - Filling up the DagBag from /home/airflow/.local/lib/python3.12/site-packages/airflow/example_dags/example_python_decorator.py
[2026-04-13T16:48:38.214+0000] {processor.py:840} INFO - DAG(s) 'example_python_decorator' retrieved from /home/airflow/.local/lib/python3.12/site-packages/airflow/example_dags/example_python_decorator.py
[2026-04-13T16:48:38.243+0000] {logging_mixin.py:188} INFO - [2026-04-13T16:48:38.243+0000] {dag.py:3096} INFO - Sync 1 DAGs
[2026-04-13T16:48:38.260+0000] {logging_mixin.py:188} INFO - [2026-04-13T16:48:38.260+0000] {dag.py:3954} INFO - Setting next_dagrun for example_python_decorator to None, run_after=None
[2026-04-13T16:48:38.360+0000] {processor.py:183} INFO - Processing /home/airflow/.local/lib/python3.12/site-packages/airflow/example_dags/example_python_decorator.py took 0.174 seconds
[2026-04-13T16:49:08.676+0000] {processor.py:161} INFO - Started process (PID=791) to work on /home/airflow/.local/lib/python3.12/site-packages/airflow/example_dags/example_python_decorator.py
[2026-04-13T16:49:08.678+0000] {processor.py:830} INFO - Processing file /home/airflow/.local/lib/python3.12/site-packages/airflow/example_dags/example_python_decorator.py for tasks to queue
[2026-04-13T16:49:08.681+0000] {logging_mixin.py:188} INFO - [2026-04-13T16:49:08.680+0000] {dagbag.py:545} INFO - Filling up the DagBag from /home/airflow/.local/lib/python3.12/site-packages/airflow/example_dags/example_python_decorator.py
[2026-04-13T16:49:08.698+0000] {processor.py:840} INFO - DAG(s) 'example_python_decorator' retrieved from /home/airflow/.local/lib/python3.12/site-packages/airflow/example_dags/example_python_decorator.py
[2026-04-13T16:49:08.728+0000] {logging_mixin.py:188} INFO - [2026-04-13T16:49:08.728+0000] {dag.py:3096} INFO - Sync 1 DAGs
[2026-04-13T16:49:08.746+0000] {logging_mixin.py:188} INFO - [2026-04-13T16:49:08.746+0000] {dag.py:3954} INFO - Setting next_dagrun for example_python_decorator to None, run_after=None
[2026-04-13T16:49:08.777+0000] {processor.py:183} INFO - Processing /home/airflow/.local/lib/python3.12/site-packages/airflow/example_dags/example_python_decorator.py took 0.108 seconds
[2026-04-13T16:49:38.926+0000] {processor.py:161} INFO - Started process (PID=849) to work on /home/airflow/.local/lib/python3.12/site-packages/airflow/example_dags/example_python_decorator.py
[2026-04-13T16:49:38.928+0000] {processor.py:830} INFO - Processing file /home/airflow/.local/lib/python3.12/site-packages/airflow/example_dags/example_python_decorator.py for tasks to queue
[2026-04-13T16:49:38.931+0000] {logging_mixin.py:188} INFO - [2026-04-13T16:49:38.931+0000] {dagbag.py:545} INFO - Filling up the DagBag from /home/airflow/.local/lib/python3.12/site-packages/airflow/example_dags/example_python_decorator.py
[2026-04-13T16:49:38.949+0000] {processor.py:840} INFO - DAG(s) 'example_python_decorator' retrieved from /home/airflow/.local/lib/python3.12/site-packages/airflow/example_dags/example_python_decorator.py
[2026-04-13T16:49:38.978+0000] {logging_mixin.py:188} INFO - [2026-04-13T16:49:38.978+0000] {dag.py:3096} INFO - Sync 1 DAGs
[2026-04-13T16:49:38.994+0000] {logging_mixin.py:188} INFO - [2026-04-13T16:49:38.994+0000] {dag.py:3954} INFO - Setting next_dagrun for example_python_decorator to None, run_after=None
[2026-04-13T16:49:39.087+0000] {processor.py:183} INFO - Processing /home/airflow/.local/lib/python3.12/site-packages/airflow/example_dags/example_python_decorator.py took 0.174 seconds
[2026-04-13T16:50:09.324+0000] {processor.py:161} INFO - Started process (PID=907) to work on /home/airflow/.local/lib/python3.12/site-packages/airflow/example_dags/example_python_decorator.py
[2026-04-13T16:50:09.326+0000] {processor.py:830} INFO - Processing file /home/airflow/.local/lib/python3.12/site-packages/airflow/example_dags/example_python_decorator.py for tasks to queue
[2026-04-13T16:50:09.331+0000] {logging_mixin.py:188} INFO - [2026-04-13T16:50:09.330+0000] {dagbag.py:545} INFO - Filling up the DagBag from /home/airflow/.local/lib/python3.12/site-packages/airflow/example_dags/example_python_decorator.py
[2026-04-13T16:50:09.362+0000] {processor.py:840} INFO - DAG(s) 'example_python_decorator' retrieved from /home/airflow/.local/lib/python3.12/site-packages/airflow/example_dags/example_python_decorator.py
[2026-04-13T16:50:09.420+0000] {logging_mixin.py:188} INFO - [2026-04-13T16:50:09.420+0000] {dag.py:3096} INFO - Sync 1 DAGs
[2026-04-13T16:50:09.463+0000] {logging_mixin.py:188} INFO - [2026-04-13T16:50:09.462+0000] {dag.py:3954} INFO - Setting next_dagrun for example_python_decorator to None, run_after=None
[2026-04-13T16:50:09.576+0000] {processor.py:183} INFO - Processing /home/airflow/.local/lib/python3.12/site-packages/airflow/example_dags/example_python_decorator.py took 0.267 seconds
[2026-04-13T16:50:40.319+0000] {processor.py:161} INFO - Started process (PID=965) to work on /home/airflow/.local/lib/python3.12/site-packages/airflow/example_dags/example_python_decorator.py
[2026-04-13T16:50:40.320+0000] {processor.py:830} INFO - Processing file /home/airflow/.local/lib/python3.12/site-packages/airflow/example_dags/example_python_decorator.py for tasks to queue
[2026-04-13T16:50:40.324+0000] {logging_mixin.py:188} INFO - [2026-04-13T16:50:40.323+0000] {dagbag.py:545} INFO - Filling up the DagBag from /home/airflow/.local/lib/python3.12/site-packages/airflow/example_dags/example_python_decorator.py
[2026-04-13T16:50:40.350+0000] {processor.py:840} INFO - DAG(s) 'example_python_decorator' retrieved from /home/airflow/.local/lib/python3.12/site-packages/airflow/example_dags/example_python_decorator.py
[2026-04-13T16:50:40.399+0000] {logging_mixin.py:188} INFO - [2026-04-13T16:50:40.398+0000] {dag.py:3096} INFO - Sync 1 DAGs
[2026-04-13T16:50:40.431+0000] {logging_mixin.py:188} INFO - [2026-04-13T16:50:40.430+0000] {dag.py:3954} INFO - Setting next_dagrun for example_python_decorator to None, run_after=None
[2026-04-13T16:50:40.468+0000] {processor.py:183} INFO - Processing /home/airflow/.local/lib/python3.12/site-packages/airflow/example_dags/example_python_decorator.py took 0.163 seconds
[2026-04-13T16:51:10.862+0000] {processor.py:161} INFO - Started process (PID=1022) to work on /home/airflow/.local/lib/python3.12/site-packages/airflow/example_dags/example_python_decorator.py
[2026-04-13T16:51:10.865+0000] {processor.py:830} INFO - Processing file /home/airflow/.local/lib/python3.12/site-packages/airflow/example_dags/example_python_decorator.py for tasks to queue
[2026-04-13T16:51:10.872+0000] {logging_mixin.py:188} INFO - [2026-04-13T16:51:10.871+0000] {dagbag.py:545} INFO - Filling up the DagBag from /home/airflow/.local/lib/python3.12/site-packages/airflow/example_dags/example_python_decorator.py
[2026-04-13T16:51:10.911+0000] {processor.py:840} INFO - DAG(s) 'example_python_decorator' retrieved from /home/airflow/.local/lib/python3.12/site-packages/airflow/example_dags/example_python_decorator.py
[2026-04-13T16:51:10.978+0000] {logging_mixin.py:188} INFO - [2026-04-13T16:51:10.977+0000] {dag.py:3096} INFO - Sync 1 DAGs
[2026-04-13T16:51:11.010+0000] {logging_mixin.py:188} INFO - [2026-04-13T16:51:11.009+0000] {dag.py:3954} INFO - Setting next_dagrun for example_python_decorator to None, run_after=None
[2026-04-13T16:51:11.117+0000] {processor.py:183} INFO - Processing /home/airflow/.local/lib/python3.12/site-packages/airflow/example_dags/example_python_decorator.py took 0.277 seconds
[2026-04-13T16:51:41.176+0000] {processor.py:161} INFO - Started process (PID=1079) to work on /home/airflow/.local/lib/python3.12/site-packages/airflow/example_dags/example_python_decorator.py
[2026-04-13T16:51:41.177+0000] {processor.py:830} INFO - Processing file /home/airflow/.local/lib/python3.12/site-packages/airflow/example_dags/example_python_decorator.py for tasks to queue
[2026-04-13T16:51:41.182+0000] {logging_mixin.py:188} INFO - [2026-04-13T16:51:41.181+0000] {dagbag.py:545} INFO - Filling up the DagBag from /home/airflow/.local/lib/python3.12/site-packages/airflow/example_dags/example_python_decorator.py
[2026-04-13T16:51:41.209+0000] {processor.py:840} INFO - DAG(s) 'example_python_decorator' retrieved from /home/airflow/.local/lib/python3.12/site-packages/airflow/example_dags/example_python_decorator.py
[2026-04-13T16:51:41.248+0000] {logging_mixin.py:188} INFO - [2026-04-13T16:51:41.247+0000] {dag.py:3096} INFO - Sync 1 DAGs
[2026-04-13T16:51:41.271+0000] {logging_mixin.py:188} INFO - [2026-04-13T16:51:41.271+0000] {dag.py:3954} INFO - Setting next_dagrun for example_python_decorator to None, run_after=None
[2026-04-13T16:51:41.322+0000] {processor.py:183} INFO - Processing /home/airflow/.local/lib/python3.12/site-packages/airflow/example_dags/example_python_decorator.py took 0.157 seconds
[2026-04-13T16:52:11.854+0000] {processor.py:161} INFO - Started process (PID=1137) to work on /home/airflow/.local/lib/python3.12/site-packages/airflow/example_dags/example_python_decorator.py
[2026-04-13T16:52:11.857+0000] {processor.py:830} INFO - Processing file /home/airflow/.local/lib/python3.12/site-packages/airflow/example_dags/example_python_decorator.py for tasks to queue
[2026-04-13T16:52:11.861+0000] {logging_mixin.py:188} INFO - [2026-04-13T16:52:11.860+0000] {dagbag.py:545} INFO - Filling up the DagBag from /home/airflow/.local/lib/python3.12/site-packages/airflow/example_dags/example_python_decorator.py
[2026-04-13T16:52:11.886+0000] {processor.py:840} INFO - DAG(s) 'example_python_decorator' retrieved from /home/airflow/.local/lib/python3.12/site-packages/airflow/example_dags/example_python_decorator.py
[2026-04-13T16:52:11.915+0000] {logging_mixin.py:188} INFO - [2026-04-13T16:52:11.915+0000] {dag.py:3096} INFO - Sync 1 DAGs
[2026-04-13T16:52:11.932+0000] {logging_mixin.py:188} INFO - [2026-04-13T16:52:11.932+0000] {dag.py:3954} INFO - Setting next_dagrun for example_python_decorator to None, run_after=None
[2026-04-13T16:52:12.041+0000] {processor.py:183} INFO - Processing /home/airflow/.local/lib/python3.12/site-packages/airflow/example_dags/example_python_decorator.py took 0.201 seconds
[2026-04-13T16:52:42.109+0000] {processor.py:161} INFO - Started process (PID=1196) to work on /home/airflow/.local/lib/python3.12/site-packages/airflow/example_dags/example_python_decorator.py
[2026-04-13T16:52:42.111+0000] {processor.py:830} INFO - Processing file /home/airflow/.local/lib/python3.12/site-packages/airflow/example_dags/example_python_decorator.py for tasks to queue
[2026-04-13T16:52:42.113+0000] {logging_mixin.py:188} INFO - [2026-04-13T16:52:42.113+0000] {dagbag.py:545} INFO - Filling up the DagBag from /home/airflow/.local/lib/python3.12/site-packages/airflow/example_dags/example_python_decorator.py
[2026-04-13T16:52:42.130+0000] {processor.py:840} INFO - DAG(s) 'example_python_decorator' retrieved from /home/airflow/.local/lib/python3.12/site-packages/airflow/example_dags/example_python_decorator.py
[2026-04-13T16:52:42.160+0000] {logging_mixin.py:188} INFO - [2026-04-13T16:52:42.160+0000] {dag.py:3096} INFO - Sync 1 DAGs
[2026-04-13T16:52:42.176+0000] {logging_mixin.py:188} INFO - [2026-04-13T16:52:42.176+0000] {dag.py:3954} INFO - Setting next_dagrun for example_python_decorator to None, run_after=None
[2026-04-13T16:52:42.205+0000] {processor.py:183} INFO - Processing /home/airflow/.local/lib/python3.12/site-packages/airflow/example_dags/example_python_decorator.py took 0.103 seconds
[2026-04-13T16:53:12.509+0000] {processor.py:161} INFO - Started process (PID=1254) to work on /home/airflow/.local/lib/python3.12/site-packages/airflow/example_dags/example_python_decorator.py
[2026-04-13T16:53:12.511+0000] {processor.py:830} INFO - Processing file /home/airflow/.local/lib/python3.12/site-packages/airflow/example_dags/example_python_decorator.py for tasks to queue
[2026-04-13T16:53:12.516+0000] {logging_mixin.py:188} INFO - [2026-04-13T16:53:12.515+0000] {dagbag.py:545} INFO - Filling up the DagBag from /home/airflow/.local/lib/python3.12/site-packages/airflow/example_dags/example_python_decorator.py
[2026-04-13T16:53:12.547+0000] {processor.py:840} INFO - DAG(s) 'example_python_decorator' retrieved from /home/airflow/.local/lib/python3.12/site-packages/airflow/example_dags/example_python_decorator.py
[2026-04-13T16:53:12.602+0000] {logging_mixin.py:188} INFO - [2026-04-13T16:53:12.601+0000] {dag.py:3096} INFO - Sync 1 DAGs
[2026-04-13T16:53:12.632+0000] {logging_mixin.py:188} INFO - [2026-04-13T16:53:12.631+0000] {dag.py:3954} INFO - Setting next_dagrun for example_python_decorator to None, run_after=None
[2026-04-13T16:53:12.748+0000] {processor.py:183} INFO - Processing /home/airflow/.local/lib/python3.12/site-packages/airflow/example_dags/example_python_decorator.py took 0.253 seconds
[2026-04-13T16:53:43.249+0000] {processor.py:161} INFO - Started process (PID=1312) to work on /home/airflow/.local/lib/python3.12/site-packages/airflow/example_dags/example_python_decorator.py
[2026-04-13T16:53:43.252+0000] {processor.py:830} INFO - Processing file /home/airflow/.local/lib/python3.12/site-packages/airflow/example_dags/example_python_decorator.py for tasks to queue
[2026-04-13T16:53:43.255+0000] {logging_mixin.py:188} INFO - [2026-04-13T16:53:43.254+0000] {dagbag.py:545} INFO - Filling up the DagBag from /home/airflow/.local/lib/python3.12/site-packages/airflow/example_dags/example_python_decorator.py
[2026-04-13T16:53:43.276+0000] {processor.py:840} INFO - DAG(s) 'example_python_decorator' retrieved from /home/airflow/.local/lib/python3.12/site-packages/airflow/example_dags/example_python_decorator.py
[2026-04-13T16:53:43.315+0000] {logging_mixin.py:188} INFO - [2026-04-13T16:53:43.315+0000] {dag.py:3096} INFO - Sync 1 DAGs
[2026-04-13T16:53:43.333+0000] {logging_mixin.py:188} INFO - [2026-04-13T16:53:43.333+0000] {dag.py:3954} INFO - Setting next_dagrun for example_python_decorator to None, run_after=None
[2026-04-13T16:53:43.362+0000] {processor.py:183} INFO - Processing /home/airflow/.local/lib/python3.12/site-packages/airflow/example_dags/example_python_decorator.py took 0.124 seconds
[2026-04-13T16:54:13.661+0000] {processor.py:161} INFO - Started process (PID=1370) to work on /home/airflow/.local/lib/python3.12/site-packages/airflow/example_dags/example_python_decorator.py
[2026-04-13T16:54:13.663+0000] {processor.py:830} INFO - Processing file /home/airflow/.local/lib/python3.12/site-packages/airflow/example_dags/example_python_decorator.py for tasks to queue
[2026-04-13T16:54:13.666+0000] {logging_mixin.py:188} INFO - [2026-04-13T16:54:13.665+0000] {dagbag.py:545} INFO - Filling up the DagBag from /home/airflow/.local/lib/python3.12/site-packages/airflow/example_dags/example_python_decorator.py
[2026-04-13T16:54:13.687+0000] {processor.py:840} INFO - DAG(s) 'example_python_decorator' retrieved from /home/airflow/.local/lib/python3.12/site-packages/airflow/example_dags/example_python_decorator.py
[2026-04-13T16:54:13.715+0000] {logging_mixin.py:188} INFO - [2026-04-13T16:54:13.715+0000] {dag.py:3096} INFO - Sync 1 DAGs
[2026-04-13T16:54:13.731+0000] {logging_mixin.py:188} INFO - [2026-04-13T16:54:13.731+0000] {dag.py:3954} INFO - Setting next_dagrun for example_python_decorator to None, run_after=None
[2026-04-13T16:54:13.759+0000] {processor.py:183} INFO - Processing /home/airflow/.local/lib/python3.12/site-packages/airflow/example_dags/example_python_decorator.py took 0.107 seconds
[2026-04-13T16:54:44.109+0000] {processor.py:161} INFO - Started process (PID=1428) to work on /home/airflow/.local/lib/python3.12/site-packages/airflow/example_dags/example_python_decorator.py
[2026-04-13T16:54:44.111+0000] {processor.py:830} INFO - Processing file /home/airflow/.local/lib/python3.12/site-packages/airflow/example_dags/example_python_decorator.py for tasks to queue
[2026-04-13T16:54:44.113+0000] {logging_mixin.py:188} INFO - [2026-04-13T16:54:44.113+0000] {dagbag.py:545} INFO - Filling up the DagBag from /home/airflow/.local/lib/python3.12/site-packages/airflow/example_dags/example_python_decorator.py
[2026-04-13T16:54:44.130+0000] {processor.py:840} INFO - DAG(s) 'example_python_decorator' retrieved from /home/airflow/.local/lib/python3.12/site-packages/airflow/example_dags/example_python_decorator.py
[2026-04-13T16:54:44.163+0000] {logging_mixin.py:188} INFO - [2026-04-13T16:54:44.163+0000] {dag.py:3096} INFO - Sync 1 DAGs
[2026-04-13T16:54:44.181+0000] {logging_mixin.py:188} INFO - [2026-04-13T16:54:44.180+0000] {dag.py:3954} INFO - Setting next_dagrun for example_python_decorator to None, run_after=None
[2026-04-13T16:54:44.210+0000] {processor.py:183} INFO - Processing /home/airflow/.local/lib/python3.12/site-packages/airflow/example_dags/example_python_decorator.py took 0.109 seconds
[2026-04-13T16:55:15.004+0000] {processor.py:161} INFO - Started process (PID=1486) to work on /home/airflow/.local/lib/python3.12/site-packages/airflow/example_dags/example_python_decorator.py
[2026-04-13T16:55:15.006+0000] {processor.py:830} INFO - Processing file /home/airflow/.local/lib/python3.12/site-packages/airflow/example_dags/example_python_decorator.py for tasks to queue
[2026-04-13T16:55:15.009+0000] {logging_mixin.py:188} INFO - [2026-04-13T16:55:15.008+0000] {dagbag.py:545} INFO - Filling up the DagBag from /home/airflow/.local/lib/python3.12/site-packages/airflow/example_dags/example_python_decorator.py
[2026-04-13T16:55:15.032+0000] {processor.py:840} INFO - DAG(s) 'example_python_decorator' retrieved from /home/airflow/.local/lib/python3.12/site-packages/airflow/example_dags/example_python_decorator.py
[2026-04-13T16:55:15.065+0000] {logging_mixin.py:188} INFO - [2026-04-13T16:55:15.065+0000] {dag.py:3096} INFO - Sync 1 DAGs
[2026-04-13T16:55:15.089+0000] {logging_mixin.py:188} INFO - [2026-04-13T16:55:15.088+0000] {dag.py:3954} INFO - Setting next_dagrun for example_python_decorator to None, run_after=None
[2026-04-13T16:55:15.116+0000] {processor.py:183} INFO - Processing /home/airflow/.local/lib/python3.12/site-packages/airflow/example_dags/example_python_decorator.py took 0.121 seconds
[2026-04-13T16:55:45.461+0000] {processor.py:161} INFO - Started process (PID=1544) to work on /home/airflow/.local/lib/python3.12/site-packages/airflow/example_dags/example_python_decorator.py
[2026-04-13T16:55:45.463+0000] {processor.py:830} INFO - Processing file /home/airflow/.local/lib/python3.12/site-packages/airflow/example_dags/example_python_decorator.py for tasks to queue
[2026-04-13T16:55:45.465+0000] {logging_mixin.py:188} INFO - [2026-04-13T16:55:45.465+0000] {dagbag.py:545} INFO - Filling up the DagBag from /home/airflow/.local/lib/python3.12/site-packages/airflow/example_dags/example_python_decorator.py
[2026-04-13T16:55:45.488+0000] {processor.py:840} INFO - DAG(s) 'example_python_decorator' retrieved from /home/airflow/.local/lib/python3.12/site-packages/airflow/example_dags/example_python_decorator.py
[2026-04-13T16:55:45.518+0000] {logging_mixin.py:188} INFO - [2026-04-13T16:55:45.517+0000] {dag.py:3096} INFO - Sync 1 DAGs
[2026-04-13T16:55:45.536+0000] {logging_mixin.py:188} INFO - [2026-04-13T16:55:45.535+0000] {dag.py:3954} INFO - Setting next_dagrun for example_python_decorator to None, run_after=None
[2026-04-13T16:55:45.564+0000] {processor.py:183} INFO - Processing /home/airflow/.local/lib/python3.12/site-packages/airflow/example_dags/example_python_decorator.py took 0.111 seconds
[2026-04-13T16:56:16.276+0000] {processor.py:161} INFO - Started process (PID=1602) to work on /home/airflow/.local/lib/python3.12/site-packages/airflow/example_dags/example_python_decorator.py
[2026-04-13T16:56:16.277+0000] {processor.py:830} INFO - Processing file /home/airflow/.local/lib/python3.12/site-packages/airflow/example_dags/example_python_decorator.py for tasks to queue
[2026-04-13T16:56:16.280+0000] {logging_mixin.py:188} INFO - [2026-04-13T16:56:16.279+0000] {dagbag.py:545} INFO - Filling up the DagBag from /home/airflow/.local/lib/python3.12/site-packages/airflow/example_dags/example_python_decorator.py
[2026-04-13T16:56:16.299+0000] {processor.py:840} INFO - DAG(s) 'example_python_decorator' retrieved from /home/airflow/.local/lib/python3.12/site-packages/airflow/example_dags/example_python_decorator.py
[2026-04-13T16:56:16.329+0000] {logging_mixin.py:188} INFO - [2026-04-13T16:56:16.328+0000] {dag.py:3096} INFO - Sync 1 DAGs
[2026-04-13T16:56:16.347+0000] {logging_mixin.py:188} INFO - [2026-04-13T16:56:16.347+0000] {dag.py:3954} INFO - Setting next_dagrun for example_python_decorator to None, run_after=None
[2026-04-13T16:56:16.376+0000] {processor.py:183} INFO - Processing /home/airflow/.local/lib/python3.12/site-packages/airflow/example_dags/example_python_decorator.py took 0.108 seconds
[2026-04-13T16:56:47.046+0000] {processor.py:161} INFO - Started process (PID=1660) to work on /home/airflow/.local/lib/python3.12/site-packages/airflow/example_dags/example_python_decorator.py
[2026-04-13T16:56:47.049+0000] {processor.py:830} INFO - Processing file /home/airflow/.local/lib/python3.12/site-packages/airflow/example_dags/example_python_decorator.py for tasks to queue
[2026-04-13T16:56:47.055+0000] {logging_mixin.py:188} INFO - [2026-04-13T16:56:47.054+0000] {dagbag.py:545} INFO - Filling up the DagBag from /home/airflow/.local/lib/python3.12/site-packages/airflow/example_dags/example_python_decorator.py
[2026-04-13T16:56:47.105+0000] {processor.py:840} INFO - DAG(s) 'example_python_decorator' retrieved from /home/airflow/.local/lib/python3.12/site-packages/airflow/example_dags/example_python_decorator.py
[2026-04-13T16:56:47.177+0000] {logging_mixin.py:188} INFO - [2026-04-13T16:56:47.176+0000] {dag.py:3096} INFO - Sync 1 DAGs
[2026-04-13T16:56:47.221+0000] {logging_mixin.py:188} INFO - [2026-04-13T16:56:47.221+0000] {dag.py:3954} INFO - Setting next_dagrun for example_python_decorator to None, run_after=None
[2026-04-13T16:56:47.281+0000] {processor.py:183} INFO - Processing /home/airflow/.local/lib/python3.12/site-packages/airflow/example_dags/example_python_decorator.py took 0.253 seconds
