[2026-04-13T16:43:02.607+0000] {processor.py:161} INFO - Started process (PID=98) to work on /home/airflow/.local/lib/python3.12/site-packages/airflow/example_dags/example_branch_operator.py
[2026-04-13T16:43:02.611+0000] {processor.py:830} INFO - Processing file /home/airflow/.local/lib/python3.12/site-packages/airflow/example_dags/example_branch_operator.py for tasks to queue
[2026-04-13T16:43:02.619+0000] {logging_mixin.py:188} INFO - [2026-04-13T16:43:02.617+0000] {dagbag.py:545} INFO - Filling up the DagBag from /home/airflow/.local/lib/python3.12/site-packages/airflow/example_dags/example_branch_operator.py
[2026-04-13T16:43:02.697+0000] {processor.py:840} INFO - DAG(s) 'example_branch_operator' retrieved from /home/airflow/.local/lib/python3.12/site-packages/airflow/example_dags/example_branch_operator.py
[2026-04-13T16:43:03.104+0000] {logging_mixin.py:188} INFO - [2026-04-13T16:43:03.103+0000] {dag.py:3096} INFO - Sync 1 DAGs
[2026-04-13T16:43:03.162+0000] {logging_mixin.py:188} INFO - [2026-04-13T16:43:03.162+0000] {dag.py:3954} INFO - Setting next_dagrun for example_branch_operator to 2026-04-12 00:00:00+00:00, run_after=2026-04-13 00:00:00+00:00
[2026-04-13T16:43:03.262+0000] {processor.py:183} INFO - Processing /home/airflow/.local/lib/python3.12/site-packages/airflow/example_dags/example_branch_operator.py took 0.692 seconds
[2026-04-13T16:43:34.119+0000] {processor.py:161} INFO - Started process (PID=157) to work on /home/airflow/.local/lib/python3.12/site-packages/airflow/example_dags/example_branch_operator.py
[2026-04-13T16:43:34.127+0000] {processor.py:830} INFO - Processing file /home/airflow/.local/lib/python3.12/site-packages/airflow/example_dags/example_branch_operator.py for tasks to queue
[2026-04-13T16:43:34.141+0000] {logging_mixin.py:188} INFO - [2026-04-13T16:43:34.140+0000] {dagbag.py:545} INFO - Filling up the DagBag from /home/airflow/.local/lib/python3.12/site-packages/airflow/example_dags/example_branch_operator.py
[2026-04-13T16:43:34.392+0000] {processor.py:840} INFO - DAG(s) 'example_branch_operator' retrieved from /home/airflow/.local/lib/python3.12/site-packages/airflow/example_dags/example_branch_operator.py
[2026-04-13T16:43:34.853+0000] {logging_mixin.py:188} INFO - [2026-04-13T16:43:34.852+0000] {dag.py:3096} INFO - Sync 1 DAGs
[2026-04-13T16:43:35.133+0000] {logging_mixin.py:188} INFO - [2026-04-13T16:43:35.132+0000] {dag.py:3954} INFO - Setting next_dagrun for example_branch_operator to 2026-04-12 00:00:00+00:00, run_after=2026-04-13 00:00:00+00:00
[2026-04-13T16:43:35.261+0000] {processor.py:183} INFO - Processing /home/airflow/.local/lib/python3.12/site-packages/airflow/example_dags/example_branch_operator.py took 1.182 seconds
[2026-04-13T16:44:06.242+0000] {processor.py:161} INFO - Started process (PID=215) to work on /home/airflow/.local/lib/python3.12/site-packages/airflow/example_dags/example_branch_operator.py
[2026-04-13T16:44:06.244+0000] {processor.py:830} INFO - Processing file /home/airflow/.local/lib/python3.12/site-packages/airflow/example_dags/example_branch_operator.py for tasks to queue
[2026-04-13T16:44:06.247+0000] {logging_mixin.py:188} INFO - [2026-04-13T16:44:06.246+0000] {dagbag.py:545} INFO - Filling up the DagBag from /home/airflow/.local/lib/python3.12/site-packages/airflow/example_dags/example_branch_operator.py
[2026-04-13T16:44:06.275+0000] {processor.py:840} INFO - DAG(s) 'example_branch_operator' retrieved from /home/airflow/.local/lib/python3.12/site-packages/airflow/example_dags/example_branch_operator.py
[2026-04-13T16:44:06.319+0000] {logging_mixin.py:188} INFO - [2026-04-13T16:44:06.318+0000] {dag.py:3096} INFO - Sync 1 DAGs
[2026-04-13T16:44:06.362+0000] {logging_mixin.py:188} INFO - [2026-04-13T16:44:06.362+0000] {dag.py:3954} INFO - Setting next_dagrun for example_branch_operator to 2026-04-12 00:00:00+00:00, run_after=2026-04-13 00:00:00+00:00
[2026-04-13T16:44:06.406+0000] {processor.py:183} INFO - Processing /home/airflow/.local/lib/python3.12/site-packages/airflow/example_dags/example_branch_operator.py took 0.171 seconds
[2026-04-13T16:44:36.635+0000] {processor.py:161} INFO - Started process (PID=273) to work on /home/airflow/.local/lib/python3.12/site-packages/airflow/example_dags/example_branch_operator.py
[2026-04-13T16:44:36.637+0000] {processor.py:830} INFO - Processing file /home/airflow/.local/lib/python3.12/site-packages/airflow/example_dags/example_branch_operator.py for tasks to queue
[2026-04-13T16:44:36.640+0000] {logging_mixin.py:188} INFO - [2026-04-13T16:44:36.639+0000] {dagbag.py:545} INFO - Filling up the DagBag from /home/airflow/.local/lib/python3.12/site-packages/airflow/example_dags/example_branch_operator.py
[2026-04-13T16:44:36.672+0000] {processor.py:840} INFO - DAG(s) 'example_branch_operator' retrieved from /home/airflow/.local/lib/python3.12/site-packages/airflow/example_dags/example_branch_operator.py
[2026-04-13T16:44:36.725+0000] {logging_mixin.py:188} INFO - [2026-04-13T16:44:36.724+0000] {dag.py:3096} INFO - Sync 1 DAGs
[2026-04-13T16:44:36.767+0000] {logging_mixin.py:188} INFO - [2026-04-13T16:44:36.766+0000] {dag.py:3954} INFO - Setting next_dagrun for example_branch_operator to 2026-04-12 00:00:00+00:00, run_after=2026-04-13 00:00:00+00:00
[2026-04-13T16:44:36.842+0000] {processor.py:183} INFO - Processing /home/airflow/.local/lib/python3.12/site-packages/airflow/example_dags/example_branch_operator.py took 0.217 seconds
[2026-04-13T16:45:07.269+0000] {processor.py:161} INFO - Started process (PID=331) to work on /home/airflow/.local/lib/python3.12/site-packages/airflow/example_dags/example_branch_operator.py
[2026-04-13T16:45:07.271+0000] {processor.py:830} INFO - Processing file /home/airflow/.local/lib/python3.12/site-packages/airflow/example_dags/example_branch_operator.py for tasks to queue
[2026-04-13T16:45:07.275+0000] {logging_mixin.py:188} INFO - [2026-04-13T16:45:07.274+0000] {dagbag.py:545} INFO - Filling up the DagBag from /home/airflow/.local/lib/python3.12/site-packages/airflow/example_dags/example_branch_operator.py
[2026-04-13T16:45:07.299+0000] {processor.py:840} INFO - DAG(s) 'example_branch_operator' retrieved from /home/airflow/.local/lib/python3.12/site-packages/airflow/example_dags/example_branch_operator.py
[2026-04-13T16:45:07.340+0000] {logging_mixin.py:188} INFO - [2026-04-13T16:45:07.340+0000] {dag.py:3096} INFO - Sync 1 DAGs
[2026-04-13T16:45:07.372+0000] {logging_mixin.py:188} INFO - [2026-04-13T16:45:07.372+0000] {dag.py:3954} INFO - Setting next_dagrun for example_branch_operator to 2026-04-12 00:00:00+00:00, run_after=2026-04-13 00:00:00+00:00
[2026-04-13T16:45:07.436+0000] {processor.py:183} INFO - Processing /home/airflow/.local/lib/python3.12/site-packages/airflow/example_dags/example_branch_operator.py took 0.178 seconds
[2026-04-13T16:45:37.571+0000] {processor.py:161} INFO - Started process (PID=389) to work on /home/airflow/.local/lib/python3.12/site-packages/airflow/example_dags/example_branch_operator.py
[2026-04-13T16:45:37.573+0000] {processor.py:830} INFO - Processing file /home/airflow/.local/lib/python3.12/site-packages/airflow/example_dags/example_branch_operator.py for tasks to queue
[2026-04-13T16:45:37.577+0000] {logging_mixin.py:188} INFO - [2026-04-13T16:45:37.577+0000] {dagbag.py:545} INFO - Filling up the DagBag from /home/airflow/.local/lib/python3.12/site-packages/airflow/example_dags/example_branch_operator.py
[2026-04-13T16:45:37.670+0000] {processor.py:840} INFO - DAG(s) 'example_branch_operator' retrieved from /home/airflow/.local/lib/python3.12/site-packages/airflow/example_dags/example_branch_operator.py
[2026-04-13T16:45:37.766+0000] {logging_mixin.py:188} INFO - [2026-04-13T16:45:37.766+0000] {dag.py:3096} INFO - Sync 1 DAGs
[2026-04-13T16:45:37.821+0000] {logging_mixin.py:188} INFO - [2026-04-13T16:45:37.820+0000] {dag.py:3954} INFO - Setting next_dagrun for example_branch_operator to 2026-04-12 00:00:00+00:00, run_after=2026-04-13 00:00:00+00:00
[2026-04-13T16:45:37.870+0000] {processor.py:183} INFO - Processing /home/airflow/.local/lib/python3.12/site-packages/airflow/example_dags/example_branch_operator.py took 0.309 seconds
[2026-04-13T16:46:08.779+0000] {processor.py:161} INFO - Started process (PID=447) to work on /home/airflow/.local/lib/python3.12/site-packages/airflow/example_dags/example_branch_operator.py
[2026-04-13T16:46:08.782+0000] {processor.py:830} INFO - Processing file /home/airflow/.local/lib/python3.12/site-packages/airflow/example_dags/example_branch_operator.py for tasks to queue
[2026-04-13T16:46:08.786+0000] {logging_mixin.py:188} INFO - [2026-04-13T16:46:08.785+0000] {dagbag.py:545} INFO - Filling up the DagBag from /home/airflow/.local/lib/python3.12/site-packages/airflow/example_dags/example_branch_operator.py
[2026-04-13T16:46:08.825+0000] {processor.py:840} INFO - DAG(s) 'example_branch_operator' retrieved from /home/airflow/.local/lib/python3.12/site-packages/airflow/example_dags/example_branch_operator.py
[2026-04-13T16:46:08.896+0000] {logging_mixin.py:188} INFO - [2026-04-13T16:46:08.896+0000] {dag.py:3096} INFO - Sync 1 DAGs
[2026-04-13T16:46:08.950+0000] {logging_mixin.py:188} INFO - [2026-04-13T16:46:08.950+0000] {dag.py:3954} INFO - Setting next_dagrun for example_branch_operator to 2026-04-12 00:00:00+00:00, run_after=2026-04-13 00:00:00+00:00
[2026-04-13T16:46:08.998+0000] {processor.py:183} INFO - Processing /home/airflow/.local/lib/python3.12/site-packages/airflow/example_dags/example_branch_operator.py took 0.232 seconds
[2026-04-13T16:46:39.215+0000] {processor.py:161} INFO - Started process (PID=506) to work on /home/airflow/.local/lib/python3.12/site-packages/airflow/example_dags/example_branch_operator.py
[2026-04-13T16:46:39.217+0000] {processor.py:830} INFO - Processing file /home/airflow/.local/lib/python3.12/site-packages/airflow/example_dags/example_branch_operator.py for tasks to queue
[2026-04-13T16:46:39.222+0000] {logging_mixin.py:188} INFO - [2026-04-13T16:46:39.221+0000] {dagbag.py:545} INFO - Filling up the DagBag from /home/airflow/.local/lib/python3.12/site-packages/airflow/example_dags/example_branch_operator.py
[2026-04-13T16:46:39.262+0000] {processor.py:840} INFO - DAG(s) 'example_branch_operator' retrieved from /home/airflow/.local/lib/python3.12/site-packages/airflow/example_dags/example_branch_operator.py
[2026-04-13T16:46:39.338+0000] {logging_mixin.py:188} INFO - [2026-04-13T16:46:39.337+0000] {dag.py:3096} INFO - Sync 1 DAGs
[2026-04-13T16:46:39.408+0000] {logging_mixin.py:188} INFO - [2026-04-13T16:46:39.408+0000] {dag.py:3954} INFO - Setting next_dagrun for example_branch_operator to 2026-04-12 00:00:00+00:00, run_after=2026-04-13 00:00:00+00:00
[2026-04-13T16:46:39.460+0000] {processor.py:183} INFO - Processing /home/airflow/.local/lib/python3.12/site-packages/airflow/example_dags/example_branch_operator.py took 0.258 seconds
[2026-04-13T16:47:09.781+0000] {processor.py:161} INFO - Started process (PID=564) to work on /home/airflow/.local/lib/python3.12/site-packages/airflow/example_dags/example_branch_operator.py
[2026-04-13T16:47:09.784+0000] {processor.py:830} INFO - Processing file /home/airflow/.local/lib/python3.12/site-packages/airflow/example_dags/example_branch_operator.py for tasks to queue
[2026-04-13T16:47:09.789+0000] {logging_mixin.py:188} INFO - [2026-04-13T16:47:09.788+0000] {dagbag.py:545} INFO - Filling up the DagBag from /home/airflow/.local/lib/python3.12/site-packages/airflow/example_dags/example_branch_operator.py
[2026-04-13T16:47:09.836+0000] {processor.py:840} INFO - DAG(s) 'example_branch_operator' retrieved from /home/airflow/.local/lib/python3.12/site-packages/airflow/example_dags/example_branch_operator.py
[2026-04-13T16:47:09.910+0000] {logging_mixin.py:188} INFO - [2026-04-13T16:47:09.910+0000] {dag.py:3096} INFO - Sync 1 DAGs
[2026-04-13T16:47:09.969+0000] {logging_mixin.py:188} INFO - [2026-04-13T16:47:09.968+0000] {dag.py:3954} INFO - Setting next_dagrun for example_branch_operator to 2026-04-12 00:00:00+00:00, run_after=2026-04-13 00:00:00+00:00
[2026-04-13T16:47:10.041+0000] {processor.py:183} INFO - Processing /home/airflow/.local/lib/python3.12/site-packages/airflow/example_dags/example_branch_operator.py took 0.273 seconds
[2026-04-13T16:47:40.240+0000] {processor.py:161} INFO - Started process (PID=622) to work on /home/airflow/.local/lib/python3.12/site-packages/airflow/example_dags/example_branch_operator.py
[2026-04-13T16:47:40.242+0000] {processor.py:830} INFO - Processing file /home/airflow/.local/lib/python3.12/site-packages/airflow/example_dags/example_branch_operator.py for tasks to queue
[2026-04-13T16:47:40.246+0000] {logging_mixin.py:188} INFO - [2026-04-13T16:47:40.246+0000] {dagbag.py:545} INFO - Filling up the DagBag from /home/airflow/.local/lib/python3.12/site-packages/airflow/example_dags/example_branch_operator.py
[2026-04-13T16:47:40.286+0000] {processor.py:840} INFO - DAG(s) 'example_branch_operator' retrieved from /home/airflow/.local/lib/python3.12/site-packages/airflow/example_dags/example_branch_operator.py
[2026-04-13T16:47:40.360+0000] {logging_mixin.py:188} INFO - [2026-04-13T16:47:40.359+0000] {dag.py:3096} INFO - Sync 1 DAGs
[2026-04-13T16:47:40.413+0000] {logging_mixin.py:188} INFO - [2026-04-13T16:47:40.413+0000] {dag.py:3954} INFO - Setting next_dagrun for example_branch_operator to 2026-04-12 00:00:00+00:00, run_after=2026-04-13 00:00:00+00:00
[2026-04-13T16:47:40.485+0000] {processor.py:183} INFO - Processing /home/airflow/.local/lib/python3.12/site-packages/airflow/example_dags/example_branch_operator.py took 0.259 seconds
[2026-04-13T16:48:10.679+0000] {processor.py:161} INFO - Started process (PID=680) to work on /home/airflow/.local/lib/python3.12/site-packages/airflow/example_dags/example_branch_operator.py
[2026-04-13T16:48:10.681+0000] {processor.py:830} INFO - Processing file /home/airflow/.local/lib/python3.12/site-packages/airflow/example_dags/example_branch_operator.py for tasks to queue
[2026-04-13T16:48:10.687+0000] {logging_mixin.py:188} INFO - [2026-04-13T16:48:10.686+0000] {dagbag.py:545} INFO - Filling up the DagBag from /home/airflow/.local/lib/python3.12/site-packages/airflow/example_dags/example_branch_operator.py
[2026-04-13T16:48:10.727+0000] {processor.py:840} INFO - DAG(s) 'example_branch_operator' retrieved from /home/airflow/.local/lib/python3.12/site-packages/airflow/example_dags/example_branch_operator.py
[2026-04-13T16:48:10.797+0000] {logging_mixin.py:188} INFO - [2026-04-13T16:48:10.796+0000] {dag.py:3096} INFO - Sync 1 DAGs
[2026-04-13T16:48:10.851+0000] {logging_mixin.py:188} INFO - [2026-04-13T16:48:10.850+0000] {dag.py:3954} INFO - Setting next_dagrun for example_branch_operator to 2026-04-12 00:00:00+00:00, run_after=2026-04-13 00:00:00+00:00
[2026-04-13T16:48:10.901+0000] {processor.py:183} INFO - Processing /home/airflow/.local/lib/python3.12/site-packages/airflow/example_dags/example_branch_operator.py took 0.236 seconds
[2026-04-13T16:48:41.704+0000] {processor.py:161} INFO - Started process (PID=738) to work on /home/airflow/.local/lib/python3.12/site-packages/airflow/example_dags/example_branch_operator.py
[2026-04-13T16:48:41.706+0000] {processor.py:830} INFO - Processing file /home/airflow/.local/lib/python3.12/site-packages/airflow/example_dags/example_branch_operator.py for tasks to queue
[2026-04-13T16:48:41.709+0000] {logging_mixin.py:188} INFO - [2026-04-13T16:48:41.709+0000] {dagbag.py:545} INFO - Filling up the DagBag from /home/airflow/.local/lib/python3.12/site-packages/airflow/example_dags/example_branch_operator.py
[2026-04-13T16:48:41.734+0000] {processor.py:840} INFO - DAG(s) 'example_branch_operator' retrieved from /home/airflow/.local/lib/python3.12/site-packages/airflow/example_dags/example_branch_operator.py
[2026-04-13T16:48:41.774+0000] {logging_mixin.py:188} INFO - [2026-04-13T16:48:41.774+0000] {dag.py:3096} INFO - Sync 1 DAGs
[2026-04-13T16:48:41.804+0000] {logging_mixin.py:188} INFO - [2026-04-13T16:48:41.804+0000] {dag.py:3954} INFO - Setting next_dagrun for example_branch_operator to 2026-04-12 00:00:00+00:00, run_after=2026-04-13 00:00:00+00:00
[2026-04-13T16:48:41.852+0000] {processor.py:183} INFO - Processing /home/airflow/.local/lib/python3.12/site-packages/airflow/example_dags/example_branch_operator.py took 0.158 seconds
[2026-04-13T16:49:12.106+0000] {processor.py:161} INFO - Started process (PID=796) to work on /home/airflow/.local/lib/python3.12/site-packages/airflow/example_dags/example_branch_operator.py
[2026-04-13T16:49:12.108+0000] {processor.py:830} INFO - Processing file /home/airflow/.local/lib/python3.12/site-packages/airflow/example_dags/example_branch_operator.py for tasks to queue
[2026-04-13T16:49:12.110+0000] {logging_mixin.py:188} INFO - [2026-04-13T16:49:12.110+0000] {dagbag.py:545} INFO - Filling up the DagBag from /home/airflow/.local/lib/python3.12/site-packages/airflow/example_dags/example_branch_operator.py
[2026-04-13T16:49:12.136+0000] {processor.py:840} INFO - DAG(s) 'example_branch_operator' retrieved from /home/airflow/.local/lib/python3.12/site-packages/airflow/example_dags/example_branch_operator.py
[2026-04-13T16:49:12.175+0000] {logging_mixin.py:188} INFO - [2026-04-13T16:49:12.175+0000] {dag.py:3096} INFO - Sync 1 DAGs
[2026-04-13T16:49:12.207+0000] {logging_mixin.py:188} INFO - [2026-04-13T16:49:12.206+0000] {dag.py:3954} INFO - Setting next_dagrun for example_branch_operator to 2026-04-12 00:00:00+00:00, run_after=2026-04-13 00:00:00+00:00
[2026-04-13T16:49:12.236+0000] {processor.py:183} INFO - Processing /home/airflow/.local/lib/python3.12/site-packages/airflow/example_dags/example_branch_operator.py took 0.138 seconds
[2026-04-13T16:49:42.359+0000] {processor.py:161} INFO - Started process (PID=854) to work on /home/airflow/.local/lib/python3.12/site-packages/airflow/example_dags/example_branch_operator.py
[2026-04-13T16:49:42.361+0000] {processor.py:830} INFO - Processing file /home/airflow/.local/lib/python3.12/site-packages/airflow/example_dags/example_branch_operator.py for tasks to queue
[2026-04-13T16:49:42.365+0000] {logging_mixin.py:188} INFO - [2026-04-13T16:49:42.364+0000] {dagbag.py:545} INFO - Filling up the DagBag from /home/airflow/.local/lib/python3.12/site-packages/airflow/example_dags/example_branch_operator.py
[2026-04-13T16:49:42.389+0000] {processor.py:840} INFO - DAG(s) 'example_branch_operator' retrieved from /home/airflow/.local/lib/python3.12/site-packages/airflow/example_dags/example_branch_operator.py
[2026-04-13T16:49:42.428+0000] {logging_mixin.py:188} INFO - [2026-04-13T16:49:42.428+0000] {dag.py:3096} INFO - Sync 1 DAGs
[2026-04-13T16:49:42.459+0000] {logging_mixin.py:188} INFO - [2026-04-13T16:49:42.458+0000] {dag.py:3954} INFO - Setting next_dagrun for example_branch_operator to 2026-04-12 00:00:00+00:00, run_after=2026-04-13 00:00:00+00:00
[2026-04-13T16:49:42.492+0000] {processor.py:183} INFO - Processing /home/airflow/.local/lib/python3.12/site-packages/airflow/example_dags/example_branch_operator.py took 0.145 seconds
[2026-04-13T16:50:13.041+0000] {processor.py:161} INFO - Started process (PID=912) to work on /home/airflow/.local/lib/python3.12/site-packages/airflow/example_dags/example_branch_operator.py
[2026-04-13T16:50:13.044+0000] {processor.py:830} INFO - Processing file /home/airflow/.local/lib/python3.12/site-packages/airflow/example_dags/example_branch_operator.py for tasks to queue
[2026-04-13T16:50:13.048+0000] {logging_mixin.py:188} INFO - [2026-04-13T16:50:13.048+0000] {dagbag.py:545} INFO - Filling up the DagBag from /home/airflow/.local/lib/python3.12/site-packages/airflow/example_dags/example_branch_operator.py
[2026-04-13T16:50:13.095+0000] {processor.py:840} INFO - DAG(s) 'example_branch_operator' retrieved from /home/airflow/.local/lib/python3.12/site-packages/airflow/example_dags/example_branch_operator.py
[2026-04-13T16:50:13.178+0000] {logging_mixin.py:188} INFO - [2026-04-13T16:50:13.178+0000] {dag.py:3096} INFO - Sync 1 DAGs
[2026-04-13T16:50:13.239+0000] {logging_mixin.py:188} INFO - [2026-04-13T16:50:13.238+0000] {dag.py:3954} INFO - Setting next_dagrun for example_branch_operator to 2026-04-12 00:00:00+00:00, run_after=2026-04-13 00:00:00+00:00
[2026-04-13T16:50:13.295+0000] {processor.py:183} INFO - Processing /home/airflow/.local/lib/python3.12/site-packages/airflow/example_dags/example_branch_operator.py took 0.269 seconds
[2026-04-13T16:50:43.807+0000] {processor.py:161} INFO - Started process (PID=970) to work on /home/airflow/.local/lib/python3.12/site-packages/airflow/example_dags/example_branch_operator.py
[2026-04-13T16:50:43.808+0000] {processor.py:830} INFO - Processing file /home/airflow/.local/lib/python3.12/site-packages/airflow/example_dags/example_branch_operator.py for tasks to queue
[2026-04-13T16:50:43.811+0000] {logging_mixin.py:188} INFO - [2026-04-13T16:50:43.810+0000] {dagbag.py:545} INFO - Filling up the DagBag from /home/airflow/.local/lib/python3.12/site-packages/airflow/example_dags/example_branch_operator.py
[2026-04-13T16:50:43.835+0000] {processor.py:840} INFO - DAG(s) 'example_branch_operator' retrieved from /home/airflow/.local/lib/python3.12/site-packages/airflow/example_dags/example_branch_operator.py
[2026-04-13T16:50:43.897+0000] {logging_mixin.py:188} INFO - [2026-04-13T16:50:43.897+0000] {dag.py:3096} INFO - Sync 1 DAGs
[2026-04-13T16:50:43.955+0000] {logging_mixin.py:188} INFO - [2026-04-13T16:50:43.955+0000] {dag.py:3954} INFO - Setting next_dagrun for example_branch_operator to 2026-04-12 00:00:00+00:00, run_after=2026-04-13 00:00:00+00:00
[2026-04-13T16:50:43.994+0000] {processor.py:183} INFO - Processing /home/airflow/.local/lib/python3.12/site-packages/airflow/example_dags/example_branch_operator.py took 0.194 seconds
[2026-04-13T16:51:14.284+0000] {processor.py:161} INFO - Started process (PID=1029) to work on /home/airflow/.local/lib/python3.12/site-packages/airflow/example_dags/example_branch_operator.py
[2026-04-13T16:51:14.286+0000] {processor.py:830} INFO - Processing file /home/airflow/.local/lib/python3.12/site-packages/airflow/example_dags/example_branch_operator.py for tasks to queue
[2026-04-13T16:51:14.292+0000] {logging_mixin.py:188} INFO - [2026-04-13T16:51:14.291+0000] {dagbag.py:545} INFO - Filling up the DagBag from /home/airflow/.local/lib/python3.12/site-packages/airflow/example_dags/example_branch_operator.py
[2026-04-13T16:51:14.340+0000] {processor.py:840} INFO - DAG(s) 'example_branch_operator' retrieved from /home/airflow/.local/lib/python3.12/site-packages/airflow/example_dags/example_branch_operator.py
[2026-04-13T16:51:14.415+0000] {logging_mixin.py:188} INFO - [2026-04-13T16:51:14.414+0000] {dag.py:3096} INFO - Sync 1 DAGs
[2026-04-13T16:51:14.473+0000] {logging_mixin.py:188} INFO - [2026-04-13T16:51:14.473+0000] {dag.py:3954} INFO - Setting next_dagrun for example_branch_operator to 2026-04-12 00:00:00+00:00, run_after=2026-04-13 00:00:00+00:00
[2026-04-13T16:51:14.527+0000] {processor.py:183} INFO - Processing /home/airflow/.local/lib/python3.12/site-packages/airflow/example_dags/example_branch_operator.py took 0.258 seconds
[2026-04-13T16:51:44.774+0000] {processor.py:161} INFO - Started process (PID=1086) to work on /home/airflow/.local/lib/python3.12/site-packages/airflow/example_dags/example_branch_operator.py
[2026-04-13T16:51:44.776+0000] {processor.py:830} INFO - Processing file /home/airflow/.local/lib/python3.12/site-packages/airflow/example_dags/example_branch_operator.py for tasks to queue
[2026-04-13T16:51:44.781+0000] {logging_mixin.py:188} INFO - [2026-04-13T16:51:44.780+0000] {dagbag.py:545} INFO - Filling up the DagBag from /home/airflow/.local/lib/python3.12/site-packages/airflow/example_dags/example_branch_operator.py
[2026-04-13T16:51:44.827+0000] {processor.py:840} INFO - DAG(s) 'example_branch_operator' retrieved from /home/airflow/.local/lib/python3.12/site-packages/airflow/example_dags/example_branch_operator.py
[2026-04-13T16:51:44.911+0000] {logging_mixin.py:188} INFO - [2026-04-13T16:51:44.910+0000] {dag.py:3096} INFO - Sync 1 DAGs
[2026-04-13T16:51:45.009+0000] {logging_mixin.py:188} INFO - [2026-04-13T16:51:45.008+0000] {dag.py:3954} INFO - Setting next_dagrun for example_branch_operator to 2026-04-12 00:00:00+00:00, run_after=2026-04-13 00:00:00+00:00
[2026-04-13T16:51:45.056+0000] {processor.py:183} INFO - Processing /home/airflow/.local/lib/python3.12/site-packages/airflow/example_dags/example_branch_operator.py took 0.296 seconds
[2026-04-13T16:52:15.274+0000] {processor.py:161} INFO - Started process (PID=1144) to work on /home/airflow/.local/lib/python3.12/site-packages/airflow/example_dags/example_branch_operator.py
[2026-04-13T16:52:15.276+0000] {processor.py:830} INFO - Processing file /home/airflow/.local/lib/python3.12/site-packages/airflow/example_dags/example_branch_operator.py for tasks to queue
[2026-04-13T16:52:15.279+0000] {logging_mixin.py:188} INFO - [2026-04-13T16:52:15.278+0000] {dagbag.py:545} INFO - Filling up the DagBag from /home/airflow/.local/lib/python3.12/site-packages/airflow/example_dags/example_branch_operator.py
[2026-04-13T16:52:15.306+0000] {processor.py:840} INFO - DAG(s) 'example_branch_operator' retrieved from /home/airflow/.local/lib/python3.12/site-packages/airflow/example_dags/example_branch_operator.py
[2026-04-13T16:52:15.356+0000] {logging_mixin.py:188} INFO - [2026-04-13T16:52:15.355+0000] {dag.py:3096} INFO - Sync 1 DAGs
[2026-04-13T16:52:15.394+0000] {logging_mixin.py:188} INFO - [2026-04-13T16:52:15.393+0000] {dag.py:3954} INFO - Setting next_dagrun for example_branch_operator to 2026-04-12 00:00:00+00:00, run_after=2026-04-13 00:00:00+00:00
[2026-04-13T16:52:15.478+0000] {processor.py:183} INFO - Processing /home/airflow/.local/lib/python3.12/site-packages/airflow/example_dags/example_branch_operator.py took 0.214 seconds
[2026-04-13T16:52:45.695+0000] {processor.py:161} INFO - Started process (PID=1204) to work on /home/airflow/.local/lib/python3.12/site-packages/airflow/example_dags/example_branch_operator.py
[2026-04-13T16:52:45.696+0000] {processor.py:830} INFO - Processing file /home/airflow/.local/lib/python3.12/site-packages/airflow/example_dags/example_branch_operator.py for tasks to queue
[2026-04-13T16:52:45.699+0000] {logging_mixin.py:188} INFO - [2026-04-13T16:52:45.698+0000] {dagbag.py:545} INFO - Filling up the DagBag from /home/airflow/.local/lib/python3.12/site-packages/airflow/example_dags/example_branch_operator.py
[2026-04-13T16:52:45.720+0000] {processor.py:840} INFO - DAG(s) 'example_branch_operator' retrieved from /home/airflow/.local/lib/python3.12/site-packages/airflow/example_dags/example_branch_operator.py
[2026-04-13T16:52:45.759+0000] {logging_mixin.py:188} INFO - [2026-04-13T16:52:45.759+0000] {dag.py:3096} INFO - Sync 1 DAGs
[2026-04-13T16:52:45.790+0000] {logging_mixin.py:188} INFO - [2026-04-13T16:52:45.789+0000] {dag.py:3954} INFO - Setting next_dagrun for example_branch_operator to 2026-04-12 00:00:00+00:00, run_after=2026-04-13 00:00:00+00:00
[2026-04-13T16:52:45.819+0000] {processor.py:183} INFO - Processing /home/airflow/.local/lib/python3.12/site-packages/airflow/example_dags/example_branch_operator.py took 0.132 seconds
[2026-04-13T16:53:16.114+0000] {processor.py:161} INFO - Started process (PID=1259) to work on /home/airflow/.local/lib/python3.12/site-packages/airflow/example_dags/example_branch_operator.py
[2026-04-13T16:53:16.115+0000] {processor.py:830} INFO - Processing file /home/airflow/.local/lib/python3.12/site-packages/airflow/example_dags/example_branch_operator.py for tasks to queue
[2026-04-13T16:53:16.118+0000] {logging_mixin.py:188} INFO - [2026-04-13T16:53:16.117+0000] {dagbag.py:545} INFO - Filling up the DagBag from /home/airflow/.local/lib/python3.12/site-packages/airflow/example_dags/example_branch_operator.py
[2026-04-13T16:53:16.141+0000] {processor.py:840} INFO - DAG(s) 'example_branch_operator' retrieved from /home/airflow/.local/lib/python3.12/site-packages/airflow/example_dags/example_branch_operator.py
[2026-04-13T16:53:16.183+0000] {logging_mixin.py:188} INFO - [2026-04-13T16:53:16.183+0000] {dag.py:3096} INFO - Sync 1 DAGs
[2026-04-13T16:53:16.212+0000] {logging_mixin.py:188} INFO - [2026-04-13T16:53:16.212+0000] {dag.py:3954} INFO - Setting next_dagrun for example_branch_operator to 2026-04-12 00:00:00+00:00, run_after=2026-04-13 00:00:00+00:00
[2026-04-13T16:53:16.292+0000] {processor.py:183} INFO - Processing /home/airflow/.local/lib/python3.12/site-packages/airflow/example_dags/example_branch_operator.py took 0.186 seconds
[2026-04-13T16:53:46.846+0000] {processor.py:161} INFO - Started process (PID=1317) to work on /home/airflow/.local/lib/python3.12/site-packages/airflow/example_dags/example_branch_operator.py
[2026-04-13T16:53:46.847+0000] {processor.py:830} INFO - Processing file /home/airflow/.local/lib/python3.12/site-packages/airflow/example_dags/example_branch_operator.py for tasks to queue
[2026-04-13T16:53:46.850+0000] {logging_mixin.py:188} INFO - [2026-04-13T16:53:46.849+0000] {dagbag.py:545} INFO - Filling up the DagBag from /home/airflow/.local/lib/python3.12/site-packages/airflow/example_dags/example_branch_operator.py
[2026-04-13T16:53:46.871+0000] {processor.py:840} INFO - DAG(s) 'example_branch_operator' retrieved from /home/airflow/.local/lib/python3.12/site-packages/airflow/example_dags/example_branch_operator.py
[2026-04-13T16:53:46.910+0000] {logging_mixin.py:188} INFO - [2026-04-13T16:53:46.910+0000] {dag.py:3096} INFO - Sync 1 DAGs
[2026-04-13T16:53:46.942+0000] {logging_mixin.py:188} INFO - [2026-04-13T16:53:46.942+0000] {dag.py:3954} INFO - Setting next_dagrun for example_branch_operator to 2026-04-12 00:00:00+00:00, run_after=2026-04-13 00:00:00+00:00
[2026-04-13T16:53:47.032+0000] {processor.py:183} INFO - Processing /home/airflow/.local/lib/python3.12/site-packages/airflow/example_dags/example_branch_operator.py took 0.194 seconds
[2026-04-13T16:54:17.149+0000] {processor.py:161} INFO - Started process (PID=1375) to work on /home/airflow/.local/lib/python3.12/site-packages/airflow/example_dags/example_branch_operator.py
[2026-04-13T16:54:17.152+0000] {processor.py:830} INFO - Processing file /home/airflow/.local/lib/python3.12/site-packages/airflow/example_dags/example_branch_operator.py for tasks to queue
[2026-04-13T16:54:17.158+0000] {logging_mixin.py:188} INFO - [2026-04-13T16:54:17.157+0000] {dagbag.py:545} INFO - Filling up the DagBag from /home/airflow/.local/lib/python3.12/site-packages/airflow/example_dags/example_branch_operator.py
[2026-04-13T16:54:17.200+0000] {processor.py:840} INFO - DAG(s) 'example_branch_operator' retrieved from /home/airflow/.local/lib/python3.12/site-packages/airflow/example_dags/example_branch_operator.py
[2026-04-13T16:54:17.292+0000] {logging_mixin.py:188} INFO - [2026-04-13T16:54:17.292+0000] {dag.py:3096} INFO - Sync 1 DAGs
[2026-04-13T16:54:17.348+0000] {logging_mixin.py:188} INFO - [2026-04-13T16:54:17.347+0000] {dag.py:3954} INFO - Setting next_dagrun for example_branch_operator to 2026-04-12 00:00:00+00:00, run_after=2026-04-13 00:00:00+00:00
[2026-04-13T16:54:17.415+0000] {processor.py:183} INFO - Processing /home/airflow/.local/lib/python3.12/site-packages/airflow/example_dags/example_branch_operator.py took 0.287 seconds
[2026-04-13T16:54:47.684+0000] {processor.py:161} INFO - Started process (PID=1433) to work on /home/airflow/.local/lib/python3.12/site-packages/airflow/example_dags/example_branch_operator.py
[2026-04-13T16:54:47.686+0000] {processor.py:830} INFO - Processing file /home/airflow/.local/lib/python3.12/site-packages/airflow/example_dags/example_branch_operator.py for tasks to queue
[2026-04-13T16:54:47.690+0000] {logging_mixin.py:188} INFO - [2026-04-13T16:54:47.690+0000] {dagbag.py:545} INFO - Filling up the DagBag from /home/airflow/.local/lib/python3.12/site-packages/airflow/example_dags/example_branch_operator.py
[2026-04-13T16:54:47.717+0000] {processor.py:840} INFO - DAG(s) 'example_branch_operator' retrieved from /home/airflow/.local/lib/python3.12/site-packages/airflow/example_dags/example_branch_operator.py
[2026-04-13T16:54:47.772+0000] {logging_mixin.py:188} INFO - [2026-04-13T16:54:47.771+0000] {dag.py:3096} INFO - Sync 1 DAGs
[2026-04-13T16:54:47.820+0000] {logging_mixin.py:188} INFO - [2026-04-13T16:54:47.819+0000] {dag.py:3954} INFO - Setting next_dagrun for example_branch_operator to 2026-04-12 00:00:00+00:00, run_after=2026-04-13 00:00:00+00:00
[2026-04-13T16:54:47.862+0000] {processor.py:183} INFO - Processing /home/airflow/.local/lib/python3.12/site-packages/airflow/example_dags/example_branch_operator.py took 0.186 seconds
[2026-04-13T16:55:18.419+0000] {processor.py:161} INFO - Started process (PID=1491) to work on /home/airflow/.local/lib/python3.12/site-packages/airflow/example_dags/example_branch_operator.py
[2026-04-13T16:55:18.420+0000] {processor.py:830} INFO - Processing file /home/airflow/.local/lib/python3.12/site-packages/airflow/example_dags/example_branch_operator.py for tasks to queue
[2026-04-13T16:55:18.423+0000] {logging_mixin.py:188} INFO - [2026-04-13T16:55:18.423+0000] {dagbag.py:545} INFO - Filling up the DagBag from /home/airflow/.local/lib/python3.12/site-packages/airflow/example_dags/example_branch_operator.py
[2026-04-13T16:55:18.447+0000] {processor.py:840} INFO - DAG(s) 'example_branch_operator' retrieved from /home/airflow/.local/lib/python3.12/site-packages/airflow/example_dags/example_branch_operator.py
[2026-04-13T16:55:18.487+0000] {logging_mixin.py:188} INFO - [2026-04-13T16:55:18.487+0000] {dag.py:3096} INFO - Sync 1 DAGs
[2026-04-13T16:55:18.519+0000] {logging_mixin.py:188} INFO - [2026-04-13T16:55:18.519+0000] {dag.py:3954} INFO - Setting next_dagrun for example_branch_operator to 2026-04-12 00:00:00+00:00, run_after=2026-04-13 00:00:00+00:00
[2026-04-13T16:55:18.551+0000] {processor.py:183} INFO - Processing /home/airflow/.local/lib/python3.12/site-packages/airflow/example_dags/example_branch_operator.py took 0.144 seconds
[2026-04-13T16:55:49.025+0000] {processor.py:161} INFO - Started process (PID=1549) to work on /home/airflow/.local/lib/python3.12/site-packages/airflow/example_dags/example_branch_operator.py
[2026-04-13T16:55:49.027+0000] {processor.py:830} INFO - Processing file /home/airflow/.local/lib/python3.12/site-packages/airflow/example_dags/example_branch_operator.py for tasks to queue
[2026-04-13T16:55:49.030+0000] {logging_mixin.py:188} INFO - [2026-04-13T16:55:49.029+0000] {dagbag.py:545} INFO - Filling up the DagBag from /home/airflow/.local/lib/python3.12/site-packages/airflow/example_dags/example_branch_operator.py
[2026-04-13T16:55:49.053+0000] {processor.py:840} INFO - DAG(s) 'example_branch_operator' retrieved from /home/airflow/.local/lib/python3.12/site-packages/airflow/example_dags/example_branch_operator.py
[2026-04-13T16:55:49.091+0000] {logging_mixin.py:188} INFO - [2026-04-13T16:55:49.091+0000] {dag.py:3096} INFO - Sync 1 DAGs
[2026-04-13T16:55:49.121+0000] {logging_mixin.py:188} INFO - [2026-04-13T16:55:49.121+0000] {dag.py:3954} INFO - Setting next_dagrun for example_branch_operator to 2026-04-12 00:00:00+00:00, run_after=2026-04-13 00:00:00+00:00
[2026-04-13T16:55:49.153+0000] {processor.py:183} INFO - Processing /home/airflow/.local/lib/python3.12/site-packages/airflow/example_dags/example_branch_operator.py took 0.135 seconds
[2026-04-13T16:56:19.747+0000] {processor.py:161} INFO - Started process (PID=1607) to work on /home/airflow/.local/lib/python3.12/site-packages/airflow/example_dags/example_branch_operator.py
[2026-04-13T16:56:19.749+0000] {processor.py:830} INFO - Processing file /home/airflow/.local/lib/python3.12/site-packages/airflow/example_dags/example_branch_operator.py for tasks to queue
[2026-04-13T16:56:19.752+0000] {logging_mixin.py:188} INFO - [2026-04-13T16:56:19.751+0000] {dagbag.py:545} INFO - Filling up the DagBag from /home/airflow/.local/lib/python3.12/site-packages/airflow/example_dags/example_branch_operator.py
[2026-04-13T16:56:19.776+0000] {processor.py:840} INFO - DAG(s) 'example_branch_operator' retrieved from /home/airflow/.local/lib/python3.12/site-packages/airflow/example_dags/example_branch_operator.py
[2026-04-13T16:56:19.817+0000] {logging_mixin.py:188} INFO - [2026-04-13T16:56:19.817+0000] {dag.py:3096} INFO - Sync 1 DAGs
[2026-04-13T16:56:19.858+0000] {logging_mixin.py:188} INFO - [2026-04-13T16:56:19.857+0000] {dag.py:3954} INFO - Setting next_dagrun for example_branch_operator to 2026-04-12 00:00:00+00:00, run_after=2026-04-13 00:00:00+00:00
[2026-04-13T16:56:19.893+0000] {processor.py:183} INFO - Processing /home/airflow/.local/lib/python3.12/site-packages/airflow/example_dags/example_branch_operator.py took 0.154 seconds
[2026-04-13T16:56:50.833+0000] {processor.py:161} INFO - Started process (PID=1671) to work on /home/airflow/.local/lib/python3.12/site-packages/airflow/example_dags/example_branch_operator.py
[2026-04-13T16:56:50.837+0000] {processor.py:830} INFO - Processing file /home/airflow/.local/lib/python3.12/site-packages/airflow/example_dags/example_branch_operator.py for tasks to queue
[2026-04-13T16:56:50.843+0000] {logging_mixin.py:188} INFO - [2026-04-13T16:56:50.842+0000] {dagbag.py:545} INFO - Filling up the DagBag from /home/airflow/.local/lib/python3.12/site-packages/airflow/example_dags/example_branch_operator.py
[2026-04-13T16:56:50.917+0000] {processor.py:840} INFO - DAG(s) 'example_branch_operator' retrieved from /home/airflow/.local/lib/python3.12/site-packages/airflow/example_dags/example_branch_operator.py
[2026-04-13T16:56:51.020+0000] {logging_mixin.py:188} INFO - [2026-04-13T16:56:51.019+0000] {dag.py:3096} INFO - Sync 1 DAGs
[2026-04-13T16:56:51.096+0000] {logging_mixin.py:188} INFO - [2026-04-13T16:56:51.095+0000] {dag.py:3954} INFO - Setting next_dagrun for example_branch_operator to 2026-04-12 00:00:00+00:00, run_after=2026-04-13 00:00:00+00:00
[2026-04-13T16:56:51.162+0000] {processor.py:183} INFO - Processing /home/airflow/.local/lib/python3.12/site-packages/airflow/example_dags/example_branch_operator.py took 0.353 seconds
