[2026-04-13T16:43:03.271+0000] {processor.py:161} INFO - Started process (PID=99) to work on /home/airflow/.local/lib/python3.12/site-packages/airflow/example_dags/tutorial.py
[2026-04-13T16:43:03.273+0000] {processor.py:830} INFO - Processing file /home/airflow/.local/lib/python3.12/site-packages/airflow/example_dags/tutorial.py for tasks to queue
[2026-04-13T16:43:03.279+0000] {logging_mixin.py:188} INFO - [2026-04-13T16:43:03.278+0000] {dagbag.py:545} INFO - Filling up the DagBag from /home/airflow/.local/lib/python3.12/site-packages/airflow/example_dags/tutorial.py
[2026-04-13T16:43:03.295+0000] {processor.py:840} INFO - DAG(s) 'tutorial' retrieved from /home/airflow/.local/lib/python3.12/site-packages/airflow/example_dags/tutorial.py
[2026-04-13T16:43:03.608+0000] {logging_mixin.py:188} INFO - [2026-04-13T16:43:03.607+0000] {dag.py:3096} INFO - Sync 1 DAGs
[2026-04-13T16:43:03.663+0000] {logging_mixin.py:188} INFO - [2026-04-13T16:43:03.662+0000] {dag.py:3954} INFO - Setting next_dagrun for tutorial to 2026-04-12 00:00:00+00:00, run_after=2026-04-13 00:00:00+00:00
[2026-04-13T16:43:03.769+0000] {processor.py:183} INFO - Processing /home/airflow/.local/lib/python3.12/site-packages/airflow/example_dags/tutorial.py took 0.516 seconds
[2026-04-13T16:43:35.193+0000] {processor.py:161} INFO - Started process (PID=158) to work on /home/airflow/.local/lib/python3.12/site-packages/airflow/example_dags/tutorial.py
[2026-04-13T16:43:35.201+0000] {processor.py:830} INFO - Processing file /home/airflow/.local/lib/python3.12/site-packages/airflow/example_dags/tutorial.py for tasks to queue
[2026-04-13T16:43:35.214+0000] {logging_mixin.py:188} INFO - [2026-04-13T16:43:35.210+0000] {dagbag.py:545} INFO - Filling up the DagBag from /home/airflow/.local/lib/python3.12/site-packages/airflow/example_dags/tutorial.py
[2026-04-13T16:43:35.252+0000] {processor.py:840} INFO - DAG(s) 'tutorial' retrieved from /home/airflow/.local/lib/python3.12/site-packages/airflow/example_dags/tutorial.py
[2026-04-13T16:43:35.361+0000] {logging_mixin.py:188} INFO - [2026-04-13T16:43:35.360+0000] {dag.py:3096} INFO - Sync 1 DAGs
[2026-04-13T16:43:35.551+0000] {logging_mixin.py:188} INFO - [2026-04-13T16:43:35.551+0000] {dag.py:3954} INFO - Setting next_dagrun for tutorial to 2026-04-12 00:00:00+00:00, run_after=2026-04-13 00:00:00+00:00
[2026-04-13T16:43:35.690+0000] {processor.py:183} INFO - Processing /home/airflow/.local/lib/python3.12/site-packages/airflow/example_dags/tutorial.py took 0.525 seconds
[2026-04-13T16:44:06.243+0000] {processor.py:161} INFO - Started process (PID=216) to work on /home/airflow/.local/lib/python3.12/site-packages/airflow/example_dags/tutorial.py
[2026-04-13T16:44:06.244+0000] {processor.py:830} INFO - Processing file /home/airflow/.local/lib/python3.12/site-packages/airflow/example_dags/tutorial.py for tasks to queue
[2026-04-13T16:44:06.247+0000] {logging_mixin.py:188} INFO - [2026-04-13T16:44:06.247+0000] {dagbag.py:545} INFO - Filling up the DagBag from /home/airflow/.local/lib/python3.12/site-packages/airflow/example_dags/tutorial.py
[2026-04-13T16:44:06.257+0000] {processor.py:840} INFO - DAG(s) 'tutorial' retrieved from /home/airflow/.local/lib/python3.12/site-packages/airflow/example_dags/tutorial.py
[2026-04-13T16:44:06.287+0000] {logging_mixin.py:188} INFO - [2026-04-13T16:44:06.287+0000] {dag.py:3096} INFO - Sync 1 DAGs
[2026-04-13T16:44:06.319+0000] {logging_mixin.py:188} INFO - [2026-04-13T16:44:06.319+0000] {dag.py:3954} INFO - Setting next_dagrun for tutorial to 2026-04-12 00:00:00+00:00, run_after=2026-04-13 00:00:00+00:00
[2026-04-13T16:44:06.354+0000] {processor.py:183} INFO - Processing /home/airflow/.local/lib/python3.12/site-packages/airflow/example_dags/tutorial.py took 0.118 seconds
[2026-04-13T16:44:36.636+0000] {processor.py:161} INFO - Started process (PID=274) to work on /home/airflow/.local/lib/python3.12/site-packages/airflow/example_dags/tutorial.py
[2026-04-13T16:44:36.638+0000] {processor.py:830} INFO - Processing file /home/airflow/.local/lib/python3.12/site-packages/airflow/example_dags/tutorial.py for tasks to queue
[2026-04-13T16:44:36.640+0000] {logging_mixin.py:188} INFO - [2026-04-13T16:44:36.640+0000] {dagbag.py:545} INFO - Filling up the DagBag from /home/airflow/.local/lib/python3.12/site-packages/airflow/example_dags/tutorial.py
[2026-04-13T16:44:36.652+0000] {processor.py:840} INFO - DAG(s) 'tutorial' retrieved from /home/airflow/.local/lib/python3.12/site-packages/airflow/example_dags/tutorial.py
[2026-04-13T16:44:36.690+0000] {logging_mixin.py:188} INFO - [2026-04-13T16:44:36.689+0000] {dag.py:3096} INFO - Sync 1 DAGs
[2026-04-13T16:44:36.729+0000] {logging_mixin.py:188} INFO - [2026-04-13T16:44:36.729+0000] {dag.py:3954} INFO - Setting next_dagrun for tutorial to 2026-04-12 00:00:00+00:00, run_after=2026-04-13 00:00:00+00:00
[2026-04-13T16:44:36.839+0000] {processor.py:183} INFO - Processing /home/airflow/.local/lib/python3.12/site-packages/airflow/example_dags/tutorial.py took 0.213 seconds
[2026-04-13T16:45:07.269+0000] {processor.py:161} INFO - Started process (PID=332) to work on /home/airflow/.local/lib/python3.12/site-packages/airflow/example_dags/tutorial.py
[2026-04-13T16:45:07.271+0000] {processor.py:830} INFO - Processing file /home/airflow/.local/lib/python3.12/site-packages/airflow/example_dags/tutorial.py for tasks to queue
[2026-04-13T16:45:07.274+0000] {logging_mixin.py:188} INFO - [2026-04-13T16:45:07.274+0000] {dagbag.py:545} INFO - Filling up the DagBag from /home/airflow/.local/lib/python3.12/site-packages/airflow/example_dags/tutorial.py
[2026-04-13T16:45:07.283+0000] {processor.py:840} INFO - DAG(s) 'tutorial' retrieved from /home/airflow/.local/lib/python3.12/site-packages/airflow/example_dags/tutorial.py
[2026-04-13T16:45:07.309+0000] {logging_mixin.py:188} INFO - [2026-04-13T16:45:07.309+0000] {dag.py:3096} INFO - Sync 1 DAGs
[2026-04-13T16:45:07.337+0000] {logging_mixin.py:188} INFO - [2026-04-13T16:45:07.337+0000] {dag.py:3954} INFO - Setting next_dagrun for tutorial to 2026-04-12 00:00:00+00:00, run_after=2026-04-13 00:00:00+00:00
[2026-04-13T16:45:07.434+0000] {processor.py:183} INFO - Processing /home/airflow/.local/lib/python3.12/site-packages/airflow/example_dags/tutorial.py took 0.176 seconds
[2026-04-13T16:45:37.571+0000] {processor.py:161} INFO - Started process (PID=390) to work on /home/airflow/.local/lib/python3.12/site-packages/airflow/example_dags/tutorial.py
[2026-04-13T16:45:37.574+0000] {processor.py:830} INFO - Processing file /home/airflow/.local/lib/python3.12/site-packages/airflow/example_dags/tutorial.py for tasks to queue
[2026-04-13T16:45:37.577+0000] {logging_mixin.py:188} INFO - [2026-04-13T16:45:37.577+0000] {dagbag.py:545} INFO - Filling up the DagBag from /home/airflow/.local/lib/python3.12/site-packages/airflow/example_dags/tutorial.py
[2026-04-13T16:45:37.600+0000] {processor.py:840} INFO - DAG(s) 'tutorial' retrieved from /home/airflow/.local/lib/python3.12/site-packages/airflow/example_dags/tutorial.py
[2026-04-13T16:45:37.686+0000] {logging_mixin.py:188} INFO - [2026-04-13T16:45:37.684+0000] {dag.py:3096} INFO - Sync 1 DAGs
[2026-04-13T16:45:37.750+0000] {logging_mixin.py:188} INFO - [2026-04-13T16:45:37.749+0000] {dag.py:3954} INFO - Setting next_dagrun for tutorial to 2026-04-12 00:00:00+00:00, run_after=2026-04-13 00:00:00+00:00
[2026-04-13T16:45:37.796+0000] {processor.py:183} INFO - Processing /home/airflow/.local/lib/python3.12/site-packages/airflow/example_dags/tutorial.py took 0.235 seconds
[2026-04-13T16:46:08.783+0000] {processor.py:161} INFO - Started process (PID=448) to work on /home/airflow/.local/lib/python3.12/site-packages/airflow/example_dags/tutorial.py
[2026-04-13T16:46:08.786+0000] {processor.py:830} INFO - Processing file /home/airflow/.local/lib/python3.12/site-packages/airflow/example_dags/tutorial.py for tasks to queue
[2026-04-13T16:46:08.792+0000] {logging_mixin.py:188} INFO - [2026-04-13T16:46:08.791+0000] {dagbag.py:545} INFO - Filling up the DagBag from /home/airflow/.local/lib/python3.12/site-packages/airflow/example_dags/tutorial.py
[2026-04-13T16:46:08.809+0000] {processor.py:840} INFO - DAG(s) 'tutorial' retrieved from /home/airflow/.local/lib/python3.12/site-packages/airflow/example_dags/tutorial.py
[2026-04-13T16:46:08.863+0000] {logging_mixin.py:188} INFO - [2026-04-13T16:46:08.863+0000] {dag.py:3096} INFO - Sync 1 DAGs
[2026-04-13T16:46:08.919+0000] {logging_mixin.py:188} INFO - [2026-04-13T16:46:08.918+0000] {dag.py:3954} INFO - Setting next_dagrun for tutorial to 2026-04-12 00:00:00+00:00, run_after=2026-04-13 00:00:00+00:00
[2026-04-13T16:46:08.980+0000] {processor.py:183} INFO - Processing /home/airflow/.local/lib/python3.12/site-packages/airflow/example_dags/tutorial.py took 0.214 seconds
[2026-04-13T16:46:39.215+0000] {processor.py:161} INFO - Started process (PID=507) to work on /home/airflow/.local/lib/python3.12/site-packages/airflow/example_dags/tutorial.py
[2026-04-13T16:46:39.218+0000] {processor.py:830} INFO - Processing file /home/airflow/.local/lib/python3.12/site-packages/airflow/example_dags/tutorial.py for tasks to queue
[2026-04-13T16:46:39.222+0000] {logging_mixin.py:188} INFO - [2026-04-13T16:46:39.222+0000] {dagbag.py:545} INFO - Filling up the DagBag from /home/airflow/.local/lib/python3.12/site-packages/airflow/example_dags/tutorial.py
[2026-04-13T16:46:39.236+0000] {processor.py:840} INFO - DAG(s) 'tutorial' retrieved from /home/airflow/.local/lib/python3.12/site-packages/airflow/example_dags/tutorial.py
[2026-04-13T16:46:39.283+0000] {logging_mixin.py:188} INFO - [2026-04-13T16:46:39.282+0000] {dag.py:3096} INFO - Sync 1 DAGs
[2026-04-13T16:46:39.340+0000] {logging_mixin.py:188} INFO - [2026-04-13T16:46:39.339+0000] {dag.py:3954} INFO - Setting next_dagrun for tutorial to 2026-04-12 00:00:00+00:00, run_after=2026-04-13 00:00:00+00:00
[2026-04-13T16:46:39.400+0000] {processor.py:183} INFO - Processing /home/airflow/.local/lib/python3.12/site-packages/airflow/example_dags/tutorial.py took 0.198 seconds
[2026-04-13T16:47:09.788+0000] {processor.py:161} INFO - Started process (PID=565) to work on /home/airflow/.local/lib/python3.12/site-packages/airflow/example_dags/tutorial.py
[2026-04-13T16:47:09.791+0000] {processor.py:830} INFO - Processing file /home/airflow/.local/lib/python3.12/site-packages/airflow/example_dags/tutorial.py for tasks to queue
[2026-04-13T16:47:09.796+0000] {logging_mixin.py:188} INFO - [2026-04-13T16:47:09.795+0000] {dagbag.py:545} INFO - Filling up the DagBag from /home/airflow/.local/lib/python3.12/site-packages/airflow/example_dags/tutorial.py
[2026-04-13T16:47:09.812+0000] {processor.py:840} INFO - DAG(s) 'tutorial' retrieved from /home/airflow/.local/lib/python3.12/site-packages/airflow/example_dags/tutorial.py
[2026-04-13T16:47:09.865+0000] {logging_mixin.py:188} INFO - [2026-04-13T16:47:09.864+0000] {dag.py:3096} INFO - Sync 1 DAGs
[2026-04-13T16:47:09.920+0000] {logging_mixin.py:188} INFO - [2026-04-13T16:47:09.920+0000] {dag.py:3954} INFO - Setting next_dagrun for tutorial to 2026-04-12 00:00:00+00:00, run_after=2026-04-13 00:00:00+00:00
[2026-04-13T16:47:10.037+0000] {processor.py:183} INFO - Processing /home/airflow/.local/lib/python3.12/site-packages/airflow/example_dags/tutorial.py took 0.268 seconds
[2026-04-13T16:47:40.240+0000] {processor.py:161} INFO - Started process (PID=623) to work on /home/airflow/.local/lib/python3.12/site-packages/airflow/example_dags/tutorial.py
[2026-04-13T16:47:40.243+0000] {processor.py:830} INFO - Processing file /home/airflow/.local/lib/python3.12/site-packages/airflow/example_dags/tutorial.py for tasks to queue
[2026-04-13T16:47:40.247+0000] {logging_mixin.py:188} INFO - [2026-04-13T16:47:40.247+0000] {dagbag.py:545} INFO - Filling up the DagBag from /home/airflow/.local/lib/python3.12/site-packages/airflow/example_dags/tutorial.py
[2026-04-13T16:47:40.261+0000] {processor.py:840} INFO - DAG(s) 'tutorial' retrieved from /home/airflow/.local/lib/python3.12/site-packages/airflow/example_dags/tutorial.py
[2026-04-13T16:47:40.307+0000] {logging_mixin.py:188} INFO - [2026-04-13T16:47:40.307+0000] {dag.py:3096} INFO - Sync 1 DAGs
[2026-04-13T16:47:40.360+0000] {logging_mixin.py:188} INFO - [2026-04-13T16:47:40.359+0000] {dag.py:3954} INFO - Setting next_dagrun for tutorial to 2026-04-12 00:00:00+00:00, run_after=2026-04-13 00:00:00+00:00
[2026-04-13T16:47:40.481+0000] {processor.py:183} INFO - Processing /home/airflow/.local/lib/python3.12/site-packages/airflow/example_dags/tutorial.py took 0.254 seconds
[2026-04-13T16:48:10.681+0000] {processor.py:161} INFO - Started process (PID=681) to work on /home/airflow/.local/lib/python3.12/site-packages/airflow/example_dags/tutorial.py
[2026-04-13T16:48:10.684+0000] {processor.py:830} INFO - Processing file /home/airflow/.local/lib/python3.12/site-packages/airflow/example_dags/tutorial.py for tasks to queue
[2026-04-13T16:48:10.688+0000] {logging_mixin.py:188} INFO - [2026-04-13T16:48:10.687+0000] {dagbag.py:545} INFO - Filling up the DagBag from /home/airflow/.local/lib/python3.12/site-packages/airflow/example_dags/tutorial.py
[2026-04-13T16:48:10.701+0000] {processor.py:840} INFO - DAG(s) 'tutorial' retrieved from /home/airflow/.local/lib/python3.12/site-packages/airflow/example_dags/tutorial.py
[2026-04-13T16:48:10.748+0000] {logging_mixin.py:188} INFO - [2026-04-13T16:48:10.748+0000] {dag.py:3096} INFO - Sync 1 DAGs
[2026-04-13T16:48:10.802+0000] {logging_mixin.py:188} INFO - [2026-04-13T16:48:10.801+0000] {dag.py:3954} INFO - Setting next_dagrun for tutorial to 2026-04-12 00:00:00+00:00, run_after=2026-04-13 00:00:00+00:00
[2026-04-13T16:48:10.849+0000] {processor.py:183} INFO - Processing /home/airflow/.local/lib/python3.12/site-packages/airflow/example_dags/tutorial.py took 0.182 seconds
[2026-04-13T16:48:41.704+0000] {processor.py:161} INFO - Started process (PID=739) to work on /home/airflow/.local/lib/python3.12/site-packages/airflow/example_dags/tutorial.py
[2026-04-13T16:48:41.706+0000] {processor.py:830} INFO - Processing file /home/airflow/.local/lib/python3.12/site-packages/airflow/example_dags/tutorial.py for tasks to queue
[2026-04-13T16:48:41.709+0000] {logging_mixin.py:188} INFO - [2026-04-13T16:48:41.709+0000] {dagbag.py:545} INFO - Filling up the DagBag from /home/airflow/.local/lib/python3.12/site-packages/airflow/example_dags/tutorial.py
[2026-04-13T16:48:41.717+0000] {processor.py:840} INFO - DAG(s) 'tutorial' retrieved from /home/airflow/.local/lib/python3.12/site-packages/airflow/example_dags/tutorial.py
[2026-04-13T16:48:41.745+0000] {logging_mixin.py:188} INFO - [2026-04-13T16:48:41.744+0000] {dag.py:3096} INFO - Sync 1 DAGs
[2026-04-13T16:48:41.775+0000] {logging_mixin.py:188} INFO - [2026-04-13T16:48:41.775+0000] {dag.py:3954} INFO - Setting next_dagrun for tutorial to 2026-04-12 00:00:00+00:00, run_after=2026-04-13 00:00:00+00:00
[2026-04-13T16:48:41.854+0000] {processor.py:183} INFO - Processing /home/airflow/.local/lib/python3.12/site-packages/airflow/example_dags/tutorial.py took 0.161 seconds
[2026-04-13T16:49:12.106+0000] {processor.py:161} INFO - Started process (PID=797) to work on /home/airflow/.local/lib/python3.12/site-packages/airflow/example_dags/tutorial.py
[2026-04-13T16:49:12.108+0000] {processor.py:830} INFO - Processing file /home/airflow/.local/lib/python3.12/site-packages/airflow/example_dags/tutorial.py for tasks to queue
[2026-04-13T16:49:12.110+0000] {logging_mixin.py:188} INFO - [2026-04-13T16:49:12.110+0000] {dagbag.py:545} INFO - Filling up the DagBag from /home/airflow/.local/lib/python3.12/site-packages/airflow/example_dags/tutorial.py
[2026-04-13T16:49:12.118+0000] {processor.py:840} INFO - DAG(s) 'tutorial' retrieved from /home/airflow/.local/lib/python3.12/site-packages/airflow/example_dags/tutorial.py
[2026-04-13T16:49:12.149+0000] {logging_mixin.py:188} INFO - [2026-04-13T16:49:12.148+0000] {dag.py:3096} INFO - Sync 1 DAGs
[2026-04-13T16:49:12.177+0000] {logging_mixin.py:188} INFO - [2026-04-13T16:49:12.177+0000] {dag.py:3954} INFO - Setting next_dagrun for tutorial to 2026-04-12 00:00:00+00:00, run_after=2026-04-13 00:00:00+00:00
[2026-04-13T16:49:12.207+0000] {processor.py:183} INFO - Processing /home/airflow/.local/lib/python3.12/site-packages/airflow/example_dags/tutorial.py took 0.108 seconds
[2026-04-13T16:49:42.359+0000] {processor.py:161} INFO - Started process (PID=855) to work on /home/airflow/.local/lib/python3.12/site-packages/airflow/example_dags/tutorial.py
[2026-04-13T16:49:42.361+0000] {processor.py:830} INFO - Processing file /home/airflow/.local/lib/python3.12/site-packages/airflow/example_dags/tutorial.py for tasks to queue
[2026-04-13T16:49:42.364+0000] {logging_mixin.py:188} INFO - [2026-04-13T16:49:42.364+0000] {dagbag.py:545} INFO - Filling up the DagBag from /home/airflow/.local/lib/python3.12/site-packages/airflow/example_dags/tutorial.py
[2026-04-13T16:49:42.373+0000] {processor.py:840} INFO - DAG(s) 'tutorial' retrieved from /home/airflow/.local/lib/python3.12/site-packages/airflow/example_dags/tutorial.py
[2026-04-13T16:49:42.399+0000] {logging_mixin.py:188} INFO - [2026-04-13T16:49:42.399+0000] {dag.py:3096} INFO - Sync 1 DAGs
[2026-04-13T16:49:42.427+0000] {logging_mixin.py:188} INFO - [2026-04-13T16:49:42.427+0000] {dag.py:3954} INFO - Setting next_dagrun for tutorial to 2026-04-12 00:00:00+00:00, run_after=2026-04-13 00:00:00+00:00
[2026-04-13T16:49:42.457+0000] {processor.py:183} INFO - Processing /home/airflow/.local/lib/python3.12/site-packages/airflow/example_dags/tutorial.py took 0.111 seconds
[2026-04-13T16:50:13.043+0000] {processor.py:161} INFO - Started process (PID=913) to work on /home/airflow/.local/lib/python3.12/site-packages/airflow/example_dags/tutorial.py
[2026-04-13T16:50:13.045+0000] {processor.py:830} INFO - Processing file /home/airflow/.local/lib/python3.12/site-packages/airflow/example_dags/tutorial.py for tasks to queue
[2026-04-13T16:50:13.049+0000] {logging_mixin.py:188} INFO - [2026-04-13T16:50:13.049+0000] {dagbag.py:545} INFO - Filling up the DagBag from /home/airflow/.local/lib/python3.12/site-packages/airflow/example_dags/tutorial.py
[2026-04-13T16:50:13.064+0000] {processor.py:840} INFO - DAG(s) 'tutorial' retrieved from /home/airflow/.local/lib/python3.12/site-packages/airflow/example_dags/tutorial.py
[2026-04-13T16:50:13.113+0000] {logging_mixin.py:188} INFO - [2026-04-13T16:50:13.113+0000] {dag.py:3096} INFO - Sync 1 DAGs
[2026-04-13T16:50:13.167+0000] {logging_mixin.py:188} INFO - [2026-04-13T16:50:13.166+0000] {dag.py:3954} INFO - Setting next_dagrun for tutorial to 2026-04-12 00:00:00+00:00, run_after=2026-04-13 00:00:00+00:00
[2026-04-13T16:50:13.288+0000] {processor.py:183} INFO - Processing /home/airflow/.local/lib/python3.12/site-packages/airflow/example_dags/tutorial.py took 0.260 seconds
[2026-04-13T16:50:43.807+0000] {processor.py:161} INFO - Started process (PID=971) to work on /home/airflow/.local/lib/python3.12/site-packages/airflow/example_dags/tutorial.py
[2026-04-13T16:50:43.808+0000] {processor.py:830} INFO - Processing file /home/airflow/.local/lib/python3.12/site-packages/airflow/example_dags/tutorial.py for tasks to queue
[2026-04-13T16:50:43.811+0000] {logging_mixin.py:188} INFO - [2026-04-13T16:50:43.810+0000] {dagbag.py:545} INFO - Filling up the DagBag from /home/airflow/.local/lib/python3.12/site-packages/airflow/example_dags/tutorial.py
[2026-04-13T16:50:43.818+0000] {processor.py:840} INFO - DAG(s) 'tutorial' retrieved from /home/airflow/.local/lib/python3.12/site-packages/airflow/example_dags/tutorial.py
[2026-04-13T16:50:43.849+0000] {logging_mixin.py:188} INFO - [2026-04-13T16:50:43.848+0000] {dag.py:3096} INFO - Sync 1 DAGs
[2026-04-13T16:50:43.889+0000] {logging_mixin.py:188} INFO - [2026-04-13T16:50:43.888+0000] {dag.py:3954} INFO - Setting next_dagrun for tutorial to 2026-04-12 00:00:00+00:00, run_after=2026-04-13 00:00:00+00:00
[2026-04-13T16:50:43.939+0000] {processor.py:183} INFO - Processing /home/airflow/.local/lib/python3.12/site-packages/airflow/example_dags/tutorial.py took 0.139 seconds
[2026-04-13T16:51:14.022+0000] {processor.py:161} INFO - Started process (PID=1028) to work on /home/airflow/.local/lib/python3.12/site-packages/airflow/example_dags/tutorial.py
[2026-04-13T16:51:14.031+0000] {processor.py:830} INFO - Processing file /home/airflow/.local/lib/python3.12/site-packages/airflow/example_dags/tutorial.py for tasks to queue
[2026-04-13T16:51:14.035+0000] {logging_mixin.py:188} INFO - [2026-04-13T16:51:14.035+0000] {dagbag.py:545} INFO - Filling up the DagBag from /home/airflow/.local/lib/python3.12/site-packages/airflow/example_dags/tutorial.py
[2026-04-13T16:51:14.051+0000] {processor.py:840} INFO - DAG(s) 'tutorial' retrieved from /home/airflow/.local/lib/python3.12/site-packages/airflow/example_dags/tutorial.py
[2026-04-13T16:51:14.099+0000] {logging_mixin.py:188} INFO - [2026-04-13T16:51:14.098+0000] {dag.py:3096} INFO - Sync 1 DAGs
[2026-04-13T16:51:14.152+0000] {logging_mixin.py:188} INFO - [2026-04-13T16:51:14.152+0000] {dag.py:3954} INFO - Setting next_dagrun for tutorial to 2026-04-12 00:00:00+00:00, run_after=2026-04-13 00:00:00+00:00
[2026-04-13T16:51:14.275+0000] {processor.py:183} INFO - Processing /home/airflow/.local/lib/python3.12/site-packages/airflow/example_dags/tutorial.py took 0.266 seconds
[2026-04-13T16:51:44.774+0000] {processor.py:161} INFO - Started process (PID=1087) to work on /home/airflow/.local/lib/python3.12/site-packages/airflow/example_dags/tutorial.py
[2026-04-13T16:51:44.776+0000] {processor.py:830} INFO - Processing file /home/airflow/.local/lib/python3.12/site-packages/airflow/example_dags/tutorial.py for tasks to queue
[2026-04-13T16:51:44.781+0000] {logging_mixin.py:188} INFO - [2026-04-13T16:51:44.780+0000] {dagbag.py:545} INFO - Filling up the DagBag from /home/airflow/.local/lib/python3.12/site-packages/airflow/example_dags/tutorial.py
[2026-04-13T16:51:44.794+0000] {processor.py:840} INFO - DAG(s) 'tutorial' retrieved from /home/airflow/.local/lib/python3.12/site-packages/airflow/example_dags/tutorial.py
[2026-04-13T16:51:44.847+0000] {logging_mixin.py:188} INFO - [2026-04-13T16:51:44.846+0000] {dag.py:3096} INFO - Sync 1 DAGs
[2026-04-13T16:51:44.911+0000] {logging_mixin.py:188} INFO - [2026-04-13T16:51:44.910+0000] {dag.py:3954} INFO - Setting next_dagrun for tutorial to 2026-04-12 00:00:00+00:00, run_after=2026-04-13 00:00:00+00:00
[2026-04-13T16:51:45.041+0000] {processor.py:183} INFO - Processing /home/airflow/.local/lib/python3.12/site-packages/airflow/example_dags/tutorial.py took 0.281 seconds
[2026-04-13T16:52:15.275+0000] {processor.py:161} INFO - Started process (PID=1145) to work on /home/airflow/.local/lib/python3.12/site-packages/airflow/example_dags/tutorial.py
[2026-04-13T16:52:15.276+0000] {processor.py:830} INFO - Processing file /home/airflow/.local/lib/python3.12/site-packages/airflow/example_dags/tutorial.py for tasks to queue
[2026-04-13T16:52:15.279+0000] {logging_mixin.py:188} INFO - [2026-04-13T16:52:15.278+0000] {dagbag.py:545} INFO - Filling up the DagBag from /home/airflow/.local/lib/python3.12/site-packages/airflow/example_dags/tutorial.py
[2026-04-13T16:52:15.287+0000] {processor.py:840} INFO - DAG(s) 'tutorial' retrieved from /home/airflow/.local/lib/python3.12/site-packages/airflow/example_dags/tutorial.py
[2026-04-13T16:52:15.319+0000] {logging_mixin.py:188} INFO - [2026-04-13T16:52:15.318+0000] {dag.py:3096} INFO - Sync 1 DAGs
[2026-04-13T16:52:15.358+0000] {logging_mixin.py:188} INFO - [2026-04-13T16:52:15.357+0000] {dag.py:3954} INFO - Setting next_dagrun for tutorial to 2026-04-12 00:00:00+00:00, run_after=2026-04-13 00:00:00+00:00
[2026-04-13T16:52:15.470+0000] {processor.py:183} INFO - Processing /home/airflow/.local/lib/python3.12/site-packages/airflow/example_dags/tutorial.py took 0.205 seconds
[2026-04-13T16:52:45.543+0000] {processor.py:161} INFO - Started process (PID=1203) to work on /home/airflow/.local/lib/python3.12/site-packages/airflow/example_dags/tutorial.py
[2026-04-13T16:52:45.544+0000] {processor.py:830} INFO - Processing file /home/airflow/.local/lib/python3.12/site-packages/airflow/example_dags/tutorial.py for tasks to queue
[2026-04-13T16:52:45.547+0000] {logging_mixin.py:188} INFO - [2026-04-13T16:52:45.547+0000] {dagbag.py:545} INFO - Filling up the DagBag from /home/airflow/.local/lib/python3.12/site-packages/airflow/example_dags/tutorial.py
[2026-04-13T16:52:45.556+0000] {processor.py:840} INFO - DAG(s) 'tutorial' retrieved from /home/airflow/.local/lib/python3.12/site-packages/airflow/example_dags/tutorial.py
[2026-04-13T16:52:45.583+0000] {logging_mixin.py:188} INFO - [2026-04-13T16:52:45.582+0000] {dag.py:3096} INFO - Sync 1 DAGs
[2026-04-13T16:52:45.611+0000] {logging_mixin.py:188} INFO - [2026-04-13T16:52:45.610+0000] {dag.py:3954} INFO - Setting next_dagrun for tutorial to 2026-04-12 00:00:00+00:00, run_after=2026-04-13 00:00:00+00:00
[2026-04-13T16:52:45.640+0000] {processor.py:183} INFO - Processing /home/airflow/.local/lib/python3.12/site-packages/airflow/example_dags/tutorial.py took 0.106 seconds
[2026-04-13T16:53:16.114+0000] {processor.py:161} INFO - Started process (PID=1260) to work on /home/airflow/.local/lib/python3.12/site-packages/airflow/example_dags/tutorial.py
[2026-04-13T16:53:16.115+0000] {processor.py:830} INFO - Processing file /home/airflow/.local/lib/python3.12/site-packages/airflow/example_dags/tutorial.py for tasks to queue
[2026-04-13T16:53:16.118+0000] {logging_mixin.py:188} INFO - [2026-04-13T16:53:16.117+0000] {dagbag.py:545} INFO - Filling up the DagBag from /home/airflow/.local/lib/python3.12/site-packages/airflow/example_dags/tutorial.py
[2026-04-13T16:53:16.126+0000] {processor.py:840} INFO - DAG(s) 'tutorial' retrieved from /home/airflow/.local/lib/python3.12/site-packages/airflow/example_dags/tutorial.py
[2026-04-13T16:53:16.154+0000] {logging_mixin.py:188} INFO - [2026-04-13T16:53:16.154+0000] {dag.py:3096} INFO - Sync 1 DAGs
[2026-04-13T16:53:16.185+0000] {logging_mixin.py:188} INFO - [2026-04-13T16:53:16.184+0000] {dag.py:3954} INFO - Setting next_dagrun for tutorial to 2026-04-12 00:00:00+00:00, run_after=2026-04-13 00:00:00+00:00
[2026-04-13T16:53:16.289+0000] {processor.py:183} INFO - Processing /home/airflow/.local/lib/python3.12/site-packages/airflow/example_dags/tutorial.py took 0.183 seconds
[2026-04-13T16:53:46.846+0000] {processor.py:161} INFO - Started process (PID=1318) to work on /home/airflow/.local/lib/python3.12/site-packages/airflow/example_dags/tutorial.py
[2026-04-13T16:53:46.847+0000] {processor.py:830} INFO - Processing file /home/airflow/.local/lib/python3.12/site-packages/airflow/example_dags/tutorial.py for tasks to queue
[2026-04-13T16:53:46.850+0000] {logging_mixin.py:188} INFO - [2026-04-13T16:53:46.849+0000] {dagbag.py:545} INFO - Filling up the DagBag from /home/airflow/.local/lib/python3.12/site-packages/airflow/example_dags/tutorial.py
[2026-04-13T16:53:46.857+0000] {processor.py:840} INFO - DAG(s) 'tutorial' retrieved from /home/airflow/.local/lib/python3.12/site-packages/airflow/example_dags/tutorial.py
[2026-04-13T16:53:46.883+0000] {logging_mixin.py:188} INFO - [2026-04-13T16:53:46.883+0000] {dag.py:3096} INFO - Sync 1 DAGs
[2026-04-13T16:53:46.913+0000] {logging_mixin.py:188} INFO - [2026-04-13T16:53:46.913+0000] {dag.py:3954} INFO - Setting next_dagrun for tutorial to 2026-04-12 00:00:00+00:00, run_after=2026-04-13 00:00:00+00:00
[2026-04-13T16:53:47.019+0000] {processor.py:183} INFO - Processing /home/airflow/.local/lib/python3.12/site-packages/airflow/example_dags/tutorial.py took 0.181 seconds
[2026-04-13T16:54:17.154+0000] {processor.py:161} INFO - Started process (PID=1376) to work on /home/airflow/.local/lib/python3.12/site-packages/airflow/example_dags/tutorial.py
[2026-04-13T16:54:17.156+0000] {processor.py:830} INFO - Processing file /home/airflow/.local/lib/python3.12/site-packages/airflow/example_dags/tutorial.py for tasks to queue
[2026-04-13T16:54:17.161+0000] {logging_mixin.py:188} INFO - [2026-04-13T16:54:17.160+0000] {dagbag.py:545} INFO - Filling up the DagBag from /home/airflow/.local/lib/python3.12/site-packages/airflow/example_dags/tutorial.py
[2026-04-13T16:54:17.175+0000] {processor.py:840} INFO - DAG(s) 'tutorial' retrieved from /home/airflow/.local/lib/python3.12/site-packages/airflow/example_dags/tutorial.py
[2026-04-13T16:54:17.230+0000] {logging_mixin.py:188} INFO - [2026-04-13T16:54:17.229+0000] {dag.py:3096} INFO - Sync 1 DAGs
[2026-04-13T16:54:17.294+0000] {logging_mixin.py:188} INFO - [2026-04-13T16:54:17.294+0000] {dag.py:3954} INFO - Setting next_dagrun for tutorial to 2026-04-12 00:00:00+00:00, run_after=2026-04-13 00:00:00+00:00
[2026-04-13T16:54:17.413+0000] {processor.py:183} INFO - Processing /home/airflow/.local/lib/python3.12/site-packages/airflow/example_dags/tutorial.py took 0.280 seconds
[2026-04-13T16:54:47.685+0000] {processor.py:161} INFO - Started process (PID=1434) to work on /home/airflow/.local/lib/python3.12/site-packages/airflow/example_dags/tutorial.py
[2026-04-13T16:54:47.686+0000] {processor.py:830} INFO - Processing file /home/airflow/.local/lib/python3.12/site-packages/airflow/example_dags/tutorial.py for tasks to queue
[2026-04-13T16:54:47.690+0000] {logging_mixin.py:188} INFO - [2026-04-13T16:54:47.690+0000] {dagbag.py:545} INFO - Filling up the DagBag from /home/airflow/.local/lib/python3.12/site-packages/airflow/example_dags/tutorial.py
[2026-04-13T16:54:47.701+0000] {processor.py:840} INFO - DAG(s) 'tutorial' retrieved from /home/airflow/.local/lib/python3.12/site-packages/airflow/example_dags/tutorial.py
[2026-04-13T16:54:47.735+0000] {logging_mixin.py:188} INFO - [2026-04-13T16:54:47.735+0000] {dag.py:3096} INFO - Sync 1 DAGs
[2026-04-13T16:54:47.774+0000] {logging_mixin.py:188} INFO - [2026-04-13T16:54:47.774+0000] {dag.py:3954} INFO - Setting next_dagrun for tutorial to 2026-04-12 00:00:00+00:00, run_after=2026-04-13 00:00:00+00:00
[2026-04-13T16:54:47.811+0000] {processor.py:183} INFO - Processing /home/airflow/.local/lib/python3.12/site-packages/airflow/example_dags/tutorial.py took 0.135 seconds
[2026-04-13T16:55:18.421+0000] {processor.py:161} INFO - Started process (PID=1492) to work on /home/airflow/.local/lib/python3.12/site-packages/airflow/example_dags/tutorial.py
[2026-04-13T16:55:18.422+0000] {processor.py:830} INFO - Processing file /home/airflow/.local/lib/python3.12/site-packages/airflow/example_dags/tutorial.py for tasks to queue
[2026-04-13T16:55:18.426+0000] {logging_mixin.py:188} INFO - [2026-04-13T16:55:18.425+0000] {dagbag.py:545} INFO - Filling up the DagBag from /home/airflow/.local/lib/python3.12/site-packages/airflow/example_dags/tutorial.py
[2026-04-13T16:55:18.501+0000] {processor.py:840} INFO - DAG(s) 'tutorial' retrieved from /home/airflow/.local/lib/python3.12/site-packages/airflow/example_dags/tutorial.py
[2026-04-13T16:55:18.528+0000] {logging_mixin.py:188} INFO - [2026-04-13T16:55:18.528+0000] {dag.py:3096} INFO - Sync 1 DAGs
[2026-04-13T16:55:18.560+0000] {logging_mixin.py:188} INFO - [2026-04-13T16:55:18.559+0000] {dag.py:3954} INFO - Setting next_dagrun for tutorial to 2026-04-12 00:00:00+00:00, run_after=2026-04-13 00:00:00+00:00
[2026-04-13T16:55:18.597+0000] {processor.py:183} INFO - Processing /home/airflow/.local/lib/python3.12/site-packages/airflow/example_dags/tutorial.py took 0.190 seconds
[2026-04-13T16:55:49.025+0000] {processor.py:161} INFO - Started process (PID=1550) to work on /home/airflow/.local/lib/python3.12/site-packages/airflow/example_dags/tutorial.py
[2026-04-13T16:55:49.027+0000] {processor.py:830} INFO - Processing file /home/airflow/.local/lib/python3.12/site-packages/airflow/example_dags/tutorial.py for tasks to queue
[2026-04-13T16:55:49.030+0000] {logging_mixin.py:188} INFO - [2026-04-13T16:55:49.029+0000] {dagbag.py:545} INFO - Filling up the DagBag from /home/airflow/.local/lib/python3.12/site-packages/airflow/example_dags/tutorial.py
[2026-04-13T16:55:49.037+0000] {processor.py:840} INFO - DAG(s) 'tutorial' retrieved from /home/airflow/.local/lib/python3.12/site-packages/airflow/example_dags/tutorial.py
[2026-04-13T16:55:49.065+0000] {logging_mixin.py:188} INFO - [2026-04-13T16:55:49.064+0000] {dag.py:3096} INFO - Sync 1 DAGs
[2026-04-13T16:55:49.093+0000] {logging_mixin.py:188} INFO - [2026-04-13T16:55:49.093+0000] {dag.py:3954} INFO - Setting next_dagrun for tutorial to 2026-04-12 00:00:00+00:00, run_after=2026-04-13 00:00:00+00:00
[2026-04-13T16:55:49.122+0000] {processor.py:183} INFO - Processing /home/airflow/.local/lib/python3.12/site-packages/airflow/example_dags/tutorial.py took 0.104 seconds
[2026-04-13T16:56:19.747+0000] {processor.py:161} INFO - Started process (PID=1608) to work on /home/airflow/.local/lib/python3.12/site-packages/airflow/example_dags/tutorial.py
[2026-04-13T16:56:19.749+0000] {processor.py:830} INFO - Processing file /home/airflow/.local/lib/python3.12/site-packages/airflow/example_dags/tutorial.py for tasks to queue
[2026-04-13T16:56:19.752+0000] {logging_mixin.py:188} INFO - [2026-04-13T16:56:19.751+0000] {dagbag.py:545} INFO - Filling up the DagBag from /home/airflow/.local/lib/python3.12/site-packages/airflow/example_dags/tutorial.py
[2026-04-13T16:56:19.760+0000] {processor.py:840} INFO - DAG(s) 'tutorial' retrieved from /home/airflow/.local/lib/python3.12/site-packages/airflow/example_dags/tutorial.py
[2026-04-13T16:56:19.789+0000] {logging_mixin.py:188} INFO - [2026-04-13T16:56:19.789+0000] {dag.py:3096} INFO - Sync 1 DAGs
[2026-04-13T16:56:19.819+0000] {logging_mixin.py:188} INFO - [2026-04-13T16:56:19.819+0000] {dag.py:3954} INFO - Setting next_dagrun for tutorial to 2026-04-12 00:00:00+00:00, run_after=2026-04-13 00:00:00+00:00
[2026-04-13T16:56:19.855+0000] {processor.py:183} INFO - Processing /home/airflow/.local/lib/python3.12/site-packages/airflow/example_dags/tutorial.py took 0.115 seconds
[2026-04-13T16:56:50.838+0000] {processor.py:161} INFO - Started process (PID=1672) to work on /home/airflow/.local/lib/python3.12/site-packages/airflow/example_dags/tutorial.py
[2026-04-13T16:56:50.840+0000] {processor.py:830} INFO - Processing file /home/airflow/.local/lib/python3.12/site-packages/airflow/example_dags/tutorial.py for tasks to queue
[2026-04-13T16:56:50.846+0000] {logging_mixin.py:188} INFO - [2026-04-13T16:56:50.845+0000] {dagbag.py:545} INFO - Filling up the DagBag from /home/airflow/.local/lib/python3.12/site-packages/airflow/example_dags/tutorial.py
[2026-04-13T16:56:50.874+0000] {processor.py:840} INFO - DAG(s) 'tutorial' retrieved from /home/airflow/.local/lib/python3.12/site-packages/airflow/example_dags/tutorial.py
[2026-04-13T16:56:50.945+0000] {logging_mixin.py:188} INFO - [2026-04-13T16:56:50.944+0000] {dag.py:3096} INFO - Sync 1 DAGs
[2026-04-13T16:56:51.023+0000] {logging_mixin.py:188} INFO - [2026-04-13T16:56:51.022+0000] {dag.py:3954} INFO - Setting next_dagrun for tutorial to 2026-04-12 00:00:00+00:00, run_after=2026-04-13 00:00:00+00:00
[2026-04-13T16:56:51.086+0000] {processor.py:183} INFO - Processing /home/airflow/.local/lib/python3.12/site-packages/airflow/example_dags/tutorial.py took 0.277 seconds
