[2026-04-13T16:42:58.578+0000] {processor.py:161} INFO - Started process (PID=91) to work on /home/airflow/.local/lib/python3.12/site-packages/airflow/example_dags/tutorial_taskflow_api.py
[2026-04-13T16:42:58.589+0000] {processor.py:830} INFO - Processing file /home/airflow/.local/lib/python3.12/site-packages/airflow/example_dags/tutorial_taskflow_api.py for tasks to queue
[2026-04-13T16:42:58.605+0000] {logging_mixin.py:188} INFO - [2026-04-13T16:42:58.604+0000] {dagbag.py:545} INFO - Filling up the DagBag from /home/airflow/.local/lib/python3.12/site-packages/airflow/example_dags/tutorial_taskflow_api.py
[2026-04-13T16:42:58.663+0000] {processor.py:840} INFO - DAG(s) 'tutorial_taskflow_api' retrieved from /home/airflow/.local/lib/python3.12/site-packages/airflow/example_dags/tutorial_taskflow_api.py
[2026-04-13T16:42:59.886+0000] {logging_mixin.py:188} INFO - [2026-04-13T16:42:59.885+0000] {dag.py:3096} INFO - Sync 1 DAGs
[2026-04-13T16:43:00.048+0000] {logging_mixin.py:188} INFO - [2026-04-13T16:43:00.048+0000] {dag.py:3954} INFO - Setting next_dagrun for tutorial_taskflow_api to None, run_after=None
[2026-04-13T16:43:00.266+0000] {processor.py:183} INFO - Processing /home/airflow/.local/lib/python3.12/site-packages/airflow/example_dags/tutorial_taskflow_api.py took 1.726 seconds
[2026-04-13T16:43:30.509+0000] {processor.py:161} INFO - Started process (PID=150) to work on /home/airflow/.local/lib/python3.12/site-packages/airflow/example_dags/tutorial_taskflow_api.py
[2026-04-13T16:43:30.528+0000] {processor.py:830} INFO - Processing file /home/airflow/.local/lib/python3.12/site-packages/airflow/example_dags/tutorial_taskflow_api.py for tasks to queue
[2026-04-13T16:43:30.874+0000] {logging_mixin.py:188} INFO - [2026-04-13T16:43:30.872+0000] {dagbag.py:545} INFO - Filling up the DagBag from /home/airflow/.local/lib/python3.12/site-packages/airflow/example_dags/tutorial_taskflow_api.py
[2026-04-13T16:43:30.998+0000] {processor.py:840} INFO - DAG(s) 'tutorial_taskflow_api' retrieved from /home/airflow/.local/lib/python3.12/site-packages/airflow/example_dags/tutorial_taskflow_api.py
[2026-04-13T16:43:31.168+0000] {logging_mixin.py:188} INFO - [2026-04-13T16:43:31.167+0000] {dag.py:3096} INFO - Sync 1 DAGs
[2026-04-13T16:43:31.254+0000] {logging_mixin.py:188} INFO - [2026-04-13T16:43:31.253+0000] {dag.py:3954} INFO - Setting next_dagrun for tutorial_taskflow_api to None, run_after=None
[2026-04-13T16:43:31.397+0000] {processor.py:183} INFO - Processing /home/airflow/.local/lib/python3.12/site-packages/airflow/example_dags/tutorial_taskflow_api.py took 0.984 seconds
[2026-04-13T16:44:01.486+0000] {processor.py:161} INFO - Started process (PID=208) to work on /home/airflow/.local/lib/python3.12/site-packages/airflow/example_dags/tutorial_taskflow_api.py
[2026-04-13T16:44:01.488+0000] {processor.py:830} INFO - Processing file /home/airflow/.local/lib/python3.12/site-packages/airflow/example_dags/tutorial_taskflow_api.py for tasks to queue
[2026-04-13T16:44:01.490+0000] {logging_mixin.py:188} INFO - [2026-04-13T16:44:01.490+0000] {dagbag.py:545} INFO - Filling up the DagBag from /home/airflow/.local/lib/python3.12/site-packages/airflow/example_dags/tutorial_taskflow_api.py
[2026-04-13T16:44:01.499+0000] {processor.py:840} INFO - DAG(s) 'tutorial_taskflow_api' retrieved from /home/airflow/.local/lib/python3.12/site-packages/airflow/example_dags/tutorial_taskflow_api.py
[2026-04-13T16:44:01.524+0000] {logging_mixin.py:188} INFO - [2026-04-13T16:44:01.524+0000] {dag.py:3096} INFO - Sync 1 DAGs
[2026-04-13T16:44:01.541+0000] {logging_mixin.py:188} INFO - [2026-04-13T16:44:01.540+0000] {dag.py:3954} INFO - Setting next_dagrun for tutorial_taskflow_api to None, run_after=None
[2026-04-13T16:44:01.578+0000] {processor.py:183} INFO - Processing /home/airflow/.local/lib/python3.12/site-packages/airflow/example_dags/tutorial_taskflow_api.py took 0.100 seconds
[2026-04-13T16:44:31.660+0000] {processor.py:161} INFO - Started process (PID=266) to work on /home/airflow/.local/lib/python3.12/site-packages/airflow/example_dags/tutorial_taskflow_api.py
[2026-04-13T16:44:31.662+0000] {processor.py:830} INFO - Processing file /home/airflow/.local/lib/python3.12/site-packages/airflow/example_dags/tutorial_taskflow_api.py for tasks to queue
[2026-04-13T16:44:31.665+0000] {logging_mixin.py:188} INFO - [2026-04-13T16:44:31.665+0000] {dagbag.py:545} INFO - Filling up the DagBag from /home/airflow/.local/lib/python3.12/site-packages/airflow/example_dags/tutorial_taskflow_api.py
[2026-04-13T16:44:31.673+0000] {processor.py:840} INFO - DAG(s) 'tutorial_taskflow_api' retrieved from /home/airflow/.local/lib/python3.12/site-packages/airflow/example_dags/tutorial_taskflow_api.py
[2026-04-13T16:44:31.700+0000] {logging_mixin.py:188} INFO - [2026-04-13T16:44:31.699+0000] {dag.py:3096} INFO - Sync 1 DAGs
[2026-04-13T16:44:31.717+0000] {logging_mixin.py:188} INFO - [2026-04-13T16:44:31.716+0000] {dag.py:3954} INFO - Setting next_dagrun for tutorial_taskflow_api to None, run_after=None
[2026-04-13T16:44:31.744+0000] {processor.py:183} INFO - Processing /home/airflow/.local/lib/python3.12/site-packages/airflow/example_dags/tutorial_taskflow_api.py took 0.097 seconds
[2026-04-13T16:45:02.676+0000] {processor.py:161} INFO - Started process (PID=324) to work on /home/airflow/.local/lib/python3.12/site-packages/airflow/example_dags/tutorial_taskflow_api.py
[2026-04-13T16:45:02.677+0000] {processor.py:830} INFO - Processing file /home/airflow/.local/lib/python3.12/site-packages/airflow/example_dags/tutorial_taskflow_api.py for tasks to queue
[2026-04-13T16:45:02.680+0000] {logging_mixin.py:188} INFO - [2026-04-13T16:45:02.680+0000] {dagbag.py:545} INFO - Filling up the DagBag from /home/airflow/.local/lib/python3.12/site-packages/airflow/example_dags/tutorial_taskflow_api.py
[2026-04-13T16:45:02.689+0000] {processor.py:840} INFO - DAG(s) 'tutorial_taskflow_api' retrieved from /home/airflow/.local/lib/python3.12/site-packages/airflow/example_dags/tutorial_taskflow_api.py
[2026-04-13T16:45:02.719+0000] {logging_mixin.py:188} INFO - [2026-04-13T16:45:02.719+0000] {dag.py:3096} INFO - Sync 1 DAGs
[2026-04-13T16:45:02.742+0000] {logging_mixin.py:188} INFO - [2026-04-13T16:45:02.742+0000] {dag.py:3954} INFO - Setting next_dagrun for tutorial_taskflow_api to None, run_after=None
[2026-04-13T16:45:02.779+0000] {processor.py:183} INFO - Processing /home/airflow/.local/lib/python3.12/site-packages/airflow/example_dags/tutorial_taskflow_api.py took 0.110 seconds
[2026-04-13T16:45:33.071+0000] {processor.py:161} INFO - Started process (PID=382) to work on /home/airflow/.local/lib/python3.12/site-packages/airflow/example_dags/tutorial_taskflow_api.py
[2026-04-13T16:45:33.073+0000] {processor.py:830} INFO - Processing file /home/airflow/.local/lib/python3.12/site-packages/airflow/example_dags/tutorial_taskflow_api.py for tasks to queue
[2026-04-13T16:45:33.075+0000] {logging_mixin.py:188} INFO - [2026-04-13T16:45:33.075+0000] {dagbag.py:545} INFO - Filling up the DagBag from /home/airflow/.local/lib/python3.12/site-packages/airflow/example_dags/tutorial_taskflow_api.py
[2026-04-13T16:45:33.084+0000] {processor.py:840} INFO - DAG(s) 'tutorial_taskflow_api' retrieved from /home/airflow/.local/lib/python3.12/site-packages/airflow/example_dags/tutorial_taskflow_api.py
[2026-04-13T16:45:33.111+0000] {logging_mixin.py:188} INFO - [2026-04-13T16:45:33.110+0000] {dag.py:3096} INFO - Sync 1 DAGs
[2026-04-13T16:45:33.128+0000] {logging_mixin.py:188} INFO - [2026-04-13T16:45:33.128+0000] {dag.py:3954} INFO - Setting next_dagrun for tutorial_taskflow_api to None, run_after=None
[2026-04-13T16:45:33.226+0000] {processor.py:183} INFO - Processing /home/airflow/.local/lib/python3.12/site-packages/airflow/example_dags/tutorial_taskflow_api.py took 0.164 seconds
[2026-04-13T16:46:03.819+0000] {processor.py:161} INFO - Started process (PID=440) to work on /home/airflow/.local/lib/python3.12/site-packages/airflow/example_dags/tutorial_taskflow_api.py
[2026-04-13T16:46:03.822+0000] {processor.py:830} INFO - Processing file /home/airflow/.local/lib/python3.12/site-packages/airflow/example_dags/tutorial_taskflow_api.py for tasks to queue
[2026-04-13T16:46:03.828+0000] {logging_mixin.py:188} INFO - [2026-04-13T16:46:03.827+0000] {dagbag.py:545} INFO - Filling up the DagBag from /home/airflow/.local/lib/python3.12/site-packages/airflow/example_dags/tutorial_taskflow_api.py
[2026-04-13T16:46:03.842+0000] {processor.py:840} INFO - DAG(s) 'tutorial_taskflow_api' retrieved from /home/airflow/.local/lib/python3.12/site-packages/airflow/example_dags/tutorial_taskflow_api.py
[2026-04-13T16:46:03.896+0000] {logging_mixin.py:188} INFO - [2026-04-13T16:46:03.896+0000] {dag.py:3096} INFO - Sync 1 DAGs
[2026-04-13T16:46:03.941+0000] {logging_mixin.py:188} INFO - [2026-04-13T16:46:03.940+0000] {dag.py:3954} INFO - Setting next_dagrun for tutorial_taskflow_api to None, run_after=None
[2026-04-13T16:46:04.004+0000] {processor.py:183} INFO - Processing /home/airflow/.local/lib/python3.12/site-packages/airflow/example_dags/tutorial_taskflow_api.py took 0.199 seconds
[2026-04-13T16:46:34.488+0000] {processor.py:161} INFO - Started process (PID=499) to work on /home/airflow/.local/lib/python3.12/site-packages/airflow/example_dags/tutorial_taskflow_api.py
[2026-04-13T16:46:34.490+0000] {processor.py:830} INFO - Processing file /home/airflow/.local/lib/python3.12/site-packages/airflow/example_dags/tutorial_taskflow_api.py for tasks to queue
[2026-04-13T16:46:34.495+0000] {logging_mixin.py:188} INFO - [2026-04-13T16:46:34.494+0000] {dagbag.py:545} INFO - Filling up the DagBag from /home/airflow/.local/lib/python3.12/site-packages/airflow/example_dags/tutorial_taskflow_api.py
[2026-04-13T16:46:34.510+0000] {processor.py:840} INFO - DAG(s) 'tutorial_taskflow_api' retrieved from /home/airflow/.local/lib/python3.12/site-packages/airflow/example_dags/tutorial_taskflow_api.py
[2026-04-13T16:46:34.566+0000] {logging_mixin.py:188} INFO - [2026-04-13T16:46:34.565+0000] {dag.py:3096} INFO - Sync 1 DAGs
[2026-04-13T16:46:34.599+0000] {logging_mixin.py:188} INFO - [2026-04-13T16:46:34.599+0000] {dag.py:3954} INFO - Setting next_dagrun for tutorial_taskflow_api to None, run_after=None
[2026-04-13T16:46:34.684+0000] {processor.py:183} INFO - Processing /home/airflow/.local/lib/python3.12/site-packages/airflow/example_dags/tutorial_taskflow_api.py took 0.211 seconds
[2026-04-13T16:47:04.899+0000] {processor.py:161} INFO - Started process (PID=557) to work on /home/airflow/.local/lib/python3.12/site-packages/airflow/example_dags/tutorial_taskflow_api.py
[2026-04-13T16:47:04.900+0000] {processor.py:830} INFO - Processing file /home/airflow/.local/lib/python3.12/site-packages/airflow/example_dags/tutorial_taskflow_api.py for tasks to queue
[2026-04-13T16:47:04.903+0000] {logging_mixin.py:188} INFO - [2026-04-13T16:47:04.903+0000] {dagbag.py:545} INFO - Filling up the DagBag from /home/airflow/.local/lib/python3.12/site-packages/airflow/example_dags/tutorial_taskflow_api.py
[2026-04-13T16:47:04.911+0000] {processor.py:840} INFO - DAG(s) 'tutorial_taskflow_api' retrieved from /home/airflow/.local/lib/python3.12/site-packages/airflow/example_dags/tutorial_taskflow_api.py
[2026-04-13T16:47:04.937+0000] {logging_mixin.py:188} INFO - [2026-04-13T16:47:04.937+0000] {dag.py:3096} INFO - Sync 1 DAGs
[2026-04-13T16:47:04.954+0000] {logging_mixin.py:188} INFO - [2026-04-13T16:47:04.954+0000] {dag.py:3954} INFO - Setting next_dagrun for tutorial_taskflow_api to None, run_after=None
[2026-04-13T16:47:04.996+0000] {processor.py:183} INFO - Processing /home/airflow/.local/lib/python3.12/site-packages/airflow/example_dags/tutorial_taskflow_api.py took 0.105 seconds
[2026-04-13T16:47:35.179+0000] {processor.py:161} INFO - Started process (PID=614) to work on /home/airflow/.local/lib/python3.12/site-packages/airflow/example_dags/tutorial_taskflow_api.py
[2026-04-13T16:47:35.181+0000] {processor.py:830} INFO - Processing file /home/airflow/.local/lib/python3.12/site-packages/airflow/example_dags/tutorial_taskflow_api.py for tasks to queue
[2026-04-13T16:47:35.185+0000] {logging_mixin.py:188} INFO - [2026-04-13T16:47:35.184+0000] {dagbag.py:545} INFO - Filling up the DagBag from /home/airflow/.local/lib/python3.12/site-packages/airflow/example_dags/tutorial_taskflow_api.py
[2026-04-13T16:47:35.199+0000] {processor.py:840} INFO - DAG(s) 'tutorial_taskflow_api' retrieved from /home/airflow/.local/lib/python3.12/site-packages/airflow/example_dags/tutorial_taskflow_api.py
[2026-04-13T16:47:35.240+0000] {logging_mixin.py:188} INFO - [2026-04-13T16:47:35.240+0000] {dag.py:3096} INFO - Sync 1 DAGs
[2026-04-13T16:47:35.260+0000] {logging_mixin.py:188} INFO - [2026-04-13T16:47:35.260+0000] {dag.py:3954} INFO - Setting next_dagrun for tutorial_taskflow_api to None, run_after=None
[2026-04-13T16:47:35.367+0000] {processor.py:183} INFO - Processing /home/airflow/.local/lib/python3.12/site-packages/airflow/example_dags/tutorial_taskflow_api.py took 0.201 seconds
[2026-04-13T16:48:05.424+0000] {processor.py:161} INFO - Started process (PID=672) to work on /home/airflow/.local/lib/python3.12/site-packages/airflow/example_dags/tutorial_taskflow_api.py
[2026-04-13T16:48:05.426+0000] {processor.py:830} INFO - Processing file /home/airflow/.local/lib/python3.12/site-packages/airflow/example_dags/tutorial_taskflow_api.py for tasks to queue
[2026-04-13T16:48:05.428+0000] {logging_mixin.py:188} INFO - [2026-04-13T16:48:05.428+0000] {dagbag.py:545} INFO - Filling up the DagBag from /home/airflow/.local/lib/python3.12/site-packages/airflow/example_dags/tutorial_taskflow_api.py
[2026-04-13T16:48:05.436+0000] {processor.py:840} INFO - DAG(s) 'tutorial_taskflow_api' retrieved from /home/airflow/.local/lib/python3.12/site-packages/airflow/example_dags/tutorial_taskflow_api.py
[2026-04-13T16:48:05.463+0000] {logging_mixin.py:188} INFO - [2026-04-13T16:48:05.463+0000] {dag.py:3096} INFO - Sync 1 DAGs
[2026-04-13T16:48:05.481+0000] {logging_mixin.py:188} INFO - [2026-04-13T16:48:05.481+0000] {dag.py:3954} INFO - Setting next_dagrun for tutorial_taskflow_api to None, run_after=None
[2026-04-13T16:48:05.575+0000] {processor.py:183} INFO - Processing /home/airflow/.local/lib/python3.12/site-packages/airflow/example_dags/tutorial_taskflow_api.py took 0.158 seconds
[2026-04-13T16:48:35.910+0000] {processor.py:161} INFO - Started process (PID=730) to work on /home/airflow/.local/lib/python3.12/site-packages/airflow/example_dags/tutorial_taskflow_api.py
[2026-04-13T16:48:35.912+0000] {processor.py:830} INFO - Processing file /home/airflow/.local/lib/python3.12/site-packages/airflow/example_dags/tutorial_taskflow_api.py for tasks to queue
[2026-04-13T16:48:35.916+0000] {logging_mixin.py:188} INFO - [2026-04-13T16:48:35.916+0000] {dagbag.py:545} INFO - Filling up the DagBag from /home/airflow/.local/lib/python3.12/site-packages/airflow/example_dags/tutorial_taskflow_api.py
[2026-04-13T16:48:35.926+0000] {processor.py:840} INFO - DAG(s) 'tutorial_taskflow_api' retrieved from /home/airflow/.local/lib/python3.12/site-packages/airflow/example_dags/tutorial_taskflow_api.py
[2026-04-13T16:48:35.953+0000] {logging_mixin.py:188} INFO - [2026-04-13T16:48:35.953+0000] {dag.py:3096} INFO - Sync 1 DAGs
[2026-04-13T16:48:35.971+0000] {logging_mixin.py:188} INFO - [2026-04-13T16:48:35.970+0000] {dag.py:3954} INFO - Setting next_dagrun for tutorial_taskflow_api to None, run_after=None
[2026-04-13T16:48:36.014+0000] {processor.py:183} INFO - Processing /home/airflow/.local/lib/python3.12/site-packages/airflow/example_dags/tutorial_taskflow_api.py took 0.117 seconds
[2026-04-13T16:49:06.392+0000] {processor.py:161} INFO - Started process (PID=788) to work on /home/airflow/.local/lib/python3.12/site-packages/airflow/example_dags/tutorial_taskflow_api.py
[2026-04-13T16:49:06.394+0000] {processor.py:830} INFO - Processing file /home/airflow/.local/lib/python3.12/site-packages/airflow/example_dags/tutorial_taskflow_api.py for tasks to queue
[2026-04-13T16:49:06.396+0000] {logging_mixin.py:188} INFO - [2026-04-13T16:49:06.396+0000] {dagbag.py:545} INFO - Filling up the DagBag from /home/airflow/.local/lib/python3.12/site-packages/airflow/example_dags/tutorial_taskflow_api.py
[2026-04-13T16:49:06.404+0000] {processor.py:840} INFO - DAG(s) 'tutorial_taskflow_api' retrieved from /home/airflow/.local/lib/python3.12/site-packages/airflow/example_dags/tutorial_taskflow_api.py
[2026-04-13T16:49:06.430+0000] {logging_mixin.py:188} INFO - [2026-04-13T16:49:06.430+0000] {dag.py:3096} INFO - Sync 1 DAGs
[2026-04-13T16:49:06.447+0000] {logging_mixin.py:188} INFO - [2026-04-13T16:49:06.446+0000] {dag.py:3954} INFO - Setting next_dagrun for tutorial_taskflow_api to None, run_after=None
[2026-04-13T16:49:06.554+0000] {processor.py:183} INFO - Processing /home/airflow/.local/lib/python3.12/site-packages/airflow/example_dags/tutorial_taskflow_api.py took 0.169 seconds
[2026-04-13T16:49:36.675+0000] {processor.py:161} INFO - Started process (PID=846) to work on /home/airflow/.local/lib/python3.12/site-packages/airflow/example_dags/tutorial_taskflow_api.py
[2026-04-13T16:49:36.678+0000] {processor.py:830} INFO - Processing file /home/airflow/.local/lib/python3.12/site-packages/airflow/example_dags/tutorial_taskflow_api.py for tasks to queue
[2026-04-13T16:49:36.682+0000] {logging_mixin.py:188} INFO - [2026-04-13T16:49:36.681+0000] {dagbag.py:545} INFO - Filling up the DagBag from /home/airflow/.local/lib/python3.12/site-packages/airflow/example_dags/tutorial_taskflow_api.py
[2026-04-13T16:49:36.698+0000] {processor.py:840} INFO - DAG(s) 'tutorial_taskflow_api' retrieved from /home/airflow/.local/lib/python3.12/site-packages/airflow/example_dags/tutorial_taskflow_api.py
[2026-04-13T16:49:36.745+0000] {logging_mixin.py:188} INFO - [2026-04-13T16:49:36.744+0000] {dag.py:3096} INFO - Sync 1 DAGs
[2026-04-13T16:49:36.781+0000] {logging_mixin.py:188} INFO - [2026-04-13T16:49:36.780+0000] {dag.py:3954} INFO - Setting next_dagrun for tutorial_taskflow_api to None, run_after=None
[2026-04-13T16:49:36.894+0000] {processor.py:183} INFO - Processing /home/airflow/.local/lib/python3.12/site-packages/airflow/example_dags/tutorial_taskflow_api.py took 0.234 seconds
[2026-04-13T16:50:08.263+0000] {processor.py:161} INFO - Started process (PID=904) to work on /home/airflow/.local/lib/python3.12/site-packages/airflow/example_dags/tutorial_taskflow_api.py
[2026-04-13T16:50:08.270+0000] {processor.py:830} INFO - Processing file /home/airflow/.local/lib/python3.12/site-packages/airflow/example_dags/tutorial_taskflow_api.py for tasks to queue
[2026-04-13T16:50:08.275+0000] {logging_mixin.py:188} INFO - [2026-04-13T16:50:08.274+0000] {dagbag.py:545} INFO - Filling up the DagBag from /home/airflow/.local/lib/python3.12/site-packages/airflow/example_dags/tutorial_taskflow_api.py
[2026-04-13T16:50:08.326+0000] {processor.py:840} INFO - DAG(s) 'tutorial_taskflow_api' retrieved from /home/airflow/.local/lib/python3.12/site-packages/airflow/example_dags/tutorial_taskflow_api.py
[2026-04-13T16:50:08.412+0000] {logging_mixin.py:188} INFO - [2026-04-13T16:50:08.412+0000] {dag.py:3096} INFO - Sync 1 DAGs
[2026-04-13T16:50:08.472+0000] {logging_mixin.py:188} INFO - [2026-04-13T16:50:08.471+0000] {dag.py:3954} INFO - Setting next_dagrun for tutorial_taskflow_api to None, run_after=None
[2026-04-13T16:50:08.561+0000] {processor.py:183} INFO - Processing /home/airflow/.local/lib/python3.12/site-packages/airflow/example_dags/tutorial_taskflow_api.py took 0.344 seconds
[2026-04-13T16:50:38.886+0000] {processor.py:161} INFO - Started process (PID=960) to work on /home/airflow/.local/lib/python3.12/site-packages/airflow/example_dags/tutorial_taskflow_api.py
[2026-04-13T16:50:38.888+0000] {processor.py:830} INFO - Processing file /home/airflow/.local/lib/python3.12/site-packages/airflow/example_dags/tutorial_taskflow_api.py for tasks to queue
[2026-04-13T16:50:38.893+0000] {logging_mixin.py:188} INFO - [2026-04-13T16:50:38.892+0000] {dagbag.py:545} INFO - Filling up the DagBag from /home/airflow/.local/lib/python3.12/site-packages/airflow/example_dags/tutorial_taskflow_api.py
[2026-04-13T16:50:38.908+0000] {processor.py:840} INFO - DAG(s) 'tutorial_taskflow_api' retrieved from /home/airflow/.local/lib/python3.12/site-packages/airflow/example_dags/tutorial_taskflow_api.py
[2026-04-13T16:50:38.954+0000] {logging_mixin.py:188} INFO - [2026-04-13T16:50:38.954+0000] {dag.py:3096} INFO - Sync 1 DAGs
[2026-04-13T16:50:38.984+0000] {logging_mixin.py:188} INFO - [2026-04-13T16:50:38.983+0000] {dag.py:3954} INFO - Setting next_dagrun for tutorial_taskflow_api to None, run_after=None
[2026-04-13T16:50:39.101+0000] {processor.py:183} INFO - Processing /home/airflow/.local/lib/python3.12/site-packages/airflow/example_dags/tutorial_taskflow_api.py took 0.230 seconds
[2026-04-13T16:51:09.463+0000] {processor.py:161} INFO - Started process (PID=1018) to work on /home/airflow/.local/lib/python3.12/site-packages/airflow/example_dags/tutorial_taskflow_api.py
[2026-04-13T16:51:09.465+0000] {processor.py:830} INFO - Processing file /home/airflow/.local/lib/python3.12/site-packages/airflow/example_dags/tutorial_taskflow_api.py for tasks to queue
[2026-04-13T16:51:09.470+0000] {logging_mixin.py:188} INFO - [2026-04-13T16:51:09.469+0000] {dagbag.py:545} INFO - Filling up the DagBag from /home/airflow/.local/lib/python3.12/site-packages/airflow/example_dags/tutorial_taskflow_api.py
[2026-04-13T16:51:09.486+0000] {processor.py:840} INFO - DAG(s) 'tutorial_taskflow_api' retrieved from /home/airflow/.local/lib/python3.12/site-packages/airflow/example_dags/tutorial_taskflow_api.py
[2026-04-13T16:51:09.536+0000] {logging_mixin.py:188} INFO - [2026-04-13T16:51:09.536+0000] {dag.py:3096} INFO - Sync 1 DAGs
[2026-04-13T16:51:09.567+0000] {logging_mixin.py:188} INFO - [2026-04-13T16:51:09.567+0000] {dag.py:3954} INFO - Setting next_dagrun for tutorial_taskflow_api to None, run_after=None
[2026-04-13T16:51:09.615+0000] {processor.py:183} INFO - Processing /home/airflow/.local/lib/python3.12/site-packages/airflow/example_dags/tutorial_taskflow_api.py took 0.167 seconds
[2026-04-13T16:51:39.712+0000] {processor.py:161} INFO - Started process (PID=1076) to work on /home/airflow/.local/lib/python3.12/site-packages/airflow/example_dags/tutorial_taskflow_api.py
[2026-04-13T16:51:39.714+0000] {processor.py:830} INFO - Processing file /home/airflow/.local/lib/python3.12/site-packages/airflow/example_dags/tutorial_taskflow_api.py for tasks to queue
[2026-04-13T16:51:39.718+0000] {logging_mixin.py:188} INFO - [2026-04-13T16:51:39.718+0000] {dagbag.py:545} INFO - Filling up the DagBag from /home/airflow/.local/lib/python3.12/site-packages/airflow/example_dags/tutorial_taskflow_api.py
[2026-04-13T16:51:39.729+0000] {processor.py:840} INFO - DAG(s) 'tutorial_taskflow_api' retrieved from /home/airflow/.local/lib/python3.12/site-packages/airflow/example_dags/tutorial_taskflow_api.py
[2026-04-13T16:51:39.767+0000] {logging_mixin.py:188} INFO - [2026-04-13T16:51:39.767+0000] {dag.py:3096} INFO - Sync 1 DAGs
[2026-04-13T16:51:39.796+0000] {logging_mixin.py:188} INFO - [2026-04-13T16:51:39.796+0000] {dag.py:3954} INFO - Setting next_dagrun for tutorial_taskflow_api to None, run_after=None
[2026-04-13T16:51:39.846+0000] {processor.py:183} INFO - Processing /home/airflow/.local/lib/python3.12/site-packages/airflow/example_dags/tutorial_taskflow_api.py took 0.146 seconds
[2026-04-13T16:52:10.511+0000] {processor.py:161} INFO - Started process (PID=1134) to work on /home/airflow/.local/lib/python3.12/site-packages/airflow/example_dags/tutorial_taskflow_api.py
[2026-04-13T16:52:10.513+0000] {processor.py:830} INFO - Processing file /home/airflow/.local/lib/python3.12/site-packages/airflow/example_dags/tutorial_taskflow_api.py for tasks to queue
[2026-04-13T16:52:10.516+0000] {logging_mixin.py:188} INFO - [2026-04-13T16:52:10.515+0000] {dagbag.py:545} INFO - Filling up the DagBag from /home/airflow/.local/lib/python3.12/site-packages/airflow/example_dags/tutorial_taskflow_api.py
[2026-04-13T16:52:10.524+0000] {processor.py:840} INFO - DAG(s) 'tutorial_taskflow_api' retrieved from /home/airflow/.local/lib/python3.12/site-packages/airflow/example_dags/tutorial_taskflow_api.py
[2026-04-13T16:52:10.549+0000] {logging_mixin.py:188} INFO - [2026-04-13T16:52:10.549+0000] {dag.py:3096} INFO - Sync 1 DAGs
[2026-04-13T16:52:10.565+0000] {logging_mixin.py:188} INFO - [2026-04-13T16:52:10.565+0000] {dag.py:3954} INFO - Setting next_dagrun for tutorial_taskflow_api to None, run_after=None
[2026-04-13T16:52:10.595+0000] {processor.py:183} INFO - Processing /home/airflow/.local/lib/python3.12/site-packages/airflow/example_dags/tutorial_taskflow_api.py took 0.091 seconds
[2026-04-13T16:52:40.718+0000] {processor.py:161} INFO - Started process (PID=1193) to work on /home/airflow/.local/lib/python3.12/site-packages/airflow/example_dags/tutorial_taskflow_api.py
[2026-04-13T16:52:40.720+0000] {processor.py:830} INFO - Processing file /home/airflow/.local/lib/python3.12/site-packages/airflow/example_dags/tutorial_taskflow_api.py for tasks to queue
[2026-04-13T16:52:40.723+0000] {logging_mixin.py:188} INFO - [2026-04-13T16:52:40.722+0000] {dagbag.py:545} INFO - Filling up the DagBag from /home/airflow/.local/lib/python3.12/site-packages/airflow/example_dags/tutorial_taskflow_api.py
[2026-04-13T16:52:40.731+0000] {processor.py:840} INFO - DAG(s) 'tutorial_taskflow_api' retrieved from /home/airflow/.local/lib/python3.12/site-packages/airflow/example_dags/tutorial_taskflow_api.py
[2026-04-13T16:52:40.757+0000] {logging_mixin.py:188} INFO - [2026-04-13T16:52:40.756+0000] {dag.py:3096} INFO - Sync 1 DAGs
[2026-04-13T16:52:40.774+0000] {logging_mixin.py:188} INFO - [2026-04-13T16:52:40.773+0000] {dag.py:3954} INFO - Setting next_dagrun for tutorial_taskflow_api to None, run_after=None
[2026-04-13T16:52:40.801+0000] {processor.py:183} INFO - Processing /home/airflow/.local/lib/python3.12/site-packages/airflow/example_dags/tutorial_taskflow_api.py took 0.090 seconds
[2026-04-13T16:53:11.180+0000] {processor.py:161} INFO - Started process (PID=1251) to work on /home/airflow/.local/lib/python3.12/site-packages/airflow/example_dags/tutorial_taskflow_api.py
[2026-04-13T16:53:11.183+0000] {processor.py:830} INFO - Processing file /home/airflow/.local/lib/python3.12/site-packages/airflow/example_dags/tutorial_taskflow_api.py for tasks to queue
[2026-04-13T16:53:11.187+0000] {logging_mixin.py:188} INFO - [2026-04-13T16:53:11.187+0000] {dagbag.py:545} INFO - Filling up the DagBag from /home/airflow/.local/lib/python3.12/site-packages/airflow/example_dags/tutorial_taskflow_api.py
[2026-04-13T16:53:11.205+0000] {processor.py:840} INFO - DAG(s) 'tutorial_taskflow_api' retrieved from /home/airflow/.local/lib/python3.12/site-packages/airflow/example_dags/tutorial_taskflow_api.py
[2026-04-13T16:53:11.254+0000] {logging_mixin.py:188} INFO - [2026-04-13T16:53:11.253+0000] {dag.py:3096} INFO - Sync 1 DAGs
[2026-04-13T16:53:11.286+0000] {logging_mixin.py:188} INFO - [2026-04-13T16:53:11.285+0000] {dag.py:3954} INFO - Setting next_dagrun for tutorial_taskflow_api to None, run_after=None
[2026-04-13T16:53:11.336+0000] {processor.py:183} INFO - Processing /home/airflow/.local/lib/python3.12/site-packages/airflow/example_dags/tutorial_taskflow_api.py took 0.175 seconds
[2026-04-13T16:53:42.043+0000] {processor.py:161} INFO - Started process (PID=1309) to work on /home/airflow/.local/lib/python3.12/site-packages/airflow/example_dags/tutorial_taskflow_api.py
[2026-04-13T16:53:42.045+0000] {processor.py:830} INFO - Processing file /home/airflow/.local/lib/python3.12/site-packages/airflow/example_dags/tutorial_taskflow_api.py for tasks to queue
[2026-04-13T16:53:42.048+0000] {logging_mixin.py:188} INFO - [2026-04-13T16:53:42.047+0000] {dagbag.py:545} INFO - Filling up the DagBag from /home/airflow/.local/lib/python3.12/site-packages/airflow/example_dags/tutorial_taskflow_api.py
[2026-04-13T16:53:42.056+0000] {processor.py:840} INFO - DAG(s) 'tutorial_taskflow_api' retrieved from /home/airflow/.local/lib/python3.12/site-packages/airflow/example_dags/tutorial_taskflow_api.py
[2026-04-13T16:53:42.082+0000] {logging_mixin.py:188} INFO - [2026-04-13T16:53:42.081+0000] {dag.py:3096} INFO - Sync 1 DAGs
[2026-04-13T16:53:42.098+0000] {logging_mixin.py:188} INFO - [2026-04-13T16:53:42.098+0000] {dag.py:3954} INFO - Setting next_dagrun for tutorial_taskflow_api to None, run_after=None
[2026-04-13T16:53:42.126+0000] {processor.py:183} INFO - Processing /home/airflow/.local/lib/python3.12/site-packages/airflow/example_dags/tutorial_taskflow_api.py took 0.090 seconds
[2026-04-13T16:54:12.220+0000] {processor.py:161} INFO - Started process (PID=1367) to work on /home/airflow/.local/lib/python3.12/site-packages/airflow/example_dags/tutorial_taskflow_api.py
[2026-04-13T16:54:12.221+0000] {processor.py:830} INFO - Processing file /home/airflow/.local/lib/python3.12/site-packages/airflow/example_dags/tutorial_taskflow_api.py for tasks to queue
[2026-04-13T16:54:12.224+0000] {logging_mixin.py:188} INFO - [2026-04-13T16:54:12.223+0000] {dagbag.py:545} INFO - Filling up the DagBag from /home/airflow/.local/lib/python3.12/site-packages/airflow/example_dags/tutorial_taskflow_api.py
[2026-04-13T16:54:12.238+0000] {processor.py:840} INFO - DAG(s) 'tutorial_taskflow_api' retrieved from /home/airflow/.local/lib/python3.12/site-packages/airflow/example_dags/tutorial_taskflow_api.py
[2026-04-13T16:54:12.310+0000] {logging_mixin.py:188} INFO - [2026-04-13T16:54:12.310+0000] {dag.py:3096} INFO - Sync 1 DAGs
[2026-04-13T16:54:12.381+0000] {logging_mixin.py:188} INFO - [2026-04-13T16:54:12.381+0000] {dag.py:3954} INFO - Setting next_dagrun for tutorial_taskflow_api to None, run_after=None
[2026-04-13T16:54:12.421+0000] {processor.py:183} INFO - Processing /home/airflow/.local/lib/python3.12/site-packages/airflow/example_dags/tutorial_taskflow_api.py took 0.213 seconds
[2026-04-13T16:54:42.891+0000] {processor.py:161} INFO - Started process (PID=1425) to work on /home/airflow/.local/lib/python3.12/site-packages/airflow/example_dags/tutorial_taskflow_api.py
[2026-04-13T16:54:42.892+0000] {processor.py:830} INFO - Processing file /home/airflow/.local/lib/python3.12/site-packages/airflow/example_dags/tutorial_taskflow_api.py for tasks to queue
[2026-04-13T16:54:42.895+0000] {logging_mixin.py:188} INFO - [2026-04-13T16:54:42.894+0000] {dagbag.py:545} INFO - Filling up the DagBag from /home/airflow/.local/lib/python3.12/site-packages/airflow/example_dags/tutorial_taskflow_api.py
[2026-04-13T16:54:42.903+0000] {processor.py:840} INFO - DAG(s) 'tutorial_taskflow_api' retrieved from /home/airflow/.local/lib/python3.12/site-packages/airflow/example_dags/tutorial_taskflow_api.py
[2026-04-13T16:54:42.928+0000] {logging_mixin.py:188} INFO - [2026-04-13T16:54:42.928+0000] {dag.py:3096} INFO - Sync 1 DAGs
[2026-04-13T16:54:42.944+0000] {logging_mixin.py:188} INFO - [2026-04-13T16:54:42.944+0000] {dag.py:3954} INFO - Setting next_dagrun for tutorial_taskflow_api to None, run_after=None
[2026-04-13T16:54:42.973+0000] {processor.py:183} INFO - Processing /home/airflow/.local/lib/python3.12/site-packages/airflow/example_dags/tutorial_taskflow_api.py took 0.091 seconds
[2026-04-13T16:55:13.737+0000] {processor.py:161} INFO - Started process (PID=1483) to work on /home/airflow/.local/lib/python3.12/site-packages/airflow/example_dags/tutorial_taskflow_api.py
[2026-04-13T16:55:13.739+0000] {processor.py:830} INFO - Processing file /home/airflow/.local/lib/python3.12/site-packages/airflow/example_dags/tutorial_taskflow_api.py for tasks to queue
[2026-04-13T16:55:13.741+0000] {logging_mixin.py:188} INFO - [2026-04-13T16:55:13.741+0000] {dagbag.py:545} INFO - Filling up the DagBag from /home/airflow/.local/lib/python3.12/site-packages/airflow/example_dags/tutorial_taskflow_api.py
[2026-04-13T16:55:13.752+0000] {processor.py:840} INFO - DAG(s) 'tutorial_taskflow_api' retrieved from /home/airflow/.local/lib/python3.12/site-packages/airflow/example_dags/tutorial_taskflow_api.py
[2026-04-13T16:55:13.778+0000] {logging_mixin.py:188} INFO - [2026-04-13T16:55:13.778+0000] {dag.py:3096} INFO - Sync 1 DAGs
[2026-04-13T16:55:13.795+0000] {logging_mixin.py:188} INFO - [2026-04-13T16:55:13.795+0000] {dag.py:3954} INFO - Setting next_dagrun for tutorial_taskflow_api to None, run_after=None
[2026-04-13T16:55:13.823+0000] {processor.py:183} INFO - Processing /home/airflow/.local/lib/python3.12/site-packages/airflow/example_dags/tutorial_taskflow_api.py took 0.093 seconds
[2026-04-13T16:55:44.280+0000] {processor.py:161} INFO - Started process (PID=1541) to work on /home/airflow/.local/lib/python3.12/site-packages/airflow/example_dags/tutorial_taskflow_api.py
[2026-04-13T16:55:44.282+0000] {processor.py:830} INFO - Processing file /home/airflow/.local/lib/python3.12/site-packages/airflow/example_dags/tutorial_taskflow_api.py for tasks to queue
[2026-04-13T16:55:44.285+0000] {logging_mixin.py:188} INFO - [2026-04-13T16:55:44.284+0000] {dagbag.py:545} INFO - Filling up the DagBag from /home/airflow/.local/lib/python3.12/site-packages/airflow/example_dags/tutorial_taskflow_api.py
[2026-04-13T16:55:44.297+0000] {processor.py:840} INFO - DAG(s) 'tutorial_taskflow_api' retrieved from /home/airflow/.local/lib/python3.12/site-packages/airflow/example_dags/tutorial_taskflow_api.py
[2026-04-13T16:55:44.334+0000] {logging_mixin.py:188} INFO - [2026-04-13T16:55:44.333+0000] {dag.py:3096} INFO - Sync 1 DAGs
[2026-04-13T16:55:44.356+0000] {logging_mixin.py:188} INFO - [2026-04-13T16:55:44.355+0000] {dag.py:3954} INFO - Setting next_dagrun for tutorial_taskflow_api to None, run_after=None
[2026-04-13T16:55:44.388+0000] {processor.py:183} INFO - Processing /home/airflow/.local/lib/python3.12/site-packages/airflow/example_dags/tutorial_taskflow_api.py took 0.118 seconds
[2026-04-13T16:56:15.070+0000] {processor.py:161} INFO - Started process (PID=1599) to work on /home/airflow/.local/lib/python3.12/site-packages/airflow/example_dags/tutorial_taskflow_api.py
[2026-04-13T16:56:15.071+0000] {processor.py:830} INFO - Processing file /home/airflow/.local/lib/python3.12/site-packages/airflow/example_dags/tutorial_taskflow_api.py for tasks to queue
[2026-04-13T16:56:15.074+0000] {logging_mixin.py:188} INFO - [2026-04-13T16:56:15.073+0000] {dagbag.py:545} INFO - Filling up the DagBag from /home/airflow/.local/lib/python3.12/site-packages/airflow/example_dags/tutorial_taskflow_api.py
[2026-04-13T16:56:15.083+0000] {processor.py:840} INFO - DAG(s) 'tutorial_taskflow_api' retrieved from /home/airflow/.local/lib/python3.12/site-packages/airflow/example_dags/tutorial_taskflow_api.py
[2026-04-13T16:56:15.111+0000] {logging_mixin.py:188} INFO - [2026-04-13T16:56:15.110+0000] {dag.py:3096} INFO - Sync 1 DAGs
[2026-04-13T16:56:15.133+0000] {logging_mixin.py:188} INFO - [2026-04-13T16:56:15.133+0000] {dag.py:3954} INFO - Setting next_dagrun for tutorial_taskflow_api to None, run_after=None
[2026-04-13T16:56:15.163+0000] {processor.py:183} INFO - Processing /home/airflow/.local/lib/python3.12/site-packages/airflow/example_dags/tutorial_taskflow_api.py took 0.101 seconds
[2026-04-13T16:56:46.219+0000] {processor.py:161} INFO - Started process (PID=1657) to work on /home/airflow/.local/lib/python3.12/site-packages/airflow/example_dags/tutorial_taskflow_api.py
[2026-04-13T16:56:46.223+0000] {processor.py:830} INFO - Processing file /home/airflow/.local/lib/python3.12/site-packages/airflow/example_dags/tutorial_taskflow_api.py for tasks to queue
[2026-04-13T16:56:46.240+0000] {logging_mixin.py:188} INFO - [2026-04-13T16:56:46.238+0000] {dagbag.py:545} INFO - Filling up the DagBag from /home/airflow/.local/lib/python3.12/site-packages/airflow/example_dags/tutorial_taskflow_api.py
[2026-04-13T16:56:46.273+0000] {processor.py:840} INFO - DAG(s) 'tutorial_taskflow_api' retrieved from /home/airflow/.local/lib/python3.12/site-packages/airflow/example_dags/tutorial_taskflow_api.py
[2026-04-13T16:56:46.359+0000] {logging_mixin.py:188} INFO - [2026-04-13T16:56:46.355+0000] {dag.py:3096} INFO - Sync 1 DAGs
[2026-04-13T16:56:46.444+0000] {logging_mixin.py:188} INFO - [2026-04-13T16:56:46.443+0000] {dag.py:3954} INFO - Setting next_dagrun for tutorial_taskflow_api to None, run_after=None
[2026-04-13T16:56:46.565+0000] {processor.py:183} INFO - Processing /home/airflow/.local/lib/python3.12/site-packages/airflow/example_dags/tutorial_taskflow_api.py took 0.385 seconds
