[2026-04-15T08:36:01.998+0000] {local_task_job_runner.py:120} INFO - ::group::Pre task execution logs
[2026-04-15T08:36:02.061+0000] {taskinstance.py:2076} INFO - Dependencies all met for dep_context=non-requeueable deps ti=<TaskInstance: flight_price_pipeline.train_model manual__2026-04-15T08:32:22.958582+00:00 [queued]>
[2026-04-15T08:36:02.079+0000] {taskinstance.py:2076} INFO - Dependencies all met for dep_context=requeueable deps ti=<TaskInstance: flight_price_pipeline.train_model manual__2026-04-15T08:32:22.958582+00:00 [queued]>
[2026-04-15T08:36:02.080+0000] {taskinstance.py:2306} INFO - Starting attempt 1 of 1
[2026-04-15T08:36:02.116+0000] {taskinstance.py:2330} INFO - Executing <Task(PythonOperator): train_model> on 2026-04-15 08:32:22.958582+00:00
[2026-04-15T08:36:02.189+0000] {warnings.py:110} WARNING - /home/***/.local/lib/python3.12/site-packages/***/task/task_runner/standard_task_runner.py:61: DeprecationWarning: This process (pid=319) is multi-threaded, use of fork() may lead to deadlocks in the child.
  pid = os.fork()

[2026-04-15T08:36:02.194+0000] {standard_task_runner.py:63} INFO - Started process 329 to run task
[2026-04-15T08:36:02.192+0000] {standard_task_runner.py:90} INFO - Running: ['***', 'tasks', 'run', 'flight_price_pipeline', 'train_model', 'manual__2026-04-15T08:32:22.958582+00:00', '--job-id', '40', '--raw', '--subdir', 'DAGS_FOLDER/flight_price_pipeline.py', '--cfg-path', '/tmp/tmpdmrjplzi']
[2026-04-15T08:36:02.198+0000] {standard_task_runner.py:91} INFO - Job 40: Subtask train_model
[2026-04-15T08:36:02.310+0000] {task_command.py:426} INFO - Running <TaskInstance: flight_price_pipeline.train_model manual__2026-04-15T08:32:22.958582+00:00 [running]> on host 8eb145fb93fb
[2026-04-15T08:36:02.617+0000] {taskinstance.py:2648} INFO - Exporting env vars: AIRFLOW_CTX_DAG_OWNER='***' AIRFLOW_CTX_DAG_ID='flight_price_pipeline' AIRFLOW_CTX_TASK_ID='train_model' AIRFLOW_CTX_EXECUTION_DATE='2026-04-15T08:32:22.958582+00:00' AIRFLOW_CTX_TRY_NUMBER='1' AIRFLOW_CTX_DAG_RUN_ID='manual__2026-04-15T08:32:22.958582+00:00'
[2026-04-15T08:36:02.624+0000] {taskinstance.py:430} INFO - ::endgroup::
[2026-04-15T08:36:11.533+0000] {logging_mixin.py:188} INFO - Model trained successfully ✅
[2026-04-15T08:36:11.538+0000] {python.py:237} INFO - Done. Returned value was: None
[2026-04-15T08:36:11.540+0000] {taskinstance.py:441} INFO - ::group::Post task execution logs
[2026-04-15T08:36:11.578+0000] {taskinstance.py:1206} INFO - Marking task as SUCCESS. dag_id=flight_price_pipeline, task_id=train_model, run_id=manual__2026-04-15T08:32:22.958582+00:00, execution_date=20260415T083222, start_date=20260415T083602, end_date=20260415T083611
[2026-04-15T08:36:11.665+0000] {local_task_job_runner.py:240} INFO - Task exited with return code 0
[2026-04-15T08:36:11.697+0000] {taskinstance.py:3498} INFO - 0 downstream tasks scheduled from follow-on schedule check
[2026-04-15T08:36:11.703+0000] {local_task_job_runner.py:222} INFO - ::endgroup::
